<?xml version="1.0" encoding="utf-8"?>
<TestRun id="a745028d-45de-47f1-8eec-bbf480652bb1" name="olexi@SAI-W11 2026-04-27 15:06:33" runUser="SAI-W11\olexi" xmlns="http://microsoft.com/schemas/VisualStudio/TeamTest/2010">
  <Times creation="2026-04-27T15:06:33.7313731+01:00" queuing="2026-04-27T15:06:33.7313736+01:00" start="2026-04-27T15:06:30.2903853+01:00" finish="2026-04-27T15:08:10.3204012+01:00" />
  <TestSettings name="default" id="74485a20-0340-4490-b31e-06cf0afc15fc">
    <Deployment runDeploymentRoot="olexi_SAI-W11_2026-04-27_15_06_33" />
  </TestSettings>
  <Results>
    <UnitTestResult executionId="74aa5bbd-f6fd-420d-af1d-8eb799b13eb8" testId="72919150-5887-87f4-4a6f-48ea004d02e3" testName="Sai.DealAssistant.Infrastructure.Tests.Persistence.DenormFieldsTests.DeleteEvent_WhenMultipleEvents_SetsDenormLastActionDateToRemainingMax" computerName="SAI-W11" duration="00:00:19.9979608" startTime="2026-04-27T15:06:53.4936481+01:00" endTime="2026-04-27T15:06:53.4936483+01:00" testType="13cdc9d9-ddb5-4fa4-a97d-d965ccfc6d4b" outcome="Passed" testListId="8c84fa94-04c1-424b-9868-57a2d4851a1d" relativeResultsDirectory="74aa5bbd-f6fd-420d-af1d-8eb799b13eb8" />
    <UnitTestResult executionId="a40865a3-46ae-4114-a95a-cae91ba6bbb5" testId="fd7bed65-2efb-3e90-0c1a-e47dc5ccec0a" testName="Sai.DealAssistant.Infrastructure.Tests.Persistence.DenormFieldsTests.UpdateDeal_FirmIdChanged_UpdatesDenormFirmName" computerName="SAI-W11" duration="00:00:10.8763401" startTime="2026-04-27T15:07:38.5664646+01:00" endTime="2026-04-27T15:07:38.5664647+01:00" testType="13cdc9d9-ddb5-4fa4-a97d-d965ccfc6d4b" outcome="Passed" testListId="8c84fa94-04c1-424b-9868-57a2d4851a1d" relativeResultsDirectory="a40865a3-46ae-4114-a95a-cae91ba6bbb5" />
    <UnitTestResult executionId="bf164403-48f3-45c5-95fe-da317e743d26" testId="9817eabf-4a92-b4bd-b04c-d5bb5964faa6" testName="Sai.DealAssistant.Infrastructure.Tests.Repositories.GenericRepositoryTests.ReadRepositoryTests.FirstOrDefaultAsync_ReturnsItem_WhenItemExists" computerName="SAI-W11" duration="00:00:00.0352656" startTime="2026-04-27T15:06:34.2106392+01:00" endTime="2026-04-27T15:06:34.2106396+01:00" testType="13cdc9d9-ddb5-4fa4-a97d-d965ccfc6d4b" outcome="Passed" testListId="8c84fa94-04c1-424b-9868-57a2d4851a1d" relativeResultsDirectory="bf164403-48f3-45c5-95fe-da317e743d26" />
    <UnitTestResult executionId="c420ec5e-21d6-4739-9245-08821460afb8" testId="fbe1a45a-ea29-5e55-ae65-7274ab0de3b1" testName="Sai.DealAssistant.Infrastructure.Tests.Repositories.GenericRepositoryTests.CrudRepositoryTests.DeleteAsync_ForNonExistingId_ReturnsNull" computerName="SAI-W11" duration="00:00:00.0986624" startTime="2026-04-27T15:06:34.0250763+01:00" endTime="2026-04-27T15:06:34.0250766+01:00" testType="13cdc9d9-ddb5-4fa4-a97d-d965ccfc6d4b" outcome="Passed" testListId="8c84fa94-04c1-424b-9868-57a2d4851a1d" relativeResultsDirectory="c420ec5e-21d6-4739-9245-08821460afb8" />
    <UnitTestResult executionId="cb078295-3ec3-4c7b-984b-a08c4d464d47" testId="4c2e6fe7-2828-2971-df3a-e3ed0ec580cb" testName="Sai.DealAssistant.Infrastructure.Tests.Repositories.GenericRepositoryTests.ReadRepositoryTests.ApplySorting_SortsDescending" computerName="SAI-W11" duration="00:00:00.0514424" startTime="2026-04-27T15:06:34.3002298+01:00" endTime="2026-04-27T15:06:34.3002301+01:00" testType="13cdc9d9-ddb5-4fa4-a97d-d965ccfc6d4b" outcome="Passed" testListId="8c84fa94-04c1-424b-9868-57a2d4851a1d" relativeResultsDirectory="cb078295-3ec3-4c7b-984b-a08c4d464d47" />
    <UnitTestResult executionId="3c4ef3ed-23a6-49c5-967b-7a4b2799fa6e" testId="ac7497d6-71b5-64e8-1c5b-0938ffdf0299" testName="Sai.DealAssistant.Infrastructure.Tests.Repositories.GenericRepositoryTests.ReadRepositoryTests.SelectPagedAsync_ThrowsInvalidSortColumnException" computerName="SAI-W11" duration="00:00:00.0526671" startTime="2026-04-27T15:06:35.0842328+01:00" endTime="2026-04-27T15:06:35.0842334+01:00" testType="13cdc9d9-ddb5-4fa4-a97d-d965ccfc6d4b" outcome="Passed" testListId="8c84fa94-04c1-424b-9868-57a2d4851a1d" relativeResultsDirectory="3c4ef3ed-23a6-49c5-967b-7a4b2799fa6e" />
    <UnitTestResult executionId="f1412dd1-f468-4114-a5fa-371184a7e817" testId="a8620362-50a4-f444-677e-3025fd0e754f" testName="Sai.DealAssistant.Infrastructure.Tests.Repositories.GenericRepositoryTests.ReadRepositoryTests.GetAll_ReturnsAll" computerName="SAI-W11" duration="00:00:00.0741106" startTime="2026-04-27T15:06:34.1205608+01:00" endTime="2026-04-27T15:06:34.1205611+01:00" testType="13cdc9d9-ddb5-4fa4-a97d-d965ccfc6d4b" outcome="Passed" testListId="8c84fa94-04c1-424b-9868-57a2d4851a1d" relativeResultsDirectory="f1412dd1-f468-4114-a5fa-371184a7e817" />
    <UnitTestResult executionId="475f34d1-baf0-46db-a14f-3c487f515d5b" testId="4f50c7e4-27c1-b6ae-f410-bc87cd6855b7" testName="Sai.DealAssistant.Infrastructure.Tests.Repositories.GenericRepositoryTests.CrudRepositoryTests.UpdateAsync_WithChangedName_UpdatesSampleEmployee" computerName="SAI-W11" duration="00:00:02.0345292" startTime="2026-04-27T15:06:33.7335244+01:00" endTime="2026-04-27T15:06:33.7335249+01:00" testType="13cdc9d9-ddb5-4fa4-a97d-d965ccfc6d4b" outcome="Passed" testListId="8c84fa94-04c1-424b-9868-57a2d4851a1d" relativeResultsDirectory="475f34d1-baf0-46db-a14f-3c487f515d5b" />
    <UnitTestResult executionId="fd91e5f8-f7f7-4abb-97a4-7077466743f9" testId="a9a149e2-684b-29cd-32ba-3268edaa6702" testName="Sai.DealAssistant.Infrastructure.Tests.Repositories.GenericRepositoryTests.ReadRepositoryTests.CountAsync_ReturnsFiltered" computerName="SAI-W11" duration="00:00:00.2166427" startTime="2026-04-27T15:06:33.8752162+01:00" endTime="2026-04-27T15:06:33.8752164+01:00" testType="13cdc9d9-ddb5-4fa4-a97d-d965ccfc6d4b" outcome="Passed" testListId="8c84fa94-04c1-424b-9868-57a2d4851a1d" relativeResultsDirectory="fd91e5f8-f7f7-4abb-97a4-7077466743f9" />
    <UnitTestResult executionId="665ff72a-8344-42ac-a07f-c0a51fd265ec" testId="e238d11b-e1e2-9e04-4658-a10b70c8c0e0" testName="Sai.DealAssistant.Infrastructure.Tests.Repositories.GenericRepositoryTests.CrudRepositoryTests.DeleteAsync_DeletesSampleEmployeeById" computerName="SAI-W11" duration="00:00:00.1123736" startTime="2026-04-27T15:06:33.8461348+01:00" endTime="2026-04-27T15:06:33.8461351+01:00" testType="13cdc9d9-ddb5-4fa4-a97d-d965ccfc6d4b" outcome="Passed" testListId="8c84fa94-04c1-424b-9868-57a2d4851a1d" relativeResultsDirectory="665ff72a-8344-42ac-a07f-c0a51fd265ec" />
    <UnitTestResult executionId="288fa453-33b8-4c6b-80ba-0cdc2ebfc08a" testId="d81382b6-74ad-b86b-99ea-3177e5a4a7b0" testName="Sai.DealAssistant.Infrastructure.Tests.Repositories.GenericRepositoryTests.ReadRepositoryTests.SelectPagedAsync_ReturnsFiltered_SortDefault_FirstPage" computerName="SAI-W11" duration="00:00:00.0741295" startTime="2026-04-27T15:06:35.1642583+01:00" endTime="2026-04-27T15:06:35.1642587+01:00" testType="13cdc9d9-ddb5-4fa4-a97d-d965ccfc6d4b" outcome="Passed" testListId="8c84fa94-04c1-424b-9868-57a2d4851a1d" relativeResultsDirectory="288fa453-33b8-4c6b-80ba-0cdc2ebfc08a" />
    <UnitTestResult executionId="5b4c95c0-4a7d-4cb6-b534-6a5e1815419b" testId="85d1b520-9d63-3696-a0df-1f1be2cbe478" testName="Sai.DealAssistant.Infrastructure.Tests.Persistence.DenormFieldsTests.UpdateEvent_DateChanged_UpdatesDenormLastActionDate" computerName="SAI-W11" duration="00:00:12.5440518" startTime="2026-04-27T15:07:06.0379819+01:00" endTime="2026-04-27T15:07:06.0379821+01:00" testType="13cdc9d9-ddb5-4fa4-a97d-d965ccfc6d4b" outcome="Passed" testListId="8c84fa94-04c1-424b-9868-57a2d4851a1d" relativeResultsDirectory="5b4c95c0-4a7d-4cb6-b534-6a5e1815419b" />
    <UnitTestResult executionId="050d5458-01e4-471f-8ca7-24ddaaaa1a0a" testId="7e2b956a-20da-d288-c32e-fdfd7d19156c" testName="Sai.DealAssistant.Infrastructure.Tests.Repositories.GenericRepositoryTests.FieldUpdateRepositoryTests.UpdateFieldAsync_TableNotExists_Throws" computerName="SAI-W11" duration="00:00:00.0030444" startTime="2026-04-27T15:06:33.6579548+01:00" endTime="2026-04-27T15:06:33.6579552+01:00" testType="13cdc9d9-ddb5-4fa4-a97d-d965ccfc6d4b" outcome="Passed" testListId="8c84fa94-04c1-424b-9868-57a2d4851a1d" relativeResultsDirectory="050d5458-01e4-471f-8ca7-24ddaaaa1a0a" />
    <UnitTestResult executionId="2884cf69-42f6-4cd8-892a-aa5864bd063d" testId="9704f739-0251-d674-9762-c0620410d507" testName="Sai.DealAssistant.Infrastructure.Tests.Repositories.GenericRepositoryTests.CrudRepositoryTests.CreateAsync_CreatesSampleEmployee" computerName="SAI-W11" duration="00:00:00.0799332" startTime="2026-04-27T15:06:33.9262175+01:00" endTime="2026-04-27T15:06:33.9262178+01:00" testType="13cdc9d9-ddb5-4fa4-a97d-d965ccfc6d4b" outcome="Passed" testListId="8c84fa94-04c1-424b-9868-57a2d4851a1d" relativeResultsDirectory="2884cf69-42f6-4cd8-892a-aa5864bd063d" />
    <UnitTestResult executionId="2236668c-c67b-47e4-994b-c2184595fe25" testId="bfe814d8-c538-93de-ef56-a817cf11863a" testName="Sai.DealAssistant.Infrastructure.Tests.Repositories.GenericRepositoryTests.ReadRepositoryTests.SelectPagedAsync_ReturnsAll_SortByEmail_LastPage" computerName="SAI-W11" duration="00:00:00.0630405" startTime="2026-04-27T15:06:34.6608534+01:00" endTime="2026-04-27T15:06:34.6608536+01:00" testType="13cdc9d9-ddb5-4fa4-a97d-d965ccfc6d4b" outcome="Passed" testListId="8c84fa94-04c1-424b-9868-57a2d4851a1d" relativeResultsDirectory="2236668c-c67b-47e4-994b-c2184595fe25" />
    <UnitTestResult executionId="86d0a9a0-5f01-4f21-a792-155592a66862" testId="c60741ba-ce87-4389-62b6-abfaecce0cb4" testName="Sai.DealAssistant.Infrastructure.Tests.Repositories.GenericRepositoryTests.CrudRepositoryTests.DeleteAsync_DeletesSampleEmployee" computerName="SAI-W11" duration="00:00:00.0582621" startTime="2026-04-27T15:06:34.0907417+01:00" endTime="2026-04-27T15:06:34.0907419+01:00" testType="13cdc9d9-ddb5-4fa4-a97d-d965ccfc6d4b" outcome="Passed" testListId="8c84fa94-04c1-424b-9868-57a2d4851a1d" relativeResultsDirectory="86d0a9a0-5f01-4f21-a792-155592a66862" />
    <UnitTestResult executionId="bfac7584-84da-4af6-adb6-42415a4d90a0" testId="a8d65476-b903-071b-760c-2ad4f4d33be6" testName="Sai.DealAssistant.Infrastructure.Tests.Repositories.GenericRepositoryTests.FieldUpdateRepositoryTests.UpdateFieldAsync_ColumnNotExists_Throws" computerName="SAI-W11" duration="00:00:00.0607057" startTime="2026-04-27T15:06:33.6152864+01:00" endTime="2026-04-27T15:06:33.6152873+01:00" testType="13cdc9d9-ddb5-4fa4-a97d-d965ccfc6d4b" outcome="Passed" testListId="8c84fa94-04c1-424b-9868-57a2d4851a1d" relativeResultsDirectory="bfac7584-84da-4af6-adb6-42415a4d90a0" />
    <UnitTestResult executionId="885a32fa-7dd0-43b1-a63c-2a4e499f82b1" testId="68c01459-f0e2-8b58-919c-b29ed90ee47e" testName="Sai.DealAssistant.Infrastructure.Tests.Persistence.DenormFieldsTests.CreateEvent_SetsDenormLastActionDate" computerName="SAI-W11" duration="00:00:10.5378279" startTime="2026-04-27T15:07:59.6578992+01:00" endTime="2026-04-27T15:07:59.6578993+01:00" testType="13cdc9d9-ddb5-4fa4-a97d-d965ccfc6d4b" outcome="Passed" testListId="8c84fa94-04c1-424b-9868-57a2d4851a1d" relativeResultsDirectory="885a32fa-7dd0-43b1-a63c-2a4e499f82b1" />
    <UnitTestResult executionId="f4a413d7-e499-47d8-89f6-af2eaf79dd15" testId="7575dc31-5f20-6d05-ee77-1b6005ffa4e1" testName="Sai.DealAssistant.Infrastructure.Tests.Repositories.GenericRepositoryTests.ReadRepositoryTests.ApplySorting_ThrowsInvalidSortColumnException" computerName="SAI-W11" duration="00:00:00.0552139" startTime="2026-04-27T15:06:34.0462708+01:00" endTime="2026-04-27T15:06:34.0462712+01:00" testType="13cdc9d9-ddb5-4fa4-a97d-d965ccfc6d4b" outcome="Passed" testListId="8c84fa94-04c1-424b-9868-57a2d4851a1d" relativeResultsDirectory="f4a413d7-e499-47d8-89f6-af2eaf79dd15" />
    <UnitTestResult executionId="8b985a9c-9c34-413b-9b6c-9b1be8a6b471" testId="f8a80593-625b-555b-eb20-9b507c35dc99" testName="Sai.DealAssistant.Infrastructure.Tests.Repositories.GenericRepositoryTests.FieldUpdateRepositoryTests.UpdateFieldAsync_UpdatesDateField" computerName="SAI-W11" duration="00:00:00.0215926" startTime="2026-04-27T15:06:33.6370524+01:00" endTime="2026-04-27T15:06:33.6370529+01:00" testType="13cdc9d9-ddb5-4fa4-a97d-d965ccfc6d4b" outcome="Passed" testListId="8c84fa94-04c1-424b-9868-57a2d4851a1d" relativeResultsDirectory="8b985a9c-9c34-413b-9b6c-9b1be8a6b471" />
    <UnitTestResult executionId="a1b30cbe-d3ac-485e-86b6-8adc08ea64e9" testId="f326dd1f-aedd-d307-7b9e-0fa5f3201931" testName="Sai.DealAssistant.Infrastructure.Tests.Repositories.GenericRepositoryTests.ReadRepositoryTests.SingleOrDefaultAsync_ReturnsItem_WhenItemExists" computerName="SAI-W11" duration="00:00:00.0759996" startTime="2026-04-27T15:06:34.3764365+01:00" endTime="2026-04-27T15:06:34.3764367+01:00" testType="13cdc9d9-ddb5-4fa4-a97d-d965ccfc6d4b" outcome="Passed" testListId="8c84fa94-04c1-424b-9868-57a2d4851a1d" relativeResultsDirectory="a1b30cbe-d3ac-485e-86b6-8adc08ea64e9" />
    <UnitTestResult executionId="4d3275de-a137-476c-a6b8-bbd74a3633f8" testId="25e0e243-3b2f-051b-5904-3623e34db590" testName="Sai.DealAssistant.Infrastructure.Tests.Repositories.GenericRepositoryTests.FieldUpdateRepositoryTests.UpdateFieldAsync_UpdatesStringField" computerName="SAI-W11" duration="00:00:00.0645643" startTime="2026-04-27T15:06:33.5543291+01:00" endTime="2026-04-27T15:06:33.5543293+01:00" testType="13cdc9d9-ddb5-4fa4-a97d-d965ccfc6d4b" outcome="Passed" testListId="8c84fa94-04c1-424b-9868-57a2d4851a1d" relativeResultsDirectory="4d3275de-a137-476c-a6b8-bbd74a3633f8" />
    <UnitTestResult executionId="1a32bc43-7d81-4e06-b86f-08ba7644b85e" testId="e2c108e4-5239-e09a-752b-7b6bd3fb2261" testName="Sai.DealAssistant.Infrastructure.Tests.Repositories.GenericRepositoryTests.ReadRepositoryTests.ApplySorting_SortsAscending" computerName="SAI-W11" duration="00:00:00.0556682" startTime="2026-04-27T15:06:34.4409195+01:00" endTime="2026-04-27T15:06:34.4409197+01:00" testType="13cdc9d9-ddb5-4fa4-a97d-d965ccfc6d4b" outcome="Passed" testListId="8c84fa94-04c1-424b-9868-57a2d4851a1d" relativeResultsDirectory="1a32bc43-7d81-4e06-b86f-08ba7644b85e" />
    <UnitTestResult executionId="39905464-aa98-4199-9327-c1ebcf89b09f" testId="a574bb46-1c03-df34-93cf-c646dad296e6" testName="Sai.DealAssistant.Infrastructure.Tests.Repositories.GenericRepositoryTests.ReadRepositoryTests.CountAsync_ReturnsAll" computerName="SAI-W11" duration="00:00:00.0880943" startTime="2026-04-27T15:06:35.0257765+01:00" endTime="2026-04-27T15:06:35.0257768+01:00" testType="13cdc9d9-ddb5-4fa4-a97d-d965ccfc6d4b" outcome="Passed" testListId="8c84fa94-04c1-424b-9868-57a2d4851a1d" relativeResultsDirectory="39905464-aa98-4199-9327-c1ebcf89b09f" />
    <UnitTestResult executionId="c45c0a0e-fe8c-49c8-ad20-5cc2669ba45f" testId="f38b4d81-fd18-5172-e695-fab88f35652d" testName="Sai.DealAssistant.Infrastructure.Tests.Repositories.GenericRepositoryTests.ReadRepositoryTests.FirstOrDefaultAsync_ReturnsNull_WhenItemDoesNotExist" computerName="SAI-W11" duration="00:00:00.0376434" startTime="2026-04-27T15:06:34.2484245+01:00" endTime="2026-04-27T15:06:34.2484247+01:00" testType="13cdc9d9-ddb5-4fa4-a97d-d965ccfc6d4b" outcome="Passed" testListId="8c84fa94-04c1-424b-9868-57a2d4851a1d" relativeResultsDirectory="c45c0a0e-fe8c-49c8-ad20-5cc2669ba45f" />
    <UnitTestResult executionId="7836d153-ad81-4550-9671-8186fa5ad2a0" testId="d3cbe634-d457-aa4d-5f88-75cfb62e3771" testName="Sai.DealAssistant.Infrastructure.Tests.Persistence.DenormFieldsTests.UpdateDeal_FirmIdUnchanged_DoesNotChangeDenormFirmName" computerName="SAI-W11" duration="00:00:10.5530049" startTime="2026-04-27T15:07:49.1198281+01:00" endTime="2026-04-27T15:07:49.1198282+01:00" testType="13cdc9d9-ddb5-4fa4-a97d-d965ccfc6d4b" outcome="Passed" testListId="8c84fa94-04c1-424b-9868-57a2d4851a1d" relativeResultsDirectory="7836d153-ad81-4550-9671-8186fa5ad2a0" />
    <UnitTestResult executionId="82ad1569-fa3e-43da-a4d4-c0e939108b5a" testId="f8f98c89-f6e3-4ae5-ba70-dc160420889d" testName="Sai.DealAssistant.Infrastructure.Tests.Repositories.GenericRepositoryTests.ReadRepositoryTests.GetAll_FilteredByCustomerId" computerName="SAI-W11" duration="00:00:00.0703035" startTime="2026-04-27T15:06:34.9373454+01:00" endTime="2026-04-27T15:06:34.9373456+01:00" testType="13cdc9d9-ddb5-4fa4-a97d-d965ccfc6d4b" outcome="Passed" testListId="8c84fa94-04c1-424b-9868-57a2d4851a1d" relativeResultsDirectory="82ad1569-fa3e-43da-a4d4-c0e939108b5a" />
    <UnitTestResult executionId="441340e8-7024-47fa-b3f2-9a4ea440b718" testId="05b35716-8b80-c898-e9c0-db852b006064" testName="Sai.DealAssistant.Infrastructure.Tests.Repositories.GenericRepositoryTests.EnumCache_Tests.GetAllAsync_ReturnsSeededDealTypes" computerName="SAI-W11" duration="00:00:00.0266142" startTime="2026-04-27T15:06:33.4906828+01:00" endTime="2026-04-27T15:06:33.4906830+01:00" testType="13cdc9d9-ddb5-4fa4-a97d-d965ccfc6d4b" outcome="Passed" testListId="8c84fa94-04c1-424b-9868-57a2d4851a1d" relativeResultsDirectory="441340e8-7024-47fa-b3f2-9a4ea440b718" />
    <UnitTestResult executionId="c59cd62d-6d2e-48af-b047-4e837b399350" testId="c53680ad-6df4-66e8-ccb7-e83308eaca94" testName="Sai.DealAssistant.Infrastructure.Tests.Repositories.GenericRepositoryTests.ReadRepositoryTests.SelectPagedAsync_ReturnsAll_SortByEmailDesc_LastPage" computerName="SAI-W11" duration="00:00:00.0572579" startTime="2026-04-27T15:06:34.8665476+01:00" endTime="2026-04-27T15:06:34.8665480+01:00" testType="13cdc9d9-ddb5-4fa4-a97d-d965ccfc6d4b" outcome="Passed" testListId="8c84fa94-04c1-424b-9868-57a2d4851a1d" relativeResultsDirectory="c59cd62d-6d2e-48af-b047-4e837b399350" />
    <UnitTestResult executionId="305609c3-4f7a-4d91-8a62-479db0461682" testId="a0343a1f-04a1-5c88-b3ed-7007324c208d" testName="Sai.DealAssistant.Infrastructure.Tests.Repositories.GenericRepositoryTests.ReadRepositoryTests.ApplySorting_ThrowsArgumentNullException_ForColumn" computerName="SAI-W11" duration="00:00:00.0288304" startTime="2026-04-27T15:06:34.4615936+01:00" endTime="2026-04-27T15:06:34.4615938+01:00" testType="13cdc9d9-ddb5-4fa4-a97d-d965ccfc6d4b" outcome="Passed" testListId="8c84fa94-04c1-424b-9868-57a2d4851a1d" relativeResultsDirectory="305609c3-4f7a-4d91-8a62-479db0461682" />
    <UnitTestResult executionId="9ede27de-e288-4424-a7d2-1803eea7ddba" testId="193a0e43-3a47-5b22-3c7e-07c150be723a" testName="Sai.DealAssistant.Infrastructure.Tests.UnitOfWork.UnitOfWorkTests.ExecuteResilientTransactionAsync_InputActionCompletesSuccessfully_BeginsAndCommitsTransaction" computerName="SAI-W11" duration="00:00:01.9791948" startTime="2026-04-27T15:06:33.6931937+01:00" endTime="2026-04-27T15:06:33.6931940+01:00" testType="13cdc9d9-ddb5-4fa4-a97d-d965ccfc6d4b" outcome="Passed" testListId="8c84fa94-04c1-424b-9868-57a2d4851a1d" relativeResultsDirectory="9ede27de-e288-4424-a7d2-1803eea7ddba" />
    <UnitTestResult executionId="110afcee-98f5-4185-9540-6bec274f1ac3" testId="f111b91a-dee7-b574-1506-4287bc17fba1" testName="Sai.DealAssistant.Infrastructure.Tests.Repositories.GenericRepositoryTests.ReadRepositoryTests.SelectAsync_ReturnsAll" computerName="SAI-W11" duration="00:00:00.1154151" startTime="2026-04-27T15:06:33.9915459+01:00" endTime="2026-04-27T15:06:33.9915463+01:00" testType="13cdc9d9-ddb5-4fa4-a97d-d965ccfc6d4b" outcome="Passed" testListId="8c84fa94-04c1-424b-9868-57a2d4851a1d" relativeResultsDirectory="110afcee-98f5-4185-9540-6bec274f1ac3" />
    <UnitTestResult executionId="159d2388-c7eb-4da7-993d-f299006779e6" testId="1b4d8d3a-0163-c205-b1ee-baf15feb9a32" testName="Sai.DealAssistant.Infrastructure.Tests.Repositories.GenericRepositoryTests.ReadRepositoryTests.SelectPagedAsync_ReturnsAll_SortDefault_LastPage" computerName="SAI-W11" duration="00:00:00.0830999" startTime="2026-04-27T15:06:34.5453337+01:00" endTime="2026-04-27T15:06:34.5453348+01:00" testType="13cdc9d9-ddb5-4fa4-a97d-d965ccfc6d4b" outcome="Passed" testListId="8c84fa94-04c1-424b-9868-57a2d4851a1d" relativeResultsDirectory="159d2388-c7eb-4da7-993d-f299006779e6" />
    <UnitTestResult executionId="52bab243-0a00-4cd3-ab3a-62e4eb94bc84" testId="d7298ef1-0749-4da1-78d7-984e46e41f0d" testName="Sai.DealAssistant.Infrastructure.Tests.Persistence.DenormFieldsTests.CreateMultipleEvents_SetsDenormLastActionDateToMax" computerName="SAI-W11" duration="00:00:10.4822411" startTime="2026-04-27T15:08:10.1437371+01:00" endTime="2026-04-27T15:08:10.1437373+01:00" testType="13cdc9d9-ddb5-4fa4-a97d-d965ccfc6d4b" outcome="Passed" testListId="8c84fa94-04c1-424b-9868-57a2d4851a1d" relativeResultsDirectory="52bab243-0a00-4cd3-ab3a-62e4eb94bc84" />
    <UnitTestResult executionId="c1ca49af-e857-43db-8f76-1147bc41515f" testId="a967686b-33b4-f3f3-9890-0bc1992e4a31" testName="Sai.DealAssistant.Infrastructure.Tests.Repositories.GenericRepositoryTests.ReadRepositoryTests.ExistsAsync_ReturnsTrue_ForExistingEntity" computerName="SAI-W11" duration="00:00:00.0420141" startTime="2026-04-27T15:06:34.7557662+01:00" endTime="2026-04-27T15:06:34.7557666+01:00" testType="13cdc9d9-ddb5-4fa4-a97d-d965ccfc6d4b" outcome="Passed" testListId="8c84fa94-04c1-424b-9868-57a2d4851a1d" relativeResultsDirectory="c1ca49af-e857-43db-8f76-1147bc41515f" />
    <UnitTestResult executionId="37474d13-979c-4d73-9748-85fc6d284f30" testId="0b38bb53-002a-e188-4fe2-417fb886c207" testName="Sai.DealAssistant.Infrastructure.Tests.Repositories.GenericRepositoryTests.ReadRepositoryTests.SelectPagedAsync_AfterLastPage_ShouldBeEmpty" computerName="SAI-W11" duration="00:00:00.0513394" startTime="2026-04-27T15:06:34.5972069+01:00" endTime="2026-04-27T15:06:34.5972072+01:00" testType="13cdc9d9-ddb5-4fa4-a97d-d965ccfc6d4b" outcome="Passed" testListId="8c84fa94-04c1-424b-9868-57a2d4851a1d" relativeResultsDirectory="37474d13-979c-4d73-9748-85fc6d284f30" />
    <UnitTestResult executionId="f2a64f7c-8370-4085-b4ec-f443e35a0399" testId="320b8350-8c67-b05d-edb2-e11fae16e998" testName="Sai.DealAssistant.Infrastructure.Tests.Repositories.GenericRepositoryTests.ReadRepositoryTests.SelectPagedAsync_ReturnsAll_SortDefault_FirstPage" computerName="SAI-W11" duration="00:00:00.0485099" startTime="2026-04-27T15:06:34.8050351+01:00" endTime="2026-04-27T15:06:34.8050355+01:00" testType="13cdc9d9-ddb5-4fa4-a97d-d965ccfc6d4b" outcome="Passed" testListId="8c84fa94-04c1-424b-9868-57a2d4851a1d" relativeResultsDirectory="f2a64f7c-8370-4085-b4ec-f443e35a0399" />
    <UnitTestResult executionId="8336cacd-9f48-4e6e-958c-87c0209700ce" testId="29a20248-d0b5-742c-03bf-cc306c3bbd1c" testName="Sai.DealAssistant.Infrastructure.Tests.Repositories.GenericRepositoryTests.FieldUpdateRepositoryTests.UpdateFieldAsync_IdNotExists_Throws" computerName="SAI-W11" duration="00:00:00.0172829" startTime="2026-04-27T15:06:33.6547472+01:00" endTime="2026-04-27T15:06:33.6547475+01:00" testType="13cdc9d9-ddb5-4fa4-a97d-d965ccfc6d4b" outcome="Passed" testListId="8c84fa94-04c1-424b-9868-57a2d4851a1d" relativeResultsDirectory="8336cacd-9f48-4e6e-958c-87c0209700ce" />
    <UnitTestResult executionId="aedb0e5d-473b-4a1b-8849-5fea3486bd33" testId="821793b1-eb91-c7a3-2bb7-a418da5c2f9d" testName="Sai.DealAssistant.Infrastructure.Tests.Persistence.DenormFieldsTests.CreateDeal_SetsDenormFirmName" computerName="SAI-W11" duration="00:00:11.0399742" startTime="2026-04-27T15:07:17.0782851+01:00" endTime="2026-04-27T15:07:17.0782854+01:00" testType="13cdc9d9-ddb5-4fa4-a97d-d965ccfc6d4b" outcome="Passed" testListId="8c84fa94-04c1-424b-9868-57a2d4851a1d" relativeResultsDirectory="aedb0e5d-473b-4a1b-8849-5fea3486bd33" />
    <UnitTestResult executionId="28019301-ad45-42ae-893d-814dad7f12f3" testId="5b7f3d86-82c9-9ed6-004b-48b6a036a044" testName="Sai.DealAssistant.Infrastructure.Tests.Repositories.GenericRepositoryTests.FieldUpdateRepositoryTests.UpdateFieldAsync_UpdatesNumericField" computerName="SAI-W11" duration="00:00:01.7902407" startTime="2026-04-27T15:06:33.4894902+01:00" endTime="2026-04-27T15:06:33.4894908+01:00" testType="13cdc9d9-ddb5-4fa4-a97d-d965ccfc6d4b" outcome="Passed" testListId="8c84fa94-04c1-424b-9868-57a2d4851a1d" relativeResultsDirectory="28019301-ad45-42ae-893d-814dad7f12f3" />
    <UnitTestResult executionId="896bcd03-ffd8-4ee5-b732-23ead4386322" testId="6935523f-f65e-d0cf-c3f6-365262a1a7ea" testName="Sai.DealAssistant.Infrastructure.Tests.Repositories.GenericRepositoryTests.ReadRepositoryTests.ExistsAsync_ReturnsFalse_WhenItemDoesNotExist" computerName="SAI-W11" duration="00:00:00.0544535" startTime="2026-04-27T15:06:34.1752029+01:00" endTime="2026-04-27T15:06:34.1752451+01:00" testType="13cdc9d9-ddb5-4fa4-a97d-d965ccfc6d4b" outcome="Passed" testListId="8c84fa94-04c1-424b-9868-57a2d4851a1d" relativeResultsDirectory="896bcd03-ffd8-4ee5-b732-23ead4386322" />
    <UnitTestResult executionId="62ce8fb6-1d26-477d-bfaf-7b7acea0ccd2" testId="03b6df63-97a2-4d33-2101-7f83ed454113" testName="Sai.DealAssistant.Infrastructure.Tests.Repositories.GenericRepositoryTests.ReadRepositoryTests.GetAll_FilteredBySecondNameThanByEmail" computerName="SAI-W11" duration="00:00:00.0831387" startTime="2026-04-27T15:06:35.2475949+01:00" endTime="2026-04-27T15:06:35.2475952+01:00" testType="13cdc9d9-ddb5-4fa4-a97d-d965ccfc6d4b" outcome="Passed" testListId="8c84fa94-04c1-424b-9868-57a2d4851a1d" relativeResultsDirectory="62ce8fb6-1d26-477d-bfaf-7b7acea0ccd2" />
    <UnitTestResult executionId="c5afc8c7-8fa7-46d2-a638-c46f3a714a3f" testId="922816f5-8bbb-2c17-06c3-26ed0a0b4108" testName="Sai.DealAssistant.Infrastructure.Tests.Repositories.GenericRepositoryTests.ReadRepositoryTests.SelectAsync_ReturnsFiltered" computerName="SAI-W11" duration="00:00:00.0507431" startTime="2026-04-27T15:06:34.7120878+01:00" endTime="2026-04-27T15:06:34.7120880+01:00" testType="13cdc9d9-ddb5-4fa4-a97d-d965ccfc6d4b" outcome="Passed" testListId="8c84fa94-04c1-424b-9868-57a2d4851a1d" relativeResultsDirectory="c5afc8c7-8fa7-46d2-a638-c46f3a714a3f" />
    <UnitTestResult executionId="3f7c3509-be51-4a00-a106-fec521e1018e" testId="cc459ca6-39a6-38b1-cef5-05d96d911ed4" testName="Sai.DealAssistant.Infrastructure.Tests.Persistence.DenormFieldsTests.DeleteEvent_WhenOnlyEvent_ClearsDenormLastActionDate" computerName="SAI-W11" duration="00:00:10.6115034" startTime="2026-04-27T15:07:27.6899257+01:00" endTime="2026-04-27T15:07:27.6899259+01:00" testType="13cdc9d9-ddb5-4fa4-a97d-d965ccfc6d4b" outcome="Passed" testListId="8c84fa94-04c1-424b-9868-57a2d4851a1d" relativeResultsDirectory="3f7c3509-be51-4a00-a106-fec521e1018e" />
    <UnitTestResult executionId="264ccff1-da19-4840-a808-d1d9c16566eb" testId="1a8c3b8a-f442-fa63-4012-8369a5cc7cb0" testName="Sai.DealAssistant.Infrastructure.Tests.Repositories.GenericRepositoryTests.EnumCache_Tests.GetAllAsync_CachesResultsAcrossCalls" computerName="SAI-W11" duration="00:00:01.7513237" startTime="2026-04-27T15:06:33.4646729+01:00" endTime="2026-04-27T15:06:33.4647169+01:00" testType="13cdc9d9-ddb5-4fa4-a97d-d965ccfc6d4b" outcome="Passed" testListId="8c84fa94-04c1-424b-9868-57a2d4851a1d" relativeResultsDirectory="264ccff1-da19-4840-a808-d1d9c16566eb" />
  </Results>
  <TestDefinitions>
    <UnitTest name="Sai.DealAssistant.Infrastructure.Tests.Repositories.GenericRepositoryTests.CrudRepositoryTests.CreateAsync_CreatesSampleEmployee" storage="c:\_proj\sai.dealassistant\sai-deal-assistant-backend\src\tests\sai.dealassistant.infrastructure.tests\bin\debug\net8.0\sai.dealassistant.infrastructure.tests.dll" id="9704f739-0251-d674-9762-c0620410d507">
      <Execution id="2884cf69-42f6-4cd8-892a-aa5864bd063d" />
      <TestMethod codeBase="C:\_PROJ\Sai.DealAssistant\sai-deal-assistant-backend\src\Tests\Sai.DealAssistant.Infrastructure.Tests\bin\Debug\net8.0\Sai.DealAssistant.Infrastructure.Tests.dll" adapterTypeName="executor://xunit/VsTestRunner2/netcoreapp" className="Sai.DealAssistant.Infrastructure.Tests.Repositories.GenericRepositoryTests.CrudRepositoryTests" name="CreateAsync_CreatesSampleEmployee" />
    </UnitTest>
    <UnitTest name="Sai.DealAssistant.Infrastructure.Tests.Persistence.DenormFieldsTests.UpdateDeal_FirmIdChanged_UpdatesDenormFirmName" storage="c:\_proj\sai.dealassistant\sai-deal-assistant-backend\src\tests\sai.dealassistant.infrastructure.tests\bin\debug\net8.0\sai.dealassistant.infrastructure.tests.dll" id="fd7bed65-2efb-3e90-0c1a-e47dc5ccec0a">
      <Execution id="a40865a3-46ae-4114-a95a-cae91ba6bbb5" />
      <TestMethod codeBase="C:\_PROJ\Sai.DealAssistant\sai-deal-assistant-backend\src\Tests\Sai.DealAssistant.Infrastructure.Tests\bin\Debug\net8.0\Sai.DealAssistant.Infrastructure.Tests.dll" adapterTypeName="executor://xunit/VsTestRunner2/netcoreapp" className="Sai.DealAssistant.Infrastructure.Tests.Persistence.DenormFieldsTests" name="UpdateDeal_FirmIdChanged_UpdatesDenormFirmName" />
    </UnitTest>
    <UnitTest name="Sai.DealAssistant.Infrastructure.Tests.Persistence.DenormFieldsTests.DeleteEvent_WhenOnlyEvent_ClearsDenormLastActionDate" storage="c:\_proj\sai.dealassistant\sai-deal-assistant-backend\src\tests\sai.dealassistant.infrastructure.tests\bin\debug\net8.0\sai.dealassistant.infrastructure.tests.dll" id="cc459ca6-39a6-38b1-cef5-05d96d911ed4">
      <Execution id="3f7c3509-be51-4a00-a106-fec521e1018e" />
      <TestMethod codeBase="C:\_PROJ\Sai.DealAssistant\sai-deal-assistant-backend\src\Tests\Sai.DealAssistant.Infrastructure.Tests\bin\Debug\net8.0\Sai.DealAssistant.Infrastructure.Tests.dll" adapterTypeName="executor://xunit/VsTestRunner2/netcoreapp" className="Sai.DealAssistant.Infrastructure.Tests.Persistence.DenormFieldsTests" name="DeleteEvent_WhenOnlyEvent_ClearsDenormLastActionDate" />
    </UnitTest>
    <UnitTest name="Sai.DealAssistant.Infrastructure.Tests.Repositories.GenericRepositoryTests.ReadRepositoryTests.ApplySorting_SortsDescending" storage="c:\_proj\sai.dealassistant\sai-deal-assistant-backend\src\tests\sai.dealassistant.infrastructure.tests\bin\debug\net8.0\sai.dealassistant.infrastructure.tests.dll" id="4c2e6fe7-2828-2971-df3a-e3ed0ec580cb">
      <Execution id="cb078295-3ec3-4c7b-984b-a08c4d464d47" />
      <TestMethod codeBase="C:\_PROJ\Sai.DealAssistant\sai-deal-assistant-backend\src\Tests\Sai.DealAssistant.Infrastructure.Tests\bin\Debug\net8.0\Sai.DealAssistant.Infrastructure.Tests.dll" adapterTypeName="executor://xunit/VsTestRunner2/netcoreapp" className="Sai.DealAssistant.Infrastructure.Tests.Repositories.GenericRepositoryTests.ReadRepositoryTests" name="ApplySorting_SortsDescending" />
    </UnitTest>
    <UnitTest name="Sai.DealAssistant.Infrastructure.Tests.Repositories.GenericRepositoryTests.ReadRepositoryTests.SelectPagedAsync_ReturnsAll_SortDefault_FirstPage" storage="c:\_proj\sai.dealassistant\sai-deal-assistant-backend\src\tests\sai.dealassistant.infrastructure.tests\bin\debug\net8.0\sai.dealassistant.infrastructure.tests.dll" id="320b8350-8c67-b05d-edb2-e11fae16e998">
      <Execution id="f2a64f7c-8370-4085-b4ec-f443e35a0399" />
      <TestMethod codeBase="C:\_PROJ\Sai.DealAssistant\sai-deal-assistant-backend\src\Tests\Sai.DealAssistant.Infrastructure.Tests\bin\Debug\net8.0\Sai.DealAssistant.Infrastructure.Tests.dll" adapterTypeName="executor://xunit/VsTestRunner2/netcoreapp" className="Sai.DealAssistant.Infrastructure.Tests.Repositories.GenericRepositoryTests.ReadRepositoryTests" name="SelectPagedAsync_ReturnsAll_SortDefault_FirstPage" />
    </UnitTest>
    <UnitTest name="Sai.DealAssistant.Infrastructure.Tests.Repositories.GenericRepositoryTests.FieldUpdateRepositoryTests.UpdateFieldAsync_UpdatesDateField" storage="c:\_proj\sai.dealassistant\sai-deal-assistant-backend\src\tests\sai.dealassistant.infrastructure.tests\bin\debug\net8.0\sai.dealassistant.infrastructure.tests.dll" id="f8a80593-625b-555b-eb20-9b507c35dc99">
      <Execution id="8b985a9c-9c34-413b-9b6c-9b1be8a6b471" />
      <TestMethod codeBase="C:\_PROJ\Sai.DealAssistant\sai-deal-assistant-backend\src\Tests\Sai.DealAssistant.Infrastructure.Tests\bin\Debug\net8.0\Sai.DealAssistant.Infrastructure.Tests.dll" adapterTypeName="executor://xunit/VsTestRunner2/netcoreapp" className="Sai.DealAssistant.Infrastructure.Tests.Repositories.GenericRepositoryTests.FieldUpdateRepositoryTests" name="UpdateFieldAsync_UpdatesDateField" />
    </UnitTest>
    <UnitTest name="Sai.DealAssistant.Infrastructure.Tests.Repositories.GenericRepositoryTests.ReadRepositoryTests.ApplySorting_ThrowsArgumentNullException_ForColumn" storage="c:\_proj\sai.dealassistant\sai-deal-assistant-backend\src\tests\sai.dealassistant.infrastructure.tests\bin\debug\net8.0\sai.dealassistant.infrastructure.tests.dll" id="a0343a1f-04a1-5c88-b3ed-7007324c208d">
      <Execution id="305609c3-4f7a-4d91-8a62-479db0461682" />
      <TestMethod codeBase="C:\_PROJ\Sai.DealAssistant\sai-deal-assistant-backend\src\Tests\Sai.DealAssistant.Infrastructure.Tests\bin\Debug\net8.0\Sai.DealAssistant.Infrastructure.Tests.dll" adapterTypeName="executor://xunit/VsTestRunner2/netcoreapp" className="Sai.DealAssistant.Infrastructure.Tests.Repositories.GenericRepositoryTests.ReadRepositoryTests" name="ApplySorting_ThrowsArgumentNullException_ForColumn" />
    </UnitTest>
    <UnitTest name="Sai.DealAssistant.Infrastructure.Tests.Repositories.GenericRepositoryTests.EnumCache_Tests.GetAllAsync_ReturnsSeededDealTypes" storage="c:\_proj\sai.dealassistant\sai-deal-assistant-backend\src\tests\sai.dealassistant.infrastructure.tests\bin\debug\net8.0\sai.dealassistant.infrastructure.tests.dll" id="05b35716-8b80-c898-e9c0-db852b006064">
      <Execution id="441340e8-7024-47fa-b3f2-9a4ea440b718" />
      <TestMethod codeBase="C:\_PROJ\Sai.DealAssistant\sai-deal-assistant-backend\src\Tests\Sai.DealAssistant.Infrastructure.Tests\bin\Debug\net8.0\Sai.DealAssistant.Infrastructure.Tests.dll" adapterTypeName="executor://xunit/VsTestRunner2/netcoreapp" className="Sai.DealAssistant.Infrastructure.Tests.Repositories.GenericRepositoryTests.EnumCache_Tests" name="GetAllAsync_ReturnsSeededDealTypes" />
    </UnitTest>
    <UnitTest name="Sai.DealAssistant.Infrastructure.Tests.Repositories.GenericRepositoryTests.CrudRepositoryTests.DeleteAsync_ForNonExistingId_ReturnsNull" storage="c:\_proj\sai.dealassistant\sai-deal-assistant-backend\src\tests\sai.dealassistant.infrastructure.tests\bin\debug\net8.0\sai.dealassistant.infrastructure.tests.dll" id="fbe1a45a-ea29-5e55-ae65-7274ab0de3b1">
      <Execution id="c420ec5e-21d6-4739-9245-08821460afb8" />
      <TestMethod codeBase="C:\_PROJ\Sai.DealAssistant\sai-deal-assistant-backend\src\Tests\Sai.DealAssistant.Infrastructure.Tests\bin\Debug\net8.0\Sai.DealAssistant.Infrastructure.Tests.dll" adapterTypeName="executor://xunit/VsTestRunner2/netcoreapp" className="Sai.DealAssistant.Infrastructure.Tests.Repositories.GenericRepositoryTests.CrudRepositoryTests" name="DeleteAsync_ForNonExistingId_ReturnsNull" />
    </UnitTest>
    <UnitTest name="Sai.DealAssistant.Infrastructure.Tests.Repositories.GenericRepositoryTests.ReadRepositoryTests.CountAsync_ReturnsFiltered" storage="c:\_proj\sai.dealassistant\sai-deal-assistant-backend\src\tests\sai.dealassistant.infrastructure.tests\bin\debug\net8.0\sai.dealassistant.infrastructure.tests.dll" id="a9a149e2-684b-29cd-32ba-3268edaa6702">
      <Execution id="fd91e5f8-f7f7-4abb-97a4-7077466743f9" />
      <TestMethod codeBase="C:\_PROJ\Sai.DealAssistant\sai-deal-assistant-backend\src\Tests\Sai.DealAssistant.Infrastructure.Tests\bin\Debug\net8.0\Sai.DealAssistant.Infrastructure.Tests.dll" adapterTypeName="executor://xunit/VsTestRunner2/netcoreapp" className="Sai.DealAssistant.Infrastructure.Tests.Repositories.GenericRepositoryTests.ReadRepositoryTests" name="CountAsync_ReturnsFiltered" />
    </UnitTest>
    <UnitTest name="Sai.DealAssistant.Infrastructure.Tests.Repositories.GenericRepositoryTests.ReadRepositoryTests.SelectPagedAsync_ReturnsAll_SortByEmail_LastPage" storage="c:\_proj\sai.dealassistant\sai-deal-assistant-backend\src\tests\sai.dealassistant.infrastructure.tests\bin\debug\net8.0\sai.dealassistant.infrastructure.tests.dll" id="bfe814d8-c538-93de-ef56-a817cf11863a">
      <Execution id="2236668c-c67b-47e4-994b-c2184595fe25" />
      <TestMethod codeBase="C:\_PROJ\Sai.DealAssistant\sai-deal-assistant-backend\src\Tests\Sai.DealAssistant.Infrastructure.Tests\bin\Debug\net8.0\Sai.DealAssistant.Infrastructure.Tests.dll" adapterTypeName="executor://xunit/VsTestRunner2/netcoreapp" className="Sai.DealAssistant.Infrastructure.Tests.Repositories.GenericRepositoryTests.ReadRepositoryTests" name="SelectPagedAsync_ReturnsAll_SortByEmail_LastPage" />
    </UnitTest>
    <UnitTest name="Sai.DealAssistant.Infrastructure.Tests.Repositories.GenericRepositoryTests.ReadRepositoryTests.SelectPagedAsync_ThrowsInvalidSortColumnException" storage="c:\_proj\sai.dealassistant\sai-deal-assistant-backend\src\tests\sai.dealassistant.infrastructure.tests\bin\debug\net8.0\sai.dealassistant.infrastructure.tests.dll" id="ac7497d6-71b5-64e8-1c5b-0938ffdf0299">
      <Execution id="3c4ef3ed-23a6-49c5-967b-7a4b2799fa6e" />
      <TestMethod codeBase="C:\_PROJ\Sai.DealAssistant\sai-deal-assistant-backend\src\Tests\Sai.DealAssistant.Infrastructure.Tests\bin\Debug\net8.0\Sai.DealAssistant.Infrastructure.Tests.dll" adapterTypeName="executor://xunit/VsTestRunner2/netcoreapp" className="Sai.DealAssistant.Infrastructure.Tests.Repositories.GenericRepositoryTests.ReadRepositoryTests" name="SelectPagedAsync_ThrowsInvalidSortColumnException" />
    </UnitTest>
    <UnitTest name="Sai.DealAssistant.Infrastructure.Tests.Persistence.DenormFieldsTests.CreateEvent_SetsDenormLastActionDate" storage="c:\_proj\sai.dealassistant\sai-deal-assistant-backend\src\tests\sai.dealassistant.infrastructure.tests\bin\debug\net8.0\sai.dealassistant.infrastructure.tests.dll" id="68c01459-f0e2-8b58-919c-b29ed90ee47e">
      <Execution id="885a32fa-7dd0-43b1-a63c-2a4e499f82b1" />
      <TestMethod codeBase="C:\_PROJ\Sai.DealAssistant\sai-deal-assistant-backend\src\Tests\Sai.DealAssistant.Infrastructure.Tests\bin\Debug\net8.0\Sai.DealAssistant.Infrastructure.Tests.dll" adapterTypeName="executor://xunit/VsTestRunner2/netcoreapp" className="Sai.DealAssistant.Infrastructure.Tests.Persistence.DenormFieldsTests" name="CreateEvent_SetsDenormLastActionDate" />
    </UnitTest>
    <UnitTest name="Sai.DealAssistant.Infrastructure.Tests.Repositories.GenericRepositoryTests.CrudRepositoryTests.DeleteAsync_DeletesSampleEmployee" storage="c:\_proj\sai.dealassistant\sai-deal-assistant-backend\src\tests\sai.dealassistant.infrastructure.tests\bin\debug\net8.0\sai.dealassistant.infrastructure.tests.dll" id="c60741ba-ce87-4389-62b6-abfaecce0cb4">
      <Execution id="86d0a9a0-5f01-4f21-a792-155592a66862" />
      <TestMethod codeBase="C:\_PROJ\Sai.DealAssistant\sai-deal-assistant-backend\src\Tests\Sai.DealAssistant.Infrastructure.Tests\bin\Debug\net8.0\Sai.DealAssistant.Infrastructure.Tests.dll" adapterTypeName="executor://xunit/VsTestRunner2/netcoreapp" className="Sai.DealAssistant.Infrastructure.Tests.Repositories.GenericRepositoryTests.CrudRepositoryTests" name="DeleteAsync_DeletesSampleEmployee" />
    </UnitTest>
    <UnitTest name="Sai.DealAssistant.Infrastructure.Tests.Repositories.GenericRepositoryTests.ReadRepositoryTests.SingleOrDefaultAsync_ReturnsItem_WhenItemExists" storage="c:\_proj\sai.dealassistant\sai-deal-assistant-backend\src\tests\sai.dealassistant.infrastructure.tests\bin\debug\net8.0\sai.dealassistant.infrastructure.tests.dll" id="f326dd1f-aedd-d307-7b9e-0fa5f3201931">
      <Execution id="a1b30cbe-d3ac-485e-86b6-8adc08ea64e9" />
      <TestMethod codeBase="C:\_PROJ\Sai.DealAssistant\sai-deal-assistant-backend\src\Tests\Sai.DealAssistant.Infrastructure.Tests\bin\Debug\net8.0\Sai.DealAssistant.Infrastructure.Tests.dll" adapterTypeName="executor://xunit/VsTestRunner2/netcoreapp" className="Sai.DealAssistant.Infrastructure.Tests.Repositories.GenericRepositoryTests.ReadRepositoryTests" name="SingleOrDefaultAsync_ReturnsItem_WhenItemExists" />
    </UnitTest>
    <UnitTest name="Sai.DealAssistant.Infrastructure.Tests.Repositories.GenericRepositoryTests.FieldUpdateRepositoryTests.UpdateFieldAsync_UpdatesStringField" storage="c:\_proj\sai.dealassistant\sai-deal-assistant-backend\src\tests\sai.dealassistant.infrastructure.tests\bin\debug\net8.0\sai.dealassistant.infrastructure.tests.dll" id="25e0e243-3b2f-051b-5904-3623e34db590">
      <Execution id="4d3275de-a137-476c-a6b8-bbd74a3633f8" />
      <TestMethod codeBase="C:\_PROJ\Sai.DealAssistant\sai-deal-assistant-backend\src\Tests\Sai.DealAssistant.Infrastructure.Tests\bin\Debug\net8.0\Sai.DealAssistant.Infrastructure.Tests.dll" adapterTypeName="executor://xunit/VsTestRunner2/netcoreapp" className="Sai.DealAssistant.Infrastructure.Tests.Repositories.GenericRepositoryTests.FieldUpdateRepositoryTests" name="UpdateFieldAsync_UpdatesStringField" />
    </UnitTest>
    <UnitTest name="Sai.DealAssistant.Infrastructure.Tests.Repositories.GenericRepositoryTests.ReadRepositoryTests.ApplySorting_SortsAscending" storage="c:\_proj\sai.dealassistant\sai-deal-assistant-backend\src\tests\sai.dealassistant.infrastructure.tests\bin\debug\net8.0\sai.dealassistant.infrastructure.tests.dll" id="e2c108e4-5239-e09a-752b-7b6bd3fb2261">
      <Execution id="1a32bc43-7d81-4e06-b86f-08ba7644b85e" />
      <TestMethod codeBase="C:\_PROJ\Sai.DealAssistant\sai-deal-assistant-backend\src\Tests\Sai.DealAssistant.Infrastructure.Tests\bin\Debug\net8.0\Sai.DealAssistant.Infrastructure.Tests.dll" adapterTypeName="executor://xunit/VsTestRunner2/netcoreapp" className="Sai.DealAssistant.Infrastructure.Tests.Repositories.GenericRepositoryTests.ReadRepositoryTests" name="ApplySorting_SortsAscending" />
    </UnitTest>
    <UnitTest name="Sai.DealAssistant.Infrastructure.Tests.Repositories.GenericRepositoryTests.ReadRepositoryTests.ExistsAsync_ReturnsTrue_ForExistingEntity" storage="c:\_proj\sai.dealassistant\sai-deal-assistant-backend\src\tests\sai.dealassistant.infrastructure.tests\bin\debug\net8.0\sai.dealassistant.infrastructure.tests.dll" id="a967686b-33b4-f3f3-9890-0bc1992e4a31">
      <Execution id="c1ca49af-e857-43db-8f76-1147bc41515f" />
      <TestMethod codeBase="C:\_PROJ\Sai.DealAssistant\sai-deal-assistant-backend\src\Tests\Sai.DealAssistant.Infrastructure.Tests\bin\Debug\net8.0\Sai.DealAssistant.Infrastructure.Tests.dll" adapterTypeName="executor://xunit/VsTestRunner2/netcoreapp" className="Sai.DealAssistant.Infrastructure.Tests.Repositories.GenericRepositoryTests.ReadRepositoryTests" name="ExistsAsync_ReturnsTrue_ForExistingEntity" />
    </UnitTest>
    <UnitTest name="Sai.DealAssistant.Infrastructure.Tests.Repositories.GenericRepositoryTests.ReadRepositoryTests.FirstOrDefaultAsync_ReturnsItem_WhenItemExists" storage="c:\_proj\sai.dealassistant\sai-deal-assistant-backend\src\tests\sai.dealassistant.infrastructure.tests\bin\debug\net8.0\sai.dealassistant.infrastructure.tests.dll" id="9817eabf-4a92-b4bd-b04c-d5bb5964faa6">
      <Execution id="bf164403-48f3-45c5-95fe-da317e743d26" />
      <TestMethod codeBase="C:\_PROJ\Sai.DealAssistant\sai-deal-assistant-backend\src\Tests\Sai.DealAssistant.Infrastructure.Tests\bin\Debug\net8.0\Sai.DealAssistant.Infrastructure.Tests.dll" adapterTypeName="executor://xunit/VsTestRunner2/netcoreapp" className="Sai.DealAssistant.Infrastructure.Tests.Repositories.GenericRepositoryTests.ReadRepositoryTests" name="FirstOrDefaultAsync_ReturnsItem_WhenItemExists" />
    </UnitTest>
    <UnitTest name="Sai.DealAssistant.Infrastructure.Tests.Persistence.DenormFieldsTests.CreateDeal_SetsDenormFirmName" storage="c:\_proj\sai.dealassistant\sai-deal-assistant-backend\src\tests\sai.dealassistant.infrastructure.tests\bin\debug\net8.0\sai.dealassistant.infrastructure.tests.dll" id="821793b1-eb91-c7a3-2bb7-a418da5c2f9d">
      <Execution id="aedb0e5d-473b-4a1b-8849-5fea3486bd33" />
      <TestMethod codeBase="C:\_PROJ\Sai.DealAssistant\sai-deal-assistant-backend\src\Tests\Sai.DealAssistant.Infrastructure.Tests\bin\Debug\net8.0\Sai.DealAssistant.Infrastructure.Tests.dll" adapterTypeName="executor://xunit/VsTestRunner2/netcoreapp" className="Sai.DealAssistant.Infrastructure.Tests.Persistence.DenormFieldsTests" name="CreateDeal_SetsDenormFirmName" />
    </UnitTest>
    <UnitTest name="Sai.DealAssistant.Infrastructure.Tests.Repositories.GenericRepositoryTests.ReadRepositoryTests.SelectPagedAsync_ReturnsFiltered_SortDefault_FirstPage" storage="c:\_proj\sai.dealassistant\sai-deal-assistant-backend\src\tests\sai.dealassistant.infrastructure.tests\bin\debug\net8.0\sai.dealassistant.infrastructure.tests.dll" id="d81382b6-74ad-b86b-99ea-3177e5a4a7b0">
      <Execution id="288fa453-33b8-4c6b-80ba-0cdc2ebfc08a" />
      <TestMethod codeBase="C:\_PROJ\Sai.DealAssistant\sai-deal-assistant-backend\src\Tests\Sai.DealAssistant.Infrastructure.Tests\bin\Debug\net8.0\Sai.DealAssistant.Infrastructure.Tests.dll" adapterTypeName="executor://xunit/VsTestRunner2/netcoreapp" className="Sai.DealAssistant.Infrastructure.Tests.Repositories.GenericRepositoryTests.ReadRepositoryTests" name="SelectPagedAsync_ReturnsFiltered_SortDefault_FirstPage" />
    </UnitTest>
    <UnitTest name="Sai.DealAssistant.Infrastructure.Tests.UnitOfWork.UnitOfWorkTests.ExecuteResilientTransactionAsync_InputActionCompletesSuccessfully_BeginsAndCommitsTransaction" storage="c:\_proj\sai.dealassistant\sai-deal-assistant-backend\src\tests\sai.dealassistant.infrastructure.tests\bin\debug\net8.0\sai.dealassistant.infrastructure.tests.dll" id="193a0e43-3a47-5b22-3c7e-07c150be723a">
      <Execution id="9ede27de-e288-4424-a7d2-1803eea7ddba" />
      <TestMethod codeBase="C:\_PROJ\Sai.DealAssistant\sai-deal-assistant-backend\src\Tests\Sai.DealAssistant.Infrastructure.Tests\bin\Debug\net8.0\Sai.DealAssistant.Infrastructure.Tests.dll" adapterTypeName="executor://xunit/VsTestRunner2/netcoreapp" className="Sai.DealAssistant.Infrastructure.Tests.UnitOfWork.UnitOfWorkTests" name="ExecuteResilientTransactionAsync_InputActionCompletesSuccessfully_BeginsAndCommitsTransaction" />
    </UnitTest>
    <UnitTest name="Sai.DealAssistant.Infrastructure.Tests.Persistence.DenormFieldsTests.UpdateEvent_DateChanged_UpdatesDenormLastActionDate" storage="c:\_proj\sai.dealassistant\sai-deal-assistant-backend\src\tests\sai.dealassistant.infrastructure.tests\bin\debug\net8.0\sai.dealassistant.infrastructure.tests.dll" id="85d1b520-9d63-3696-a0df-1f1be2cbe478">
      <Execution id="5b4c95c0-4a7d-4cb6-b534-6a5e1815419b" />
      <TestMethod codeBase="C:\_PROJ\Sai.DealAssistant\sai-deal-assistant-backend\src\Tests\Sai.DealAssistant.Infrastructure.Tests\bin\Debug\net8.0\Sai.DealAssistant.Infrastructure.Tests.dll" adapterTypeName="executor://xunit/VsTestRunner2/netcoreapp" className="Sai.DealAssistant.Infrastructure.Tests.Persistence.DenormFieldsTests" name="UpdateEvent_DateChanged_UpdatesDenormLastActionDate" />
    </UnitTest>
    <UnitTest name="Sai.DealAssistant.Infrastructure.Tests.Repositories.GenericRepositoryTests.FieldUpdateRepositoryTests.UpdateFieldAsync_UpdatesNumericField" storage="c:\_proj\sai.dealassistant\sai-deal-assistant-backend\src\tests\sai.dealassistant.infrastructure.tests\bin\debug\net8.0\sai.dealassistant.infrastructure.tests.dll" id="5b7f3d86-82c9-9ed6-004b-48b6a036a044">
      <Execution id="28019301-ad45-42ae-893d-814dad7f12f3" />
      <TestMethod codeBase="C:\_PROJ\Sai.DealAssistant\sai-deal-assistant-backend\src\Tests\Sai.DealAssistant.Infrastructure.Tests\bin\Debug\net8.0\Sai.DealAssistant.Infrastructure.Tests.dll" adapterTypeName="executor://xunit/VsTestRunner2/netcoreapp" className="Sai.DealAssistant.Infrastructure.Tests.Repositories.GenericRepositoryTests.FieldUpdateRepositoryTests" name="UpdateFieldAsync_UpdatesNumericField" />
    </UnitTest>
    <UnitTest name="Sai.DealAssistant.Infrastructure.Tests.Repositories.GenericRepositoryTests.ReadRepositoryTests.GetAll_FilteredByCustomerId" storage="c:\_proj\sai.dealassistant\sai-deal-assistant-backend\src\tests\sai.dealassistant.infrastructure.tests\bin\debug\net8.0\sai.dealassistant.infrastructure.tests.dll" id="f8f98c89-f6e3-4ae5-ba70-dc160420889d">
      <Execution id="82ad1569-fa3e-43da-a4d4-c0e939108b5a" />
      <TestMethod codeBase="C:\_PROJ\Sai.DealAssistant\sai-deal-assistant-backend\src\Tests\Sai.DealAssistant.Infrastructure.Tests\bin\Debug\net8.0\Sai.DealAssistant.Infrastructure.Tests.dll" adapterTypeName="executor://xunit/VsTestRunner2/netcoreapp" className="Sai.DealAssistant.Infrastructure.Tests.Repositories.GenericRepositoryTests.ReadRepositoryTests" name="GetAll_FilteredByCustomerId" />
    </UnitTest>
    <UnitTest name="Sai.DealAssistant.Infrastructure.Tests.Repositories.GenericRepositoryTests.ReadRepositoryTests.ExistsAsync_ReturnsFalse_WhenItemDoesNotExist" storage="c:\_proj\sai.dealassistant\sai-deal-assistant-backend\src\tests\sai.dealassistant.infrastructure.tests\bin\debug\net8.0\sai.dealassistant.infrastructure.tests.dll" id="6935523f-f65e-d0cf-c3f6-365262a1a7ea">
      <Execution id="896bcd03-ffd8-4ee5-b732-23ead4386322" />
      <TestMethod codeBase="C:\_PROJ\Sai.DealAssistant\sai-deal-assistant-backend\src\Tests\Sai.DealAssistant.Infrastructure.Tests\bin\Debug\net8.0\Sai.DealAssistant.Infrastructure.Tests.dll" adapterTypeName="executor://xunit/VsTestRunner2/netcoreapp" className="Sai.DealAssistant.Infrastructure.Tests.Repositories.GenericRepositoryTests.ReadRepositoryTests" name="ExistsAsync_ReturnsFalse_WhenItemDoesNotExist" />
    </UnitTest>
    <UnitTest name="Sai.DealAssistant.Infrastructure.Tests.Persistence.DenormFieldsTests.CreateMultipleEvents_SetsDenormLastActionDateToMax" storage="c:\_proj\sai.dealassistant\sai-deal-assistant-backend\src\tests\sai.dealassistant.infrastructure.tests\bin\debug\net8.0\sai.dealassistant.infrastructure.tests.dll" id="d7298ef1-0749-4da1-78d7-984e46e41f0d">
      <Execution id="52bab243-0a00-4cd3-ab3a-62e4eb94bc84" />
      <TestMethod codeBase="C:\_PROJ\Sai.DealAssistant\sai-deal-assistant-backend\src\Tests\Sai.DealAssistant.Infrastructure.Tests\bin\Debug\net8.0\Sai.DealAssistant.Infrastructure.Tests.dll" adapterTypeName="executor://xunit/VsTestRunner2/netcoreapp" className="Sai.DealAssistant.Infrastructure.Tests.Persistence.DenormFieldsTests" name="CreateMultipleEvents_SetsDenormLastActionDateToMax" />
    </UnitTest>
    <UnitTest name="Sai.DealAssistant.Infrastructure.Tests.Persistence.DenormFieldsTests.UpdateDeal_FirmIdUnchanged_DoesNotChangeDenormFirmName" storage="c:\_proj\sai.dealassistant\sai-deal-assistant-backend\src\tests\sai.dealassistant.infrastructure.tests\bin\debug\net8.0\sai.dealassistant.infrastructure.tests.dll" id="d3cbe634-d457-aa4d-5f88-75cfb62e3771">
      <Execution id="7836d153-ad81-4550-9671-8186fa5ad2a0" />
      <TestMethod codeBase="C:\_PROJ\Sai.DealAssistant\sai-deal-assistant-backend\src\Tests\Sai.DealAssistant.Infrastructure.Tests\bin\Debug\net8.0\Sai.DealAssistant.Infrastructure.Tests.dll" adapterTypeName="executor://xunit/VsTestRunner2/netcoreapp" className="Sai.DealAssistant.Infrastructure.Tests.Persistence.DenormFieldsTests" name="UpdateDeal_FirmIdUnchanged_DoesNotChangeDenormFirmName" />
    </UnitTest>
    <UnitTest name="Sai.DealAssistant.Infrastructure.Tests.Repositories.GenericRepositoryTests.ReadRepositoryTests.SelectPagedAsync_ReturnsAll_SortDefault_LastPage" storage="c:\_proj\sai.dealassistant\sai-deal-assistant-backend\src\tests\sai.dealassistant.infrastructure.tests\bin\debug\net8.0\sai.dealassistant.infrastructure.tests.dll" id="1b4d8d3a-0163-c205-b1ee-baf15feb9a32">
      <Execution id="159d2388-c7eb-4da7-993d-f299006779e6" />
      <TestMethod codeBase="C:\_PROJ\Sai.DealAssistant\sai-deal-assistant-backend\src\Tests\Sai.DealAssistant.Infrastructure.Tests\bin\Debug\net8.0\Sai.DealAssistant.Infrastructure.Tests.dll" adapterTypeName="executor://xunit/VsTestRunner2/netcoreapp" className="Sai.DealAssistant.Infrastructure.Tests.Repositories.GenericRepositoryTests.ReadRepositoryTests" name="SelectPagedAsync_ReturnsAll_SortDefault_LastPage" />
    </UnitTest>
    <UnitTest name="Sai.DealAssistant.Infrastructure.Tests.Repositories.GenericRepositoryTests.ReadRepositoryTests.CountAsync_ReturnsAll" storage="c:\_proj\sai.dealassistant\sai-deal-assistant-backend\src\tests\sai.dealassistant.infrastructure.tests\bin\debug\net8.0\sai.dealassistant.infrastructure.tests.dll" id="a574bb46-1c03-df34-93cf-c646dad296e6">
      <Execution id="39905464-aa98-4199-9327-c1ebcf89b09f" />
      <TestMethod codeBase="C:\_PROJ\Sai.DealAssistant\sai-deal-assistant-backend\src\Tests\Sai.DealAssistant.Infrastructure.Tests\bin\Debug\net8.0\Sai.DealAssistant.Infrastructure.Tests.dll" adapterTypeName="executor://xunit/VsTestRunner2/netcoreapp" className="Sai.DealAssistant.Infrastructure.Tests.Repositories.GenericRepositoryTests.ReadRepositoryTests" name="CountAsync_ReturnsAll" />
    </UnitTest>
    <UnitTest name="Sai.DealAssistant.Infrastructure.Tests.Repositories.GenericRepositoryTests.EnumCache_Tests.GetAllAsync_CachesResultsAcrossCalls" storage="c:\_proj\sai.dealassistant\sai-deal-assistant-backend\src\tests\sai.dealassistant.infrastructure.tests\bin\debug\net8.0\sai.dealassistant.infrastructure.tests.dll" id="1a8c3b8a-f442-fa63-4012-8369a5cc7cb0">
      <Execution id="264ccff1-da19-4840-a808-d1d9c16566eb" />
      <TestMethod codeBase="C:\_PROJ\Sai.DealAssistant\sai-deal-assistant-backend\src\Tests\Sai.DealAssistant.Infrastructure.Tests\bin\Debug\net8.0\Sai.DealAssistant.Infrastructure.Tests.dll" adapterTypeName="executor://xunit/VsTestRunner2/netcoreapp" className="Sai.DealAssistant.Infrastructure.Tests.Repositories.GenericRepositoryTests.EnumCache_Tests" name="GetAllAsync_CachesResultsAcrossCalls" />
    </UnitTest>
    <UnitTest name="Sai.DealAssistant.Infrastructure.Tests.Repositories.GenericRepositoryTests.ReadRepositoryTests.GetAll_ReturnsAll" storage="c:\_proj\sai.dealassistant\sai-deal-assistant-backend\src\tests\sai.dealassistant.infrastructure.tests\bin\debug\net8.0\sai.dealassistant.infrastructure.tests.dll" id="a8620362-50a4-f444-677e-3025fd0e754f">
      <Execution id="f1412dd1-f468-4114-a5fa-371184a7e817" />
      <TestMethod codeBase="C:\_PROJ\Sai.DealAssistant\sai-deal-assistant-backend\src\Tests\Sai.DealAssistant.Infrastructure.Tests\bin\Debug\net8.0\Sai.DealAssistant.Infrastructure.Tests.dll" adapterTypeName="executor://xunit/VsTestRunner2/netcoreapp" className="Sai.DealAssistant.Infrastructure.Tests.Repositories.GenericRepositoryTests.ReadRepositoryTests" name="GetAll_ReturnsAll" />
    </UnitTest>
    <UnitTest name="Sai.DealAssistant.Infrastructure.Tests.Repositories.GenericRepositoryTests.FieldUpdateRepositoryTests.UpdateFieldAsync_ColumnNotExists_Throws" storage="c:\_proj\sai.dealassistant\sai-deal-assistant-backend\src\tests\sai.dealassistant.infrastructure.tests\bin\debug\net8.0\sai.dealassistant.infrastructure.tests.dll" id="a8d65476-b903-071b-760c-2ad4f4d33be6">
      <Execution id="bfac7584-84da-4af6-adb6-42415a4d90a0" />
      <TestMethod codeBase="C:\_PROJ\Sai.DealAssistant\sai-deal-assistant-backend\src\Tests\Sai.DealAssistant.Infrastructure.Tests\bin\Debug\net8.0\Sai.DealAssistant.Infrastructure.Tests.dll" adapterTypeName="executor://xunit/VsTestRunner2/netcoreapp" className="Sai.DealAssistant.Infrastructure.Tests.Repositories.GenericRepositoryTests.FieldUpdateRepositoryTests" name="UpdateFieldAsync_ColumnNotExists_Throws" />
    </UnitTest>
    <UnitTest name="Sai.DealAssistant.Infrastructure.Tests.Repositories.GenericRepositoryTests.ReadRepositoryTests.ApplySorting_ThrowsInvalidSortColumnException" storage="c:\_proj\sai.dealassistant\sai-deal-assistant-backend\src\tests\sai.dealassistant.infrastructure.tests\bin\debug\net8.0\sai.dealassistant.infrastructure.tests.dll" id="7575dc31-5f20-6d05-ee77-1b6005ffa4e1">
      <Execution id="f4a413d7-e499-47d8-89f6-af2eaf79dd15" />
      <TestMethod codeBase="C:\_PROJ\Sai.DealAssistant\sai-deal-assistant-backend\src\Tests\Sai.DealAssistant.Infrastructure.Tests\bin\Debug\net8.0\Sai.DealAssistant.Infrastructure.Tests.dll" adapterTypeName="executor://xunit/VsTestRunner2/netcoreapp" className="Sai.DealAssistant.Infrastructure.Tests.Repositories.GenericRepositoryTests.ReadRepositoryTests" name="ApplySorting_ThrowsInvalidSortColumnException" />
    </UnitTest>
    <UnitTest name="Sai.DealAssistant.Infrastructure.Tests.Repositories.GenericRepositoryTests.FieldUpdateRepositoryTests.UpdateFieldAsync_IdNotExists_Throws" storage="c:\_proj\sai.dealassistant\sai-deal-assistant-backend\src\tests\sai.dealassistant.infrastructure.tests\bin\debug\net8.0\sai.dealassistant.infrastructure.tests.dll" id="29a20248-d0b5-742c-03bf-cc306c3bbd1c">
      <Execution id="8336cacd-9f48-4e6e-958c-87c0209700ce" />
      <TestMethod codeBase="C:\_PROJ\Sai.DealAssistant\sai-deal-assistant-backend\src\Tests\Sai.DealAssistant.Infrastructure.Tests\bin\Debug\net8.0\Sai.DealAssistant.Infrastructure.Tests.dll" adapterTypeName="executor://xunit/VsTestRunner2/netcoreapp" className="Sai.DealAssistant.Infrastructure.Tests.Repositories.GenericRepositoryTests.FieldUpdateRepositoryTests" name="UpdateFieldAsync_IdNotExists_Throws" />
    </UnitTest>
    <UnitTest name="Sai.DealAssistant.Infrastructure.Tests.Repositories.GenericRepositoryTests.CrudRepositoryTests.DeleteAsync_DeletesSampleEmployeeById" storage="c:\_proj\sai.dealassistant\sai-deal-assistant-backend\src\tests\sai.dealassistant.infrastructure.tests\bin\debug\net8.0\sai.dealassistant.infrastructure.tests.dll" id="e238d11b-e1e2-9e04-4658-a10b70c8c0e0">
      <Execution id="665ff72a-8344-42ac-a07f-c0a51fd265ec" />
      <TestMethod codeBase="C:\_PROJ\Sai.DealAssistant\sai-deal-assistant-backend\src\Tests\Sai.DealAssistant.Infrastructure.Tests\bin\Debug\net8.0\Sai.DealAssistant.Infrastructure.Tests.dll" adapterTypeName="executor://xunit/VsTestRunner2/netcoreapp" className="Sai.DealAssistant.Infrastructure.Tests.Repositories.GenericRepositoryTests.CrudRepositoryTests" name="DeleteAsync_DeletesSampleEmployeeById" />
    </UnitTest>
    <UnitTest name="Sai.DealAssistant.Infrastructure.Tests.Repositories.GenericRepositoryTests.ReadRepositoryTests.SelectPagedAsync_ReturnsAll_SortByEmailDesc_LastPage" storage="c:\_proj\sai.dealassistant\sai-deal-assistant-backend\src\tests\sai.dealassistant.infrastructure.tests\bin\debug\net8.0\sai.dealassistant.infrastructure.tests.dll" id="c53680ad-6df4-66e8-ccb7-e83308eaca94">
      <Execution id="c59cd62d-6d2e-48af-b047-4e837b399350" />
      <TestMethod codeBase="C:\_PROJ\Sai.DealAssistant\sai-deal-assistant-backend\src\Tests\Sai.DealAssistant.Infrastructure.Tests\bin\Debug\net8.0\Sai.DealAssistant.Infrastructure.Tests.dll" adapterTypeName="executor://xunit/VsTestRunner2/netcoreapp" className="Sai.DealAssistant.Infrastructure.Tests.Repositories.GenericRepositoryTests.ReadRepositoryTests" name="SelectPagedAsync_ReturnsAll_SortByEmailDesc_LastPage" />
    </UnitTest>
    <UnitTest name="Sai.DealAssistant.Infrastructure.Tests.Repositories.GenericRepositoryTests.FieldUpdateRepositoryTests.UpdateFieldAsync_TableNotExists_Throws" storage="c:\_proj\sai.dealassistant\sai-deal-assistant-backend\src\tests\sai.dealassistant.infrastructure.tests\bin\debug\net8.0\sai.dealassistant.infrastructure.tests.dll" id="7e2b956a-20da-d288-c32e-fdfd7d19156c">
      <Execution id="050d5458-01e4-471f-8ca7-24ddaaaa1a0a" />
      <TestMethod codeBase="C:\_PROJ\Sai.DealAssistant\sai-deal-assistant-backend\src\Tests\Sai.DealAssistant.Infrastructure.Tests\bin\Debug\net8.0\Sai.DealAssistant.Infrastructure.Tests.dll" adapterTypeName="executor://xunit/VsTestRunner2/netcoreapp" className="Sai.DealAssistant.Infrastructure.Tests.Repositories.GenericRepositoryTests.FieldUpdateRepositoryTests" name="UpdateFieldAsync_TableNotExists_Throws" />
    </UnitTest>
    <UnitTest name="Sai.DealAssistant.Infrastructure.Tests.Repositories.GenericRepositoryTests.CrudRepositoryTests.UpdateAsync_WithChangedName_UpdatesSampleEmployee" storage="c:\_proj\sai.dealassistant\sai-deal-assistant-backend\src\tests\sai.dealassistant.infrastructure.tests\bin\debug\net8.0\sai.dealassistant.infrastructure.tests.dll" id="4f50c7e4-27c1-b6ae-f410-bc87cd6855b7">
      <Execution id="475f34d1-baf0-46db-a14f-3c487f515d5b" />
      <TestMethod codeBase="C:\_PROJ\Sai.DealAssistant\sai-deal-assistant-backend\src\Tests\Sai.DealAssistant.Infrastructure.Tests\bin\Debug\net8.0\Sai.DealAssistant.Infrastructure.Tests.dll" adapterTypeName="executor://xunit/VsTestRunner2/netcoreapp" className="Sai.DealAssistant.Infrastructure.Tests.Repositories.GenericRepositoryTests.CrudRepositoryTests" name="UpdateAsync_WithChangedName_UpdatesSampleEmployee" />
    </UnitTest>
    <UnitTest name="Sai.DealAssistant.Infrastructure.Tests.Repositories.GenericRepositoryTests.ReadRepositoryTests.FirstOrDefaultAsync_ReturnsNull_WhenItemDoesNotExist" storage="c:\_proj\sai.dealassistant\sai-deal-assistant-backend\src\tests\sai.dealassistant.infrastructure.tests\bin\debug\net8.0\sai.dealassistant.infrastructure.tests.dll" id="f38b4d81-fd18-5172-e695-fab88f35652d">
      <Execution id="c45c0a0e-fe8c-49c8-ad20-5cc2669ba45f" />
      <TestMethod codeBase="C:\_PROJ\Sai.DealAssistant\sai-deal-assistant-backend\src\Tests\Sai.DealAssistant.Infrastructure.Tests\bin\Debug\net8.0\Sai.DealAssistant.Infrastructure.Tests.dll" adapterTypeName="executor://xunit/VsTestRunner2/netcoreapp" className="Sai.DealAssistant.Infrastructure.Tests.Repositories.GenericRepositoryTests.ReadRepositoryTests" name="FirstOrDefaultAsync_ReturnsNull_WhenItemDoesNotExist" />
    </UnitTest>
    <UnitTest name="Sai.DealAssistant.Infrastructure.Tests.Repositories.GenericRepositoryTests.ReadRepositoryTests.SelectAsync_ReturnsAll" storage="c:\_proj\sai.dealassistant\sai-deal-assistant-backend\src\tests\sai.dealassistant.infrastructure.tests\bin\debug\net8.0\sai.dealassistant.infrastructure.tests.dll" id="f111b91a-dee7-b574-1506-4287bc17fba1">
      <Execution id="110afcee-98f5-4185-9540-6bec274f1ac3" />
      <TestMethod codeBase="C:\_PROJ\Sai.DealAssistant\sai-deal-assistant-backend\src\Tests\Sai.DealAssistant.Infrastructure.Tests\bin\Debug\net8.0\Sai.DealAssistant.Infrastructure.Tests.dll" adapterTypeName="executor://xunit/VsTestRunner2/netcoreapp" className="Sai.DealAssistant.Infrastructure.Tests.Repositories.GenericRepositoryTests.ReadRepositoryTests" name="SelectAsync_ReturnsAll" />
    </UnitTest>
    <UnitTest name="Sai.DealAssistant.Infrastructure.Tests.Repositories.GenericRepositoryTests.ReadRepositoryTests.GetAll_FilteredBySecondNameThanByEmail" storage="c:\_proj\sai.dealassistant\sai-deal-assistant-backend\src\tests\sai.dealassistant.infrastructure.tests\bin\debug\net8.0\sai.dealassistant.infrastructure.tests.dll" id="03b6df63-97a2-4d33-2101-7f83ed454113">
      <Execution id="62ce8fb6-1d26-477d-bfaf-7b7acea0ccd2" />
      <TestMethod codeBase="C:\_PROJ\Sai.DealAssistant\sai-deal-assistant-backend\src\Tests\Sai.DealAssistant.Infrastructure.Tests\bin\Debug\net8.0\Sai.DealAssistant.Infrastructure.Tests.dll" adapterTypeName="executor://xunit/VsTestRunner2/netcoreapp" className="Sai.DealAssistant.Infrastructure.Tests.Repositories.GenericRepositoryTests.ReadRepositoryTests" name="GetAll_FilteredBySecondNameThanByEmail" />
    </UnitTest>
    <UnitTest name="Sai.DealAssistant.Infrastructure.Tests.Repositories.GenericRepositoryTests.ReadRepositoryTests.SelectPagedAsync_AfterLastPage_ShouldBeEmpty" storage="c:\_proj\sai.dealassistant\sai-deal-assistant-backend\src\tests\sai.dealassistant.infrastructure.tests\bin\debug\net8.0\sai.dealassistant.infrastructure.tests.dll" id="0b38bb53-002a-e188-4fe2-417fb886c207">
      <Execution id="37474d13-979c-4d73-9748-85fc6d284f30" />
      <TestMethod codeBase="C:\_PROJ\Sai.DealAssistant\sai-deal-assistant-backend\src\Tests\Sai.DealAssistant.Infrastructure.Tests\bin\Debug\net8.0\Sai.DealAssistant.Infrastructure.Tests.dll" adapterTypeName="executor://xunit/VsTestRunner2/netcoreapp" className="Sai.DealAssistant.Infrastructure.Tests.Repositories.GenericRepositoryTests.ReadRepositoryTests" name="SelectPagedAsync_AfterLastPage_ShouldBeEmpty" />
    </UnitTest>
    <UnitTest name="Sai.DealAssistant.Infrastructure.Tests.Persistence.DenormFieldsTests.DeleteEvent_WhenMultipleEvents_SetsDenormLastActionDateToRemainingMax" storage="c:\_proj\sai.dealassistant\sai-deal-assistant-backend\src\tests\sai.dealassistant.infrastructure.tests\bin\debug\net8.0\sai.dealassistant.infrastructure.tests.dll" id="72919150-5887-87f4-4a6f-48ea004d02e3">
      <Execution id="74aa5bbd-f6fd-420d-af1d-8eb799b13eb8" />
      <TestMethod codeBase="C:\_PROJ\Sai.DealAssistant\sai-deal-assistant-backend\src\Tests\Sai.DealAssistant.Infrastructure.Tests\bin\Debug\net8.0\Sai.DealAssistant.Infrastructure.Tests.dll" adapterTypeName="executor://xunit/VsTestRunner2/netcoreapp" className="Sai.DealAssistant.Infrastructure.Tests.Persistence.DenormFieldsTests" name="DeleteEvent_WhenMultipleEvents_SetsDenormLastActionDateToRemainingMax" />
    </UnitTest>
    <UnitTest name="Sai.DealAssistant.Infrastructure.Tests.Repositories.GenericRepositoryTests.ReadRepositoryTests.SelectAsync_ReturnsFiltered" storage="c:\_proj\sai.dealassistant\sai-deal-assistant-backend\src\tests\sai.dealassistant.infrastructure.tests\bin\debug\net8.0\sai.dealassistant.infrastructure.tests.dll" id="922816f5-8bbb-2c17-06c3-26ed0a0b4108">
      <Execution id="c5afc8c7-8fa7-46d2-a638-c46f3a714a3f" />
      <TestMethod codeBase="C:\_PROJ\Sai.DealAssistant\sai-deal-assistant-backend\src\Tests\Sai.DealAssistant.Infrastructure.Tests\bin\Debug\net8.0\Sai.DealAssistant.Infrastructure.Tests.dll" adapterTypeName="executor://xunit/VsTestRunner2/netcoreapp" className="Sai.DealAssistant.Infrastructure.Tests.Repositories.GenericRepositoryTests.ReadRepositoryTests" name="SelectAsync_ReturnsFiltered" />
    </UnitTest>
  </TestDefinitions>
  <TestEntries>
    <TestEntry testId="72919150-5887-87f4-4a6f-48ea004d02e3" executionId="74aa5bbd-f6fd-420d-af1d-8eb799b13eb8" testListId="8c84fa94-04c1-424b-9868-57a2d4851a1d" />
    <TestEntry testId="fd7bed65-2efb-3e90-0c1a-e47dc5ccec0a" executionId="a40865a3-46ae-4114-a95a-cae91ba6bbb5" testListId="8c84fa94-04c1-424b-9868-57a2d4851a1d" />
    <TestEntry testId="9817eabf-4a92-b4bd-b04c-d5bb5964faa6" executionId="bf164403-48f3-45c5-95fe-da317e743d26" testListId="8c84fa94-04c1-424b-9868-57a2d4851a1d" />
    <TestEntry testId="fbe1a45a-ea29-5e55-ae65-7274ab0de3b1" executionId="c420ec5e-21d6-4739-9245-08821460afb8" testListId="8c84fa94-04c1-424b-9868-57a2d4851a1d" />
    <TestEntry testId="4c2e6fe7-2828-2971-df3a-e3ed0ec580cb" executionId="cb078295-3ec3-4c7b-984b-a08c4d464d47" testListId="8c84fa94-04c1-424b-9868-57a2d4851a1d" />
    <TestEntry testId="ac7497d6-71b5-64e8-1c5b-0938ffdf0299" executionId="3c4ef3ed-23a6-49c5-967b-7a4b2799fa6e" testListId="8c84fa94-04c1-424b-9868-57a2d4851a1d" />
    <TestEntry testId="a8620362-50a4-f444-677e-3025fd0e754f" executionId="f1412dd1-f468-4114-a5fa-371184a7e817" testListId="8c84fa94-04c1-424b-9868-57a2d4851a1d" />
    <TestEntry testId="4f50c7e4-27c1-b6ae-f410-bc87cd6855b7" executionId="475f34d1-baf0-46db-a14f-3c487f515d5b" testListId="8c84fa94-04c1-424b-9868-57a2d4851a1d" />
    <TestEntry testId="a9a149e2-684b-29cd-32ba-3268edaa6702" executionId="fd91e5f8-f7f7-4abb-97a4-7077466743f9" testListId="8c84fa94-04c1-424b-9868-57a2d4851a1d" />
    <TestEntry testId="e238d11b-e1e2-9e04-4658-a10b70c8c0e0" executionId="665ff72a-8344-42ac-a07f-c0a51fd265ec" testListId="8c84fa94-04c1-424b-9868-57a2d4851a1d" />
    <TestEntry testId="d81382b6-74ad-b86b-99ea-3177e5a4a7b0" executionId="288fa453-33b8-4c6b-80ba-0cdc2ebfc08a" testListId="8c84fa94-04c1-424b-9868-57a2d4851a1d" />
    <TestEntry testId="85d1b520-9d63-3696-a0df-1f1be2cbe478" executionId="5b4c95c0-4a7d-4cb6-b534-6a5e1815419b" testListId="8c84fa94-04c1-424b-9868-57a2d4851a1d" />
    <TestEntry testId="7e2b956a-20da-d288-c32e-fdfd7d19156c" executionId="050d5458-01e4-471f-8ca7-24ddaaaa1a0a" testListId="8c84fa94-04c1-424b-9868-57a2d4851a1d" />
    <TestEntry testId="9704f739-0251-d674-9762-c0620410d507" executionId="2884cf69-42f6-4cd8-892a-aa5864bd063d" testListId="8c84fa94-04c1-424b-9868-57a2d4851a1d" />
    <TestEntry testId="bfe814d8-c538-93de-ef56-a817cf11863a" executionId="2236668c-c67b-47e4-994b-c2184595fe25" testListId="8c84fa94-04c1-424b-9868-57a2d4851a1d" />
    <TestEntry testId="c60741ba-ce87-4389-62b6-abfaecce0cb4" executionId="86d0a9a0-5f01-4f21-a792-155592a66862" testListId="8c84fa94-04c1-424b-9868-57a2d4851a1d" />
    <TestEntry testId="a8d65476-b903-071b-760c-2ad4f4d33be6" executionId="bfac7584-84da-4af6-adb6-42415a4d90a0" testListId="8c84fa94-04c1-424b-9868-57a2d4851a1d" />
    <TestEntry testId="68c01459-f0e2-8b58-919c-b29ed90ee47e" executionId="885a32fa-7dd0-43b1-a63c-2a4e499f82b1" testListId="8c84fa94-04c1-424b-9868-57a2d4851a1d" />
    <TestEntry testId="7575dc31-5f20-6d05-ee77-1b6005ffa4e1" executionId="f4a413d7-e499-47d8-89f6-af2eaf79dd15" testListId="8c84fa94-04c1-424b-9868-57a2d4851a1d" />
    <TestEntry testId="f8a80593-625b-555b-eb20-9b507c35dc99" executionId="8b985a9c-9c34-413b-9b6c-9b1be8a6b471" testListId="8c84fa94-04c1-424b-9868-57a2d4851a1d" />
    <TestEntry testId="f326dd1f-aedd-d307-7b9e-0fa5f3201931" executionId="a1b30cbe-d3ac-485e-86b6-8adc08ea64e9" testListId="8c84fa94-04c1-424b-9868-57a2d4851a1d" />
    <TestEntry testId="25e0e243-3b2f-051b-5904-3623e34db590" executionId="4d3275de-a137-476c-a6b8-bbd74a3633f8" testListId="8c84fa94-04c1-424b-9868-57a2d4851a1d" />
    <TestEntry testId="e2c108e4-5239-e09a-752b-7b6bd3fb2261" executionId="1a32bc43-7d81-4e06-b86f-08ba7644b85e" testListId="8c84fa94-04c1-424b-9868-57a2d4851a1d" />
    <TestEntry testId="a574bb46-1c03-df34-93cf-c646dad296e6" executionId="39905464-aa98-4199-9327-c1ebcf89b09f" testListId="8c84fa94-04c1-424b-9868-57a2d4851a1d" />
    <TestEntry testId="f38b4d81-fd18-5172-e695-fab88f35652d" executionId="c45c0a0e-fe8c-49c8-ad20-5cc2669ba45f" testListId="8c84fa94-04c1-424b-9868-57a2d4851a1d" />
    <TestEntry testId="d3cbe634-d457-aa4d-5f88-75cfb62e3771" executionId="7836d153-ad81-4550-9671-8186fa5ad2a0" testListId="8c84fa94-04c1-424b-9868-57a2d4851a1d" />
    <TestEntry testId="f8f98c89-f6e3-4ae5-ba70-dc160420889d" executionId="82ad1569-fa3e-43da-a4d4-c0e939108b5a" testListId="8c84fa94-04c1-424b-9868-57a2d4851a1d" />
    <TestEntry testId="05b35716-8b80-c898-e9c0-db852b006064" executionId="441340e8-7024-47fa-b3f2-9a4ea440b718" testListId="8c84fa94-04c1-424b-9868-57a2d4851a1d" />
    <TestEntry testId="c53680ad-6df4-66e8-ccb7-e83308eaca94" executionId="c59cd62d-6d2e-48af-b047-4e837b399350" testListId="8c84fa94-04c1-424b-9868-57a2d4851a1d" />
    <TestEntry testId="a0343a1f-04a1-5c88-b3ed-7007324c208d" executionId="305609c3-4f7a-4d91-8a62-479db0461682" testListId="8c84fa94-04c1-424b-9868-57a2d4851a1d" />
    <TestEntry testId="193a0e43-3a47-5b22-3c7e-07c150be723a" executionId="9ede27de-e288-4424-a7d2-1803eea7ddba" testListId="8c84fa94-04c1-424b-9868-57a2d4851a1d" />
    <TestEntry testId="f111b91a-dee7-b574-1506-4287bc17fba1" executionId="110afcee-98f5-4185-9540-6bec274f1ac3" testListId="8c84fa94-04c1-424b-9868-57a2d4851a1d" />
    <TestEntry testId="1b4d8d3a-0163-c205-b1ee-baf15feb9a32" executionId="159d2388-c7eb-4da7-993d-f299006779e6" testListId="8c84fa94-04c1-424b-9868-57a2d4851a1d" />
    <TestEntry testId="d7298ef1-0749-4da1-78d7-984e46e41f0d" executionId="52bab243-0a00-4cd3-ab3a-62e4eb94bc84" testListId="8c84fa94-04c1-424b-9868-57a2d4851a1d" />
    <TestEntry testId="a967686b-33b4-f3f3-9890-0bc1992e4a31" executionId="c1ca49af-e857-43db-8f76-1147bc41515f" testListId="8c84fa94-04c1-424b-9868-57a2d4851a1d" />
    <TestEntry testId="0b38bb53-002a-e188-4fe2-417fb886c207" executionId="37474d13-979c-4d73-9748-85fc6d284f30" testListId="8c84fa94-04c1-424b-9868-57a2d4851a1d" />
    <TestEntry testId="320b8350-8c67-b05d-edb2-e11fae16e998" executionId="f2a64f7c-8370-4085-b4ec-f443e35a0399" testListId="8c84fa94-04c1-424b-9868-57a2d4851a1d" />
    <TestEntry testId="29a20248-d0b5-742c-03bf-cc306c3bbd1c" executionId="8336cacd-9f48-4e6e-958c-87c0209700ce" testListId="8c84fa94-04c1-424b-9868-57a2d4851a1d" />
    <TestEntry testId="821793b1-eb91-c7a3-2bb7-a418da5c2f9d" executionId="aedb0e5d-473b-4a1b-8849-5fea3486bd33" testListId="8c84fa94-04c1-424b-9868-57a2d4851a1d" />
    <TestEntry testId="5b7f3d86-82c9-9ed6-004b-48b6a036a044" executionId="28019301-ad45-42ae-893d-814dad7f12f3" testListId="8c84fa94-04c1-424b-9868-57a2d4851a1d" />
    <TestEntry testId="6935523f-f65e-d0cf-c3f6-365262a1a7ea" executionId="896bcd03-ffd8-4ee5-b732-23ead4386322" testListId="8c84fa94-04c1-424b-9868-57a2d4851a1d" />
    <TestEntry testId="03b6df63-97a2-4d33-2101-7f83ed454113" executionId="62ce8fb6-1d26-477d-bfaf-7b7acea0ccd2" testListId="8c84fa94-04c1-424b-9868-57a2d4851a1d" />
    <TestEntry testId="922816f5-8bbb-2c17-06c3-26ed0a0b4108" executionId="c5afc8c7-8fa7-46d2-a638-c46f3a714a3f" testListId="8c84fa94-04c1-424b-9868-57a2d4851a1d" />
    <TestEntry testId="cc459ca6-39a6-38b1-cef5-05d96d911ed4" executionId="3f7c3509-be51-4a00-a106-fec521e1018e" testListId="8c84fa94-04c1-424b-9868-57a2d4851a1d" />
    <TestEntry testId="1a8c3b8a-f442-fa63-4012-8369a5cc7cb0" executionId="264ccff1-da19-4840-a808-d1d9c16566eb" testListId="8c84fa94-04c1-424b-9868-57a2d4851a1d" />
  </TestEntries>
  <TestLists>
    <TestList name="Results Not in a List" id="8c84fa94-04c1-424b-9868-57a2d4851a1d" />
    <TestList name="All Loaded Results" id="19431567-8539-422a-85d7-44ee4e166bda" />
  </TestLists>
  <ResultSummary outcome="Completed">
    <Counters total="45" executed="45" passed="45" failed="0" error="0" timeout="0" aborted="0" inconclusive="0" passedButRunAborted="0" notRunnable="0" notExecuted="0" disconnected="0" warning="0" completed="0" inProgress="0" pending="0" />
    <Output>
      <StdOut>[xUnit.net 00:00:00.00] xUnit.net VSTest Adapter v2.5.3.1+6b60a9e56a (64-bit .NET 8.0.26)&#xD;
[xUnit.net 00:00:00.19]   Discovering: Sai.DealAssistant.Infrastructure.Tests&#xD;
[xUnit.net 00:00:00.25]   Discovered:  Sai.DealAssistant.Infrastructure.Tests&#xD;
[xUnit.net 00:00:00.26]   Starting:    Sai.DealAssistant.Infrastructure.Tests&#xD;
[xUnit.net 00:01:38.79]   Finished:    Sai.DealAssistant.Infrastructure.Tests&#xD;
</StdOut>
    </Output>
  </ResultSummary>
</TestRun>