<?xml version="1.0" encoding="utf-8"?>
<TestRun id="c3da1c30-8afa-4b52-b184-8bb7a3e3efd2" name="olexi@SAI-W11 2026-04-27 15:31:54" runUser="SAI-W11\olexi" xmlns="http://microsoft.com/schemas/VisualStudio/TeamTest/2010">
  <Times creation="2026-04-27T15:31:54.7245505+01:00" queuing="2026-04-27T15:31:54.7245510+01:00" start="2026-04-27T15:31:50.6909543+01:00" finish="2026-04-27T15:33:34.9651347+01:00" />
  <TestSettings name="default" id="9195dc59-8adc-4c45-b9eb-96aabdaac355">
    <Deployment runDeploymentRoot="olexi_SAI-W11_2026-04-27_15_31_54" />
  </TestSettings>
  <Results>
    <UnitTestResult executionId="b2ae7074-151f-4785-baf8-5531972d4a67" testId="fbe1a45a-ea29-5e55-ae65-7274ab0de3b1" testName="Sai.DealAssistant.Infrastructure.Tests.Repositories.GenericRepositoryTests.CrudRepositoryTests.DeleteAsync_ForNonExistingId_ReturnsNull" computerName="SAI-W11" duration="00:00:00.0634420" startTime="2026-04-27T15:31:54.7856217+01:00" endTime="2026-04-27T15:31:54.7856218+01:00" testType="13cdc9d9-ddb5-4fa4-a97d-d965ccfc6d4b" outcome="Passed" testListId="8c84fa94-04c1-424b-9868-57a2d4851a1d" relativeResultsDirectory="b2ae7074-151f-4785-baf8-5531972d4a67" />
    <UnitTestResult executionId="282d7ae4-9cd8-4485-998a-803e3564c434" testId="d3cbe634-d457-aa4d-5f88-75cfb62e3771" testName="Sai.DealAssistant.Infrastructure.Tests.Persistence.DenormFieldsTests.UpdateDeal_FirmIdUnchanged_DoesNotChangeDenormFirmName" computerName="SAI-W11" duration="00:00:11.0225434" startTime="2026-04-27T15:33:13.0813189+01:00" endTime="2026-04-27T15:33:13.0813193+01:00" testType="13cdc9d9-ddb5-4fa4-a97d-d965ccfc6d4b" outcome="Passed" testListId="8c84fa94-04c1-424b-9868-57a2d4851a1d" relativeResultsDirectory="282d7ae4-9cd8-4485-998a-803e3564c434" />
    <UnitTestResult executionId="d5a531bb-9b1d-4731-b542-15d4f1c4323b" testId="68c01459-f0e2-8b58-919c-b29ed90ee47e" testName="Sai.DealAssistant.Infrastructure.Tests.Persistence.DenormFieldsTests.CreateEvent_SetsDenormLastActionDate" computerName="SAI-W11" duration="00:00:10.7123541" startTime="2026-04-27T15:33:23.7941407+01:00" endTime="2026-04-27T15:33:23.7941408+01:00" testType="13cdc9d9-ddb5-4fa4-a97d-d965ccfc6d4b" outcome="Passed" testListId="8c84fa94-04c1-424b-9868-57a2d4851a1d" relativeResultsDirectory="d5a531bb-9b1d-4731-b542-15d4f1c4323b" />
    <UnitTestResult executionId="49813777-6f22-4d03-8431-62a17a883709" testId="d81382b6-74ad-b86b-99ea-3177e5a4a7b0" testName="Sai.DealAssistant.Infrastructure.Tests.Repositories.GenericRepositoryTests.ReadRepositoryTests.SelectPagedAsync_ReturnsFiltered_SortDefault_FirstPage" computerName="SAI-W11" duration="00:00:00.0804063" startTime="2026-04-27T15:31:56.0562425+01:00" endTime="2026-04-27T15:31:56.0562426+01:00" testType="13cdc9d9-ddb5-4fa4-a97d-d965ccfc6d4b" outcome="Passed" testListId="8c84fa94-04c1-424b-9868-57a2d4851a1d" relativeResultsDirectory="49813777-6f22-4d03-8431-62a17a883709" />
    <UnitTestResult executionId="99370e44-de5a-474e-a810-479426bf2b8b" testId="193a0e43-3a47-5b22-3c7e-07c150be723a" testName="Sai.DealAssistant.Infrastructure.Tests.UnitOfWork.UnitOfWorkTests.ExecuteResilientTransactionAsync_InputActionCompletesSuccessfully_BeginsAndCommitsTransaction" computerName="SAI-W11" duration="00:00:02.3741654" startTime="2026-04-27T15:31:54.5444848+01:00" endTime="2026-04-27T15:31:54.5444851+01:00" testType="13cdc9d9-ddb5-4fa4-a97d-d965ccfc6d4b" outcome="Passed" testListId="8c84fa94-04c1-424b-9868-57a2d4851a1d" relativeResultsDirectory="99370e44-de5a-474e-a810-479426bf2b8b" />
    <UnitTestResult executionId="1d94912d-3bd4-4747-a159-c5f3488d264c" testId="e238d11b-e1e2-9e04-4658-a10b70c8c0e0" testName="Sai.DealAssistant.Infrastructure.Tests.Repositories.GenericRepositoryTests.CrudRepositoryTests.DeleteAsync_DeletesSampleEmployeeById" computerName="SAI-W11" duration="00:00:00.0843081" startTime="2026-04-27T15:31:54.6508766+01:00" endTime="2026-04-27T15:31:54.6508768+01:00" testType="13cdc9d9-ddb5-4fa4-a97d-d965ccfc6d4b" outcome="Passed" testListId="8c84fa94-04c1-424b-9868-57a2d4851a1d" relativeResultsDirectory="1d94912d-3bd4-4747-a159-c5f3488d264c" />
    <UnitTestResult executionId="da207a18-6c26-4cc1-a43f-18b2621fbf94" testId="0b38bb53-002a-e188-4fe2-417fb886c207" testName="Sai.DealAssistant.Infrastructure.Tests.Repositories.GenericRepositoryTests.ReadRepositoryTests.SelectPagedAsync_AfterLastPage_ShouldBeEmpty" computerName="SAI-W11" duration="00:00:00.0452307" startTime="2026-04-27T15:31:55.5195643+01:00" endTime="2026-04-27T15:31:55.5195646+01:00" testType="13cdc9d9-ddb5-4fa4-a97d-d965ccfc6d4b" outcome="Passed" testListId="8c84fa94-04c1-424b-9868-57a2d4851a1d" relativeResultsDirectory="da207a18-6c26-4cc1-a43f-18b2621fbf94" />
    <UnitTestResult executionId="29fbd99b-0aca-458b-ac21-b1ece7838eb7" testId="f8f98c89-f6e3-4ae5-ba70-dc160420889d" testName="Sai.DealAssistant.Infrastructure.Tests.Repositories.GenericRepositoryTests.ReadRepositoryTests.GetAll_FilteredByCustomerId" computerName="SAI-W11" duration="00:00:00.0775735" startTime="2026-04-27T15:31:55.8602493+01:00" endTime="2026-04-27T15:31:55.8602495+01:00" testType="13cdc9d9-ddb5-4fa4-a97d-d965ccfc6d4b" outcome="Passed" testListId="8c84fa94-04c1-424b-9868-57a2d4851a1d" relativeResultsDirectory="29fbd99b-0aca-458b-ac21-b1ece7838eb7" />
    <UnitTestResult executionId="9a81090b-5c22-48a1-9f00-c28c2fc20951" testId="4c2e6fe7-2828-2971-df3a-e3ed0ec580cb" testName="Sai.DealAssistant.Infrastructure.Tests.Repositories.GenericRepositoryTests.ReadRepositoryTests.ApplySorting_SortsDescending" computerName="SAI-W11" duration="00:00:00.0828241" startTime="2026-04-27T15:31:55.2319839+01:00" endTime="2026-04-27T15:31:55.2319843+01:00" testType="13cdc9d9-ddb5-4fa4-a97d-d965ccfc6d4b" outcome="Passed" testListId="8c84fa94-04c1-424b-9868-57a2d4851a1d" relativeResultsDirectory="9a81090b-5c22-48a1-9f00-c28c2fc20951" />
    <UnitTestResult executionId="d9f86ced-512e-456c-bc7c-4e8c329a8c32" testId="cc459ca6-39a6-38b1-cef5-05d96d911ed4" testName="Sai.DealAssistant.Infrastructure.Tests.Persistence.DenormFieldsTests.DeleteEvent_WhenOnlyEvent_ClearsDenormLastActionDate" computerName="SAI-W11" duration="00:00:10.5235269" startTime="2026-04-27T15:32:51.1871142+01:00" endTime="2026-04-27T15:32:51.1871145+01:00" testType="13cdc9d9-ddb5-4fa4-a97d-d965ccfc6d4b" outcome="Passed" testListId="8c84fa94-04c1-424b-9868-57a2d4851a1d" relativeResultsDirectory="d9f86ced-512e-456c-bc7c-4e8c329a8c32" />
    <UnitTestResult executionId="2689c398-ea9e-409c-8a63-ac8d9ec6bc3e" testId="e2c108e4-5239-e09a-752b-7b6bd3fb2261" testName="Sai.DealAssistant.Infrastructure.Tests.Repositories.GenericRepositoryTests.ReadRepositoryTests.ApplySorting_SortsAscending" computerName="SAI-W11" duration="00:00:00.0487579" startTime="2026-04-27T15:31:55.3411094+01:00" endTime="2026-04-27T15:31:55.3411095+01:00" testType="13cdc9d9-ddb5-4fa4-a97d-d965ccfc6d4b" outcome="Passed" testListId="8c84fa94-04c1-424b-9868-57a2d4851a1d" relativeResultsDirectory="2689c398-ea9e-409c-8a63-ac8d9ec6bc3e" />
    <UnitTestResult executionId="1a4cd6f1-3241-452a-9af9-df1a54fe92d5" testId="d7298ef1-0749-4da1-78d7-984e46e41f0d" testName="Sai.DealAssistant.Infrastructure.Tests.Persistence.DenormFieldsTests.CreateMultipleEvents_SetsDenormLastActionDateToMax" computerName="SAI-W11" duration="00:00:10.9969785" startTime="2026-04-27T15:33:34.7913059+01:00" endTime="2026-04-27T15:33:34.7913062+01:00" testType="13cdc9d9-ddb5-4fa4-a97d-d965ccfc6d4b" outcome="Passed" testListId="8c84fa94-04c1-424b-9868-57a2d4851a1d" relativeResultsDirectory="1a4cd6f1-3241-452a-9af9-df1a54fe92d5" />
    <UnitTestResult executionId="73fa6529-4200-4510-a397-7820014563ad" testId="a0343a1f-04a1-5c88-b3ed-7007324c208d" testName="Sai.DealAssistant.Infrastructure.Tests.Repositories.GenericRepositoryTests.ReadRepositoryTests.ApplySorting_ThrowsArgumentNullException_ForColumn" computerName="SAI-W11" duration="00:00:00.0293072" startTime="2026-04-27T15:31:55.3704858+01:00" endTime="2026-04-27T15:31:55.3704861+01:00" testType="13cdc9d9-ddb5-4fa4-a97d-d965ccfc6d4b" outcome="Passed" testListId="8c84fa94-04c1-424b-9868-57a2d4851a1d" relativeResultsDirectory="73fa6529-4200-4510-a397-7820014563ad" />
    <UnitTestResult executionId="87f51492-ddd3-4ac0-97f9-aea587688084" testId="922816f5-8bbb-2c17-06c3-26ed0a0b4108" testName="Sai.DealAssistant.Infrastructure.Tests.Repositories.GenericRepositoryTests.ReadRepositoryTests.SelectAsync_ReturnsFiltered" computerName="SAI-W11" duration="00:00:00.0551495" startTime="2026-04-27T15:31:55.6260399+01:00" endTime="2026-04-27T15:31:55.6260400+01:00" testType="13cdc9d9-ddb5-4fa4-a97d-d965ccfc6d4b" outcome="Passed" testListId="8c84fa94-04c1-424b-9868-57a2d4851a1d" relativeResultsDirectory="87f51492-ddd3-4ac0-97f9-aea587688084" />
    <UnitTestResult executionId="0ce07d9b-f9dc-49d4-b5f6-8a6a80571dcf" testId="c53680ad-6df4-66e8-ccb7-e83308eaca94" testName="Sai.DealAssistant.Infrastructure.Tests.Repositories.GenericRepositoryTests.ReadRepositoryTests.SelectPagedAsync_ReturnsAll_SortByEmailDesc_LastPage" computerName="SAI-W11" duration="00:00:00.0389161" startTime="2026-04-27T15:31:55.7823147+01:00" endTime="2026-04-27T15:31:55.7823151+01:00" testType="13cdc9d9-ddb5-4fa4-a97d-d965ccfc6d4b" outcome="Passed" testListId="8c84fa94-04c1-424b-9868-57a2d4851a1d" relativeResultsDirectory="0ce07d9b-f9dc-49d4-b5f6-8a6a80571dcf" />
    <UnitTestResult executionId="eb586790-294c-418d-a754-dae9eee71bb3" testId="9817eabf-4a92-b4bd-b04c-d5bb5964faa6" testName="Sai.DealAssistant.Infrastructure.Tests.Repositories.GenericRepositoryTests.ReadRepositoryTests.FirstOrDefaultAsync_ReturnsItem_WhenItemExists" computerName="SAI-W11" duration="00:00:00.0934122" startTime="2026-04-27T15:31:55.0248610+01:00" endTime="2026-04-27T15:31:55.0248613+01:00" testType="13cdc9d9-ddb5-4fa4-a97d-d965ccfc6d4b" outcome="Passed" testListId="8c84fa94-04c1-424b-9868-57a2d4851a1d" relativeResultsDirectory="eb586790-294c-418d-a754-dae9eee71bb3" />
    <UnitTestResult executionId="2fb06297-2d04-4a5d-ab0c-297acc78b213" testId="9704f739-0251-d674-9762-c0620410d507" testName="Sai.DealAssistant.Infrastructure.Tests.Repositories.GenericRepositoryTests.CrudRepositoryTests.CreateAsync_CreatesSampleEmployee" computerName="SAI-W11" duration="00:00:00.0725957" startTime="2026-04-27T15:31:54.7220120+01:00" endTime="2026-04-27T15:31:54.7220121+01:00" testType="13cdc9d9-ddb5-4fa4-a97d-d965ccfc6d4b" outcome="Passed" testListId="8c84fa94-04c1-424b-9868-57a2d4851a1d" relativeResultsDirectory="2fb06297-2d04-4a5d-ab0c-297acc78b213" />
    <UnitTestResult executionId="09d5039c-1375-4daa-b410-92c46f970e30" testId="821793b1-eb91-c7a3-2bb7-a418da5c2f9d" testName="Sai.DealAssistant.Infrastructure.Tests.Persistence.DenormFieldsTests.CreateDeal_SetsDenormFirmName" computerName="SAI-W11" duration="00:00:11.2350346" startTime="2026-04-27T15:32:40.6634594+01:00" endTime="2026-04-27T15:32:40.6634596+01:00" testType="13cdc9d9-ddb5-4fa4-a97d-d965ccfc6d4b" outcome="Passed" testListId="8c84fa94-04c1-424b-9868-57a2d4851a1d" relativeResultsDirectory="09d5039c-1375-4daa-b410-92c46f970e30" />
    <UnitTestResult executionId="947de56b-cf7d-428f-b2da-a449eeb84114" testId="ac7497d6-71b5-64e8-1c5b-0938ffdf0299" testName="Sai.DealAssistant.Infrastructure.Tests.Repositories.GenericRepositoryTests.ReadRepositoryTests.SelectPagedAsync_ThrowsInvalidSortColumnException" computerName="SAI-W11" duration="00:00:00.0505445" startTime="2026-04-27T15:31:55.9804537+01:00" endTime="2026-04-27T15:31:55.9804540+01:00" testType="13cdc9d9-ddb5-4fa4-a97d-d965ccfc6d4b" outcome="Passed" testListId="8c84fa94-04c1-424b-9868-57a2d4851a1d" relativeResultsDirectory="947de56b-cf7d-428f-b2da-a449eeb84114" />
    <UnitTestResult executionId="3d78cb45-9f8f-49d7-a789-34bdd020421c" testId="a8620362-50a4-f444-677e-3025fd0e754f" testName="Sai.DealAssistant.Infrastructure.Tests.Repositories.GenericRepositoryTests.ReadRepositoryTests.GetAll_ReturnsAll" computerName="SAI-W11" duration="00:00:00.0662461" startTime="2026-04-27T15:31:54.8590858+01:00" endTime="2026-04-27T15:31:54.8590862+01:00" testType="13cdc9d9-ddb5-4fa4-a97d-d965ccfc6d4b" outcome="Passed" testListId="8c84fa94-04c1-424b-9868-57a2d4851a1d" relativeResultsDirectory="3d78cb45-9f8f-49d7-a789-34bdd020421c" />
    <UnitTestResult executionId="7b2b3527-255a-41cb-8bb9-cce215459678" testId="7e2b956a-20da-d288-c32e-fdfd7d19156c" testName="Sai.DealAssistant.Infrastructure.Tests.Repositories.GenericRepositoryTests.FieldUpdateRepositoryTests.UpdateFieldAsync_TableNotExists_Throws" computerName="SAI-W11" duration="00:00:00.0024925" startTime="2026-04-27T15:31:55.4374484+01:00" endTime="2026-04-27T15:31:55.4374488+01:00" testType="13cdc9d9-ddb5-4fa4-a97d-d965ccfc6d4b" outcome="Passed" testListId="8c84fa94-04c1-424b-9868-57a2d4851a1d" relativeResultsDirectory="7b2b3527-255a-41cb-8bb9-cce215459678" />
    <UnitTestResult executionId="318644a0-2c85-47e5-8c0d-e7929f54c80a" testId="a8d65476-b903-071b-760c-2ad4f4d33be6" testName="Sai.DealAssistant.Infrastructure.Tests.Repositories.GenericRepositoryTests.FieldUpdateRepositoryTests.UpdateFieldAsync_ColumnNotExists_Throws" computerName="SAI-W11" duration="00:00:00.0564570" startTime="2026-04-27T15:31:55.3409975+01:00" endTime="2026-04-27T15:31:55.3409977+01:00" testType="13cdc9d9-ddb5-4fa4-a97d-d965ccfc6d4b" outcome="Passed" testListId="8c84fa94-04c1-424b-9868-57a2d4851a1d" relativeResultsDirectory="318644a0-2c85-47e5-8c0d-e7929f54c80a" />
    <UnitTestResult executionId="6b98ef11-495a-403b-acad-c44083e70f35" testId="5b7f3d86-82c9-9ed6-004b-48b6a036a044" testName="Sai.DealAssistant.Infrastructure.Tests.Repositories.GenericRepositoryTests.FieldUpdateRepositoryTests.UpdateFieldAsync_UpdatesNumericField" computerName="SAI-W11" duration="00:00:00.6586393" startTime="2026-04-27T15:31:55.2038994+01:00" endTime="2026-04-27T15:31:55.2038997+01:00" testType="13cdc9d9-ddb5-4fa4-a97d-d965ccfc6d4b" outcome="Passed" testListId="8c84fa94-04c1-424b-9868-57a2d4851a1d" relativeResultsDirectory="6b98ef11-495a-403b-acad-c44083e70f35" />
    <UnitTestResult executionId="ad9b0f8e-56d6-492c-99ff-c069f88ae86e" testId="1b4d8d3a-0163-c205-b1ee-baf15feb9a32" testName="Sai.DealAssistant.Infrastructure.Tests.Repositories.GenericRepositoryTests.ReadRepositoryTests.SelectPagedAsync_ReturnsAll_SortDefault_LastPage" computerName="SAI-W11" duration="00:00:00.1035018" startTime="2026-04-27T15:31:55.4741610+01:00" endTime="2026-04-27T15:31:55.4741614+01:00" testType="13cdc9d9-ddb5-4fa4-a97d-d965ccfc6d4b" outcome="Passed" testListId="8c84fa94-04c1-424b-9868-57a2d4851a1d" relativeResultsDirectory="ad9b0f8e-56d6-492c-99ff-c069f88ae86e" />
    <UnitTestResult executionId="3d424d7a-4015-466f-abca-70d581bf9cb2" testId="29a20248-d0b5-742c-03bf-cc306c3bbd1c" testName="Sai.DealAssistant.Infrastructure.Tests.Repositories.GenericRepositoryTests.FieldUpdateRepositoryTests.UpdateFieldAsync_IdNotExists_Throws" computerName="SAI-W11" duration="00:00:00.0597256" startTime="2026-04-27T15:31:55.4345324+01:00" endTime="2026-04-27T15:31:55.4345329+01:00" testType="13cdc9d9-ddb5-4fa4-a97d-d965ccfc6d4b" outcome="Passed" testListId="8c84fa94-04c1-424b-9868-57a2d4851a1d" relativeResultsDirectory="3d424d7a-4015-466f-abca-70d581bf9cb2" />
    <UnitTestResult executionId="6d16aefb-ca26-40f8-a596-5c0717e49197" testId="7575dc31-5f20-6d05-ee77-1b6005ffa4e1" testName="Sai.DealAssistant.Infrastructure.Tests.Repositories.GenericRepositoryTests.ReadRepositoryTests.ApplySorting_ThrowsInvalidSortColumnException" computerName="SAI-W11" duration="00:00:00.1227834" startTime="2026-04-27T15:31:54.7842261+01:00" endTime="2026-04-27T15:31:54.7842263+01:00" testType="13cdc9d9-ddb5-4fa4-a97d-d965ccfc6d4b" outcome="Passed" testListId="8c84fa94-04c1-424b-9868-57a2d4851a1d" relativeResultsDirectory="6d16aefb-ca26-40f8-a596-5c0717e49197" />
    <UnitTestResult executionId="bb55a70b-637b-42ec-8e5d-678ea30050f8" testId="fd7bed65-2efb-3e90-0c1a-e47dc5ccec0a" testName="Sai.DealAssistant.Infrastructure.Tests.Persistence.DenormFieldsTests.UpdateDeal_FirmIdChanged_UpdatesDenormFirmName" computerName="SAI-W11" duration="00:00:10.8711763" startTime="2026-04-27T15:33:02.0584793+01:00" endTime="2026-04-27T15:33:02.0584794+01:00" testType="13cdc9d9-ddb5-4fa4-a97d-d965ccfc6d4b" outcome="Passed" testListId="8c84fa94-04c1-424b-9868-57a2d4851a1d" relativeResultsDirectory="bb55a70b-637b-42ec-8e5d-678ea30050f8" />
    <UnitTestResult executionId="8b6a1572-407c-4a83-8e7c-4b2f6146b2ec" testId="a967686b-33b4-f3f3-9890-0bc1992e4a31" testName="Sai.DealAssistant.Infrastructure.Tests.Repositories.GenericRepositoryTests.ReadRepositoryTests.ExistsAsync_ReturnsTrue_ForExistingEntity" computerName="SAI-W11" duration="00:00:00.0616704" startTime="2026-04-27T15:31:55.6881176+01:00" endTime="2026-04-27T15:31:55.6881178+01:00" testType="13cdc9d9-ddb5-4fa4-a97d-d965ccfc6d4b" outcome="Passed" testListId="8c84fa94-04c1-424b-9868-57a2d4851a1d" relativeResultsDirectory="8b6a1572-407c-4a83-8e7c-4b2f6146b2ec" />
    <UnitTestResult executionId="5e326780-a885-4193-b865-b9d8e06aea3a" testId="85d1b520-9d63-3696-a0df-1f1be2cbe478" testName="Sai.DealAssistant.Infrastructure.Tests.Persistence.DenormFieldsTests.UpdateEvent_DateChanged_UpdatesDenormLastActionDate" computerName="SAI-W11" duration="00:00:12.2879590" startTime="2026-04-27T15:32:29.4280889+01:00" endTime="2026-04-27T15:32:29.4280892+01:00" testType="13cdc9d9-ddb5-4fa4-a97d-d965ccfc6d4b" outcome="Passed" testListId="8c84fa94-04c1-424b-9868-57a2d4851a1d" relativeResultsDirectory="5e326780-a885-4193-b865-b9d8e06aea3a" />
    <UnitTestResult executionId="8e7f39b8-f313-4f40-abf3-750dff278ee2" testId="1a8c3b8a-f442-fa63-4012-8369a5cc7cb0" testName="Sai.DealAssistant.Infrastructure.Tests.Repositories.GenericRepositoryTests.EnumCache_Tests.GetAllAsync_CachesResultsAcrossCalls" computerName="SAI-W11" duration="00:00:02.0874609" startTime="2026-04-27T15:31:54.2725277+01:00" endTime="2026-04-27T15:31:54.2725755+01:00" testType="13cdc9d9-ddb5-4fa4-a97d-d965ccfc6d4b" outcome="Passed" testListId="8c84fa94-04c1-424b-9868-57a2d4851a1d" relativeResultsDirectory="8e7f39b8-f313-4f40-abf3-750dff278ee2" />
    <UnitTestResult executionId="41f0937a-5370-4528-b4e5-0a8931e4503a" testId="4f50c7e4-27c1-b6ae-f410-bc87cd6855b7" testName="Sai.DealAssistant.Infrastructure.Tests.Repositories.GenericRepositoryTests.CrudRepositoryTests.UpdateAsync_WithChangedName_UpdatesSampleEmployee" computerName="SAI-W11" duration="00:00:02.3944809" startTime="2026-04-27T15:31:54.5656891+01:00" endTime="2026-04-27T15:31:54.5656893+01:00" testType="13cdc9d9-ddb5-4fa4-a97d-d965ccfc6d4b" outcome="Passed" testListId="8c84fa94-04c1-424b-9868-57a2d4851a1d" relativeResultsDirectory="41f0937a-5370-4528-b4e5-0a8931e4503a" />
    <UnitTestResult executionId="f9e66e4e-e316-4498-8af5-a32a11fd2062" testId="f38b4d81-fd18-5172-e695-fab88f35652d" testName="Sai.DealAssistant.Infrastructure.Tests.Repositories.GenericRepositoryTests.ReadRepositoryTests.FirstOrDefaultAsync_ReturnsNull_WhenItemDoesNotExist" computerName="SAI-W11" duration="00:00:00.1114961" startTime="2026-04-27T15:31:55.1366551+01:00" endTime="2026-04-27T15:31:55.1366553+01:00" testType="13cdc9d9-ddb5-4fa4-a97d-d965ccfc6d4b" outcome="Passed" testListId="8c84fa94-04c1-424b-9868-57a2d4851a1d" relativeResultsDirectory="f9e66e4e-e316-4498-8af5-a32a11fd2062" />
    <UnitTestResult executionId="802fff12-c37c-4d4b-b688-8fee8c999f5d" testId="c60741ba-ce87-4389-62b6-abfaecce0cb4" testName="Sai.DealAssistant.Infrastructure.Tests.Repositories.GenericRepositoryTests.CrudRepositoryTests.DeleteAsync_DeletesSampleEmployee" computerName="SAI-W11" duration="00:00:00.0482418" startTime="2026-04-27T15:31:54.8344897+01:00" endTime="2026-04-27T15:31:54.8344901+01:00" testType="13cdc9d9-ddb5-4fa4-a97d-d965ccfc6d4b" outcome="Passed" testListId="8c84fa94-04c1-424b-9868-57a2d4851a1d" relativeResultsDirectory="802fff12-c37c-4d4b-b688-8fee8c999f5d" />
    <UnitTestResult executionId="4618a1af-92b8-4f82-986b-12a82b207673" testId="6935523f-f65e-d0cf-c3f6-365262a1a7ea" testName="Sai.DealAssistant.Infrastructure.Tests.Repositories.GenericRepositoryTests.ReadRepositoryTests.ExistsAsync_ReturnsFalse_WhenItemDoesNotExist" computerName="SAI-W11" duration="00:00:00.0800460" startTime="2026-04-27T15:31:54.9311869+01:00" endTime="2026-04-27T15:31:54.9311873+01:00" testType="13cdc9d9-ddb5-4fa4-a97d-d965ccfc6d4b" outcome="Passed" testListId="8c84fa94-04c1-424b-9868-57a2d4851a1d" relativeResultsDirectory="4618a1af-92b8-4f82-986b-12a82b207673" />
    <UnitTestResult executionId="217a101c-bccd-43b6-9f86-a44d6dae366e" testId="a9a149e2-684b-29cd-32ba-3268edaa6702" testName="Sai.DealAssistant.Infrastructure.Tests.Repositories.GenericRepositoryTests.ReadRepositoryTests.CountAsync_ReturnsFiltered" computerName="SAI-W11" duration="00:00:02.3977472" startTime="2026-04-27T15:31:54.5679528+01:00" endTime="2026-04-27T15:31:54.5679530+01:00" testType="13cdc9d9-ddb5-4fa4-a97d-d965ccfc6d4b" outcome="Passed" testListId="8c84fa94-04c1-424b-9868-57a2d4851a1d" relativeResultsDirectory="217a101c-bccd-43b6-9f86-a44d6dae366e" />
    <UnitTestResult executionId="37c51753-0ef3-4f58-b3f0-3a93d26503fd" testId="f326dd1f-aedd-d307-7b9e-0fa5f3201931" testName="Sai.DealAssistant.Infrastructure.Tests.Repositories.GenericRepositoryTests.ReadRepositoryTests.SingleOrDefaultAsync_ReturnsItem_WhenItemExists" computerName="SAI-W11" duration="00:00:00.0601147" startTime="2026-04-27T15:31:55.2921300+01:00" endTime="2026-04-27T15:31:55.2921303+01:00" testType="13cdc9d9-ddb5-4fa4-a97d-d965ccfc6d4b" outcome="Passed" testListId="8c84fa94-04c1-424b-9868-57a2d4851a1d" relativeResultsDirectory="37c51753-0ef3-4f58-b3f0-3a93d26503fd" />
    <UnitTestResult executionId="fccd3224-40f9-430b-af4d-988c1b4e2034" testId="03b6df63-97a2-4d33-2101-7f83ed454113" testName="Sai.DealAssistant.Infrastructure.Tests.Repositories.GenericRepositoryTests.ReadRepositoryTests.GetAll_FilteredBySecondNameThanByEmail" computerName="SAI-W11" duration="00:00:00.0681250" startTime="2026-04-27T15:31:56.1247960+01:00" endTime="2026-04-27T15:31:56.1247963+01:00" testType="13cdc9d9-ddb5-4fa4-a97d-d965ccfc6d4b" outcome="Passed" testListId="8c84fa94-04c1-424b-9868-57a2d4851a1d" relativeResultsDirectory="fccd3224-40f9-430b-af4d-988c1b4e2034" />
    <UnitTestResult executionId="2989c998-6e15-4126-b7f4-f22eef05290a" testId="f111b91a-dee7-b574-1506-4287bc17fba1" testName="Sai.DealAssistant.Infrastructure.Tests.Repositories.GenericRepositoryTests.ReadRepositoryTests.SelectAsync_ReturnsAll" computerName="SAI-W11" duration="00:00:00.0930699" startTime="2026-04-27T15:31:54.6689410+01:00" endTime="2026-04-27T15:31:54.6689412+01:00" testType="13cdc9d9-ddb5-4fa4-a97d-d965ccfc6d4b" outcome="Passed" testListId="8c84fa94-04c1-424b-9868-57a2d4851a1d" relativeResultsDirectory="2989c998-6e15-4126-b7f4-f22eef05290a" />
    <UnitTestResult executionId="b8203c20-2c42-4337-8ab6-acf7248dd5f1" testId="05b35716-8b80-c898-e9c0-db852b006064" testName="Sai.DealAssistant.Infrastructure.Tests.Repositories.GenericRepositoryTests.EnumCache_Tests.GetAllAsync_ReturnsSeededDealTypes" computerName="SAI-W11" duration="00:00:00.0437157" startTime="2026-04-27T15:31:54.3169749+01:00" endTime="2026-04-27T15:31:54.3169754+01:00" testType="13cdc9d9-ddb5-4fa4-a97d-d965ccfc6d4b" outcome="Passed" testListId="8c84fa94-04c1-424b-9868-57a2d4851a1d" relativeResultsDirectory="b8203c20-2c42-4337-8ab6-acf7248dd5f1" />
    <UnitTestResult executionId="b613c6ed-e0c6-4921-b3b4-162e8edb5bfc" testId="bfe814d8-c538-93de-ef56-a817cf11863a" testName="Sai.DealAssistant.Infrastructure.Tests.Repositories.GenericRepositoryTests.ReadRepositoryTests.SelectPagedAsync_ReturnsAll_SortByEmail_LastPage" computerName="SAI-W11" duration="00:00:00.0506625" startTime="2026-04-27T15:31:55.5704633+01:00" endTime="2026-04-27T15:31:55.5704636+01:00" testType="13cdc9d9-ddb5-4fa4-a97d-d965ccfc6d4b" outcome="Passed" testListId="8c84fa94-04c1-424b-9868-57a2d4851a1d" relativeResultsDirectory="b613c6ed-e0c6-4921-b3b4-162e8edb5bfc" />
    <UnitTestResult executionId="24a75885-ef69-4fd2-b634-51ce0da36111" testId="f8a80593-625b-555b-eb20-9b507c35dc99" testName="Sai.DealAssistant.Infrastructure.Tests.Repositories.GenericRepositoryTests.FieldUpdateRepositoryTests.UpdateFieldAsync_UpdatesDateField" computerName="SAI-W11" duration="00:00:00.0334176" startTime="2026-04-27T15:31:55.3746000+01:00" endTime="2026-04-27T15:31:55.3746002+01:00" testType="13cdc9d9-ddb5-4fa4-a97d-d965ccfc6d4b" outcome="Passed" testListId="8c84fa94-04c1-424b-9868-57a2d4851a1d" relativeResultsDirectory="24a75885-ef69-4fd2-b634-51ce0da36111" />
    <UnitTestResult executionId="57e2f38d-1a3d-4ce6-b4fe-17703756db60" testId="25e0e243-3b2f-051b-5904-3623e34db590" testName="Sai.DealAssistant.Infrastructure.Tests.Repositories.GenericRepositoryTests.FieldUpdateRepositoryTests.UpdateFieldAsync_UpdatesStringField" computerName="SAI-W11" duration="00:00:00.0801700" startTime="2026-04-27T15:31:55.2844077+01:00" endTime="2026-04-27T15:31:55.2844081+01:00" testType="13cdc9d9-ddb5-4fa4-a97d-d965ccfc6d4b" outcome="Passed" testListId="8c84fa94-04c1-424b-9868-57a2d4851a1d" relativeResultsDirectory="57e2f38d-1a3d-4ce6-b4fe-17703756db60" />
    <UnitTestResult executionId="da86ad98-cb7f-4daa-abcc-cb6a04566e34" testId="72919150-5887-87f4-4a6f-48ea004d02e3" testName="Sai.DealAssistant.Infrastructure.Tests.Persistence.DenormFieldsTests.DeleteEvent_WhenMultipleEvents_SetsDenormLastActionDateToRemainingMax" computerName="SAI-W11" duration="00:00:22.8178404" startTime="2026-04-27T15:32:17.1398530+01:00" endTime="2026-04-27T15:32:17.1398533+01:00" testType="13cdc9d9-ddb5-4fa4-a97d-d965ccfc6d4b" outcome="Passed" testListId="8c84fa94-04c1-424b-9868-57a2d4851a1d" relativeResultsDirectory="da86ad98-cb7f-4daa-abcc-cb6a04566e34" />
    <UnitTestResult executionId="09740499-92e1-4a7d-b05a-4398495bc55b" testId="a574bb46-1c03-df34-93cf-c646dad296e6" testName="Sai.DealAssistant.Infrastructure.Tests.Repositories.GenericRepositoryTests.ReadRepositoryTests.CountAsync_ReturnsAll" computerName="SAI-W11" duration="00:00:00.0602342" startTime="2026-04-27T15:31:55.9249010+01:00" endTime="2026-04-27T15:31:55.9249011+01:00" testType="13cdc9d9-ddb5-4fa4-a97d-d965ccfc6d4b" outcome="Passed" testListId="8c84fa94-04c1-424b-9868-57a2d4851a1d" relativeResultsDirectory="09740499-92e1-4a7d-b05a-4398495bc55b" />
    <UnitTestResult executionId="cc7bf2c2-33f6-4753-8775-d0eb68ae2217" testId="320b8350-8c67-b05d-edb2-e11fae16e998" testName="Sai.DealAssistant.Infrastructure.Tests.Repositories.GenericRepositoryTests.ReadRepositoryTests.SelectPagedAsync_ReturnsAll_SortDefault_FirstPage" computerName="SAI-W11" duration="00:00:00.0545553" startTime="2026-04-27T15:31:55.7431387+01:00" endTime="2026-04-27T15:31:55.7431389+01:00" testType="13cdc9d9-ddb5-4fa4-a97d-d965ccfc6d4b" outcome="Passed" testListId="8c84fa94-04c1-424b-9868-57a2d4851a1d" relativeResultsDirectory="cc7bf2c2-33f6-4753-8775-d0eb68ae2217" />
  </Results>
  <TestDefinitions>
    <UnitTest name="Sai.DealAssistant.Infrastructure.Tests.Repositories.GenericRepositoryTests.CrudRepositoryTests.CreateAsync_CreatesSampleEmployee" storage="c:\_proj\sai.dealassistant\sai-deal-assistant-backend\src\tests\sai.dealassistant.infrastructure.tests\bin\debug\net8.0\sai.dealassistant.infrastructure.tests.dll" id="9704f739-0251-d674-9762-c0620410d507">
      <Execution id="2fb06297-2d04-4a5d-ab0c-297acc78b213" />
      <TestMethod codeBase="C:\_PROJ\Sai.DealAssistant\sai-deal-assistant-backend\src\Tests\Sai.DealAssistant.Infrastructure.Tests\bin\Debug\net8.0\Sai.DealAssistant.Infrastructure.Tests.dll" adapterTypeName="executor://xunit/VsTestRunner2/netcoreapp" className="Sai.DealAssistant.Infrastructure.Tests.Repositories.GenericRepositoryTests.CrudRepositoryTests" name="CreateAsync_CreatesSampleEmployee" />
    </UnitTest>
    <UnitTest name="Sai.DealAssistant.Infrastructure.Tests.Persistence.DenormFieldsTests.UpdateDeal_FirmIdChanged_UpdatesDenormFirmName" storage="c:\_proj\sai.dealassistant\sai-deal-assistant-backend\src\tests\sai.dealassistant.infrastructure.tests\bin\debug\net8.0\sai.dealassistant.infrastructure.tests.dll" id="fd7bed65-2efb-3e90-0c1a-e47dc5ccec0a">
      <Execution id="bb55a70b-637b-42ec-8e5d-678ea30050f8" />
      <TestMethod codeBase="C:\_PROJ\Sai.DealAssistant\sai-deal-assistant-backend\src\Tests\Sai.DealAssistant.Infrastructure.Tests\bin\Debug\net8.0\Sai.DealAssistant.Infrastructure.Tests.dll" adapterTypeName="executor://xunit/VsTestRunner2/netcoreapp" className="Sai.DealAssistant.Infrastructure.Tests.Persistence.DenormFieldsTests" name="UpdateDeal_FirmIdChanged_UpdatesDenormFirmName" />
    </UnitTest>
    <UnitTest name="Sai.DealAssistant.Infrastructure.Tests.Persistence.DenormFieldsTests.DeleteEvent_WhenOnlyEvent_ClearsDenormLastActionDate" storage="c:\_proj\sai.dealassistant\sai-deal-assistant-backend\src\tests\sai.dealassistant.infrastructure.tests\bin\debug\net8.0\sai.dealassistant.infrastructure.tests.dll" id="cc459ca6-39a6-38b1-cef5-05d96d911ed4">
      <Execution id="d9f86ced-512e-456c-bc7c-4e8c329a8c32" />
      <TestMethod codeBase="C:\_PROJ\Sai.DealAssistant\sai-deal-assistant-backend\src\Tests\Sai.DealAssistant.Infrastructure.Tests\bin\Debug\net8.0\Sai.DealAssistant.Infrastructure.Tests.dll" adapterTypeName="executor://xunit/VsTestRunner2/netcoreapp" className="Sai.DealAssistant.Infrastructure.Tests.Persistence.DenormFieldsTests" name="DeleteEvent_WhenOnlyEvent_ClearsDenormLastActionDate" />
    </UnitTest>
    <UnitTest name="Sai.DealAssistant.Infrastructure.Tests.Repositories.GenericRepositoryTests.ReadRepositoryTests.ApplySorting_SortsDescending" storage="c:\_proj\sai.dealassistant\sai-deal-assistant-backend\src\tests\sai.dealassistant.infrastructure.tests\bin\debug\net8.0\sai.dealassistant.infrastructure.tests.dll" id="4c2e6fe7-2828-2971-df3a-e3ed0ec580cb">
      <Execution id="9a81090b-5c22-48a1-9f00-c28c2fc20951" />
      <TestMethod codeBase="C:\_PROJ\Sai.DealAssistant\sai-deal-assistant-backend\src\Tests\Sai.DealAssistant.Infrastructure.Tests\bin\Debug\net8.0\Sai.DealAssistant.Infrastructure.Tests.dll" adapterTypeName="executor://xunit/VsTestRunner2/netcoreapp" className="Sai.DealAssistant.Infrastructure.Tests.Repositories.GenericRepositoryTests.ReadRepositoryTests" name="ApplySorting_SortsDescending" />
    </UnitTest>
    <UnitTest name="Sai.DealAssistant.Infrastructure.Tests.Repositories.GenericRepositoryTests.ReadRepositoryTests.SelectPagedAsync_ReturnsAll_SortDefault_FirstPage" storage="c:\_proj\sai.dealassistant\sai-deal-assistant-backend\src\tests\sai.dealassistant.infrastructure.tests\bin\debug\net8.0\sai.dealassistant.infrastructure.tests.dll" id="320b8350-8c67-b05d-edb2-e11fae16e998">
      <Execution id="cc7bf2c2-33f6-4753-8775-d0eb68ae2217" />
      <TestMethod codeBase="C:\_PROJ\Sai.DealAssistant\sai-deal-assistant-backend\src\Tests\Sai.DealAssistant.Infrastructure.Tests\bin\Debug\net8.0\Sai.DealAssistant.Infrastructure.Tests.dll" adapterTypeName="executor://xunit/VsTestRunner2/netcoreapp" className="Sai.DealAssistant.Infrastructure.Tests.Repositories.GenericRepositoryTests.ReadRepositoryTests" name="SelectPagedAsync_ReturnsAll_SortDefault_FirstPage" />
    </UnitTest>
    <UnitTest name="Sai.DealAssistant.Infrastructure.Tests.Repositories.GenericRepositoryTests.FieldUpdateRepositoryTests.UpdateFieldAsync_UpdatesDateField" storage="c:\_proj\sai.dealassistant\sai-deal-assistant-backend\src\tests\sai.dealassistant.infrastructure.tests\bin\debug\net8.0\sai.dealassistant.infrastructure.tests.dll" id="f8a80593-625b-555b-eb20-9b507c35dc99">
      <Execution id="24a75885-ef69-4fd2-b634-51ce0da36111" />
      <TestMethod codeBase="C:\_PROJ\Sai.DealAssistant\sai-deal-assistant-backend\src\Tests\Sai.DealAssistant.Infrastructure.Tests\bin\Debug\net8.0\Sai.DealAssistant.Infrastructure.Tests.dll" adapterTypeName="executor://xunit/VsTestRunner2/netcoreapp" className="Sai.DealAssistant.Infrastructure.Tests.Repositories.GenericRepositoryTests.FieldUpdateRepositoryTests" name="UpdateFieldAsync_UpdatesDateField" />
    </UnitTest>
    <UnitTest name="Sai.DealAssistant.Infrastructure.Tests.Repositories.GenericRepositoryTests.ReadRepositoryTests.ApplySorting_ThrowsArgumentNullException_ForColumn" storage="c:\_proj\sai.dealassistant\sai-deal-assistant-backend\src\tests\sai.dealassistant.infrastructure.tests\bin\debug\net8.0\sai.dealassistant.infrastructure.tests.dll" id="a0343a1f-04a1-5c88-b3ed-7007324c208d">
      <Execution id="73fa6529-4200-4510-a397-7820014563ad" />
      <TestMethod codeBase="C:\_PROJ\Sai.DealAssistant\sai-deal-assistant-backend\src\Tests\Sai.DealAssistant.Infrastructure.Tests\bin\Debug\net8.0\Sai.DealAssistant.Infrastructure.Tests.dll" adapterTypeName="executor://xunit/VsTestRunner2/netcoreapp" className="Sai.DealAssistant.Infrastructure.Tests.Repositories.GenericRepositoryTests.ReadRepositoryTests" name="ApplySorting_ThrowsArgumentNullException_ForColumn" />
    </UnitTest>
    <UnitTest name="Sai.DealAssistant.Infrastructure.Tests.Repositories.GenericRepositoryTests.EnumCache_Tests.GetAllAsync_ReturnsSeededDealTypes" storage="c:\_proj\sai.dealassistant\sai-deal-assistant-backend\src\tests\sai.dealassistant.infrastructure.tests\bin\debug\net8.0\sai.dealassistant.infrastructure.tests.dll" id="05b35716-8b80-c898-e9c0-db852b006064">
      <Execution id="b8203c20-2c42-4337-8ab6-acf7248dd5f1" />
      <TestMethod codeBase="C:\_PROJ\Sai.DealAssistant\sai-deal-assistant-backend\src\Tests\Sai.DealAssistant.Infrastructure.Tests\bin\Debug\net8.0\Sai.DealAssistant.Infrastructure.Tests.dll" adapterTypeName="executor://xunit/VsTestRunner2/netcoreapp" className="Sai.DealAssistant.Infrastructure.Tests.Repositories.GenericRepositoryTests.EnumCache_Tests" name="GetAllAsync_ReturnsSeededDealTypes" />
    </UnitTest>
    <UnitTest name="Sai.DealAssistant.Infrastructure.Tests.Repositories.GenericRepositoryTests.CrudRepositoryTests.DeleteAsync_ForNonExistingId_ReturnsNull" storage="c:\_proj\sai.dealassistant\sai-deal-assistant-backend\src\tests\sai.dealassistant.infrastructure.tests\bin\debug\net8.0\sai.dealassistant.infrastructure.tests.dll" id="fbe1a45a-ea29-5e55-ae65-7274ab0de3b1">
      <Execution id="b2ae7074-151f-4785-baf8-5531972d4a67" />
      <TestMethod codeBase="C:\_PROJ\Sai.DealAssistant\sai-deal-assistant-backend\src\Tests\Sai.DealAssistant.Infrastructure.Tests\bin\Debug\net8.0\Sai.DealAssistant.Infrastructure.Tests.dll" adapterTypeName="executor://xunit/VsTestRunner2/netcoreapp" className="Sai.DealAssistant.Infrastructure.Tests.Repositories.GenericRepositoryTests.CrudRepositoryTests" name="DeleteAsync_ForNonExistingId_ReturnsNull" />
    </UnitTest>
    <UnitTest name="Sai.DealAssistant.Infrastructure.Tests.Repositories.GenericRepositoryTests.ReadRepositoryTests.CountAsync_ReturnsFiltered" storage="c:\_proj\sai.dealassistant\sai-deal-assistant-backend\src\tests\sai.dealassistant.infrastructure.tests\bin\debug\net8.0\sai.dealassistant.infrastructure.tests.dll" id="a9a149e2-684b-29cd-32ba-3268edaa6702">
      <Execution id="217a101c-bccd-43b6-9f86-a44d6dae366e" />
      <TestMethod codeBase="C:\_PROJ\Sai.DealAssistant\sai-deal-assistant-backend\src\Tests\Sai.DealAssistant.Infrastructure.Tests\bin\Debug\net8.0\Sai.DealAssistant.Infrastructure.Tests.dll" adapterTypeName="executor://xunit/VsTestRunner2/netcoreapp" className="Sai.DealAssistant.Infrastructure.Tests.Repositories.GenericRepositoryTests.ReadRepositoryTests" name="CountAsync_ReturnsFiltered" />
    </UnitTest>
    <UnitTest name="Sai.DealAssistant.Infrastructure.Tests.Repositories.GenericRepositoryTests.ReadRepositoryTests.SelectPagedAsync_ReturnsAll_SortByEmail_LastPage" storage="c:\_proj\sai.dealassistant\sai-deal-assistant-backend\src\tests\sai.dealassistant.infrastructure.tests\bin\debug\net8.0\sai.dealassistant.infrastructure.tests.dll" id="bfe814d8-c538-93de-ef56-a817cf11863a">
      <Execution id="b613c6ed-e0c6-4921-b3b4-162e8edb5bfc" />
      <TestMethod codeBase="C:\_PROJ\Sai.DealAssistant\sai-deal-assistant-backend\src\Tests\Sai.DealAssistant.Infrastructure.Tests\bin\Debug\net8.0\Sai.DealAssistant.Infrastructure.Tests.dll" adapterTypeName="executor://xunit/VsTestRunner2/netcoreapp" className="Sai.DealAssistant.Infrastructure.Tests.Repositories.GenericRepositoryTests.ReadRepositoryTests" name="SelectPagedAsync_ReturnsAll_SortByEmail_LastPage" />
    </UnitTest>
    <UnitTest name="Sai.DealAssistant.Infrastructure.Tests.Repositories.GenericRepositoryTests.ReadRepositoryTests.SelectPagedAsync_ThrowsInvalidSortColumnException" storage="c:\_proj\sai.dealassistant\sai-deal-assistant-backend\src\tests\sai.dealassistant.infrastructure.tests\bin\debug\net8.0\sai.dealassistant.infrastructure.tests.dll" id="ac7497d6-71b5-64e8-1c5b-0938ffdf0299">
      <Execution id="947de56b-cf7d-428f-b2da-a449eeb84114" />
      <TestMethod codeBase="C:\_PROJ\Sai.DealAssistant\sai-deal-assistant-backend\src\Tests\Sai.DealAssistant.Infrastructure.Tests\bin\Debug\net8.0\Sai.DealAssistant.Infrastructure.Tests.dll" adapterTypeName="executor://xunit/VsTestRunner2/netcoreapp" className="Sai.DealAssistant.Infrastructure.Tests.Repositories.GenericRepositoryTests.ReadRepositoryTests" name="SelectPagedAsync_ThrowsInvalidSortColumnException" />
    </UnitTest>
    <UnitTest name="Sai.DealAssistant.Infrastructure.Tests.Persistence.DenormFieldsTests.CreateEvent_SetsDenormLastActionDate" storage="c:\_proj\sai.dealassistant\sai-deal-assistant-backend\src\tests\sai.dealassistant.infrastructure.tests\bin\debug\net8.0\sai.dealassistant.infrastructure.tests.dll" id="68c01459-f0e2-8b58-919c-b29ed90ee47e">
      <Execution id="d5a531bb-9b1d-4731-b542-15d4f1c4323b" />
      <TestMethod codeBase="C:\_PROJ\Sai.DealAssistant\sai-deal-assistant-backend\src\Tests\Sai.DealAssistant.Infrastructure.Tests\bin\Debug\net8.0\Sai.DealAssistant.Infrastructure.Tests.dll" adapterTypeName="executor://xunit/VsTestRunner2/netcoreapp" className="Sai.DealAssistant.Infrastructure.Tests.Persistence.DenormFieldsTests" name="CreateEvent_SetsDenormLastActionDate" />
    </UnitTest>
    <UnitTest name="Sai.DealAssistant.Infrastructure.Tests.Repositories.GenericRepositoryTests.CrudRepositoryTests.DeleteAsync_DeletesSampleEmployee" storage="c:\_proj\sai.dealassistant\sai-deal-assistant-backend\src\tests\sai.dealassistant.infrastructure.tests\bin\debug\net8.0\sai.dealassistant.infrastructure.tests.dll" id="c60741ba-ce87-4389-62b6-abfaecce0cb4">
      <Execution id="802fff12-c37c-4d4b-b688-8fee8c999f5d" />
      <TestMethod codeBase="C:\_PROJ\Sai.DealAssistant\sai-deal-assistant-backend\src\Tests\Sai.DealAssistant.Infrastructure.Tests\bin\Debug\net8.0\Sai.DealAssistant.Infrastructure.Tests.dll" adapterTypeName="executor://xunit/VsTestRunner2/netcoreapp" className="Sai.DealAssistant.Infrastructure.Tests.Repositories.GenericRepositoryTests.CrudRepositoryTests" name="DeleteAsync_DeletesSampleEmployee" />
    </UnitTest>
    <UnitTest name="Sai.DealAssistant.Infrastructure.Tests.Repositories.GenericRepositoryTests.ReadRepositoryTests.SingleOrDefaultAsync_ReturnsItem_WhenItemExists" storage="c:\_proj\sai.dealassistant\sai-deal-assistant-backend\src\tests\sai.dealassistant.infrastructure.tests\bin\debug\net8.0\sai.dealassistant.infrastructure.tests.dll" id="f326dd1f-aedd-d307-7b9e-0fa5f3201931">
      <Execution id="37c51753-0ef3-4f58-b3f0-3a93d26503fd" />
      <TestMethod codeBase="C:\_PROJ\Sai.DealAssistant\sai-deal-assistant-backend\src\Tests\Sai.DealAssistant.Infrastructure.Tests\bin\Debug\net8.0\Sai.DealAssistant.Infrastructure.Tests.dll" adapterTypeName="executor://xunit/VsTestRunner2/netcoreapp" className="Sai.DealAssistant.Infrastructure.Tests.Repositories.GenericRepositoryTests.ReadRepositoryTests" name="SingleOrDefaultAsync_ReturnsItem_WhenItemExists" />
    </UnitTest>
    <UnitTest name="Sai.DealAssistant.Infrastructure.Tests.Repositories.GenericRepositoryTests.FieldUpdateRepositoryTests.UpdateFieldAsync_UpdatesStringField" storage="c:\_proj\sai.dealassistant\sai-deal-assistant-backend\src\tests\sai.dealassistant.infrastructure.tests\bin\debug\net8.0\sai.dealassistant.infrastructure.tests.dll" id="25e0e243-3b2f-051b-5904-3623e34db590">
      <Execution id="57e2f38d-1a3d-4ce6-b4fe-17703756db60" />
      <TestMethod codeBase="C:\_PROJ\Sai.DealAssistant\sai-deal-assistant-backend\src\Tests\Sai.DealAssistant.Infrastructure.Tests\bin\Debug\net8.0\Sai.DealAssistant.Infrastructure.Tests.dll" adapterTypeName="executor://xunit/VsTestRunner2/netcoreapp" className="Sai.DealAssistant.Infrastructure.Tests.Repositories.GenericRepositoryTests.FieldUpdateRepositoryTests" name="UpdateFieldAsync_UpdatesStringField" />
    </UnitTest>
    <UnitTest name="Sai.DealAssistant.Infrastructure.Tests.Repositories.GenericRepositoryTests.ReadRepositoryTests.ApplySorting_SortsAscending" storage="c:\_proj\sai.dealassistant\sai-deal-assistant-backend\src\tests\sai.dealassistant.infrastructure.tests\bin\debug\net8.0\sai.dealassistant.infrastructure.tests.dll" id="e2c108e4-5239-e09a-752b-7b6bd3fb2261">
      <Execution id="2689c398-ea9e-409c-8a63-ac8d9ec6bc3e" />
      <TestMethod codeBase="C:\_PROJ\Sai.DealAssistant\sai-deal-assistant-backend\src\Tests\Sai.DealAssistant.Infrastructure.Tests\bin\Debug\net8.0\Sai.DealAssistant.Infrastructure.Tests.dll" adapterTypeName="executor://xunit/VsTestRunner2/netcoreapp" className="Sai.DealAssistant.Infrastructure.Tests.Repositories.GenericRepositoryTests.ReadRepositoryTests" name="ApplySorting_SortsAscending" />
    </UnitTest>
    <UnitTest name="Sai.DealAssistant.Infrastructure.Tests.Repositories.GenericRepositoryTests.ReadRepositoryTests.ExistsAsync_ReturnsTrue_ForExistingEntity" storage="c:\_proj\sai.dealassistant\sai-deal-assistant-backend\src\tests\sai.dealassistant.infrastructure.tests\bin\debug\net8.0\sai.dealassistant.infrastructure.tests.dll" id="a967686b-33b4-f3f3-9890-0bc1992e4a31">
      <Execution id="8b6a1572-407c-4a83-8e7c-4b2f6146b2ec" />
      <TestMethod codeBase="C:\_PROJ\Sai.DealAssistant\sai-deal-assistant-backend\src\Tests\Sai.DealAssistant.Infrastructure.Tests\bin\Debug\net8.0\Sai.DealAssistant.Infrastructure.Tests.dll" adapterTypeName="executor://xunit/VsTestRunner2/netcoreapp" className="Sai.DealAssistant.Infrastructure.Tests.Repositories.GenericRepositoryTests.ReadRepositoryTests" name="ExistsAsync_ReturnsTrue_ForExistingEntity" />
    </UnitTest>
    <UnitTest name="Sai.DealAssistant.Infrastructure.Tests.Repositories.GenericRepositoryTests.ReadRepositoryTests.FirstOrDefaultAsync_ReturnsItem_WhenItemExists" storage="c:\_proj\sai.dealassistant\sai-deal-assistant-backend\src\tests\sai.dealassistant.infrastructure.tests\bin\debug\net8.0\sai.dealassistant.infrastructure.tests.dll" id="9817eabf-4a92-b4bd-b04c-d5bb5964faa6">
      <Execution id="eb586790-294c-418d-a754-dae9eee71bb3" />
      <TestMethod codeBase="C:\_PROJ\Sai.DealAssistant\sai-deal-assistant-backend\src\Tests\Sai.DealAssistant.Infrastructure.Tests\bin\Debug\net8.0\Sai.DealAssistant.Infrastructure.Tests.dll" adapterTypeName="executor://xunit/VsTestRunner2/netcoreapp" className="Sai.DealAssistant.Infrastructure.Tests.Repositories.GenericRepositoryTests.ReadRepositoryTests" name="FirstOrDefaultAsync_ReturnsItem_WhenItemExists" />
    </UnitTest>
    <UnitTest name="Sai.DealAssistant.Infrastructure.Tests.Persistence.DenormFieldsTests.CreateDeal_SetsDenormFirmName" storage="c:\_proj\sai.dealassistant\sai-deal-assistant-backend\src\tests\sai.dealassistant.infrastructure.tests\bin\debug\net8.0\sai.dealassistant.infrastructure.tests.dll" id="821793b1-eb91-c7a3-2bb7-a418da5c2f9d">
      <Execution id="09d5039c-1375-4daa-b410-92c46f970e30" />
      <TestMethod codeBase="C:\_PROJ\Sai.DealAssistant\sai-deal-assistant-backend\src\Tests\Sai.DealAssistant.Infrastructure.Tests\bin\Debug\net8.0\Sai.DealAssistant.Infrastructure.Tests.dll" adapterTypeName="executor://xunit/VsTestRunner2/netcoreapp" className="Sai.DealAssistant.Infrastructure.Tests.Persistence.DenormFieldsTests" name="CreateDeal_SetsDenormFirmName" />
    </UnitTest>
    <UnitTest name="Sai.DealAssistant.Infrastructure.Tests.Repositories.GenericRepositoryTests.ReadRepositoryTests.SelectPagedAsync_ReturnsFiltered_SortDefault_FirstPage" storage="c:\_proj\sai.dealassistant\sai-deal-assistant-backend\src\tests\sai.dealassistant.infrastructure.tests\bin\debug\net8.0\sai.dealassistant.infrastructure.tests.dll" id="d81382b6-74ad-b86b-99ea-3177e5a4a7b0">
      <Execution id="49813777-6f22-4d03-8431-62a17a883709" />
      <TestMethod codeBase="C:\_PROJ\Sai.DealAssistant\sai-deal-assistant-backend\src\Tests\Sai.DealAssistant.Infrastructure.Tests\bin\Debug\net8.0\Sai.DealAssistant.Infrastructure.Tests.dll" adapterTypeName="executor://xunit/VsTestRunner2/netcoreapp" className="Sai.DealAssistant.Infrastructure.Tests.Repositories.GenericRepositoryTests.ReadRepositoryTests" name="SelectPagedAsync_ReturnsFiltered_SortDefault_FirstPage" />
    </UnitTest>
    <UnitTest name="Sai.DealAssistant.Infrastructure.Tests.UnitOfWork.UnitOfWorkTests.ExecuteResilientTransactionAsync_InputActionCompletesSuccessfully_BeginsAndCommitsTransaction" storage="c:\_proj\sai.dealassistant\sai-deal-assistant-backend\src\tests\sai.dealassistant.infrastructure.tests\bin\debug\net8.0\sai.dealassistant.infrastructure.tests.dll" id="193a0e43-3a47-5b22-3c7e-07c150be723a">
      <Execution id="99370e44-de5a-474e-a810-479426bf2b8b" />
      <TestMethod codeBase="C:\_PROJ\Sai.DealAssistant\sai-deal-assistant-backend\src\Tests\Sai.DealAssistant.Infrastructure.Tests\bin\Debug\net8.0\Sai.DealAssistant.Infrastructure.Tests.dll" adapterTypeName="executor://xunit/VsTestRunner2/netcoreapp" className="Sai.DealAssistant.Infrastructure.Tests.UnitOfWork.UnitOfWorkTests" name="ExecuteResilientTransactionAsync_InputActionCompletesSuccessfully_BeginsAndCommitsTransaction" />
    </UnitTest>
    <UnitTest name="Sai.DealAssistant.Infrastructure.Tests.Persistence.DenormFieldsTests.UpdateEvent_DateChanged_UpdatesDenormLastActionDate" storage="c:\_proj\sai.dealassistant\sai-deal-assistant-backend\src\tests\sai.dealassistant.infrastructure.tests\bin\debug\net8.0\sai.dealassistant.infrastructure.tests.dll" id="85d1b520-9d63-3696-a0df-1f1be2cbe478">
      <Execution id="5e326780-a885-4193-b865-b9d8e06aea3a" />
      <TestMethod codeBase="C:\_PROJ\Sai.DealAssistant\sai-deal-assistant-backend\src\Tests\Sai.DealAssistant.Infrastructure.Tests\bin\Debug\net8.0\Sai.DealAssistant.Infrastructure.Tests.dll" adapterTypeName="executor://xunit/VsTestRunner2/netcoreapp" className="Sai.DealAssistant.Infrastructure.Tests.Persistence.DenormFieldsTests" name="UpdateEvent_DateChanged_UpdatesDenormLastActionDate" />
    </UnitTest>
    <UnitTest name="Sai.DealAssistant.Infrastructure.Tests.Repositories.GenericRepositoryTests.FieldUpdateRepositoryTests.UpdateFieldAsync_UpdatesNumericField" storage="c:\_proj\sai.dealassistant\sai-deal-assistant-backend\src\tests\sai.dealassistant.infrastructure.tests\bin\debug\net8.0\sai.dealassistant.infrastructure.tests.dll" id="5b7f3d86-82c9-9ed6-004b-48b6a036a044">
      <Execution id="6b98ef11-495a-403b-acad-c44083e70f35" />
      <TestMethod codeBase="C:\_PROJ\Sai.DealAssistant\sai-deal-assistant-backend\src\Tests\Sai.DealAssistant.Infrastructure.Tests\bin\Debug\net8.0\Sai.DealAssistant.Infrastructure.Tests.dll" adapterTypeName="executor://xunit/VsTestRunner2/netcoreapp" className="Sai.DealAssistant.Infrastructure.Tests.Repositories.GenericRepositoryTests.FieldUpdateRepositoryTests" name="UpdateFieldAsync_UpdatesNumericField" />
    </UnitTest>
    <UnitTest name="Sai.DealAssistant.Infrastructure.Tests.Repositories.GenericRepositoryTests.ReadRepositoryTests.GetAll_FilteredByCustomerId" storage="c:\_proj\sai.dealassistant\sai-deal-assistant-backend\src\tests\sai.dealassistant.infrastructure.tests\bin\debug\net8.0\sai.dealassistant.infrastructure.tests.dll" id="f8f98c89-f6e3-4ae5-ba70-dc160420889d">
      <Execution id="29fbd99b-0aca-458b-ac21-b1ece7838eb7" />
      <TestMethod codeBase="C:\_PROJ\Sai.DealAssistant\sai-deal-assistant-backend\src\Tests\Sai.DealAssistant.Infrastructure.Tests\bin\Debug\net8.0\Sai.DealAssistant.Infrastructure.Tests.dll" adapterTypeName="executor://xunit/VsTestRunner2/netcoreapp" className="Sai.DealAssistant.Infrastructure.Tests.Repositories.GenericRepositoryTests.ReadRepositoryTests" name="GetAll_FilteredByCustomerId" />
    </UnitTest>
    <UnitTest name="Sai.DealAssistant.Infrastructure.Tests.Repositories.GenericRepositoryTests.ReadRepositoryTests.ExistsAsync_ReturnsFalse_WhenItemDoesNotExist" storage="c:\_proj\sai.dealassistant\sai-deal-assistant-backend\src\tests\sai.dealassistant.infrastructure.tests\bin\debug\net8.0\sai.dealassistant.infrastructure.tests.dll" id="6935523f-f65e-d0cf-c3f6-365262a1a7ea">
      <Execution id="4618a1af-92b8-4f82-986b-12a82b207673" />
      <TestMethod codeBase="C:\_PROJ\Sai.DealAssistant\sai-deal-assistant-backend\src\Tests\Sai.DealAssistant.Infrastructure.Tests\bin\Debug\net8.0\Sai.DealAssistant.Infrastructure.Tests.dll" adapterTypeName="executor://xunit/VsTestRunner2/netcoreapp" className="Sai.DealAssistant.Infrastructure.Tests.Repositories.GenericRepositoryTests.ReadRepositoryTests" name="ExistsAsync_ReturnsFalse_WhenItemDoesNotExist" />
    </UnitTest>
    <UnitTest name="Sai.DealAssistant.Infrastructure.Tests.Persistence.DenormFieldsTests.CreateMultipleEvents_SetsDenormLastActionDateToMax" storage="c:\_proj\sai.dealassistant\sai-deal-assistant-backend\src\tests\sai.dealassistant.infrastructure.tests\bin\debug\net8.0\sai.dealassistant.infrastructure.tests.dll" id="d7298ef1-0749-4da1-78d7-984e46e41f0d">
      <Execution id="1a4cd6f1-3241-452a-9af9-df1a54fe92d5" />
      <TestMethod codeBase="C:\_PROJ\Sai.DealAssistant\sai-deal-assistant-backend\src\Tests\Sai.DealAssistant.Infrastructure.Tests\bin\Debug\net8.0\Sai.DealAssistant.Infrastructure.Tests.dll" adapterTypeName="executor://xunit/VsTestRunner2/netcoreapp" className="Sai.DealAssistant.Infrastructure.Tests.Persistence.DenormFieldsTests" name="CreateMultipleEvents_SetsDenormLastActionDateToMax" />
    </UnitTest>
    <UnitTest name="Sai.DealAssistant.Infrastructure.Tests.Persistence.DenormFieldsTests.UpdateDeal_FirmIdUnchanged_DoesNotChangeDenormFirmName" storage="c:\_proj\sai.dealassistant\sai-deal-assistant-backend\src\tests\sai.dealassistant.infrastructure.tests\bin\debug\net8.0\sai.dealassistant.infrastructure.tests.dll" id="d3cbe634-d457-aa4d-5f88-75cfb62e3771">
      <Execution id="282d7ae4-9cd8-4485-998a-803e3564c434" />
      <TestMethod codeBase="C:\_PROJ\Sai.DealAssistant\sai-deal-assistant-backend\src\Tests\Sai.DealAssistant.Infrastructure.Tests\bin\Debug\net8.0\Sai.DealAssistant.Infrastructure.Tests.dll" adapterTypeName="executor://xunit/VsTestRunner2/netcoreapp" className="Sai.DealAssistant.Infrastructure.Tests.Persistence.DenormFieldsTests" name="UpdateDeal_FirmIdUnchanged_DoesNotChangeDenormFirmName" />
    </UnitTest>
    <UnitTest name="Sai.DealAssistant.Infrastructure.Tests.Repositories.GenericRepositoryTests.ReadRepositoryTests.SelectPagedAsync_ReturnsAll_SortDefault_LastPage" storage="c:\_proj\sai.dealassistant\sai-deal-assistant-backend\src\tests\sai.dealassistant.infrastructure.tests\bin\debug\net8.0\sai.dealassistant.infrastructure.tests.dll" id="1b4d8d3a-0163-c205-b1ee-baf15feb9a32">
      <Execution id="ad9b0f8e-56d6-492c-99ff-c069f88ae86e" />
      <TestMethod codeBase="C:\_PROJ\Sai.DealAssistant\sai-deal-assistant-backend\src\Tests\Sai.DealAssistant.Infrastructure.Tests\bin\Debug\net8.0\Sai.DealAssistant.Infrastructure.Tests.dll" adapterTypeName="executor://xunit/VsTestRunner2/netcoreapp" className="Sai.DealAssistant.Infrastructure.Tests.Repositories.GenericRepositoryTests.ReadRepositoryTests" name="SelectPagedAsync_ReturnsAll_SortDefault_LastPage" />
    </UnitTest>
    <UnitTest name="Sai.DealAssistant.Infrastructure.Tests.Repositories.GenericRepositoryTests.ReadRepositoryTests.CountAsync_ReturnsAll" storage="c:\_proj\sai.dealassistant\sai-deal-assistant-backend\src\tests\sai.dealassistant.infrastructure.tests\bin\debug\net8.0\sai.dealassistant.infrastructure.tests.dll" id="a574bb46-1c03-df34-93cf-c646dad296e6">
      <Execution id="09740499-92e1-4a7d-b05a-4398495bc55b" />
      <TestMethod codeBase="C:\_PROJ\Sai.DealAssistant\sai-deal-assistant-backend\src\Tests\Sai.DealAssistant.Infrastructure.Tests\bin\Debug\net8.0\Sai.DealAssistant.Infrastructure.Tests.dll" adapterTypeName="executor://xunit/VsTestRunner2/netcoreapp" className="Sai.DealAssistant.Infrastructure.Tests.Repositories.GenericRepositoryTests.ReadRepositoryTests" name="CountAsync_ReturnsAll" />
    </UnitTest>
    <UnitTest name="Sai.DealAssistant.Infrastructure.Tests.Repositories.GenericRepositoryTests.EnumCache_Tests.GetAllAsync_CachesResultsAcrossCalls" storage="c:\_proj\sai.dealassistant\sai-deal-assistant-backend\src\tests\sai.dealassistant.infrastructure.tests\bin\debug\net8.0\sai.dealassistant.infrastructure.tests.dll" id="1a8c3b8a-f442-fa63-4012-8369a5cc7cb0">
      <Execution id="8e7f39b8-f313-4f40-abf3-750dff278ee2" />
      <TestMethod codeBase="C:\_PROJ\Sai.DealAssistant\sai-deal-assistant-backend\src\Tests\Sai.DealAssistant.Infrastructure.Tests\bin\Debug\net8.0\Sai.DealAssistant.Infrastructure.Tests.dll" adapterTypeName="executor://xunit/VsTestRunner2/netcoreapp" className="Sai.DealAssistant.Infrastructure.Tests.Repositories.GenericRepositoryTests.EnumCache_Tests" name="GetAllAsync_CachesResultsAcrossCalls" />
    </UnitTest>
    <UnitTest name="Sai.DealAssistant.Infrastructure.Tests.Repositories.GenericRepositoryTests.ReadRepositoryTests.GetAll_ReturnsAll" storage="c:\_proj\sai.dealassistant\sai-deal-assistant-backend\src\tests\sai.dealassistant.infrastructure.tests\bin\debug\net8.0\sai.dealassistant.infrastructure.tests.dll" id="a8620362-50a4-f444-677e-3025fd0e754f">
      <Execution id="3d78cb45-9f8f-49d7-a789-34bdd020421c" />
      <TestMethod codeBase="C:\_PROJ\Sai.DealAssistant\sai-deal-assistant-backend\src\Tests\Sai.DealAssistant.Infrastructure.Tests\bin\Debug\net8.0\Sai.DealAssistant.Infrastructure.Tests.dll" adapterTypeName="executor://xunit/VsTestRunner2/netcoreapp" className="Sai.DealAssistant.Infrastructure.Tests.Repositories.GenericRepositoryTests.ReadRepositoryTests" name="GetAll_ReturnsAll" />
    </UnitTest>
    <UnitTest name="Sai.DealAssistant.Infrastructure.Tests.Repositories.GenericRepositoryTests.ReadRepositoryTests.ApplySorting_ThrowsInvalidSortColumnException" storage="c:\_proj\sai.dealassistant\sai-deal-assistant-backend\src\tests\sai.dealassistant.infrastructure.tests\bin\debug\net8.0\sai.dealassistant.infrastructure.tests.dll" id="7575dc31-5f20-6d05-ee77-1b6005ffa4e1">
      <Execution id="6d16aefb-ca26-40f8-a596-5c0717e49197" />
      <TestMethod codeBase="C:\_PROJ\Sai.DealAssistant\sai-deal-assistant-backend\src\Tests\Sai.DealAssistant.Infrastructure.Tests\bin\Debug\net8.0\Sai.DealAssistant.Infrastructure.Tests.dll" adapterTypeName="executor://xunit/VsTestRunner2/netcoreapp" className="Sai.DealAssistant.Infrastructure.Tests.Repositories.GenericRepositoryTests.ReadRepositoryTests" name="ApplySorting_ThrowsInvalidSortColumnException" />
    </UnitTest>
    <UnitTest name="Sai.DealAssistant.Infrastructure.Tests.Repositories.GenericRepositoryTests.FieldUpdateRepositoryTests.UpdateFieldAsync_ColumnNotExists_Throws" storage="c:\_proj\sai.dealassistant\sai-deal-assistant-backend\src\tests\sai.dealassistant.infrastructure.tests\bin\debug\net8.0\sai.dealassistant.infrastructure.tests.dll" id="a8d65476-b903-071b-760c-2ad4f4d33be6">
      <Execution id="318644a0-2c85-47e5-8c0d-e7929f54c80a" />
      <TestMethod codeBase="C:\_PROJ\Sai.DealAssistant\sai-deal-assistant-backend\src\Tests\Sai.DealAssistant.Infrastructure.Tests\bin\Debug\net8.0\Sai.DealAssistant.Infrastructure.Tests.dll" adapterTypeName="executor://xunit/VsTestRunner2/netcoreapp" className="Sai.DealAssistant.Infrastructure.Tests.Repositories.GenericRepositoryTests.FieldUpdateRepositoryTests" name="UpdateFieldAsync_ColumnNotExists_Throws" />
    </UnitTest>
    <UnitTest name="Sai.DealAssistant.Infrastructure.Tests.Repositories.GenericRepositoryTests.FieldUpdateRepositoryTests.UpdateFieldAsync_IdNotExists_Throws" storage="c:\_proj\sai.dealassistant\sai-deal-assistant-backend\src\tests\sai.dealassistant.infrastructure.tests\bin\debug\net8.0\sai.dealassistant.infrastructure.tests.dll" id="29a20248-d0b5-742c-03bf-cc306c3bbd1c">
      <Execution id="3d424d7a-4015-466f-abca-70d581bf9cb2" />
      <TestMethod codeBase="C:\_PROJ\Sai.DealAssistant\sai-deal-assistant-backend\src\Tests\Sai.DealAssistant.Infrastructure.Tests\bin\Debug\net8.0\Sai.DealAssistant.Infrastructure.Tests.dll" adapterTypeName="executor://xunit/VsTestRunner2/netcoreapp" className="Sai.DealAssistant.Infrastructure.Tests.Repositories.GenericRepositoryTests.FieldUpdateRepositoryTests" name="UpdateFieldAsync_IdNotExists_Throws" />
    </UnitTest>
    <UnitTest name="Sai.DealAssistant.Infrastructure.Tests.Repositories.GenericRepositoryTests.CrudRepositoryTests.DeleteAsync_DeletesSampleEmployeeById" storage="c:\_proj\sai.dealassistant\sai-deal-assistant-backend\src\tests\sai.dealassistant.infrastructure.tests\bin\debug\net8.0\sai.dealassistant.infrastructure.tests.dll" id="e238d11b-e1e2-9e04-4658-a10b70c8c0e0">
      <Execution id="1d94912d-3bd4-4747-a159-c5f3488d264c" />
      <TestMethod codeBase="C:\_PROJ\Sai.DealAssistant\sai-deal-assistant-backend\src\Tests\Sai.DealAssistant.Infrastructure.Tests\bin\Debug\net8.0\Sai.DealAssistant.Infrastructure.Tests.dll" adapterTypeName="executor://xunit/VsTestRunner2/netcoreapp" className="Sai.DealAssistant.Infrastructure.Tests.Repositories.GenericRepositoryTests.CrudRepositoryTests" name="DeleteAsync_DeletesSampleEmployeeById" />
    </UnitTest>
    <UnitTest name="Sai.DealAssistant.Infrastructure.Tests.Repositories.GenericRepositoryTests.ReadRepositoryTests.SelectPagedAsync_ReturnsAll_SortByEmailDesc_LastPage" storage="c:\_proj\sai.dealassistant\sai-deal-assistant-backend\src\tests\sai.dealassistant.infrastructure.tests\bin\debug\net8.0\sai.dealassistant.infrastructure.tests.dll" id="c53680ad-6df4-66e8-ccb7-e83308eaca94">
      <Execution id="0ce07d9b-f9dc-49d4-b5f6-8a6a80571dcf" />
      <TestMethod codeBase="C:\_PROJ\Sai.DealAssistant\sai-deal-assistant-backend\src\Tests\Sai.DealAssistant.Infrastructure.Tests\bin\Debug\net8.0\Sai.DealAssistant.Infrastructure.Tests.dll" adapterTypeName="executor://xunit/VsTestRunner2/netcoreapp" className="Sai.DealAssistant.Infrastructure.Tests.Repositories.GenericRepositoryTests.ReadRepositoryTests" name="SelectPagedAsync_ReturnsAll_SortByEmailDesc_LastPage" />
    </UnitTest>
    <UnitTest name="Sai.DealAssistant.Infrastructure.Tests.Repositories.GenericRepositoryTests.FieldUpdateRepositoryTests.UpdateFieldAsync_TableNotExists_Throws" storage="c:\_proj\sai.dealassistant\sai-deal-assistant-backend\src\tests\sai.dealassistant.infrastructure.tests\bin\debug\net8.0\sai.dealassistant.infrastructure.tests.dll" id="7e2b956a-20da-d288-c32e-fdfd7d19156c">
      <Execution id="7b2b3527-255a-41cb-8bb9-cce215459678" />
      <TestMethod codeBase="C:\_PROJ\Sai.DealAssistant\sai-deal-assistant-backend\src\Tests\Sai.DealAssistant.Infrastructure.Tests\bin\Debug\net8.0\Sai.DealAssistant.Infrastructure.Tests.dll" adapterTypeName="executor://xunit/VsTestRunner2/netcoreapp" className="Sai.DealAssistant.Infrastructure.Tests.Repositories.GenericRepositoryTests.FieldUpdateRepositoryTests" name="UpdateFieldAsync_TableNotExists_Throws" />
    </UnitTest>
    <UnitTest name="Sai.DealAssistant.Infrastructure.Tests.Repositories.GenericRepositoryTests.CrudRepositoryTests.UpdateAsync_WithChangedName_UpdatesSampleEmployee" storage="c:\_proj\sai.dealassistant\sai-deal-assistant-backend\src\tests\sai.dealassistant.infrastructure.tests\bin\debug\net8.0\sai.dealassistant.infrastructure.tests.dll" id="4f50c7e4-27c1-b6ae-f410-bc87cd6855b7">
      <Execution id="41f0937a-5370-4528-b4e5-0a8931e4503a" />
      <TestMethod codeBase="C:\_PROJ\Sai.DealAssistant\sai-deal-assistant-backend\src\Tests\Sai.DealAssistant.Infrastructure.Tests\bin\Debug\net8.0\Sai.DealAssistant.Infrastructure.Tests.dll" adapterTypeName="executor://xunit/VsTestRunner2/netcoreapp" className="Sai.DealAssistant.Infrastructure.Tests.Repositories.GenericRepositoryTests.CrudRepositoryTests" name="UpdateAsync_WithChangedName_UpdatesSampleEmployee" />
    </UnitTest>
    <UnitTest name="Sai.DealAssistant.Infrastructure.Tests.Repositories.GenericRepositoryTests.ReadRepositoryTests.FirstOrDefaultAsync_ReturnsNull_WhenItemDoesNotExist" storage="c:\_proj\sai.dealassistant\sai-deal-assistant-backend\src\tests\sai.dealassistant.infrastructure.tests\bin\debug\net8.0\sai.dealassistant.infrastructure.tests.dll" id="f38b4d81-fd18-5172-e695-fab88f35652d">
      <Execution id="f9e66e4e-e316-4498-8af5-a32a11fd2062" />
      <TestMethod codeBase="C:\_PROJ\Sai.DealAssistant\sai-deal-assistant-backend\src\Tests\Sai.DealAssistant.Infrastructure.Tests\bin\Debug\net8.0\Sai.DealAssistant.Infrastructure.Tests.dll" adapterTypeName="executor://xunit/VsTestRunner2/netcoreapp" className="Sai.DealAssistant.Infrastructure.Tests.Repositories.GenericRepositoryTests.ReadRepositoryTests" name="FirstOrDefaultAsync_ReturnsNull_WhenItemDoesNotExist" />
    </UnitTest>
    <UnitTest name="Sai.DealAssistant.Infrastructure.Tests.Repositories.GenericRepositoryTests.ReadRepositoryTests.SelectAsync_ReturnsAll" storage="c:\_proj\sai.dealassistant\sai-deal-assistant-backend\src\tests\sai.dealassistant.infrastructure.tests\bin\debug\net8.0\sai.dealassistant.infrastructure.tests.dll" id="f111b91a-dee7-b574-1506-4287bc17fba1">
      <Execution id="2989c998-6e15-4126-b7f4-f22eef05290a" />
      <TestMethod codeBase="C:\_PROJ\Sai.DealAssistant\sai-deal-assistant-backend\src\Tests\Sai.DealAssistant.Infrastructure.Tests\bin\Debug\net8.0\Sai.DealAssistant.Infrastructure.Tests.dll" adapterTypeName="executor://xunit/VsTestRunner2/netcoreapp" className="Sai.DealAssistant.Infrastructure.Tests.Repositories.GenericRepositoryTests.ReadRepositoryTests" name="SelectAsync_ReturnsAll" />
    </UnitTest>
    <UnitTest name="Sai.DealAssistant.Infrastructure.Tests.Repositories.GenericRepositoryTests.ReadRepositoryTests.GetAll_FilteredBySecondNameThanByEmail" storage="c:\_proj\sai.dealassistant\sai-deal-assistant-backend\src\tests\sai.dealassistant.infrastructure.tests\bin\debug\net8.0\sai.dealassistant.infrastructure.tests.dll" id="03b6df63-97a2-4d33-2101-7f83ed454113">
      <Execution id="fccd3224-40f9-430b-af4d-988c1b4e2034" />
      <TestMethod codeBase="C:\_PROJ\Sai.DealAssistant\sai-deal-assistant-backend\src\Tests\Sai.DealAssistant.Infrastructure.Tests\bin\Debug\net8.0\Sai.DealAssistant.Infrastructure.Tests.dll" adapterTypeName="executor://xunit/VsTestRunner2/netcoreapp" className="Sai.DealAssistant.Infrastructure.Tests.Repositories.GenericRepositoryTests.ReadRepositoryTests" name="GetAll_FilteredBySecondNameThanByEmail" />
    </UnitTest>
    <UnitTest name="Sai.DealAssistant.Infrastructure.Tests.Repositories.GenericRepositoryTests.ReadRepositoryTests.SelectPagedAsync_AfterLastPage_ShouldBeEmpty" storage="c:\_proj\sai.dealassistant\sai-deal-assistant-backend\src\tests\sai.dealassistant.infrastructure.tests\bin\debug\net8.0\sai.dealassistant.infrastructure.tests.dll" id="0b38bb53-002a-e188-4fe2-417fb886c207">
      <Execution id="da207a18-6c26-4cc1-a43f-18b2621fbf94" />
      <TestMethod codeBase="C:\_PROJ\Sai.DealAssistant\sai-deal-assistant-backend\src\Tests\Sai.DealAssistant.Infrastructure.Tests\bin\Debug\net8.0\Sai.DealAssistant.Infrastructure.Tests.dll" adapterTypeName="executor://xunit/VsTestRunner2/netcoreapp" className="Sai.DealAssistant.Infrastructure.Tests.Repositories.GenericRepositoryTests.ReadRepositoryTests" name="SelectPagedAsync_AfterLastPage_ShouldBeEmpty" />
    </UnitTest>
    <UnitTest name="Sai.DealAssistant.Infrastructure.Tests.Persistence.DenormFieldsTests.DeleteEvent_WhenMultipleEvents_SetsDenormLastActionDateToRemainingMax" storage="c:\_proj\sai.dealassistant\sai-deal-assistant-backend\src\tests\sai.dealassistant.infrastructure.tests\bin\debug\net8.0\sai.dealassistant.infrastructure.tests.dll" id="72919150-5887-87f4-4a6f-48ea004d02e3">
      <Execution id="da86ad98-cb7f-4daa-abcc-cb6a04566e34" />
      <TestMethod codeBase="C:\_PROJ\Sai.DealAssistant\sai-deal-assistant-backend\src\Tests\Sai.DealAssistant.Infrastructure.Tests\bin\Debug\net8.0\Sai.DealAssistant.Infrastructure.Tests.dll" adapterTypeName="executor://xunit/VsTestRunner2/netcoreapp" className="Sai.DealAssistant.Infrastructure.Tests.Persistence.DenormFieldsTests" name="DeleteEvent_WhenMultipleEvents_SetsDenormLastActionDateToRemainingMax" />
    </UnitTest>
    <UnitTest name="Sai.DealAssistant.Infrastructure.Tests.Repositories.GenericRepositoryTests.ReadRepositoryTests.SelectAsync_ReturnsFiltered" storage="c:\_proj\sai.dealassistant\sai-deal-assistant-backend\src\tests\sai.dealassistant.infrastructure.tests\bin\debug\net8.0\sai.dealassistant.infrastructure.tests.dll" id="922816f5-8bbb-2c17-06c3-26ed0a0b4108">
      <Execution id="87f51492-ddd3-4ac0-97f9-aea587688084" />
      <TestMethod codeBase="C:\_PROJ\Sai.DealAssistant\sai-deal-assistant-backend\src\Tests\Sai.DealAssistant.Infrastructure.Tests\bin\Debug\net8.0\Sai.DealAssistant.Infrastructure.Tests.dll" adapterTypeName="executor://xunit/VsTestRunner2/netcoreapp" className="Sai.DealAssistant.Infrastructure.Tests.Repositories.GenericRepositoryTests.ReadRepositoryTests" name="SelectAsync_ReturnsFiltered" />
    </UnitTest>
  </TestDefinitions>
  <TestEntries>
    <TestEntry testId="fbe1a45a-ea29-5e55-ae65-7274ab0de3b1" executionId="b2ae7074-151f-4785-baf8-5531972d4a67" testListId="8c84fa94-04c1-424b-9868-57a2d4851a1d" />
    <TestEntry testId="d3cbe634-d457-aa4d-5f88-75cfb62e3771" executionId="282d7ae4-9cd8-4485-998a-803e3564c434" testListId="8c84fa94-04c1-424b-9868-57a2d4851a1d" />
    <TestEntry testId="68c01459-f0e2-8b58-919c-b29ed90ee47e" executionId="d5a531bb-9b1d-4731-b542-15d4f1c4323b" testListId="8c84fa94-04c1-424b-9868-57a2d4851a1d" />
    <TestEntry testId="d81382b6-74ad-b86b-99ea-3177e5a4a7b0" executionId="49813777-6f22-4d03-8431-62a17a883709" testListId="8c84fa94-04c1-424b-9868-57a2d4851a1d" />
    <TestEntry testId="193a0e43-3a47-5b22-3c7e-07c150be723a" executionId="99370e44-de5a-474e-a810-479426bf2b8b" testListId="8c84fa94-04c1-424b-9868-57a2d4851a1d" />
    <TestEntry testId="e238d11b-e1e2-9e04-4658-a10b70c8c0e0" executionId="1d94912d-3bd4-4747-a159-c5f3488d264c" testListId="8c84fa94-04c1-424b-9868-57a2d4851a1d" />
    <TestEntry testId="0b38bb53-002a-e188-4fe2-417fb886c207" executionId="da207a18-6c26-4cc1-a43f-18b2621fbf94" testListId="8c84fa94-04c1-424b-9868-57a2d4851a1d" />
    <TestEntry testId="f8f98c89-f6e3-4ae5-ba70-dc160420889d" executionId="29fbd99b-0aca-458b-ac21-b1ece7838eb7" testListId="8c84fa94-04c1-424b-9868-57a2d4851a1d" />
    <TestEntry testId="4c2e6fe7-2828-2971-df3a-e3ed0ec580cb" executionId="9a81090b-5c22-48a1-9f00-c28c2fc20951" testListId="8c84fa94-04c1-424b-9868-57a2d4851a1d" />
    <TestEntry testId="cc459ca6-39a6-38b1-cef5-05d96d911ed4" executionId="d9f86ced-512e-456c-bc7c-4e8c329a8c32" testListId="8c84fa94-04c1-424b-9868-57a2d4851a1d" />
    <TestEntry testId="e2c108e4-5239-e09a-752b-7b6bd3fb2261" executionId="2689c398-ea9e-409c-8a63-ac8d9ec6bc3e" testListId="8c84fa94-04c1-424b-9868-57a2d4851a1d" />
    <TestEntry testId="d7298ef1-0749-4da1-78d7-984e46e41f0d" executionId="1a4cd6f1-3241-452a-9af9-df1a54fe92d5" testListId="8c84fa94-04c1-424b-9868-57a2d4851a1d" />
    <TestEntry testId="a0343a1f-04a1-5c88-b3ed-7007324c208d" executionId="73fa6529-4200-4510-a397-7820014563ad" testListId="8c84fa94-04c1-424b-9868-57a2d4851a1d" />
    <TestEntry testId="922816f5-8bbb-2c17-06c3-26ed0a0b4108" executionId="87f51492-ddd3-4ac0-97f9-aea587688084" testListId="8c84fa94-04c1-424b-9868-57a2d4851a1d" />
    <TestEntry testId="c53680ad-6df4-66e8-ccb7-e83308eaca94" executionId="0ce07d9b-f9dc-49d4-b5f6-8a6a80571dcf" testListId="8c84fa94-04c1-424b-9868-57a2d4851a1d" />
    <TestEntry testId="9817eabf-4a92-b4bd-b04c-d5bb5964faa6" executionId="eb586790-294c-418d-a754-dae9eee71bb3" testListId="8c84fa94-04c1-424b-9868-57a2d4851a1d" />
    <TestEntry testId="9704f739-0251-d674-9762-c0620410d507" executionId="2fb06297-2d04-4a5d-ab0c-297acc78b213" testListId="8c84fa94-04c1-424b-9868-57a2d4851a1d" />
    <TestEntry testId="821793b1-eb91-c7a3-2bb7-a418da5c2f9d" executionId="09d5039c-1375-4daa-b410-92c46f970e30" testListId="8c84fa94-04c1-424b-9868-57a2d4851a1d" />
    <TestEntry testId="ac7497d6-71b5-64e8-1c5b-0938ffdf0299" executionId="947de56b-cf7d-428f-b2da-a449eeb84114" testListId="8c84fa94-04c1-424b-9868-57a2d4851a1d" />
    <TestEntry testId="a8620362-50a4-f444-677e-3025fd0e754f" executionId="3d78cb45-9f8f-49d7-a789-34bdd020421c" testListId="8c84fa94-04c1-424b-9868-57a2d4851a1d" />
    <TestEntry testId="7e2b956a-20da-d288-c32e-fdfd7d19156c" executionId="7b2b3527-255a-41cb-8bb9-cce215459678" testListId="8c84fa94-04c1-424b-9868-57a2d4851a1d" />
    <TestEntry testId="a8d65476-b903-071b-760c-2ad4f4d33be6" executionId="318644a0-2c85-47e5-8c0d-e7929f54c80a" testListId="8c84fa94-04c1-424b-9868-57a2d4851a1d" />
    <TestEntry testId="5b7f3d86-82c9-9ed6-004b-48b6a036a044" executionId="6b98ef11-495a-403b-acad-c44083e70f35" testListId="8c84fa94-04c1-424b-9868-57a2d4851a1d" />
    <TestEntry testId="1b4d8d3a-0163-c205-b1ee-baf15feb9a32" executionId="ad9b0f8e-56d6-492c-99ff-c069f88ae86e" testListId="8c84fa94-04c1-424b-9868-57a2d4851a1d" />
    <TestEntry testId="29a20248-d0b5-742c-03bf-cc306c3bbd1c" executionId="3d424d7a-4015-466f-abca-70d581bf9cb2" testListId="8c84fa94-04c1-424b-9868-57a2d4851a1d" />
    <TestEntry testId="7575dc31-5f20-6d05-ee77-1b6005ffa4e1" executionId="6d16aefb-ca26-40f8-a596-5c0717e49197" testListId="8c84fa94-04c1-424b-9868-57a2d4851a1d" />
    <TestEntry testId="fd7bed65-2efb-3e90-0c1a-e47dc5ccec0a" executionId="bb55a70b-637b-42ec-8e5d-678ea30050f8" testListId="8c84fa94-04c1-424b-9868-57a2d4851a1d" />
    <TestEntry testId="a967686b-33b4-f3f3-9890-0bc1992e4a31" executionId="8b6a1572-407c-4a83-8e7c-4b2f6146b2ec" testListId="8c84fa94-04c1-424b-9868-57a2d4851a1d" />
    <TestEntry testId="85d1b520-9d63-3696-a0df-1f1be2cbe478" executionId="5e326780-a885-4193-b865-b9d8e06aea3a" testListId="8c84fa94-04c1-424b-9868-57a2d4851a1d" />
    <TestEntry testId="1a8c3b8a-f442-fa63-4012-8369a5cc7cb0" executionId="8e7f39b8-f313-4f40-abf3-750dff278ee2" testListId="8c84fa94-04c1-424b-9868-57a2d4851a1d" />
    <TestEntry testId="4f50c7e4-27c1-b6ae-f410-bc87cd6855b7" executionId="41f0937a-5370-4528-b4e5-0a8931e4503a" testListId="8c84fa94-04c1-424b-9868-57a2d4851a1d" />
    <TestEntry testId="f38b4d81-fd18-5172-e695-fab88f35652d" executionId="f9e66e4e-e316-4498-8af5-a32a11fd2062" testListId="8c84fa94-04c1-424b-9868-57a2d4851a1d" />
    <TestEntry testId="c60741ba-ce87-4389-62b6-abfaecce0cb4" executionId="802fff12-c37c-4d4b-b688-8fee8c999f5d" testListId="8c84fa94-04c1-424b-9868-57a2d4851a1d" />
    <TestEntry testId="6935523f-f65e-d0cf-c3f6-365262a1a7ea" executionId="4618a1af-92b8-4f82-986b-12a82b207673" testListId="8c84fa94-04c1-424b-9868-57a2d4851a1d" />
    <TestEntry testId="a9a149e2-684b-29cd-32ba-3268edaa6702" executionId="217a101c-bccd-43b6-9f86-a44d6dae366e" testListId="8c84fa94-04c1-424b-9868-57a2d4851a1d" />
    <TestEntry testId="f326dd1f-aedd-d307-7b9e-0fa5f3201931" executionId="37c51753-0ef3-4f58-b3f0-3a93d26503fd" testListId="8c84fa94-04c1-424b-9868-57a2d4851a1d" />
    <TestEntry testId="03b6df63-97a2-4d33-2101-7f83ed454113" executionId="fccd3224-40f9-430b-af4d-988c1b4e2034" testListId="8c84fa94-04c1-424b-9868-57a2d4851a1d" />
    <TestEntry testId="f111b91a-dee7-b574-1506-4287bc17fba1" executionId="2989c998-6e15-4126-b7f4-f22eef05290a" testListId="8c84fa94-04c1-424b-9868-57a2d4851a1d" />
    <TestEntry testId="05b35716-8b80-c898-e9c0-db852b006064" executionId="b8203c20-2c42-4337-8ab6-acf7248dd5f1" testListId="8c84fa94-04c1-424b-9868-57a2d4851a1d" />
    <TestEntry testId="bfe814d8-c538-93de-ef56-a817cf11863a" executionId="b613c6ed-e0c6-4921-b3b4-162e8edb5bfc" testListId="8c84fa94-04c1-424b-9868-57a2d4851a1d" />
    <TestEntry testId="f8a80593-625b-555b-eb20-9b507c35dc99" executionId="24a75885-ef69-4fd2-b634-51ce0da36111" testListId="8c84fa94-04c1-424b-9868-57a2d4851a1d" />
    <TestEntry testId="25e0e243-3b2f-051b-5904-3623e34db590" executionId="57e2f38d-1a3d-4ce6-b4fe-17703756db60" testListId="8c84fa94-04c1-424b-9868-57a2d4851a1d" />
    <TestEntry testId="72919150-5887-87f4-4a6f-48ea004d02e3" executionId="da86ad98-cb7f-4daa-abcc-cb6a04566e34" testListId="8c84fa94-04c1-424b-9868-57a2d4851a1d" />
    <TestEntry testId="a574bb46-1c03-df34-93cf-c646dad296e6" executionId="09740499-92e1-4a7d-b05a-4398495bc55b" testListId="8c84fa94-04c1-424b-9868-57a2d4851a1d" />
    <TestEntry testId="320b8350-8c67-b05d-edb2-e11fae16e998" executionId="cc7bf2c2-33f6-4753-8775-d0eb68ae2217" testListId="8c84fa94-04c1-424b-9868-57a2d4851a1d" />
  </TestEntries>
  <TestLists>
    <TestList name="Results Not in a List" id="8c84fa94-04c1-424b-9868-57a2d4851a1d" />
    <TestList name="All Loaded Results" id="19431567-8539-422a-85d7-44ee4e166bda" />
  </TestLists>
  <ResultSummary outcome="Completed">
    <Counters total="45" executed="45" passed="45" failed="0" error="0" timeout="0" aborted="0" inconclusive="0" passedButRunAborted="0" notRunnable="0" notExecuted="0" disconnected="0" warning="0" completed="0" inProgress="0" pending="0" />
    <Output>
      <StdOut>[xUnit.net 00:00:00.00] xUnit.net VSTest Adapter v2.5.3.1+6b60a9e56a (64-bit .NET 8.0.26)&#xD;
[xUnit.net 00:00:00.20]   Discovering: Sai.DealAssistant.Infrastructure.Tests&#xD;
[xUnit.net 00:00:00.28]   Discovered:  Sai.DealAssistant.Infrastructure.Tests&#xD;
[xUnit.net 00:00:00.29]   Starting:    Sai.DealAssistant.Infrastructure.Tests&#xD;
[xUnit.net 00:01:43.00]   Finished:    Sai.DealAssistant.Infrastructure.Tests&#xD;
</StdOut>
    </Output>
  </ResultSummary>
</TestRun>