<?xml version="1.0" encoding="utf-8"?>
<TestRun id="26dd8d6a-8872-4ff1-8f60-fdd2aee0b264" name="olexi@SAI-W11 2026-04-27 15:11:02" runUser="SAI-W11\olexi" xmlns="http://microsoft.com/schemas/VisualStudio/TeamTest/2010">
  <Times creation="2026-04-27T15:11:02.5241130+01:00" queuing="2026-04-27T15:11:02.5241134+01:00" start="2026-04-27T15:11:01.3070876+01:00" finish="2026-04-27T15:15:00.3452409+01:00" />
  <TestSettings name="default" id="f548ef7c-f61b-41a1-ad0a-986b3d0aaae1">
    <Deployment runDeploymentRoot="olexi_SAI-W11_2026-04-27_15_11_02" />
  </TestSettings>
  <Results>
    <UnitTestResult executionId="52f6b279-4e79-4733-a4e5-828e60a8a4fe" testId="f62f5e19-2e47-d097-95f5-da7fdc94e04e" testName="Sai.DealAssistant.Application.Tests.Firms.Validators.CreateFirmCommandValidatorTests.Validator_WithEmptyCountry_FailsValidation" computerName="SAI-W11" duration="00:00:00.0048115" startTime="2026-04-27T15:11:02.4233094+01:00" endTime="2026-04-27T15:11:02.4233094+01:00" testType="13cdc9d9-ddb5-4fa4-a97d-d965ccfc6d4b" outcome="Passed" testListId="8c84fa94-04c1-424b-9868-57a2d4851a1d" relativeResultsDirectory="52f6b279-4e79-4733-a4e5-828e60a8a4fe" />
    <UnitTestResult executionId="e37ffae1-c373-4b25-b004-e5a0e8a1d7a9" testId="8c0d9b5f-e26c-c37a-e509-24ed09a1cf5f" testName="Sai.DealAssistant.Application.Tests.Deals.Handlers.Queries.GetDealQueryWithDependents_Handler_Test.Handler_ReturnsDealDto_WhenDealExists" computerName="SAI-W11" duration="00:00:09.9044715" startTime="2026-04-27T15:13:45.6706756+01:00" endTime="2026-04-27T15:13:45.6706758+01:00" testType="13cdc9d9-ddb5-4fa4-a97d-d965ccfc6d4b" outcome="Passed" testListId="8c84fa94-04c1-424b-9868-57a2d4851a1d" relativeResultsDirectory="e37ffae1-c373-4b25-b004-e5a0e8a1d7a9" />
    <UnitTestResult executionId="4b8b4552-a150-4072-92be-9320d388fb41" testId="f743b79d-a834-733d-6e05-fa3ddd09f0a9" testName="Sai.DealAssistant.Application.Tests.Deals.Handlers.Commands.CreateDealCommandHandlerTests.Handle_WhenCreatingDealWithAllProperties_ReturnsMappedDto" computerName="SAI-W11" duration="00:00:09.5890890" startTime="2026-04-27T15:13:42.1861273+01:00" endTime="2026-04-27T15:13:42.1861275+01:00" testType="13cdc9d9-ddb5-4fa4-a97d-d965ccfc6d4b" outcome="Passed" testListId="8c84fa94-04c1-424b-9868-57a2d4851a1d" relativeResultsDirectory="4b8b4552-a150-4072-92be-9320d388fb41" />
    <UnitTestResult executionId="a7598091-e27c-4ff6-a204-0dd348f84de8" testId="a3446251-bca1-f45d-ec40-0f83802ad6ae" testName="Sai.DealAssistant.Application.Tests.Firms.Handlers.Queries.GetFirmWithDependentsQuery_Handler_Test.Handler_ThrowsNotFoundException_WhenFirmDoesNotExist" computerName="SAI-W11" duration="00:00:09.9995029" startTime="2026-04-27T15:12:56.3059666+01:00" endTime="2026-04-27T15:12:56.3059667+01:00" testType="13cdc9d9-ddb5-4fa4-a97d-d965ccfc6d4b" outcome="Passed" testListId="8c84fa94-04c1-424b-9868-57a2d4851a1d" relativeResultsDirectory="a7598091-e27c-4ff6-a204-0dd348f84de8" />
    <UnitTestResult executionId="f412e444-db89-4c1c-a2f4-0fdfea256db6" testId="c58ae05b-ec75-45bd-e039-9de5a5bde4ab" testName="Sai.DealAssistant.Application.Tests.Firms.Validators.UpdateFirmCommandValidatorTests.Validator_WithZeroId_FailsValidation" computerName="SAI-W11" duration="00:00:00.0019900" startTime="2026-04-27T15:13:04.7723840+01:00" endTime="2026-04-27T15:13:04.7723841+01:00" testType="13cdc9d9-ddb5-4fa4-a97d-d965ccfc6d4b" outcome="Passed" testListId="8c84fa94-04c1-424b-9868-57a2d4851a1d" relativeResultsDirectory="f412e444-db89-4c1c-a2f4-0fdfea256db6" />
    <UnitTestResult executionId="24f63676-ac6f-4584-bb08-c53c18b215c2" testId="b6febc52-bb26-2346-0c56-d767f2013a97" testName="Sai.DealAssistant.Application.Tests.Events.Validators.CreateEventCommandValidatorTests.Validator_InvalidDealId_FailsValidation" computerName="SAI-W11" duration="00:00:00.0036070" startTime="2026-04-27T15:13:04.8905663+01:00" endTime="2026-04-27T15:13:04.8905664+01:00" testType="13cdc9d9-ddb5-4fa4-a97d-d965ccfc6d4b" outcome="Passed" testListId="8c84fa94-04c1-424b-9868-57a2d4851a1d" relativeResultsDirectory="24f63676-ac6f-4584-bb08-c53c18b215c2" />
    <UnitTestResult executionId="1e77cef6-7505-41da-b188-eb35718e2eb1" testId="fc71081b-a350-aedf-0e0e-783f7d29ead7" testName="Sai.DealAssistant.Application.Tests.General.Commands.Handlers.UpdateNumericFieldCommandHandlersTests.Handler_ColumnNotExists_Throws" computerName="SAI-W11" duration="00:00:10.8875335" startTime="2026-04-27T15:12:01.8311175+01:00" endTime="2026-04-27T15:12:01.8311176+01:00" testType="13cdc9d9-ddb5-4fa4-a97d-d965ccfc6d4b" outcome="Passed" testListId="8c84fa94-04c1-424b-9868-57a2d4851a1d" relativeResultsDirectory="1e77cef6-7505-41da-b188-eb35718e2eb1" />
    <UnitTestResult executionId="b38de662-60d4-496d-a460-79fbed3c54cf" testId="8f9f57e6-c994-8628-f0e3-40eb270dc61f" testName="Sai.DealAssistant.Application.Tests.Deals.Handlers.Queries.GetDealListItemQuery_Handler_Test.Handler_ReturnsNull_WhenDealDoesNotExist" computerName="SAI-W11" duration="00:00:02.6008029" startTime="2026-04-27T15:11:04.7915351+01:00" endTime="2026-04-27T15:11:04.7915356+01:00" testType="13cdc9d9-ddb5-4fa4-a97d-d965ccfc6d4b" outcome="Passed" testListId="8c84fa94-04c1-424b-9868-57a2d4851a1d" relativeResultsDirectory="b38de662-60d4-496d-a460-79fbed3c54cf" />
    <UnitTestResult executionId="3502945a-24a6-4709-9a67-bc95b2718fa1" testId="70003b5a-213d-e588-fcc0-8e2cf26de980" testName="Sai.DealAssistant.Application.Tests.General.Queries.GetCachedStringOptionsTests.ThrowsArgumentException_WhenFieldNameMissing" computerName="SAI-W11" duration="00:00:00.0075194" startTime="2026-04-27T15:12:23.7287632+01:00" endTime="2026-04-27T15:12:23.7287635+01:00" testType="13cdc9d9-ddb5-4fa4-a97d-d965ccfc6d4b" outcome="Passed" testListId="8c84fa94-04c1-424b-9868-57a2d4851a1d" relativeResultsDirectory="3502945a-24a6-4709-9a67-bc95b2718fa1" />
    <UnitTestResult executionId="4e6e65ba-635c-4ddd-abdd-7e45acdb379c" testId="0f31eea5-bdff-9b5a-ffef-3fc9f30eea90" testName="Sai.DealAssistant.Application.Tests.General.Commands.Handlers.UpdateDateFieldCommandHandlersTests.Handler_EntityNotFound_ThrowsNotFoundExceptionOverride" computerName="SAI-W11" duration="00:00:09.4771085" startTime="2026-04-27T15:13:14.3801945+01:00" endTime="2026-04-27T15:13:14.3801950+01:00" testType="13cdc9d9-ddb5-4fa4-a97d-d965ccfc6d4b" outcome="Passed" testListId="8c84fa94-04c1-424b-9868-57a2d4851a1d" relativeResultsDirectory="4e6e65ba-635c-4ddd-abdd-7e45acdb379c" />
    <UnitTestResult executionId="e4aa4865-df91-4da4-bbba-b21ea9656591" testId="e373428d-5f41-4c0e-3bc9-61db9ab64b7e" testName="Sai.DealAssistant.Application.Tests.Events.Validators.CreateEventCommandValidatorTests.Validator_WithContactPersonId_ContactPersonNotFound_FailsValidation" computerName="SAI-W11" duration="00:00:00.0062493" startTime="2026-04-27T15:13:04.8699941+01:00" endTime="2026-04-27T15:13:04.8699943+01:00" testType="13cdc9d9-ddb5-4fa4-a97d-d965ccfc6d4b" outcome="Passed" testListId="8c84fa94-04c1-424b-9868-57a2d4851a1d" relativeResultsDirectory="e4aa4865-df91-4da4-bbba-b21ea9656591" />
    <UnitTestResult executionId="e5852d11-e0b4-4236-9696-f28af6e1a89c" testId="d729ad9b-b684-e573-f1a7-9bd0cc385847" testName="Sai.DealAssistant.Application.Tests.Deals.Handlers.Queries.GetDealListQuery_Handler_Test.Handler_FiltersByStateIds" computerName="SAI-W11" duration="00:00:10.8356786" startTime="2026-04-27T15:12:00.6908820+01:00" endTime="2026-04-27T15:12:00.6908822+01:00" testType="13cdc9d9-ddb5-4fa4-a97d-d965ccfc6d4b" outcome="Passed" testListId="8c84fa94-04c1-424b-9868-57a2d4851a1d" relativeResultsDirectory="e5852d11-e0b4-4236-9696-f28af6e1a89c" />
    <UnitTestResult executionId="09fe9ab6-eaf7-4ea8-87dd-79dff60e7584" testId="4c6f5635-e8b0-aad0-8c50-fb0ad9be285c" testName="Sai.DealAssistant.Application.Tests.Firms.Handlers.Commands.UpdateFirmCommand_Handler_Test.Handler_UpdatesFirm_ReturnsUpdatedDto" computerName="SAI-W11" duration="00:00:00.1091699" startTime="2026-04-27T15:12:24.6224414+01:00" endTime="2026-04-27T15:12:24.6224416+01:00" testType="13cdc9d9-ddb5-4fa4-a97d-d965ccfc6d4b" outcome="Passed" testListId="8c84fa94-04c1-424b-9868-57a2d4851a1d" relativeResultsDirectory="09fe9ab6-eaf7-4ea8-87dd-79dff60e7584" />
    <UnitTestResult executionId="330b259e-fadf-4ec2-a8e3-2113a58c9511" testId="bb038e34-36b5-5678-b769-9488c7599b79" testName="Sai.DealAssistant.Application.Tests.EventNotes.Validators.CreateUpdateEventNoteCommandValidatorTests.UpdateValidator_EmptyText_FailsValidation" computerName="SAI-W11" duration="00:00:00.0012485" startTime="2026-04-27T15:11:05.5896536+01:00" endTime="2026-04-27T15:11:05.5896539+01:00" testType="13cdc9d9-ddb5-4fa4-a97d-d965ccfc6d4b" outcome="Passed" testListId="8c84fa94-04c1-424b-9868-57a2d4851a1d" relativeResultsDirectory="330b259e-fadf-4ec2-a8e3-2113a58c9511" />
    <UnitTestResult executionId="dfbaaf40-49b9-4cea-9f15-f39fcfc0b1d1" testId="7692792e-e9ba-008a-211e-1fc91fe3969b" testName="Sai.DealAssistant.Application.Tests.Events.Handlers.CreateUpdateDeleteEvent_Handlers_Tests.Create_Handler_CreatesMultipleEventsForDeal_OnSuccess" computerName="SAI-W11" duration="00:00:09.6647952" startTime="2026-04-27T15:13:45.2055588+01:00" endTime="2026-04-27T15:13:45.2055589+01:00" testType="13cdc9d9-ddb5-4fa4-a97d-d965ccfc6d4b" outcome="Passed" testListId="8c84fa94-04c1-424b-9868-57a2d4851a1d" relativeResultsDirectory="dfbaaf40-49b9-4cea-9f15-f39fcfc0b1d1" />
    <UnitTestResult executionId="e47cb5fc-88bf-4a97-b8db-e11b5479e22b" testId="5564a75b-6d06-7d8f-3815-d583c80bce17" testName="Sai.DealAssistant.Application.Tests.Deals.Handlers.Commands.CreateDealCommandHandlerTests.Handle_WhenCreatingDealWithUrl_ReturnsMappedDto" computerName="SAI-W11" duration="00:00:09.4557308" startTime="2026-04-27T15:13:32.5968973+01:00" endTime="2026-04-27T15:13:32.5968974+01:00" testType="13cdc9d9-ddb5-4fa4-a97d-d965ccfc6d4b" outcome="Passed" testListId="8c84fa94-04c1-424b-9868-57a2d4851a1d" relativeResultsDirectory="e47cb5fc-88bf-4a97-b8db-e11b5479e22b" />
    <UnitTestResult executionId="33770981-5a7c-4665-af9b-95ec4112ee73" testId="754605ec-0672-9b5a-246a-d31c9599ce62" testName="Sai.DealAssistant.Application.Tests.DealTags.Handlers.AddDeleteDealTag_Handlers_Tests.DeleteDealTagCommand_ReturnsDeletedDto_WhenExists" computerName="SAI-W11" duration="00:00:07.1265488" startTime="2026-04-27T15:14:21.4655930+01:00" endTime="2026-04-27T15:14:21.4655931+01:00" testType="13cdc9d9-ddb5-4fa4-a97d-d965ccfc6d4b" outcome="Passed" testListId="8c84fa94-04c1-424b-9868-57a2d4851a1d" relativeResultsDirectory="33770981-5a7c-4665-af9b-95ec4112ee73" />
    <UnitTestResult executionId="4c1d4aea-5783-4a4c-b325-c18d5c3151de" testId="3b833a17-957f-f22f-c080-0cf846960bae" testName="Sai.DealAssistant.Application.Tests.General.Commands.Validators.UpdateDateFieldCommandValidatorTests.Validator_Valid_Passes" computerName="SAI-W11" duration="00:00:00.0336749" startTime="2026-04-27T15:12:24.7213860+01:00" endTime="2026-04-27T15:12:24.7213861+01:00" testType="13cdc9d9-ddb5-4fa4-a97d-d965ccfc6d4b" outcome="Passed" testListId="8c84fa94-04c1-424b-9868-57a2d4851a1d" relativeResultsDirectory="4c1d4aea-5783-4a4c-b325-c18d5c3151de" />
    <UnitTestResult executionId="f72ae150-6298-4b50-9ce2-379340db2528" testId="424bd3c7-05ae-17e3-b1e4-1b8fa0155a23" testName="Sai.DealAssistant.Application.Tests.Events.Handlers.GetEventQuery_Handler_Test.Handler_ReturnsDto_ForExistingId" computerName="SAI-W11" duration="00:00:00.1090353" startTime="2026-04-27T15:12:24.1409404+01:00" endTime="2026-04-27T15:12:24.1409408+01:00" testType="13cdc9d9-ddb5-4fa4-a97d-d965ccfc6d4b" outcome="Passed" testListId="8c84fa94-04c1-424b-9868-57a2d4851a1d" relativeResultsDirectory="f72ae150-6298-4b50-9ce2-379340db2528" />
    <UnitTestResult executionId="6da74120-a6ac-4472-ae4f-d9577396665a" testId="5b0d0f5f-6694-5667-f764-e95789b4c3bb" testName="Sai.DealAssistant.Application.Tests.Deals.Validators.UpdateDealCommandValidatorTests.Validator_WithMissingFirmId_FailsValidation" computerName="SAI-W11" duration="00:00:00.0253901" startTime="2026-04-27T15:11:39.2071930+01:00" endTime="2026-04-27T15:11:39.2071933+01:00" testType="13cdc9d9-ddb5-4fa4-a97d-d965ccfc6d4b" outcome="Passed" testListId="8c84fa94-04c1-424b-9868-57a2d4851a1d" relativeResultsDirectory="6da74120-a6ac-4472-ae4f-d9577396665a" />
    <UnitTestResult executionId="8c234352-aff5-4175-89ab-4994f92af9a2" testId="0fafdfa1-61bf-8775-82a9-04926fe0a66f" testName="Sai.DealAssistant.Application.Tests.Deals.Validators.CreateDealCommandValidatorTests.Validator_InvalidUrl_FailsValidation" computerName="SAI-W11" duration="00:00:00.0034582" startTime="2026-04-27T15:13:04.7215574+01:00" endTime="2026-04-27T15:13:04.7215575+01:00" testType="13cdc9d9-ddb5-4fa4-a97d-d965ccfc6d4b" outcome="Passed" testListId="8c84fa94-04c1-424b-9868-57a2d4851a1d" relativeResultsDirectory="8c234352-aff5-4175-89ab-4994f92af9a2" />
    <UnitTestResult executionId="41d62814-19e7-4c91-b76e-848623fcf975" testId="881f2022-c386-1b1e-7f4a-355bc6907490" testName="Sai.DealAssistant.Application.Tests.DealContactReps.Validators.UpdateContactPersonCommandValidatorTests.Validator_WithValidData_PassesValidation" computerName="SAI-W11" duration="00:00:00.0035190" startTime="2026-04-27T15:13:04.9048811+01:00" endTime="2026-04-27T15:13:04.9048812+01:00" testType="13cdc9d9-ddb5-4fa4-a97d-d965ccfc6d4b" outcome="Passed" testListId="8c84fa94-04c1-424b-9868-57a2d4851a1d" relativeResultsDirectory="41d62814-19e7-4c91-b76e-848623fcf975" />
    <UnitTestResult executionId="3c752701-7cfc-4041-ab8d-513771af21ed" testId="9cd70adb-3cda-a8c6-e84e-0f6d446fd47c" testName="Sai.DealAssistant.Application.Tests.DealContactReps.Handlers.CreateUpdateDeleteContactPerson_Handlers_Tests.Delete_Handler_ThrowsNotFound_WhenDeleteReturnsNull" computerName="SAI-W11" duration="00:00:10.6914439" startTime="2026-04-27T15:12:01.3986636+01:00" endTime="2026-04-27T15:12:01.3986639+01:00" testType="13cdc9d9-ddb5-4fa4-a97d-d965ccfc6d4b" outcome="Passed" testListId="8c84fa94-04c1-424b-9868-57a2d4851a1d" relativeResultsDirectory="3c752701-7cfc-4041-ab8d-513771af21ed" />
    <UnitTestResult executionId="4c4446d9-2688-4730-a886-12786d5a7f59" testId="2c90389a-0ef3-e68c-3769-991cee91ac44" testName="Sai.DealAssistant.Application.Tests.Firms.Handlers.Queries.GetFirmListQuery_Handler_Test.Handler_SortsByName_Ascending" computerName="SAI-W11" duration="00:00:02.2518144" startTime="2026-04-27T15:11:04.6954059+01:00" endTime="2026-04-27T15:11:04.6954062+01:00" testType="13cdc9d9-ddb5-4fa4-a97d-d965ccfc6d4b" outcome="Passed" testListId="8c84fa94-04c1-424b-9868-57a2d4851a1d" relativeResultsDirectory="4c4446d9-2688-4730-a886-12786d5a7f59" />
    <UnitTestResult executionId="6e0a1de5-def7-485f-8958-68975f3e1ee8" testId="d5c2bf5d-b67a-c2c4-27d1-3359f4aab2b8" testName="Sai.DealAssistant.Application.Tests.Events.Handlers.CreateUpdateDeleteEvent_Handlers_Tests.Delete_Handler_ThrowsNotFound_WhenDeleteReturnsNull" computerName="SAI-W11" duration="00:00:11.0216228" startTime="2026-04-27T15:12:46.7386540+01:00" endTime="2026-04-27T15:12:46.7386543+01:00" testType="13cdc9d9-ddb5-4fa4-a97d-d965ccfc6d4b" outcome="Passed" testListId="8c84fa94-04c1-424b-9868-57a2d4851a1d" relativeResultsDirectory="6e0a1de5-def7-485f-8958-68975f3e1ee8" />
    <UnitTestResult executionId="48db90a3-6813-4702-8923-c2f680c1c6de" testId="c839fe75-cdee-d5cc-fa69-317b344adc87" testName="Sai.DealAssistant.Application.Tests.General.Commands.Handlers.UpdateStringFieldCommandHandlersTests.Handler_TableNotExists_Throws" computerName="SAI-W11" duration="00:00:11.1678997" startTime="2026-04-27T15:12:12.2640687+01:00" endTime="2026-04-27T15:12:12.2640689+01:00" testType="13cdc9d9-ddb5-4fa4-a97d-d965ccfc6d4b" outcome="Passed" testListId="8c84fa94-04c1-424b-9868-57a2d4851a1d" relativeResultsDirectory="48db90a3-6813-4702-8923-c2f680c1c6de" />
    <UnitTestResult executionId="1dc6909d-c1a1-45b9-8267-9c1d91a770af" testId="629cd8c5-24d9-67a0-71c4-7dff6a0d988c" testName="Sai.DealAssistant.Application.Tests.DealTags.Handlers.GetCachedTagsQuery_Handler_Test.Handler_ReturnsActualCachedTags_AfterUpdateAndInvalidation" computerName="SAI-W11" duration="00:00:11.7563486" startTime="2026-04-27T15:11:50.2047863+01:00" endTime="2026-04-27T15:11:50.2047864+01:00" testType="13cdc9d9-ddb5-4fa4-a97d-d965ccfc6d4b" outcome="Passed" testListId="8c84fa94-04c1-424b-9868-57a2d4851a1d" relativeResultsDirectory="1dc6909d-c1a1-45b9-8267-9c1d91a770af" />
    <UnitTestResult executionId="70496e7c-c6d8-4981-879a-f70619f5026f" testId="d9c6e8ea-cb63-f8b1-e5b0-19238bf646ed" testName="Sai.DealAssistant.Application.Tests.Firms.Handlers.Queries.GetFirmWithDependentsQuery_Handler_Test.Handler_ReturnsFirmWithDependenciesDto_WhenFirmExists" computerName="SAI-W11" duration="00:00:11.0296531" startTime="2026-04-27T15:12:35.2448719+01:00" endTime="2026-04-27T15:12:35.2448720+01:00" testType="13cdc9d9-ddb5-4fa4-a97d-d965ccfc6d4b" outcome="Passed" testListId="8c84fa94-04c1-424b-9868-57a2d4851a1d" relativeResultsDirectory="70496e7c-c6d8-4981-879a-f70619f5026f" />
    <UnitTestResult executionId="18253534-83dd-432a-a567-f598389f3d48" testId="495b033c-57d8-d075-63fe-223e55443533" testName="Sai.DealAssistant.Application.Tests.DealTags.Handlers.GetDealTagsQuery_Handler_Test.Handle_ReturnsEmpty_ForNonExistingDeal" computerName="SAI-W11" duration="00:00:20.6849592" startTime="2026-04-27T15:11:26.3056654+01:00" endTime="2026-04-27T15:11:26.3056656+01:00" testType="13cdc9d9-ddb5-4fa4-a97d-d965ccfc6d4b" outcome="Passed" testListId="8c84fa94-04c1-424b-9868-57a2d4851a1d" relativeResultsDirectory="18253534-83dd-432a-a567-f598389f3d48" />
    <UnitTestResult executionId="2c25ca68-de0f-451a-a7f7-62a74ea1490c" testId="fdf161cf-eb66-0840-e7e4-bf83dede9728" testName="Sai.DealAssistant.Application.Tests.Firms.Validators.DeleteFirmCommandValidatorTests.Validator_WithAssociatedDeals_FailsValidation" computerName="SAI-W11" duration="00:00:00.0419628" startTime="2026-04-27T15:11:05.5438476+01:00" endTime="2026-04-27T15:11:05.5438480+01:00" testType="13cdc9d9-ddb5-4fa4-a97d-d965ccfc6d4b" outcome="Passed" testListId="8c84fa94-04c1-424b-9868-57a2d4851a1d" relativeResultsDirectory="2c25ca68-de0f-451a-a7f7-62a74ea1490c" />
    <UnitTestResult executionId="90a22dd0-ce3e-4e74-9e71-cff89c540e7b" testId="ae9bee83-7bb3-34e1-87e0-a27bf8ff84a3" testName="Sai.DealAssistant.Application.Tests.Deals.Handlers.Commands.UpdateDealCommandHandlerTests.Handle_WhenClearingOptionalFields_UpdatesSuccessfully" computerName="SAI-W11" duration="00:00:05.7947033" startTime="2026-04-27T15:14:24.0668685+01:00" endTime="2026-04-27T15:14:24.0668686+01:00" testType="13cdc9d9-ddb5-4fa4-a97d-d965ccfc6d4b" outcome="Passed" testListId="8c84fa94-04c1-424b-9868-57a2d4851a1d" relativeResultsDirectory="90a22dd0-ce3e-4e74-9e71-cff89c540e7b" />
    <UnitTestResult executionId="0cd04b31-7817-47d3-919a-585161699555" testId="23bf7f5d-f5f6-c5a3-a14c-76e77bbb3582" testName="Tests.Sai.DealAssistant.Application.Tests.EventNotes.Handlers.CreateUpdateDeleteEventNote_Handlers_Tests.Update_Handler_UpdatesTextOnly_KeepsOrder" computerName="SAI-W11" duration="00:00:04.5202636" startTime="2026-04-27T15:14:28.5604926+01:00" endTime="2026-04-27T15:14:28.5604928+01:00" testType="13cdc9d9-ddb5-4fa4-a97d-d965ccfc6d4b" outcome="Passed" testListId="8c84fa94-04c1-424b-9868-57a2d4851a1d" relativeResultsDirectory="0cd04b31-7817-47d3-919a-585161699555" />
    <UnitTestResult executionId="33311c6f-5b93-4afa-b9e1-b25e4e00916e" testId="c7642d54-63e8-b6da-6610-70590f90f639" testName="Sai.DealAssistant.Application.Tests.General.Commands.Handlers.UpdateStringFieldCommandHandlersTests.Handler_UpdatesStringField_Success" computerName="SAI-W11" duration="00:00:11.4684464" startTime="2026-04-27T15:12:23.7199331+01:00" endTime="2026-04-27T15:12:23.7199333+01:00" testType="13cdc9d9-ddb5-4fa4-a97d-d965ccfc6d4b" outcome="Passed" testListId="8c84fa94-04c1-424b-9868-57a2d4851a1d" relativeResultsDirectory="33311c6f-5b93-4afa-b9e1-b25e4e00916e" />
    <UnitTestResult executionId="96b1e4fd-9570-41e7-95df-ec4cdc3e662f" testId="f425c9e6-1d10-faa9-4d18-3d44e58f6cc9" testName="Sai.DealAssistant.Application.Tests.Deals.Validators.CreateDealCommandValidatorTests.Validator_WithInvalidTypeId_FailsValidation" computerName="SAI-W11" duration="00:00:00.0022810" startTime="2026-04-27T15:13:04.7179643+01:00" endTime="2026-04-27T15:13:04.7179643+01:00" testType="13cdc9d9-ddb5-4fa4-a97d-d965ccfc6d4b" outcome="Passed" testListId="8c84fa94-04c1-424b-9868-57a2d4851a1d" relativeResultsDirectory="96b1e4fd-9570-41e7-95df-ec4cdc3e662f" />
    <UnitTestResult executionId="9d3e60b2-fc84-4b9d-a2e4-ff77e3894089" testId="743f3428-3880-f8ae-56ef-a6be9f3ef5c3" testName="Sai.DealAssistant.Application.Tests.DealContactReps.Handlers.GetContactPersonQuery_Handler_Test.Handler_ThrowsNotFound_ForMissingId" computerName="SAI-W11" duration="00:00:00.1023181" startTime="2026-04-27T15:11:38.4352648+01:00" endTime="2026-04-27T15:11:38.4352649+01:00" testType="13cdc9d9-ddb5-4fa4-a97d-d965ccfc6d4b" outcome="Passed" testListId="8c84fa94-04c1-424b-9868-57a2d4851a1d" relativeResultsDirectory="9d3e60b2-fc84-4b9d-a2e4-ff77e3894089" />
    <UnitTestResult executionId="bdbd39c6-fa4f-422b-83af-e5d7aab3cb6f" testId="58bb6248-2476-afc3-e45d-47f6c826af0d" testName="Tests.Sai.DealAssistant.Application.Tests.EventNotes.Handlers.CreateUpdateDeleteEventNote_Handlers_Tests.Update_Handler_ReturnsDto_OnSuccess" computerName="SAI-W11" duration="00:00:07.2231128" startTime="2026-04-27T15:14:18.5176456+01:00" endTime="2026-04-27T15:14:18.5176459+01:00" testType="13cdc9d9-ddb5-4fa4-a97d-d965ccfc6d4b" outcome="Passed" testListId="8c84fa94-04c1-424b-9868-57a2d4851a1d" relativeResultsDirectory="bdbd39c6-fa4f-422b-83af-e5d7aab3cb6f" />
    <UnitTestResult executionId="39b761fd-ba12-49b3-ad40-dd196f510333" testId="933c3ad0-93e1-141b-30aa-30f1a0271163" testName="Sai.DealAssistant.Application.Tests.Firms.Handlers.Commands.CreateFirmCommand_Handler_Test.Handler_CreatesFirm_WithNullDescription" computerName="SAI-W11" duration="00:00:00.1285394" startTime="2026-04-27T15:11:04.9397376+01:00" endTime="2026-04-27T15:11:04.9397379+01:00" testType="13cdc9d9-ddb5-4fa4-a97d-d965ccfc6d4b" outcome="Passed" testListId="8c84fa94-04c1-424b-9868-57a2d4851a1d" relativeResultsDirectory="39b761fd-ba12-49b3-ad40-dd196f510333" />
    <UnitTestResult executionId="87e7ff83-3ecc-40df-a1f5-4ef432843226" testId="2a5f2790-3994-b99d-cf3f-73573f87c6e1" testName="Tests.Sai.DealAssistant.Application.Tests.EventNotes.Handlers.GetEventNotesQuery_Handler_Test.Handler_ReturnsOnlyNotesForGivenEvent_OrderedByOrder" computerName="SAI-W11" duration="00:00:00.1765686" startTime="2026-04-27T15:12:24.0317504+01:00" endTime="2026-04-27T15:12:24.0317508+01:00" testType="13cdc9d9-ddb5-4fa4-a97d-d965ccfc6d4b" outcome="Passed" testListId="8c84fa94-04c1-424b-9868-57a2d4851a1d" relativeResultsDirectory="87e7ff83-3ecc-40df-a1f5-4ef432843226" />
    <UnitTestResult executionId="d25cceb7-318b-4f74-aa30-31269dabce41" testId="a002fd00-1897-2232-34c5-f8247a91098f" testName="Sai.DealAssistant.Application.Tests.Firms.Handlers.Commands.CreateFirmCommand_Handler_Test.Handler_CreatesFirm_ReturnsDto" computerName="SAI-W11" duration="00:00:00.1340699" startTime="2026-04-27T15:11:05.0740249+01:00" endTime="2026-04-27T15:11:05.0740251+01:00" testType="13cdc9d9-ddb5-4fa4-a97d-d965ccfc6d4b" outcome="Passed" testListId="8c84fa94-04c1-424b-9868-57a2d4851a1d" relativeResultsDirectory="d25cceb7-318b-4f74-aa30-31269dabce41" />
    <UnitTestResult executionId="133bd9c5-4df5-47cc-bd6a-5bee4f342b7b" testId="a5d9d5d3-5238-688b-3c22-7e078d5524de" testName="Sai.DealAssistant.Application.Tests.EventNotes.Validators.CreateUpdateEventNoteCommandValidatorTests.CreateValidator_EmptyText_FailsValidation" computerName="SAI-W11" duration="00:00:00.0042764" startTime="2026-04-27T15:11:05.5858451+01:00" endTime="2026-04-27T15:11:05.5858455+01:00" testType="13cdc9d9-ddb5-4fa4-a97d-d965ccfc6d4b" outcome="Passed" testListId="8c84fa94-04c1-424b-9868-57a2d4851a1d" relativeResultsDirectory="133bd9c5-4df5-47cc-bd6a-5bee4f342b7b" />
    <UnitTestResult executionId="592e84cf-54cf-4aa7-8fd5-0f3eaaa3f0ca" testId="7b2a7547-5086-e85c-579a-e842601b0438" testName="Sai.DealAssistant.Application.Tests.Events.Validators.CreateEventCommandValidatorTests.Validator_MissingDate_FailsValidation" computerName="SAI-W11" duration="00:00:00.0036833" startTime="2026-04-27T15:13:04.8823863+01:00" endTime="2026-04-27T15:13:04.8823866+01:00" testType="13cdc9d9-ddb5-4fa4-a97d-d965ccfc6d4b" outcome="Passed" testListId="8c84fa94-04c1-424b-9868-57a2d4851a1d" relativeResultsDirectory="592e84cf-54cf-4aa7-8fd5-0f3eaaa3f0ca" />
    <UnitTestResult executionId="0aee7d8b-3d51-49c3-a3c0-49a8514897e0" testId="1902d96c-c490-6c35-a870-7be214315425" testName="Sai.DealAssistant.Application.Tests.Deals.Handlers.Queries.GetDealListItemQuery_Handler_Test.Handler_ReturnsCorrectDto_ForEachDeal" computerName="SAI-W11" duration="00:00:00.1793393" startTime="2026-04-27T15:11:05.1119708+01:00" endTime="2026-04-27T15:11:05.1119709+01:00" testType="13cdc9d9-ddb5-4fa4-a97d-d965ccfc6d4b" outcome="Passed" testListId="8c84fa94-04c1-424b-9868-57a2d4851a1d" relativeResultsDirectory="0aee7d8b-3d51-49c3-a3c0-49a8514897e0" />
    <UnitTestResult executionId="2d69ec1b-529b-4b33-ace4-b8c0ee716112" testId="c4d4a574-ac19-3511-91bf-974e8138f887" testName="Sai.DealAssistant.Application.Tests.DealContactReps.Validators.UpdateContactPersonCommandValidatorTests.Validator_InvalidEmail_FailsValidation" computerName="SAI-W11" duration="00:00:00.0013323" startTime="2026-04-27T15:13:04.9049683+01:00" endTime="2026-04-27T15:13:04.9049684+01:00" testType="13cdc9d9-ddb5-4fa4-a97d-d965ccfc6d4b" outcome="Passed" testListId="8c84fa94-04c1-424b-9868-57a2d4851a1d" relativeResultsDirectory="2d69ec1b-529b-4b33-ace4-b8c0ee716112" />
    <UnitTestResult executionId="0c4a7d22-4287-4f11-8753-fa38d7230fb3" testId="b7894b4f-fca0-0879-2463-8a094b58a160" testName="Sai.DealAssistant.Application.Tests.Firms.Validators.CreateFirmCommandValidatorTests.Validator_WithDuplicateName_FailsValidation" computerName="SAI-W11" duration="00:00:00.0020899" startTime="2026-04-27T15:11:02.4292730+01:00" endTime="2026-04-27T15:11:02.4292734+01:00" testType="13cdc9d9-ddb5-4fa4-a97d-d965ccfc6d4b" outcome="Passed" testListId="8c84fa94-04c1-424b-9868-57a2d4851a1d" relativeResultsDirectory="0c4a7d22-4287-4f11-8753-fa38d7230fb3" />
    <UnitTestResult executionId="beb7a420-d34f-49fb-a6cc-cd6c6d604724" testId="2ee463c6-9740-e11a-475c-ccb54a043216" testName="Sai.DealAssistant.Application.Tests.DealContactReps.Validators.CreateContactPersonCommandValidatorTests.Validator_InvalidEmail_FailsValidation" computerName="SAI-W11" duration="00:00:00.0192815" startTime="2026-04-27T15:11:38.9884433+01:00" endTime="2026-04-27T15:11:38.9884435+01:00" testType="13cdc9d9-ddb5-4fa4-a97d-d965ccfc6d4b" outcome="Passed" testListId="8c84fa94-04c1-424b-9868-57a2d4851a1d" relativeResultsDirectory="beb7a420-d34f-49fb-a6cc-cd6c6d604724" />
    <UnitTestResult executionId="b2c81be4-cd06-4aec-95a0-680010d97af0" testId="18671a8c-6efe-11d2-ca3d-dc25945daa7a" testName="Sai.DealAssistant.Application.Tests.Events.Handlers.CreateUpdateDeleteEvent_Handlers_Tests.Create_Handler_CreatesEventWithoutContactPerson_OnSuccess" computerName="SAI-W11" duration="00:00:10.9922284" startTime="2026-04-27T15:12:35.7176568+01:00" endTime="2026-04-27T15:12:35.7176570+01:00" testType="13cdc9d9-ddb5-4fa4-a97d-d965ccfc6d4b" outcome="Passed" testListId="8c84fa94-04c1-424b-9868-57a2d4851a1d" relativeResultsDirectory="b2c81be4-cd06-4aec-95a0-680010d97af0" />
    <UnitTestResult executionId="20b42d49-84d1-4904-80a9-9e14a36c4048" testId="bd7c5436-61e0-7434-b636-70832acc4d44" testName="Sai.DealAssistant.Application.Tests.DealContactReps.Handlers.CreateUpdateDeleteContactPerson_Handlers_Tests.Create_Handler_ReturnsDto_OnSuccess" computerName="SAI-W11" duration="00:00:09.4156897" startTime="2026-04-27T15:13:04.6911953+01:00" endTime="2026-04-27T15:13:04.6911956+01:00" testType="13cdc9d9-ddb5-4fa4-a97d-d965ccfc6d4b" outcome="Passed" testListId="8c84fa94-04c1-424b-9868-57a2d4851a1d" relativeResultsDirectory="20b42d49-84d1-4904-80a9-9e14a36c4048" />
    <UnitTestResult executionId="943a01cb-f783-4b1e-8b9b-8485a7ab858b" testId="6d3b955f-1923-9f6c-2bba-a3be345173d5" testName="Sai.DealAssistant.Application.Tests.Events.Handlers.CreateUpdateDeleteEvent_Handlers_Tests.Delete_Handler_DeletesOneEvent_LeavesOthers" computerName="SAI-W11" duration="00:00:09.4937775" startTime="2026-04-27T15:13:54.6995779+01:00" endTime="2026-04-27T15:13:54.6995781+01:00" testType="13cdc9d9-ddb5-4fa4-a97d-d965ccfc6d4b" outcome="Passed" testListId="8c84fa94-04c1-424b-9868-57a2d4851a1d" relativeResultsDirectory="943a01cb-f783-4b1e-8b9b-8485a7ab858b" />
    <UnitTestResult executionId="5b9ae129-9228-4d07-8e1d-bcc26b8b465d" testId="0fde6c1a-b2fe-4203-05b2-d4cf57f336a9" testName="Sai.DealAssistant.Application.Tests.DealContactReps.Handlers.CreateUpdateDeleteContactPerson_Handlers_Tests.Delete_Handler_DeletesContactPersonWithEvents_Successfully" computerName="SAI-W11" duration="00:00:10.9213429" startTime="2026-04-27T15:12:12.3496017+01:00" endTime="2026-04-27T15:12:12.3496019+01:00" testType="13cdc9d9-ddb5-4fa4-a97d-d965ccfc6d4b" outcome="Passed" testListId="8c84fa94-04c1-424b-9868-57a2d4851a1d" relativeResultsDirectory="5b9ae129-9228-4d07-8e1d-bcc26b8b465d" />
    <UnitTestResult executionId="fd7ecb34-163c-4a1d-acb7-577224bfc86b" testId="36ae1d82-4e8b-74d9-9c60-6fc2b16a3c42" testName="Sai.DealAssistant.Application.Tests.Events.Validators.UpdateEventCommandValidatorTests.Validator_MissingDate_FailsValidation" computerName="SAI-W11" duration="00:00:00.0105101" startTime="2026-04-27T15:11:38.5532718+01:00" endTime="2026-04-27T15:11:38.5532720+01:00" testType="13cdc9d9-ddb5-4fa4-a97d-d965ccfc6d4b" outcome="Passed" testListId="8c84fa94-04c1-424b-9868-57a2d4851a1d" relativeResultsDirectory="fd7ecb34-163c-4a1d-acb7-577224bfc86b" />
    <UnitTestResult executionId="c33c5bfe-d150-4477-9ac3-064d34ec3664" testId="c1caa4de-dfe0-7a57-4f63-fed754cc8530" testName="Sai.DealAssistant.Application.Tests.Firms.Validators.CreateFirmCommandValidatorTests.Validator_WithValidData_PassesValidation" computerName="SAI-W11" duration="00:00:00.0021470" startTime="2026-04-27T15:11:02.4270919+01:00" endTime="2026-04-27T15:11:02.4270923+01:00" testType="13cdc9d9-ddb5-4fa4-a97d-d965ccfc6d4b" outcome="Passed" testListId="8c84fa94-04c1-424b-9868-57a2d4851a1d" relativeResultsDirectory="c33c5bfe-d150-4477-9ac3-064d34ec3664" />
    <UnitTestResult executionId="eb51fafd-b7cc-436f-998e-24cc5204c4bc" testId="baf77d66-569e-a2b4-1102-4e9a68423ddf" testName="Sai.DealAssistant.Application.Tests.Firms.Handlers.Queries.GetFirmListQuery_Handler_Test.Handler_SortsByCountry_Descending" computerName="SAI-W11" duration="00:00:00.1598298" startTime="2026-04-27T15:11:05.2705219+01:00" endTime="2026-04-27T15:11:05.2705224+01:00" testType="13cdc9d9-ddb5-4fa4-a97d-d965ccfc6d4b" outcome="Passed" testListId="8c84fa94-04c1-424b-9868-57a2d4851a1d" relativeResultsDirectory="eb51fafd-b7cc-436f-998e-24cc5204c4bc" />
    <UnitTestResult executionId="d98ad523-8f2e-4ae5-84ea-496439d4781b" testId="50ed6515-ebe4-62cd-69f3-1674aa7e9858" testName="Sai.DealAssistant.Application.Tests.Firms.Validators.UpdateFirmCommandValidatorTests.Validator_WithEmptyName_FailsValidation" computerName="SAI-W11" duration="00:00:00.0019483" startTime="2026-04-27T15:13:04.7844260+01:00" endTime="2026-04-27T15:13:04.7844263+01:00" testType="13cdc9d9-ddb5-4fa4-a97d-d965ccfc6d4b" outcome="Passed" testListId="8c84fa94-04c1-424b-9868-57a2d4851a1d" relativeResultsDirectory="d98ad523-8f2e-4ae5-84ea-496439d4781b" />
    <UnitTestResult executionId="dade7b8d-936f-4fa9-aa48-ebb9fe3a8e60" testId="8f37dbdf-247f-49be-4926-9acad335beaf" testName="Sai.DealAssistant.Application.Tests.Events.Handlers.CreateUpdateDeleteEvent_Handlers_Tests.Update_Handler_ClearsContactPerson_OnSuccess" computerName="SAI-W11" duration="00:00:09.4643619" startTime="2026-04-27T15:13:06.2308070+01:00" endTime="2026-04-27T15:13:06.2308072+01:00" testType="13cdc9d9-ddb5-4fa4-a97d-d965ccfc6d4b" outcome="Passed" testListId="8c84fa94-04c1-424b-9868-57a2d4851a1d" relativeResultsDirectory="dade7b8d-936f-4fa9-aa48-ebb9fe3a8e60" />
    <UnitTestResult executionId="abd7b86d-cb35-4965-9298-d7bf3641c563" testId="13758c60-fb8a-4c92-d201-e8b9d52adb16" testName="Sai.DealAssistant.Application.Tests.Deals.Handlers.Queries.GetDealListQuery_Handler_Test.Handler_SortsByIndustry_Descending" computerName="SAI-W11" duration="00:00:10.9344439" startTime="2026-04-27T15:12:11.6166011+01:00" endTime="2026-04-27T15:12:11.6166012+01:00" testType="13cdc9d9-ddb5-4fa4-a97d-d965ccfc6d4b" outcome="Passed" testListId="8c84fa94-04c1-424b-9868-57a2d4851a1d" relativeResultsDirectory="abd7b86d-cb35-4965-9298-d7bf3641c563" />
    <UnitTestResult executionId="8c1c3a9b-9e48-4305-b024-5744ba03fb0a" testId="2d017ba0-09ea-2119-c786-48b33067cc65" testName="Sai.DealAssistant.Application.Tests.EventNotes.Validators.CreateUpdateEventNoteCommandValidatorTests.CreateValidator_WithValidEvent_PassesValidation" computerName="SAI-W11" duration="00:00:00.0209928" startTime="2026-04-27T15:11:05.5814374+01:00" endTime="2026-04-27T15:11:05.5814377+01:00" testType="13cdc9d9-ddb5-4fa4-a97d-d965ccfc6d4b" outcome="Passed" testListId="8c84fa94-04c1-424b-9868-57a2d4851a1d" relativeResultsDirectory="8c1c3a9b-9e48-4305-b024-5744ba03fb0a" />
    <UnitTestResult executionId="9ec629a5-9885-4bae-82d9-9f595c7429a2" testId="acd1dd3c-b571-66fb-e44d-61c4f3a9078b" testName="Sai.DealAssistant.Application.Tests.Firms.Handlers.Queries.GetFirmListQuery_Handler_Test.Handler_SortsByName_Descending" computerName="SAI-W11" duration="00:00:00.1283408" startTime="2026-04-27T15:11:04.9759448+01:00" endTime="2026-04-27T15:11:04.9759451+01:00" testType="13cdc9d9-ddb5-4fa4-a97d-d965ccfc6d4b" outcome="Passed" testListId="8c84fa94-04c1-424b-9868-57a2d4851a1d" relativeResultsDirectory="9ec629a5-9885-4bae-82d9-9f595c7429a2" />
    <UnitTestResult executionId="7bce7e4b-6445-407e-950d-b96a589aeabc" testId="0c0ce932-2dbe-bf44-41a7-417bf6e2b34d" testName="Sai.DealAssistant.Application.Tests.Firms.Validators.DeleteFirmCommandValidatorTests.Validator_WithNoAssociatedDeals_PassesValidation" computerName="SAI-W11" duration="00:00:00.0029080" startTime="2026-04-27T15:11:05.5568216+01:00" endTime="2026-04-27T15:11:05.5568220+01:00" testType="13cdc9d9-ddb5-4fa4-a97d-d965ccfc6d4b" outcome="Passed" testListId="8c84fa94-04c1-424b-9868-57a2d4851a1d" relativeResultsDirectory="7bce7e4b-6445-407e-950d-b96a589aeabc" />
    <UnitTestResult executionId="fe07cb29-329d-421c-b0d7-989da070ac41" testId="db2eb345-2bfa-3f80-690f-603ed52aa3ee" testName="Sai.DealAssistant.Application.Tests.Firms.Validators.UpdateFirmCommandValidatorTests.Validator_WithCountryExceeding100Chars_FailsValidation" computerName="SAI-W11" duration="00:00:00.0205471" startTime="2026-04-27T15:13:04.7723299+01:00" endTime="2026-04-27T15:13:04.7723300+01:00" testType="13cdc9d9-ddb5-4fa4-a97d-d965ccfc6d4b" outcome="Passed" testListId="8c84fa94-04c1-424b-9868-57a2d4851a1d" relativeResultsDirectory="fe07cb29-329d-421c-b0d7-989da070ac41" />
    <UnitTestResult executionId="ead93488-0a1b-4d12-b9b2-b2fcb5659893" testId="cb31a920-a1be-5f1f-3118-6418ba763a57" testName="Sai.DealAssistant.Application.Tests.DealContactReps.Handlers.CreateUpdateDeleteContactPerson_Handlers_Tests.Create_Handler_CreatesMinimalContactPerson_OnSuccess" computerName="SAI-W11" duration="00:00:10.6826335" startTime="2026-04-27T15:12:34.3885266+01:00" endTime="2026-04-27T15:12:34.3885267+01:00" testType="13cdc9d9-ddb5-4fa4-a97d-d965ccfc6d4b" outcome="Passed" testListId="8c84fa94-04c1-424b-9868-57a2d4851a1d" relativeResultsDirectory="ead93488-0a1b-4d12-b9b2-b2fcb5659893" />
    <UnitTestResult executionId="fe9c0dbf-d9f5-499c-b28a-8175b97b2966" testId="0e212155-7866-49b3-3c44-ed8a4c1b821d" testName="Sai.DealAssistant.Application.Tests.General.Commands.Handlers.UpdateDateFieldCommandHandlersTests.Handler_UpdatesDateField_Success" computerName="SAI-W11" duration="00:00:09.8017302" startTime="2026-04-27T15:13:24.1853666+01:00" endTime="2026-04-27T15:13:24.1853669+01:00" testType="13cdc9d9-ddb5-4fa4-a97d-d965ccfc6d4b" outcome="Passed" testListId="8c84fa94-04c1-424b-9868-57a2d4851a1d" relativeResultsDirectory="fe9c0dbf-d9f5-499c-b28a-8175b97b2966" />
    <UnitTestResult executionId="7acd23c9-3671-430a-9d6e-698b4889058c" testId="ebe3f136-269c-5354-b67e-85b2a1c2cec3" testName="Sai.DealAssistant.Application.Tests.Firms.Handlers.Commands.UpdateFirmCommand_Handler_Test.Handler_ThrowsNotFoundException_WhenFirmDoesNotExist" computerName="SAI-W11" duration="00:00:00.0614330" startTime="2026-04-27T15:12:24.6842040+01:00" endTime="2026-04-27T15:12:24.6842043+01:00" testType="13cdc9d9-ddb5-4fa4-a97d-d965ccfc6d4b" outcome="Passed" testListId="8c84fa94-04c1-424b-9868-57a2d4851a1d" relativeResultsDirectory="7acd23c9-3671-430a-9d6e-698b4889058c" />
    <UnitTestResult executionId="6dcbc564-cd58-471b-b407-8e5749161d41" testId="b4a8c2c2-7946-5251-78bb-859a8a17cebb" testName="Sai.DealAssistant.Application.Tests.Deals.Validators.CreateDealCommandValidatorTests.Validator_WithValidIds_PassesValidation" computerName="SAI-W11" duration="00:00:00.0216579" startTime="2026-04-27T15:13:04.7152455+01:00" endTime="2026-04-27T15:13:04.7152462+01:00" testType="13cdc9d9-ddb5-4fa4-a97d-d965ccfc6d4b" outcome="Passed" testListId="8c84fa94-04c1-424b-9868-57a2d4851a1d" relativeResultsDirectory="6dcbc564-cd58-471b-b407-8e5749161d41" />
    <UnitTestResult executionId="d73dc425-e591-4c27-9bca-4a36d5185174" testId="b8f675f0-18b2-95b4-ed27-9fd52d149362" testName="Sai.DealAssistant.Application.Tests.Firms.Validators.CreateFirmCommandValidatorTests.Validator_WithEmptyName_FailsValidation" computerName="SAI-W11" duration="00:00:00.0043922" startTime="2026-04-27T15:11:02.4228239+01:00" endTime="2026-04-27T15:11:02.4228241+01:00" testType="13cdc9d9-ddb5-4fa4-a97d-d965ccfc6d4b" outcome="Passed" testListId="8c84fa94-04c1-424b-9868-57a2d4851a1d" relativeResultsDirectory="d73dc425-e591-4c27-9bca-4a36d5185174" />
    <UnitTestResult executionId="3a7202fc-9c42-4ef3-91d0-40eaad1afda0" testId="40573bfb-fe7e-6fdf-eac9-5b2640b1fd33" testName="Sai.DealAssistant.Application.Tests.Events.Validators.CreateEventCommandValidatorTests.Validator_MissingTopic_FailsValidation" computerName="SAI-W11" duration="00:00:00.0067103" startTime="2026-04-27T15:13:04.8544936+01:00" endTime="2026-04-27T15:13:04.8544938+01:00" testType="13cdc9d9-ddb5-4fa4-a97d-d965ccfc6d4b" outcome="Passed" testListId="8c84fa94-04c1-424b-9868-57a2d4851a1d" relativeResultsDirectory="3a7202fc-9c42-4ef3-91d0-40eaad1afda0" />
    <UnitTestResult executionId="4e1538ca-3dea-4b09-9513-3c624d1fd2ee" testId="1e8a699c-f03f-aefc-bfba-b198d444526b" testName="Tests.Sai.DealAssistant.Application.Tests.EventNotes.Handlers.CreateUpdateDeleteEventNote_Handlers_Tests.Delete_Handler_ThrowsNotFound_WhenDeleteReturnsNull" computerName="SAI-W11" duration="00:00:05.5240842" startTime="2026-04-27T15:14:24.0400171+01:00" endTime="2026-04-27T15:14:24.0400174+01:00" testType="13cdc9d9-ddb5-4fa4-a97d-d965ccfc6d4b" outcome="Passed" testListId="8c84fa94-04c1-424b-9868-57a2d4851a1d" relativeResultsDirectory="4e1538ca-3dea-4b09-9513-3c624d1fd2ee" />
    <UnitTestResult executionId="c48cb88f-66bb-4adf-8c24-542f267d1c9d" testId="ddeaddda-566f-02a5-e3d9-ad12dcb517e1" testName="Sai.DealAssistant.Application.Tests.Deals.Validators.CreateDealCommandValidatorTests.Validator_WithMissingFirmId_FailsValidation" computerName="SAI-W11" duration="00:00:00.0045446" startTime="2026-04-27T15:13:04.7719364+01:00" endTime="2026-04-27T15:13:04.7719367+01:00" testType="13cdc9d9-ddb5-4fa4-a97d-d965ccfc6d4b" outcome="Failed" testListId="8c84fa94-04c1-424b-9868-57a2d4851a1d" relativeResultsDirectory="c48cb88f-66bb-4adf-8c24-542f267d1c9d">
      <Output>
        <ErrorInfo>
          <Message>FluentValidation.TestHelper.ValidationTestException : Expected a validation error for property FirmId</Message>
          <StackTrace>   at FluentValidation.TestHelper.TestValidationResult`1.ShouldHaveValidationError(String propertyName, Boolean shouldNormalizePropertyName) in /_/src/FluentValidation/TestHelper/TestValidationResult.cs:line 81&#xD;
   at FluentValidation.TestHelper.TestValidationResult`1.ShouldHaveValidationErrorFor[TProperty](Expression`1 memberAccessor) in /_/src/FluentValidation/TestHelper/TestValidationResult.cs:line 38&#xD;
   at Sai.DealAssistant.Application.Tests.Deals.Validators.CreateDealCommandValidatorTests.Validator_WithMissingFirmId_FailsValidation() in C:\_PROJ\Sai.DealAssistant\sai-deal-assistant-backend\src\Tests\Sai.DealAssistant.Application.Tests\Deals\Validators\CreateDealCommandValidatorTests.cs:line 116&#xD;
--- End of stack trace from previous location ---</StackTrace>
        </ErrorInfo>
      </Output>
    </UnitTestResult>
    <UnitTestResult executionId="c67ad8db-1998-4ba7-8d56-7083e4a61c32" testId="8d139094-3458-6d6b-946b-daa350a9e3c8" testName="Sai.DealAssistant.Application.Tests.DealTags.Handlers.GetDealTagsQuery_Handler_Test.Handle_ReturnsTags_ForExistingDeal" computerName="SAI-W11" duration="00:00:11.8555004" startTime="2026-04-27T15:11:38.1619951+01:00" endTime="2026-04-27T15:11:38.1619952+01:00" testType="13cdc9d9-ddb5-4fa4-a97d-d965ccfc6d4b" outcome="Passed" testListId="8c84fa94-04c1-424b-9868-57a2d4851a1d" relativeResultsDirectory="c67ad8db-1998-4ba7-8d56-7083e4a61c32" />
    <UnitTestResult executionId="a368b41c-fa46-4f94-abc5-840e3ba01dcc" testId="bd758e52-2a5c-c3b1-85db-e6c789d4c4bd" testName="Sai.DealAssistant.Application.Tests.Deals.Handlers.Queries.GetDealListQuery_Handler_Test.Handler_SortsByName_Descending" computerName="SAI-W11" duration="00:00:11.2287933" startTime="2026-04-27T15:12:22.8465215+01:00" endTime="2026-04-27T15:12:22.8465216+01:00" testType="13cdc9d9-ddb5-4fa4-a97d-d965ccfc6d4b" outcome="Passed" testListId="8c84fa94-04c1-424b-9868-57a2d4851a1d" relativeResultsDirectory="a368b41c-fa46-4f94-abc5-840e3ba01dcc" />
    <UnitTestResult executionId="3f63a5b7-38b3-4f34-96a0-944f2817fd06" testId="36c6cd53-7c64-f616-5f78-a73f345d718e" testName="Sai.DealAssistant.Application.Tests.General.Commands.Handlers.UpdateNumericFieldCommandHandlersTests.Handler_UpdatesNumericField_Success" computerName="SAI-W11" duration="00:00:11.2034768" startTime="2026-04-27T15:12:13.0368634+01:00" endTime="2026-04-27T15:12:13.0368635+01:00" testType="13cdc9d9-ddb5-4fa4-a97d-d965ccfc6d4b" outcome="Passed" testListId="8c84fa94-04c1-424b-9868-57a2d4851a1d" relativeResultsDirectory="3f63a5b7-38b3-4f34-96a0-944f2817fd06" />
    <UnitTestResult executionId="af80c7c8-558b-4887-8310-83647476fbd9" testId="fc56cc8b-ff8f-25a1-63b1-10b431070006" testName="Sai.DealAssistant.Application.Tests.Deals.Validators.CreateDealCommandValidatorTests.Validator_WithInvalidStateId_FailsValidation" computerName="SAI-W11" duration="00:00:00.0052505" startTime="2026-04-27T15:13:04.7155453+01:00" endTime="2026-04-27T15:13:04.7155455+01:00" testType="13cdc9d9-ddb5-4fa4-a97d-d965ccfc6d4b" outcome="Passed" testListId="8c84fa94-04c1-424b-9868-57a2d4851a1d" relativeResultsDirectory="af80c7c8-558b-4887-8310-83647476fbd9" />
    <UnitTestResult executionId="44127734-2345-477a-9762-c04ebf7d3fa1" testId="c633514c-389b-92f5-395f-c76bef4fdca4" testName="Sai.DealAssistant.Application.Tests.Firms.Handlers.Queries.GetFirmListQuery_Handler_Test.Handler_PaginatesResults" computerName="SAI-W11" duration="00:00:00.1754813" startTime="2026-04-27T15:11:05.4461974+01:00" endTime="2026-04-27T15:11:05.4461977+01:00" testType="13cdc9d9-ddb5-4fa4-a97d-d965ccfc6d4b" outcome="Passed" testListId="8c84fa94-04c1-424b-9868-57a2d4851a1d" relativeResultsDirectory="44127734-2345-477a-9762-c04ebf7d3fa1" />
    <UnitTestResult executionId="d100f770-5215-4b3f-b096-5e10152ec2c7" testId="e3a59cf5-a000-f561-7b2b-cac7dde66cbe" testName="Sai.DealAssistant.Application.Tests.Events.Validators.CreateEventCommandValidatorTests.Validator_InvalidStateId_FailsValidation" computerName="SAI-W11" duration="00:00:00.0038737" startTime="2026-04-27T15:13:04.8602224+01:00" endTime="2026-04-27T15:13:04.8602225+01:00" testType="13cdc9d9-ddb5-4fa4-a97d-d965ccfc6d4b" outcome="Passed" testListId="8c84fa94-04c1-424b-9868-57a2d4851a1d" relativeResultsDirectory="d100f770-5215-4b3f-b096-5e10152ec2c7" />
    <UnitTestResult executionId="a7d0edff-5f9e-491b-b84e-d71fdc49fe09" testId="533f757e-ca19-875e-d571-dc0d61e93db8" testName="Sai.DealAssistant.Application.Tests.Firms.Handlers.Queries.GetFirmQuery_Handler_Test.Handler_ThrowsNotFoundException_WhenFirmDoesNotExist" computerName="SAI-W11" duration="00:00:00.0892994" startTime="2026-04-27T15:11:50.8657303+01:00" endTime="2026-04-27T15:11:50.8657304+01:00" testType="13cdc9d9-ddb5-4fa4-a97d-d965ccfc6d4b" outcome="Passed" testListId="8c84fa94-04c1-424b-9868-57a2d4851a1d" relativeResultsDirectory="a7d0edff-5f9e-491b-b84e-d71fdc49fe09" />
    <UnitTestResult executionId="e1fe503d-0bd0-4387-92ff-5188c870aa47" testId="7b0793ba-e7b3-0ae6-d30f-fab050b9a833" testName="Sai.DealAssistant.Application.Tests.General.Queries.GetCachedStringOptionsTests.ReturnsDistinctOptions_ForDealStatus" computerName="SAI-W11" duration="00:00:00.1098320" startTime="2026-04-27T15:12:23.8513110+01:00" endTime="2026-04-27T15:12:23.8513112+01:00" testType="13cdc9d9-ddb5-4fa4-a97d-d965ccfc6d4b" outcome="Passed" testListId="8c84fa94-04c1-424b-9868-57a2d4851a1d" relativeResultsDirectory="e1fe503d-0bd0-4387-92ff-5188c870aa47" />
    <UnitTestResult executionId="ad839b48-3b8c-449b-88fc-ad09fd138ba9" testId="22fd59cc-85b6-2a51-8c50-cb8047171e7a" testName="Sai.DealAssistant.Application.Tests.DealTags.Handlers.AddDeleteDealTag_Handlers_Tests.DeleteDealTagCommand_ThrowsNotFound_WhenTagDoesNotExist" computerName="SAI-W11" duration="00:00:09.4482068" startTime="2026-04-27T15:14:14.3388701+01:00" endTime="2026-04-27T15:14:14.3388704+01:00" testType="13cdc9d9-ddb5-4fa4-a97d-d965ccfc6d4b" outcome="Passed" testListId="8c84fa94-04c1-424b-9868-57a2d4851a1d" relativeResultsDirectory="ad839b48-3b8c-449b-88fc-ad09fd138ba9" />
    <UnitTestResult executionId="ed9fe81b-3c0d-4dec-8a1d-8fed516d9164" testId="c7f2cd1f-e56a-fcba-ab73-6b8cb5e5e295" testName="Sai.DealAssistant.Application.Tests.Firms.Validators.UpdateFirmCommandValidatorTests.Validator_WithDuplicateName_FailsValidation" computerName="SAI-W11" duration="00:00:00.0103809" startTime="2026-04-27T15:13:04.7823518+01:00" endTime="2026-04-27T15:13:04.7823520+01:00" testType="13cdc9d9-ddb5-4fa4-a97d-d965ccfc6d4b" outcome="Passed" testListId="8c84fa94-04c1-424b-9868-57a2d4851a1d" relativeResultsDirectory="ed9fe81b-3c0d-4dec-8a1d-8fed516d9164" />
    <UnitTestResult executionId="096c348c-967e-4947-93ec-618a581a358a" testId="9cbf862a-8639-a119-d369-8681bcff4eee" testName="Sai.DealAssistant.Application.Tests.General.Commands.Validators.UpdateStringFieldCommandValidatorTests.Validator_Url_Fails" computerName="SAI-W11" duration="00:00:00.0005451" startTime="2026-04-27T15:11:38.1786732+01:00" endTime="2026-04-27T15:11:38.1786733+01:00" testType="13cdc9d9-ddb5-4fa4-a97d-d965ccfc6d4b" outcome="Passed" testListId="8c84fa94-04c1-424b-9868-57a2d4851a1d" relativeResultsDirectory="096c348c-967e-4947-93ec-618a581a358a" />
    <UnitTestResult executionId="e5a59593-360b-4ff0-a6c5-f69dedbcd6b2" testId="06992ab8-25e8-d496-fd5f-76726e7dce10" testName="Sai.DealAssistant.Application.Tests.Events.Validators.UpdateEventCommandValidatorTests.Validator_WithContactPersonId_SameFirmAsDeal_PassesValidation" computerName="SAI-W11" duration="00:00:00.0111860" startTime="2026-04-27T15:11:38.5703876+01:00" endTime="2026-04-27T15:11:38.5703879+01:00" testType="13cdc9d9-ddb5-4fa4-a97d-d965ccfc6d4b" outcome="Passed" testListId="8c84fa94-04c1-424b-9868-57a2d4851a1d" relativeResultsDirectory="e5a59593-360b-4ff0-a6c5-f69dedbcd6b2" />
    <UnitTestResult executionId="35a85223-d4d9-4195-b16f-1ebf8d5f9958" testId="513c9018-4344-9ec3-aff9-e085e0adfc96" testName="Sai.DealAssistant.Application.Tests.Firms.Handlers.Queries.GetFirmListQuery_Handler_Test.Handler_SortsByCountry_Ascending" computerName="SAI-W11" duration="00:00:00.1415049" startTime="2026-04-27T15:11:04.8353357+01:00" endTime="2026-04-27T15:11:04.8353362+01:00" testType="13cdc9d9-ddb5-4fa4-a97d-d965ccfc6d4b" outcome="Passed" testListId="8c84fa94-04c1-424b-9868-57a2d4851a1d" relativeResultsDirectory="35a85223-d4d9-4195-b16f-1ebf8d5f9958" />
    <UnitTestResult executionId="5bdfed54-e789-44ba-9dcf-ae3d3aa3fc20" testId="86184b2c-2ee0-9487-4bc4-5b4ddf119333" testName="Sai.DealAssistant.Application.Tests.General.Commands.Validators.UpdateStringFieldCommandValidatorTests.Validator_NotEmpty_Fails" computerName="SAI-W11" duration="00:00:00.0007241" startTime="2026-04-27T15:11:38.1731863+01:00" endTime="2026-04-27T15:11:38.1731864+01:00" testType="13cdc9d9-ddb5-4fa4-a97d-d965ccfc6d4b" outcome="Passed" testListId="8c84fa94-04c1-424b-9868-57a2d4851a1d" relativeResultsDirectory="5bdfed54-e789-44ba-9dcf-ae3d3aa3fc20" />
    <UnitTestResult executionId="8389ccee-8aae-4801-b8a6-789a5f756c86" testId="2d8166ad-54d5-75fc-5123-3d629fa0d53f" testName="Sai.DealAssistant.Application.Tests.Firms.Validators.UpdateFirmCommandValidatorTests.Validator_WithNameExceeding100Chars_FailsValidation" computerName="SAI-W11" duration="00:00:00.0044361" startTime="2026-04-27T15:13:04.7891097+01:00" endTime="2026-04-27T15:13:04.7891100+01:00" testType="13cdc9d9-ddb5-4fa4-a97d-d965ccfc6d4b" outcome="Passed" testListId="8c84fa94-04c1-424b-9868-57a2d4851a1d" relativeResultsDirectory="8389ccee-8aae-4801-b8a6-789a5f756c86" />
    <UnitTestResult executionId="4ed50e9d-d1ca-4615-b18c-f7df54fdd8ac" testId="084e271d-8ef2-e0b0-1e56-b07af870db16" testName="Sai.DealAssistant.Application.Tests.DealContactReps.Handlers.CreateUpdateDeleteContactPerson_Handlers_Tests.Update_Handler_ReturnsDto_OnSuccess" computerName="SAI-W11" duration="00:00:10.9755903" startTime="2026-04-27T15:12:45.3655129+01:00" endTime="2026-04-27T15:12:45.3655131+01:00" testType="13cdc9d9-ddb5-4fa4-a97d-d965ccfc6d4b" outcome="Passed" testListId="8c84fa94-04c1-424b-9868-57a2d4851a1d" relativeResultsDirectory="4ed50e9d-d1ca-4615-b18c-f7df54fdd8ac" />
    <UnitTestResult executionId="a85d142e-600f-4779-90bd-9f7908992296" testId="e4b5be9e-4a10-ccdf-961b-b05c11ee1977" testName="Sai.DealAssistant.Application.Tests.Firms.Validators.CreateFirmCommandValidatorTests.Validator_WithNameExceeding100Chars_FailsValidation" computerName="SAI-W11" duration="00:00:00.2152234" startTime="2026-04-27T15:11:02.4148072+01:00" endTime="2026-04-27T15:11:02.4148405+01:00" testType="13cdc9d9-ddb5-4fa4-a97d-d965ccfc6d4b" outcome="Passed" testListId="8c84fa94-04c1-424b-9868-57a2d4851a1d" relativeResultsDirectory="a85d142e-600f-4779-90bd-9f7908992296" />
    <UnitTestResult executionId="3feb48fb-4492-4b10-8885-2f6b10ab9e0d" testId="4ffafaec-9e35-07c0-59b2-a10117a5c59e" testName="Sai.DealAssistant.Application.Tests.Events.Validators.UpdateEventCommandValidatorTests.Validator_WithValidData_NoContactPerson_PassesValidation" computerName="SAI-W11" duration="00:00:00.0054849" startTime="2026-04-27T15:11:38.5989352+01:00" endTime="2026-04-27T15:11:38.5989355+01:00" testType="13cdc9d9-ddb5-4fa4-a97d-d965ccfc6d4b" outcome="Passed" testListId="8c84fa94-04c1-424b-9868-57a2d4851a1d" relativeResultsDirectory="3feb48fb-4492-4b10-8885-2f6b10ab9e0d" />
    <UnitTestResult executionId="b27c36c2-e775-4a28-ab6d-65a576af3ce4" testId="290f33b3-1363-060a-edcd-35d58ebd39f7" testName="Sai.DealAssistant.Application.Tests.Deals.Handlers.Queries.GetDealListQuery_Handler_Test.Handler_FiltersByDescription" computerName="SAI-W11" duration="00:00:10.8532593" startTime="2026-04-27T15:12:33.7067104+01:00" endTime="2026-04-27T15:12:33.7067107+01:00" testType="13cdc9d9-ddb5-4fa4-a97d-d965ccfc6d4b" outcome="Passed" testListId="8c84fa94-04c1-424b-9868-57a2d4851a1d" relativeResultsDirectory="b27c36c2-e775-4a28-ab6d-65a576af3ce4" />
    <UnitTestResult executionId="eec40a8f-88ba-4696-816d-b65eecfc4f1f" testId="bb5b2420-d21f-bb45-a4e9-6d72d2cfced8" testName="Sai.DealAssistant.Application.Tests.DealTags.Handlers.GetCachedTagsQuery_Handler_Test.Handler_ReturnsCachedTags_DespiteTagsAlreadyUpdated" computerName="SAI-W11" duration="00:00:24.1932659" startTime="2026-04-27T15:11:26.3848708+01:00" endTime="2026-04-27T15:11:26.3848710+01:00" testType="13cdc9d9-ddb5-4fa4-a97d-d965ccfc6d4b" outcome="Passed" testListId="8c84fa94-04c1-424b-9868-57a2d4851a1d" relativeResultsDirectory="eec40a8f-88ba-4696-816d-b65eecfc4f1f" />
    <UnitTestResult executionId="0fa20868-a268-4012-8d2c-3391aae4c379" testId="b2464729-3e9b-651f-1ae8-e97521cdf163" testName="Sai.DealAssistant.Application.Tests.Deals.Handlers.Queries.GetDealListQuery_Handler_Test.Handler_SortsByIndustry_Ascending" computerName="SAI-W11" duration="00:00:11.8541200" startTime="2026-04-27T15:11:38.1910774+01:00" endTime="2026-04-27T15:11:38.1910776+01:00" testType="13cdc9d9-ddb5-4fa4-a97d-d965ccfc6d4b" outcome="Passed" testListId="8c84fa94-04c1-424b-9868-57a2d4851a1d" relativeResultsDirectory="0fa20868-a268-4012-8d2c-3391aae4c379" />
    <UnitTestResult executionId="2d0656aa-3e4b-4f51-8550-99930778e1b8" testId="755fe220-7d05-0923-6979-68060a86ac95" testName="Sai.DealAssistant.Application.Tests.EventNotes.Validators.CreateUpdateEventNoteCommandValidatorTests.UpdateValidator_WithValidData_PassesValidation" computerName="SAI-W11" duration="00:00:00.0149808" startTime="2026-04-27T15:11:05.5776366+01:00" endTime="2026-04-27T15:11:05.5776369+01:00" testType="13cdc9d9-ddb5-4fa4-a97d-d965ccfc6d4b" outcome="Passed" testListId="8c84fa94-04c1-424b-9868-57a2d4851a1d" relativeResultsDirectory="2d0656aa-3e4b-4f51-8550-99930778e1b8" />
    <UnitTestResult executionId="015c2010-5b84-4931-a343-02a017398457" testId="288c44db-54e3-3224-90bb-6f94199dee61" testName="Sai.DealAssistant.Application.Tests.General.Commands.Validators.UpdateDateFieldCommandValidatorTests.Validator_NotNull_Fails" computerName="SAI-W11" duration="00:00:00.0038983" startTime="2026-04-27T15:12:24.7272489+01:00" endTime="2026-04-27T15:12:24.7272491+01:00" testType="13cdc9d9-ddb5-4fa4-a97d-d965ccfc6d4b" outcome="Passed" testListId="8c84fa94-04c1-424b-9868-57a2d4851a1d" relativeResultsDirectory="015c2010-5b84-4931-a343-02a017398457" />
    <UnitTestResult executionId="8bcce923-6b9e-46f3-9828-4f3bd57029c7" testId="0707945b-710d-30c9-beba-d67ea3eb3053" testName="Sai.DealAssistant.Application.Tests.DealContactReps.Handlers.GetDealContactPersonsQuery_Handler_Test.Handler_ReturnsOnlyRepsForGivenFirm_OrderedByName" computerName="SAI-W11" duration="00:00:02.6198489" startTime="2026-04-27T15:11:04.8105921+01:00" endTime="2026-04-27T15:11:04.8105923+01:00" testType="13cdc9d9-ddb5-4fa4-a97d-d965ccfc6d4b" outcome="Passed" testListId="8c84fa94-04c1-424b-9868-57a2d4851a1d" relativeResultsDirectory="8bcce923-6b9e-46f3-9828-4f3bd57029c7" />
    <UnitTestResult executionId="47fc6ecf-c19f-44ec-81c8-e7ed02f5379a" testId="0139608d-2808-80ef-6492-79e5af7ac961" testName="Sai.DealAssistant.Application.Tests.General.Commands.Validators.UpdateStringFieldCommandValidatorTests.Validator_NotNull_Fails" computerName="SAI-W11" duration="00:00:00.0183205" startTime="2026-04-27T15:11:38.1730180+01:00" endTime="2026-04-27T15:11:38.1730184+01:00" testType="13cdc9d9-ddb5-4fa4-a97d-d965ccfc6d4b" outcome="Passed" testListId="8c84fa94-04c1-424b-9868-57a2d4851a1d" relativeResultsDirectory="47fc6ecf-c19f-44ec-81c8-e7ed02f5379a" />
    <UnitTestResult executionId="afd75e7b-8d06-4f94-9b60-1fd8e2166ad5" testId="65b799ae-bbf0-d5f1-25c4-ed461fed6ef6" testName="Sai.DealAssistant.Application.Tests.Deals.Handlers.Commands.UpdateDealCommandHandlerTests.Handle_WhenUpdatingStatus_CreatesStatusAudit" computerName="SAI-W11" duration="00:00:04.4522522" startTime="2026-04-27T15:14:37.7305901+01:00" endTime="2026-04-27T15:14:37.7305902+01:00" testType="13cdc9d9-ddb5-4fa4-a97d-d965ccfc6d4b" outcome="Failed" testListId="8c84fa94-04c1-424b-9868-57a2d4851a1d" relativeResultsDirectory="afd75e7b-8d06-4f94-9b60-1fd8e2166ad5">
      <Output>
        <ErrorInfo>
          <Message>System.NotSupportedException : SQLite does not support expressions of type 'DateTimeOffset' in ORDER BY clauses. Convert the values to a supported type, or use LINQ to Objects to order the results on the client side.</Message>
          <StackTrace>   at Microsoft.EntityFrameworkCore.Sqlite.Query.Internal.SqliteQueryableMethodTranslatingExpressionVisitor.TranslateOrderBy(ShapedQueryExpression source, LambdaExpression keySelector, Boolean ascending)&#xD;
   at Microsoft.EntityFrameworkCore.Query.QueryableMethodTranslatingExpressionVisitor.VisitMethodCall(MethodCallExpression methodCallExpression)&#xD;
   at Microsoft.EntityFrameworkCore.Query.RelationalQueryableMethodTranslatingExpressionVisitor.VisitMethodCall(MethodCallExpression methodCallExpression)&#xD;
   at Microsoft.EntityFrameworkCore.Query.QueryableMethodTranslatingExpressionVisitor.VisitMethodCall(MethodCallExpression methodCallExpression)&#xD;
   at Microsoft.EntityFrameworkCore.Query.RelationalQueryableMethodTranslatingExpressionVisitor.VisitMethodCall(MethodCallExpression methodCallExpression)&#xD;
   at Microsoft.EntityFrameworkCore.Query.QueryableMethodTranslatingExpressionVisitor.Translate(Expression expression)&#xD;
   at Microsoft.EntityFrameworkCore.Query.RelationalQueryableMethodTranslatingExpressionVisitor.Translate(Expression expression)&#xD;
   at Microsoft.EntityFrameworkCore.Query.QueryCompilationContext.CreateQueryExecutor[TResult](Expression query)&#xD;
   at Microsoft.EntityFrameworkCore.Storage.Database.CompileQuery[TResult](Expression query, Boolean async)&#xD;
   at Microsoft.EntityFrameworkCore.Query.Internal.QueryCompiler.CompileQueryCore[TResult](IDatabase database, Expression query, IModel model, Boolean async)&#xD;
   at Microsoft.EntityFrameworkCore.Query.Internal.QueryCompiler.&lt;&gt;c__DisplayClass12_0`1.&lt;ExecuteAsync&gt;b__0()&#xD;
   at Microsoft.EntityFrameworkCore.Query.Internal.CompiledQueryCache.GetOrAddQuery[TResult](Object cacheKey, Func`1 compiler)&#xD;
   at Microsoft.EntityFrameworkCore.Query.Internal.QueryCompiler.ExecuteAsync[TResult](Expression query, CancellationToken cancellationToken)&#xD;
   at Microsoft.EntityFrameworkCore.EntityFrameworkQueryableExtensions.ExecuteAsync[TSource,TResult](MethodInfo operatorMethodInfo, IQueryable`1 source, Expression expression, CancellationToken cancellationToken)&#xD;
   at Microsoft.EntityFrameworkCore.EntityFrameworkQueryableExtensions.ExecuteAsync[TSource,TResult](MethodInfo operatorMethodInfo, IQueryable`1 source, CancellationToken cancellationToken)&#xD;
   at Microsoft.EntityFrameworkCore.EntityFrameworkQueryableExtensions.FirstOrDefaultAsync[TSource](IQueryable`1 source, CancellationToken cancellationToken)&#xD;
   at Sai.DealAssistant.Application.Tests.Deals.Handlers.Commands.UpdateDealCommandHandlerTests.Handle_WhenUpdatingStatus_CreatesStatusAudit() in C:\_PROJ\Sai.DealAssistant\sai-deal-assistant-backend\src\Tests\Sai.DealAssistant.Application.Tests\Deals\Handlers\Commands\UpdateDealCommandHandlerTests.cs:line 58&#xD;
--- End of stack trace from previous location ---</StackTrace>
        </ErrorInfo>
      </Output>
    </UnitTestResult>
    <UnitTestResult executionId="d5cbeb40-4a44-478d-9ca0-1f9c658ba792" testId="0267f0b7-1e97-ee36-f6e5-e41951690d28" testName="Sai.DealAssistant.Application.Tests.General.Commands.Handlers.UpdateDateFieldCommandHandlersTests.Handler_ColumnNotExists_Throws" computerName="SAI-W11" duration="00:00:09.5211340" startTime="2026-04-27T15:13:43.3132945+01:00" endTime="2026-04-27T15:13:43.3132948+01:00" testType="13cdc9d9-ddb5-4fa4-a97d-d965ccfc6d4b" outcome="Passed" testListId="8c84fa94-04c1-424b-9868-57a2d4851a1d" relativeResultsDirectory="d5cbeb40-4a44-478d-9ca0-1f9c658ba792" />
    <UnitTestResult executionId="9c969f7a-5a24-4e6b-9978-6d7b794aa67c" testId="3ee8ec5a-472c-2bbc-58a6-991a69d9badf" testName="Sai.DealAssistant.Application.Tests.Events.Validators.CreateEventCommandValidatorTests.Validator_WithContactPersonId_DifferentFirm_FailsValidation" computerName="SAI-W11" duration="00:00:00.0458256" startTime="2026-04-27T15:13:04.8492623+01:00" endTime="2026-04-27T15:13:04.8492624+01:00" testType="13cdc9d9-ddb5-4fa4-a97d-d965ccfc6d4b" outcome="Passed" testListId="8c84fa94-04c1-424b-9868-57a2d4851a1d" relativeResultsDirectory="9c969f7a-5a24-4e6b-9978-6d7b794aa67c" />
    <UnitTestResult executionId="f8c325c6-c793-491e-a64f-1eaa7873e75b" testId="7c7eb2df-583e-eac2-274f-549ec2caf2c6" testName="Sai.DealAssistant.Application.Tests.Firms.Handlers.Queries.GetFirmWithDependentsQuery_Handler_Test.Handler_ReturnsFirmWithEmptyContactPersons_WhenNoContactPersonsExist" computerName="SAI-W11" duration="00:00:11.0593858" startTime="2026-04-27T15:12:46.3108673+01:00" endTime="2026-04-27T15:12:46.3108675+01:00" testType="13cdc9d9-ddb5-4fa4-a97d-d965ccfc6d4b" outcome="Passed" testListId="8c84fa94-04c1-424b-9868-57a2d4851a1d" relativeResultsDirectory="f8c325c6-c793-491e-a64f-1eaa7873e75b" />
    <UnitTestResult executionId="49d78f1c-7f2e-4520-aee4-d77db9c7a192" testId="e5416ee5-f8d8-3b48-5b4e-f239c8a84baf" testName="Sai.DealAssistant.Application.Tests.Deals.Handlers.Queries.GetDealListQuery_Handler_Test.Handler_FiltersByName" computerName="SAI-W11" duration="00:00:09.8856765" startTime="2026-04-27T15:12:54.6021467+01:00" endTime="2026-04-27T15:12:54.6021469+01:00" testType="13cdc9d9-ddb5-4fa4-a97d-d965ccfc6d4b" outcome="Passed" testListId="8c84fa94-04c1-424b-9868-57a2d4851a1d" relativeResultsDirectory="49d78f1c-7f2e-4520-aee4-d77db9c7a192" />
    <UnitTestResult executionId="ae6bbc5d-eb16-4692-8902-537ea6f1b3f6" testId="5c3397c3-2e64-d37c-314b-b71213c88d9c" testName="Sai.DealAssistant.Application.Tests.Firms.Validators.UpdateFirmCommandValidatorTests.Validator_WithEmptyCountry_FailsValidation" computerName="SAI-W11" duration="00:00:00.0015524" startTime="2026-04-27T15:13:04.7928152+01:00" endTime="2026-04-27T15:13:04.7928155+01:00" testType="13cdc9d9-ddb5-4fa4-a97d-d965ccfc6d4b" outcome="Passed" testListId="8c84fa94-04c1-424b-9868-57a2d4851a1d" relativeResultsDirectory="ae6bbc5d-eb16-4692-8902-537ea6f1b3f6" />
    <UnitTestResult executionId="8847c7db-ea97-46b1-9994-2dc6bf40ea88" testId="05d775c1-7f9c-b6b6-4be3-8dbec3a5601a" testName="Sai.DealAssistant.Application.Tests.Deals.Handlers.Commands.DeleteDealCommandHandlerTests.Handle_WhenRepositoryDeletes_ReturnsMappedDto" computerName="SAI-W11" duration="00:00:11.8032250" startTime="2026-04-27T15:11:50.7704202+01:00" endTime="2026-04-27T15:11:50.7704204+01:00" testType="13cdc9d9-ddb5-4fa4-a97d-d965ccfc6d4b" outcome="Passed" testListId="8c84fa94-04c1-424b-9868-57a2d4851a1d" relativeResultsDirectory="8847c7db-ea97-46b1-9994-2dc6bf40ea88" />
    <UnitTestResult executionId="248eb307-2c81-47bf-8fe3-112d3e68558a" testId="d719ecc2-eb93-7139-60ef-91de8c52f66a" testName="Sai.DealAssistant.Application.Tests.Events.Validators.UpdateEventCommandValidatorTests.Validator_InvalidStateId_FailsValidation" computerName="SAI-W11" duration="00:00:00.0059165" startTime="2026-04-27T15:11:38.5990578+01:00" endTime="2026-04-27T15:11:38.5990579+01:00" testType="13cdc9d9-ddb5-4fa4-a97d-d965ccfc6d4b" outcome="Passed" testListId="8c84fa94-04c1-424b-9868-57a2d4851a1d" relativeResultsDirectory="248eb307-2c81-47bf-8fe3-112d3e68558a" />
    <UnitTestResult executionId="9168ab29-1b11-4a95-807e-8dbf6ef96324" testId="7d4bb5c7-e51c-d1dd-3565-ff64f2149586" testName="Sai.DealAssistant.Application.Tests.Events.Handlers.GetEventQuery_Handler_Test.Handler_ThrowsNotFound_ForMissingId" computerName="SAI-W11" duration="00:00:00.0769307" startTime="2026-04-27T15:12:24.2204072+01:00" endTime="2026-04-27T15:12:24.2204073+01:00" testType="13cdc9d9-ddb5-4fa4-a97d-d965ccfc6d4b" outcome="Passed" testListId="8c84fa94-04c1-424b-9868-57a2d4851a1d" relativeResultsDirectory="9168ab29-1b11-4a95-807e-8dbf6ef96324" />
    <UnitTestResult executionId="3fdd273f-86b0-4baf-a17d-6a39c40e0b61" testId="98fb4ce1-1af7-3be6-0aee-b04f1a608b39" testName="Sai.DealAssistant.Application.Tests.Events.Handlers.CreateUpdateDeleteEvent_Handlers_Tests.Delete_Handler_ReturnsDto_OnSuccess" computerName="SAI-W11" duration="00:00:09.5251265" startTime="2026-04-27T15:14:13.7052526+01:00" endTime="2026-04-27T15:14:13.7052527+01:00" testType="13cdc9d9-ddb5-4fa4-a97d-d965ccfc6d4b" outcome="Passed" testListId="8c84fa94-04c1-424b-9868-57a2d4851a1d" relativeResultsDirectory="3fdd273f-86b0-4baf-a17d-6a39c40e0b61" />
    <UnitTestResult executionId="53e8a712-e9a7-45fc-bc3c-2b0257ddc2d9" testId="c5fca90c-acd8-0d12-df09-759e870e103d" testName="Sai.DealAssistant.Application.Tests.DealContactReps.Validators.CreateContactPersonCommandValidatorTests.Validator_InvalidFirmId_FailsValidation" computerName="SAI-W11" duration="00:00:00.0067276" startTime="2026-04-27T15:11:38.9889088+01:00" endTime="2026-04-27T15:11:38.9889089+01:00" testType="13cdc9d9-ddb5-4fa4-a97d-d965ccfc6d4b" outcome="Passed" testListId="8c84fa94-04c1-424b-9868-57a2d4851a1d" relativeResultsDirectory="53e8a712-e9a7-45fc-bc3c-2b0257ddc2d9" />
    <UnitTestResult executionId="e05c16b3-a93e-4ac3-9d2c-2345d16a378f" testId="e7419384-fac9-9bfd-ba50-4009d8039d85" testName="Sai.DealAssistant.Application.Tests.Deals.Handlers.Commands.UpdateDealCommandHandlerTests.Handle_WhenUpdatingAllProperties_UpdatesSuccessfully" computerName="SAI-W11" duration="00:00:07.9662685" startTime="2026-04-27T15:14:18.2720003+01:00" endTime="2026-04-27T15:14:18.2720005+01:00" testType="13cdc9d9-ddb5-4fa4-a97d-d965ccfc6d4b" outcome="Passed" testListId="8c84fa94-04c1-424b-9868-57a2d4851a1d" relativeResultsDirectory="e05c16b3-a93e-4ac3-9d2c-2345d16a378f" />
    <UnitTestResult executionId="67c06d9f-2734-4e1c-856f-d94cfebaa803" testId="5bb54679-f6ec-d65f-59ce-41ad33cce860" testName="Tests.Sai.DealAssistant.Application.Tests.EventNotes.Handlers.CreateUpdateDeleteEventNote_Handlers_Tests.Delete_Handler_ReturnsDto_OnSuccess" computerName="SAI-W11" duration="00:00:21.7856773" startTime="2026-04-27T15:14:59.4982841+01:00" endTime="2026-04-27T15:14:59.4982851+01:00" testType="13cdc9d9-ddb5-4fa4-a97d-d965ccfc6d4b" outcome="Passed" testListId="8c84fa94-04c1-424b-9868-57a2d4851a1d" relativeResultsDirectory="67c06d9f-2734-4e1c-856f-d94cfebaa803" />
    <UnitTestResult executionId="2a7373f3-bbab-45fe-8d9b-02c68295b9ae" testId="6627cc9b-071e-3f35-ac35-91cf369d09e9" testName="Sai.DealAssistant.Application.Tests.Events.Validators.UpdateEventCommandValidatorTests.Validator_MissingTopic_FailsValidation" computerName="SAI-W11" duration="00:00:00.0056625" startTime="2026-04-27T15:11:38.5639808+01:00" endTime="2026-04-27T15:11:38.5639810+01:00" testType="13cdc9d9-ddb5-4fa4-a97d-d965ccfc6d4b" outcome="Passed" testListId="8c84fa94-04c1-424b-9868-57a2d4851a1d" relativeResultsDirectory="2a7373f3-bbab-45fe-8d9b-02c68295b9ae" />
    <UnitTestResult executionId="928c4f30-106a-40ee-9bd4-4eaaea142354" testId="33bcfd8a-ea3d-baaa-caf0-7e4e394e0aa1" testName="Sai.DealAssistant.Application.Tests.Events.Handlers.CreateUpdateDeleteEvent_Handlers_Tests.Create_Handler_ReturnsDto_OnSuccess" computerName="SAI-W11" duration="00:00:10.0269862" startTime="2026-04-27T15:12:56.7707289+01:00" endTime="2026-04-27T15:12:56.7707292+01:00" testType="13cdc9d9-ddb5-4fa4-a97d-d965ccfc6d4b" outcome="Passed" testListId="8c84fa94-04c1-424b-9868-57a2d4851a1d" relativeResultsDirectory="928c4f30-106a-40ee-9bd4-4eaaea142354" />
    <UnitTestResult executionId="1a4a7b2f-3c63-4602-b14c-a5a40cd3eeea" testId="44858d91-6596-ab75-6fef-83951bbf66e7" testName="Sai.DealAssistant.Application.Tests.DealTags.Handlers.GetCachedTagsQuery_Handler_Test.Handler_ReturnsActualCachedTags" computerName="SAI-W11" duration="00:00:12.0640220" startTime="2026-04-27T15:11:38.4482687+01:00" endTime="2026-04-27T15:11:38.4482688+01:00" testType="13cdc9d9-ddb5-4fa4-a97d-d965ccfc6d4b" outcome="Passed" testListId="8c84fa94-04c1-424b-9868-57a2d4851a1d" relativeResultsDirectory="1a4a7b2f-3c63-4602-b14c-a5a40cd3eeea" />
    <UnitTestResult executionId="7e1eab99-28fe-42d7-81bb-494921bc3d59" testId="3af437e1-374c-9e7d-55e9-95e5965fcd1d" testName="Sai.DealAssistant.Application.Tests.General.Commands.Handlers.UpdateStringFieldCommandHandlersTests.Handler_ColumnNotExists_Throws" computerName="SAI-W11" duration="00:00:10.8778607" startTime="2026-04-27T15:12:01.0832406+01:00" endTime="2026-04-27T15:12:01.0832407+01:00" testType="13cdc9d9-ddb5-4fa4-a97d-d965ccfc6d4b" outcome="Passed" testListId="8c84fa94-04c1-424b-9868-57a2d4851a1d" relativeResultsDirectory="7e1eab99-28fe-42d7-81bb-494921bc3d59" />
    <UnitTestResult executionId="ea715279-c878-4110-a592-cf4a7bc17585" testId="8608ce8c-c6b0-2623-4def-31b0c01c027d" testName="Sai.DealAssistant.Application.Tests.Events.Handlers.CreateUpdateDeleteEvent_Handlers_Tests.Update_Handler_ReturnsDto_OnSuccess" computerName="SAI-W11" duration="00:00:09.4762768" startTime="2026-04-27T15:14:04.1762354+01:00" endTime="2026-04-27T15:14:04.1762355+01:00" testType="13cdc9d9-ddb5-4fa4-a97d-d965ccfc6d4b" outcome="Passed" testListId="8c84fa94-04c1-424b-9868-57a2d4851a1d" relativeResultsDirectory="ea715279-c878-4110-a592-cf4a7bc17585" />
    <UnitTestResult executionId="92e9a8f7-115f-485f-ba49-3783a795bdf1" testId="edeb921a-e16d-17cb-b3fa-a7ff99bed944" testName="Sai.DealAssistant.Application.Tests.Deals.Handlers.Commands.DeleteDealCommandHandlerTests.Handle_WhenDealHasNavigationProperties_DeletesSuccessfullyWithCascade" computerName="SAI-W11" duration="00:00:12.3881169" startTime="2026-04-27T15:11:38.9643099+01:00" endTime="2026-04-27T15:11:38.9643100+01:00" testType="13cdc9d9-ddb5-4fa4-a97d-d965ccfc6d4b" outcome="Passed" testListId="8c84fa94-04c1-424b-9868-57a2d4851a1d" relativeResultsDirectory="92e9a8f7-115f-485f-ba49-3783a795bdf1" />
    <UnitTestResult executionId="e1cf5b87-75a1-41f1-b16d-22728aa26c56" testId="713b0d07-cc0a-1094-fa23-0d9e70fd1d74" testName="Tests.Sai.DealAssistant.Application.Tests.EventNotes.Handlers.CreateUpdateDeleteEventNote_Handlers_Tests.Create_Handler_CreatesMultipleNotes_WithDifferentOrders" computerName="SAI-W11" duration="00:00:09.2630396" startTime="2026-04-27T15:13:52.5744058+01:00" endTime="2026-04-27T15:13:52.5744059+01:00" testType="13cdc9d9-ddb5-4fa4-a97d-d965ccfc6d4b" outcome="Passed" testListId="8c84fa94-04c1-424b-9868-57a2d4851a1d" relativeResultsDirectory="e1cf5b87-75a1-41f1-b16d-22728aa26c56" />
    <UnitTestResult executionId="dd1bc51d-02de-4865-9c60-3e9d2868d073" testId="84b8e2f1-4ac1-c2eb-778d-8d2ad9c2ba46" testName="Tests.Sai.DealAssistant.Application.Tests.EventNotes.Handlers.CreateUpdateDeleteEventNote_Handlers_Tests.Create_Handler_ReturnsDto_OnSuccess" computerName="SAI-W11" duration="00:00:09.3394563" startTime="2026-04-27T15:14:01.9180115+01:00" endTime="2026-04-27T15:14:01.9180116+01:00" testType="13cdc9d9-ddb5-4fa4-a97d-d965ccfc6d4b" outcome="Passed" testListId="8c84fa94-04c1-424b-9868-57a2d4851a1d" relativeResultsDirectory="dd1bc51d-02de-4865-9c60-3e9d2868d073" />
    <UnitTestResult executionId="4c9923ea-bc0b-4a3e-86d7-d676745d894c" testId="cd40fe91-e6ed-7da1-37e8-b5012d6409cc" testName="Sai.DealAssistant.Application.Tests.Deals.Handlers.Commands.UpdateDealCommandHandlerTests.Handle_WhenUpdatingPartialProperties_UpdatesOnlySpecifiedFields" computerName="SAI-W11" duration="00:00:09.4921735" startTime="2026-04-27T15:13:51.6804360+01:00" endTime="2026-04-27T15:13:51.6804363+01:00" testType="13cdc9d9-ddb5-4fa4-a97d-d965ccfc6d4b" outcome="Passed" testListId="8c84fa94-04c1-424b-9868-57a2d4851a1d" relativeResultsDirectory="4c9923ea-bc0b-4a3e-86d7-d676745d894c" />
    <UnitTestResult executionId="66ec3c0a-d627-47ef-b6ba-3df0d77ab654" testId="1741bb64-6760-8fac-5e2f-d504af59edb8" testName="Sai.DealAssistant.Application.Tests.Events.Validators.CreateEventCommandValidatorTests.Validator_WithValidData_NoContactPerson_PassesValidation" computerName="SAI-W11" duration="00:00:00.0053392" startTime="2026-04-27T15:13:04.8585136+01:00" endTime="2026-04-27T15:13:04.8585138+01:00" testType="13cdc9d9-ddb5-4fa4-a97d-d965ccfc6d4b" outcome="Passed" testListId="8c84fa94-04c1-424b-9868-57a2d4851a1d" relativeResultsDirectory="66ec3c0a-d627-47ef-b6ba-3df0d77ab654" />
    <UnitTestResult executionId="2e95b037-3645-473c-9eff-1da80e6f0fdb" testId="758d2dc6-f476-41a8-16a2-9ff08b999900" testName="Sai.DealAssistant.Application.Tests.Events.Handlers.GetDealEventsQuery_Handler_Test.Handler_ReturnsOnlyEventsForGivenDeal_OrderedByIdDesc" computerName="SAI-W11" duration="00:00:00.2313704" startTime="2026-04-27T15:11:38.8299638+01:00" endTime="2026-04-27T15:11:38.8299644+01:00" testType="13cdc9d9-ddb5-4fa4-a97d-d965ccfc6d4b" outcome="Passed" testListId="8c84fa94-04c1-424b-9868-57a2d4851a1d" relativeResultsDirectory="2e95b037-3645-473c-9eff-1da80e6f0fdb" />
    <UnitTestResult executionId="ea9a8424-d5c0-4401-8c50-441e994f8185" testId="b2061a68-2942-0da1-eb7a-94b3eee8a351" testName="Sai.DealAssistant.Application.Tests.Firms.Handlers.Queries.GetFirmWithDependentsQuery_Handler_Test.Handler_IncludesContactPersons_WhenFirmHasContactPersons" computerName="SAI-W11" duration="00:00:09.6852102" startTime="2026-04-27T15:13:05.9948570+01:00" endTime="2026-04-27T15:13:05.9948572+01:00" testType="13cdc9d9-ddb5-4fa4-a97d-d965ccfc6d4b" outcome="Passed" testListId="8c84fa94-04c1-424b-9868-57a2d4851a1d" relativeResultsDirectory="ea9a8424-d5c0-4401-8c50-441e994f8185" />
    <UnitTestResult executionId="4d4fadcd-eff3-4118-a3a6-eb7503c14d62" testId="9c15aa1d-d190-34c4-e880-8dbc352105f8" testName="Sai.DealAssistant.Application.Tests.General.Commands.Validators.UpdateNumericFieldCommandValidatorTests.Validator_Valid_Passes" computerName="SAI-W11" duration="00:00:00.0232267" startTime="2026-04-27T15:13:06.0149671+01:00" endTime="2026-04-27T15:13:06.0149673+01:00" testType="13cdc9d9-ddb5-4fa4-a97d-d965ccfc6d4b" outcome="Passed" testListId="8c84fa94-04c1-424b-9868-57a2d4851a1d" relativeResultsDirectory="4d4fadcd-eff3-4118-a3a6-eb7503c14d62" />
    <UnitTestResult executionId="efd5bf7e-83ed-429b-965c-5b7674e585c2" testId="480cb096-be9d-08d4-e381-ad24a192368f" testName="Sai.DealAssistant.Application.Tests.Firms.Handlers.Commands.DeleteFirmCommand_Handler_Test.Handler_DeletesFirm_ReturnsDeletedDto" computerName="SAI-W11" duration="00:00:00.2151693" startTime="2026-04-27T15:11:05.4990580+01:00" endTime="2026-04-27T15:11:05.4990583+01:00" testType="13cdc9d9-ddb5-4fa4-a97d-d965ccfc6d4b" outcome="Passed" testListId="8c84fa94-04c1-424b-9868-57a2d4851a1d" relativeResultsDirectory="efd5bf7e-83ed-429b-965c-5b7674e585c2" />
    <UnitTestResult executionId="a4a03750-814e-4338-9547-76c0084d6ca0" testId="34d10e66-23c0-2c96-8f06-7db5ec96e1f8" testName="Sai.DealAssistant.Application.Tests.Events.Handlers.CreateUpdateDeleteEvent_Handlers_Tests.Update_Handler_UpdatesPartialProperties_OnSuccess" computerName="SAI-W11" duration="00:00:09.8624175" startTime="2026-04-27T15:13:35.5405988+01:00" endTime="2026-04-27T15:13:35.5405989+01:00" testType="13cdc9d9-ddb5-4fa4-a97d-d965ccfc6d4b" outcome="Passed" testListId="8c84fa94-04c1-424b-9868-57a2d4851a1d" relativeResultsDirectory="a4a03750-814e-4338-9547-76c0084d6ca0" />
    <UnitTestResult executionId="d59db29b-e5f7-433e-b60b-ec52089da319" testId="5edb93e1-4382-142f-93ea-a96f4647968d" testName="Sai.DealAssistant.Application.Tests.Events.Validators.UpdateEventCommandValidatorTests.Validator_InvalidId_FailsValidation" computerName="SAI-W11" duration="00:00:00.0872373" startTime="2026-04-27T15:11:38.5194492+01:00" endTime="2026-04-27T15:11:38.5194496+01:00" testType="13cdc9d9-ddb5-4fa4-a97d-d965ccfc6d4b" outcome="Passed" testListId="8c84fa94-04c1-424b-9868-57a2d4851a1d" relativeResultsDirectory="d59db29b-e5f7-433e-b60b-ec52089da319" />
    <UnitTestResult executionId="340fc630-acad-417e-bd87-cf344482c59f" testId="696fe8ae-606d-db71-8463-53fe99234b52" testName="Sai.DealAssistant.Application.Tests.Deals.Handlers.Queries.GetDealListQuery_Handler_Test.Handler_PaginatesResults" computerName="SAI-W11" duration="00:00:21.2595694" startTime="2026-04-27T15:11:26.3452720+01:00" endTime="2026-04-27T15:11:26.3452721+01:00" testType="13cdc9d9-ddb5-4fa4-a97d-d965ccfc6d4b" outcome="Passed" testListId="8c84fa94-04c1-424b-9868-57a2d4851a1d" relativeResultsDirectory="340fc630-acad-417e-bd87-cf344482c59f" />
    <UnitTestResult executionId="1724b9ac-d3ea-4f03-a779-c8382ced1649" testId="8e779fee-9b07-f6d5-63b9-37c0715b45bb" testName="Sai.DealAssistant.Application.Tests.Deals.Validators.UpdateDealCommandValidatorTests.Validator_WithValidIds_PassesValidation" computerName="SAI-W11" duration="00:00:00.0029926" startTime="2026-04-27T15:11:39.2542537+01:00" endTime="2026-04-27T15:11:39.2542539+01:00" testType="13cdc9d9-ddb5-4fa4-a97d-d965ccfc6d4b" outcome="Passed" testListId="8c84fa94-04c1-424b-9868-57a2d4851a1d" relativeResultsDirectory="1724b9ac-d3ea-4f03-a779-c8382ced1649" />
    <UnitTestResult executionId="764f7c88-df8d-40b1-b297-da3d07535bf8" testId="d1e79a29-2597-6a9d-f934-4203b2cc7be1" testName="Sai.DealAssistant.Application.Tests.EventNotes.Validators.CreateUpdateEventNoteCommandValidatorTests.UpdateValidator_InvalidId_FailsValidation" computerName="SAI-W11" duration="00:00:00.0017521" startTime="2026-04-27T15:11:05.5880401+01:00" endTime="2026-04-27T15:11:05.5880405+01:00" testType="13cdc9d9-ddb5-4fa4-a97d-d965ccfc6d4b" outcome="Passed" testListId="8c84fa94-04c1-424b-9868-57a2d4851a1d" relativeResultsDirectory="764f7c88-df8d-40b1-b297-da3d07535bf8" />
    <UnitTestResult executionId="f9c1a9a4-7cc2-4d76-bc49-b02466935169" testId="2f49779e-e18a-a1f6-0195-bbbb6c47c90b" testName="Sai.DealAssistant.Application.Tests.General.Commands.Validators.UpdateNumericFieldCommandValidatorTests.Validator_NotNull_Fails" computerName="SAI-W11" duration="00:00:00.0049446" startTime="2026-04-27T15:13:06.0200385+01:00" endTime="2026-04-27T15:13:06.0200387+01:00" testType="13cdc9d9-ddb5-4fa4-a97d-d965ccfc6d4b" outcome="Passed" testListId="8c84fa94-04c1-424b-9868-57a2d4851a1d" relativeResultsDirectory="f9c1a9a4-7cc2-4d76-bc49-b02466935169" />
    <UnitTestResult executionId="479a6c4d-cfb2-46ec-9e9a-4cfca11d138d" testId="d169bb1d-db56-7da3-7bf9-33fdf7f10bc3" testName="Sai.DealAssistant.Application.Tests.Deals.Handlers.Queries.GetDealQuery_Handler_Test.Handler_ReturnsDealDto_WhenDealExists" computerName="SAI-W11" duration="00:00:00.0924331" startTime="2026-04-27T15:11:39.1820194+01:00" endTime="2026-04-27T15:11:39.1820197+01:00" testType="13cdc9d9-ddb5-4fa4-a97d-d965ccfc6d4b" outcome="Passed" testListId="8c84fa94-04c1-424b-9868-57a2d4851a1d" relativeResultsDirectory="479a6c4d-cfb2-46ec-9e9a-4cfca11d138d" />
    <UnitTestResult executionId="8a97cc23-2ca9-4d95-a2d8-e56089ec3304" testId="21f741a5-6c46-2db7-aa5e-48a6a7831869" testName="Sai.DealAssistant.Application.Tests.Firms.Validators.CreateFirmCommandValidatorTests.Validator_WithCountryExceeding100Chars_FailsValidation" computerName="SAI-W11" duration="00:00:00.0015727" startTime="2026-04-27T15:11:02.4248544+01:00" endTime="2026-04-27T15:11:02.4248547+01:00" testType="13cdc9d9-ddb5-4fa4-a97d-d965ccfc6d4b" outcome="Passed" testListId="8c84fa94-04c1-424b-9868-57a2d4851a1d" relativeResultsDirectory="8a97cc23-2ca9-4d95-a2d8-e56089ec3304" />
    <UnitTestResult executionId="ff9a90df-878a-4543-801d-115c1a7fd897" testId="75569b57-765e-de2b-0d1d-b53358c8d479" testName="Sai.DealAssistant.Application.Tests.Firms.Validators.UpdateFirmCommandValidatorTests.Validator_WithNegativeId_FailsValidation" computerName="SAI-W11" duration="00:00:00.0038093" startTime="2026-04-27T15:13:04.7968693+01:00" endTime="2026-04-27T15:13:04.7968696+01:00" testType="13cdc9d9-ddb5-4fa4-a97d-d965ccfc6d4b" outcome="Passed" testListId="8c84fa94-04c1-424b-9868-57a2d4851a1d" relativeResultsDirectory="ff9a90df-878a-4543-801d-115c1a7fd897" />
[...]
    <TestEntry testId="d1e79a29-2597-6a9d-f934-4203b2cc7be1" executionId="764f7c88-df8d-40b1-b297-da3d07535bf8" testListId="8c84fa94-04c1-424b-9868-57a2d4851a1d" />
    <TestEntry testId="2f49779e-e18a-a1f6-0195-bbbb6c47c90b" executionId="f9c1a9a4-7cc2-4d76-bc49-b02466935169" testListId="8c84fa94-04c1-424b-9868-57a2d4851a1d" />
    <TestEntry testId="d169bb1d-db56-7da3-7bf9-33fdf7f10bc3" executionId="479a6c4d-cfb2-46ec-9e9a-4cfca11d138d" testListId="8c84fa94-04c1-424b-9868-57a2d4851a1d" />
    <TestEntry testId="21f741a5-6c46-2db7-aa5e-48a6a7831869" executionId="8a97cc23-2ca9-4d95-a2d8-e56089ec3304" testListId="8c84fa94-04c1-424b-9868-57a2d4851a1d" />
    <TestEntry testId="75569b57-765e-de2b-0d1d-b53358c8d479" executionId="ff9a90df-878a-4543-801d-115c1a7fd897" testListId="8c84fa94-04c1-424b-9868-57a2d4851a1d" />
    <TestEntry testId="b628ccf2-512e-d92c-3ed8-af91228e3c8b" executionId="11f981b6-7903-4cd1-92e0-3e95919f8909" testListId="8c84fa94-04c1-424b-9868-57a2d4851a1d" />
    <TestEntry testId="54bfef58-6eec-e24d-d6f4-e44a46f5b9af" executionId="25f07c2d-6dfd-4db1-81cd-00d829868dc8" testListId="8c84fa94-04c1-424b-9868-57a2d4851a1d" />
    <TestEntry testId="3beecf06-b410-9c92-1d0f-067c13d5b8e9" executionId="b9b3a1b2-2297-4b98-8093-223587d43162" testListId="8c84fa94-04c1-424b-9868-57a2d4851a1d" />
    <TestEntry testId="bad7073d-0464-3297-6abf-b8ece40a4d2c" executionId="f1c79888-73e3-4ead-a63e-94e209bbdf2b" testListId="8c84fa94-04c1-424b-9868-57a2d4851a1d" />
    <TestEntry testId="17c9f3d7-4eed-345c-55d3-3eaf5b48431b" executionId="8c4648f8-db01-4c66-b1db-ebacb2b1dc83" testListId="8c84fa94-04c1-424b-9868-57a2d4851a1d" />
    <TestEntry testId="62a71299-8c56-c335-6d3f-c828ee7e35c4" executionId="0ebe3f2f-fd12-49d6-bcbb-c4230b2f7a30" testListId="8c84fa94-04c1-424b-9868-57a2d4851a1d" />
    <TestEntry testId="b7c816e7-af40-8c4a-82ea-ef4a78fc500a" executionId="442ff7bb-b10b-4fea-99dc-4ae8c8edbcba" testListId="8c84fa94-04c1-424b-9868-57a2d4851a1d" />
    <TestEntry testId="e09c629d-3866-08ff-bcf5-cc72ecbbe9eb" executionId="68e3b734-613e-4daf-9f25-44bcd3472e97" testListId="8c84fa94-04c1-424b-9868-57a2d4851a1d" />
    <TestEntry testId="6da6c88e-5587-8658-7668-b026f4e3b565" executionId="e56283a8-5651-4880-9acc-1b2a10b39e1f" testListId="8c84fa94-04c1-424b-9868-57a2d4851a1d" />
    <TestEntry testId="7476bd2c-3d6a-667f-cbb1-4a2c5b51ae43" executionId="8c5944eb-19c2-4303-aef0-0f698e1dc47a" testListId="8c84fa94-04c1-424b-9868-57a2d4851a1d" />
    <TestEntry testId="f26e904a-ef96-f2fd-7044-062655d5f085" executionId="231c4720-ef71-49ea-aa01-3614d82f330e" testListId="8c84fa94-04c1-424b-9868-57a2d4851a1d" />
    <TestEntry testId="3ca4fbcc-c856-d8db-89ee-0337543d28d0" executionId="30af7474-39c1-43a5-9085-9da0c0ea93c0" testListId="8c84fa94-04c1-424b-9868-57a2d4851a1d" />
    <TestEntry testId="c293bf93-7687-c2a4-4ba9-66afa3ad0c2c" executionId="4e39c284-7be5-47b1-8836-c3dcae5cdeb7" testListId="8c84fa94-04c1-424b-9868-57a2d4851a1d" />
    <TestEntry testId="4c37ad71-a4fb-4a98-3591-ec496b0b0924" executionId="d778ec44-62ad-462f-b45c-7503060d6979" testListId="8c84fa94-04c1-424b-9868-57a2d4851a1d" />
    <TestEntry testId="0856ef1a-0d94-6e05-fb1a-5092efe61c2b" executionId="02573713-87c9-4d49-a47d-f77ae5533f13" testListId="8c84fa94-04c1-424b-9868-57a2d4851a1d" />
    <TestEntry testId="7f58b178-78cd-e763-abda-44852555a942" executionId="10914b70-847c-4c6b-b3a3-6dc17bb8a4e9" testListId="8c84fa94-04c1-424b-9868-57a2d4851a1d" />
    <TestEntry testId="138d6007-02f7-fec2-3466-d07b307bfa8f" executionId="1fb19773-43a6-44c5-a97d-c6b03fd0ab36" testListId="8c84fa94-04c1-424b-9868-57a2d4851a1d" />
    <TestEntry testId="27383bc0-d596-fa72-8c66-7733ef374ad5" executionId="47315c27-1854-49db-be64-75f53e363663" testListId="8c84fa94-04c1-424b-9868-57a2d4851a1d" />
    <TestEntry testId="4573aff8-5dc2-7b86-b373-09352509f926" executionId="71bbf356-38c1-4b18-a9e1-505f2cdf9628" testListId="8c84fa94-04c1-424b-9868-57a2d4851a1d" />
    <TestEntry testId="ea487fa3-f31e-f70b-e8d7-2e89301e1f85" executionId="1561cf64-c051-4d41-8140-53060520779b" testListId="8c84fa94-04c1-424b-9868-57a2d4851a1d" />
    <TestEntry testId="d1c76914-eea0-4fe4-9785-2af750f2f626" executionId="d7866bcb-4bc9-4492-8cfc-6e206ed2d3f6" testListId="8c84fa94-04c1-424b-9868-57a2d4851a1d" />
    <TestEntry testId="07c9a89e-bfbc-2256-7fca-24a3157fdc95" executionId="2713c6c8-8d96-45ec-8c7f-8681657275c7" testListId="8c84fa94-04c1-424b-9868-57a2d4851a1d" />
    <TestEntry testId="58878c92-2b65-bf55-217d-5b7f6bfc0d4c" executionId="ad412ef3-9581-409e-99b9-cf4054378d18" testListId="8c84fa94-04c1-424b-9868-57a2d4851a1d" />
    <TestEntry testId="e34f85c4-dd73-18e5-690e-7a8544af8d39" executionId="42a4dbcd-38f9-4624-9a7e-eade82c4cf52" testListId="8c84fa94-04c1-424b-9868-57a2d4851a1d" />
    <TestEntry testId="c77ba390-6ddc-0595-6e7a-0452ffe70004" executionId="bfd8d4bc-3c31-43be-80df-52f27fa17300" testListId="8c84fa94-04c1-424b-9868-57a2d4851a1d" />
    <TestEntry testId="acc98362-d655-11a1-38df-7ecc5ab9b087" executionId="1c689e6d-25f9-47e2-9659-f211300ef8a3" testListId="8c84fa94-04c1-424b-9868-57a2d4851a1d" />
    <TestEntry testId="1e666743-29e3-3eae-6c45-43b8359e4276" executionId="e66a6322-3c65-421f-a267-e05143f6a1c5" testListId="8c84fa94-04c1-424b-9868-57a2d4851a1d" />
    <TestEntry testId="7e4b9570-2594-153a-70c9-41ca4b10bf31" executionId="e7c6f249-8263-41b7-9126-fd3d8d5dc5bb" testListId="8c84fa94-04c1-424b-9868-57a2d4851a1d" />
    <TestEntry testId="4c14fcb1-24a6-e988-36b4-b05d889ae5c3" executionId="f4f449ce-bf7f-45b4-af70-fbeaca9c7102" testListId="8c84fa94-04c1-424b-9868-57a2d4851a1d" />
    <TestEntry testId="686d7716-2275-8b03-2f3a-0cf3208de0d9" executionId="ba3ce7f0-1ca3-4eee-8f7e-99a6d25e2857" testListId="8c84fa94-04c1-424b-9868-57a2d4851a1d" />
    <TestEntry testId="c035a38b-070b-8278-8436-2413e293ec92" executionId="867632ca-4a91-4774-930e-1236735cde6e" testListId="8c84fa94-04c1-424b-9868-57a2d4851a1d" />
    <TestEntry testId="c38a7f57-720e-4e23-126f-6ba8e80ab256" executionId="00a17d34-f10a-4f28-b1bf-2cb889a81533" testListId="8c84fa94-04c1-424b-9868-57a2d4851a1d" />
    <TestEntry testId="14296f48-5473-f73d-fd31-1a4c5ee7845b" executionId="e4e9dad8-276c-4b80-a17f-98d29e15f4da" testListId="8c84fa94-04c1-424b-9868-57a2d4851a1d" />
    <TestEntry testId="8d4c454c-14e7-5019-0886-ea4efe1c06a6" executionId="41a3dfc5-f6fb-4fbf-a646-9a33416197e1" testListId="8c84fa94-04c1-424b-9868-57a2d4851a1d" />
    <TestEntry testId="369b608e-1964-3f68-cf17-da7ba5ec8c79" executionId="ec83674d-dea9-4f19-8fd5-84d72e9ea4f4" testListId="8c84fa94-04c1-424b-9868-57a2d4851a1d" />
    <TestEntry testId="09f27956-2dcf-9525-e621-0f17bbef66f1" executionId="04c8d32e-260f-4627-a2f3-c9cab0159d2d" testListId="8c84fa94-04c1-424b-9868-57a2d4851a1d" />
    <TestEntry testId="ea4f5c65-6e57-7469-81cd-da999f8dae70" executionId="844fc2b9-6bbf-44be-822b-6e4ec7d5db43" testListId="8c84fa94-04c1-424b-9868-57a2d4851a1d" />
    <TestEntry testId="6bb77800-fbfc-5511-f759-684ffce9cac5" executionId="484d1022-ab60-4251-80ad-f41810cede0e" testListId="8c84fa94-04c1-424b-9868-57a2d4851a1d" />
    <TestEntry testId="e0176114-289f-ff7a-8eab-c054b1f516a9" executionId="7222a980-f811-4011-93ff-895fc609af75" testListId="8c84fa94-04c1-424b-9868-57a2d4851a1d" />
    <TestEntry testId="05556609-9faa-fd2c-0053-a1b9729bad6d" executionId="aa51d8d7-58d2-49dd-9ce4-ce12ba39cd2f" testListId="8c84fa94-04c1-424b-9868-57a2d4851a1d" />
    <TestEntry testId="fc67206a-836b-410a-22b8-a41a077c33d2" executionId="688787de-3516-4341-84fc-f4967e148745" testListId="8c84fa94-04c1-424b-9868-57a2d4851a1d" />
    <TestEntry testId="faa44b1e-cd46-847a-e2ec-d78ec502e6f9" executionId="862b3ed1-cde0-4775-b721-5e0cd05f1bad" testListId="8c84fa94-04c1-424b-9868-57a2d4851a1d" />
    <TestEntry testId="3a8d54be-cc8a-b70b-55ea-33d319e00cc9" executionId="4c5e5eb4-8c75-468e-9a54-7067b210d877" testListId="8c84fa94-04c1-424b-9868-57a2d4851a1d" />
    <TestEntry testId="2e6d7840-8841-c270-33e7-4aa27fa3104b" executionId="52601449-047b-42fa-8eb0-298f955540f2" testListId="8c84fa94-04c1-424b-9868-57a2d4851a1d" />
    <TestEntry testId="3889aeae-7543-1e69-cc4e-2dbb3a8d1594" executionId="e00d8929-7e26-4cdf-b5a3-0202fcd1e3f4" testListId="8c84fa94-04c1-424b-9868-57a2d4851a1d" />
    <TestEntry testId="a8d92553-f6f0-31dc-c897-f703ddeacbfd" executionId="855400c9-1c0d-4e36-b29a-1eb46a6ba170" testListId="8c84fa94-04c1-424b-9868-57a2d4851a1d" />
    <TestEntry testId="ece805d4-7345-33e6-a70b-c18d01d65d55" executionId="b14a156e-71ce-4488-9367-0835e8e7b0f0" testListId="8c84fa94-04c1-424b-9868-57a2d4851a1d" />
    <TestEntry testId="3f9431b2-95bf-53e4-cfe3-e00a9c3265ce" executionId="5d29e754-fbef-41c7-9a6b-22ae925cc6ee" testListId="8c84fa94-04c1-424b-9868-57a2d4851a1d" />
  </TestEntries>
  <TestLists>
    <TestList name="Results Not in a List" id="8c84fa94-04c1-424b-9868-57a2d4851a1d" />
    <TestList name="All Loaded Results" id="19431567-8539-422a-85d7-44ee4e166bda" />
  </TestLists>
  <ResultSummary outcome="Failed">
    <Counters total="176" executed="176" passed="173" failed="3" error="0" timeout="0" aborted="0" inconclusive="0" passedButRunAborted="0" notRunnable="0" notExecuted="0" disconnected="0" warning="0" completed="0" inProgress="0" pending="0" />
    <Output>
      <StdOut>[xUnit.net 00:00:00.00] xUnit.net VSTest Adapter v2.5.0.1+5ebf84cd75 (64-bit .NET 8.0.26)&#xD;
[xUnit.net 00:00:00.12]   Discovering: Sai.DealAssistant.Application.Tests&#xD;
[xUnit.net 00:00:00.18]   Discovered:  Sai.DealAssistant.Application.Tests&#xD;
[xUnit.net 00:00:00.19]   Starting:    Sai.DealAssistant.Application.Tests&#xD;
     Warning:&#xD;
     The component "Fluent Assertions" is governed by the rules defined in the Xceed License Agreement and&#xD;
     the Xceed Fluent Assertions Community License. You may use Fluent Assertions free of charge for&#xD;
     non-commercial use only. An active subscription is required to use Fluent Assertions for commercial use.&#xD;
     Please contact Xceed Sales mailto:sales@xceed.com to acquire a subscription at a very low cost.&#xD;
     A paid commercial license supports the development and continued increasing support of&#xD;
     Fluent Assertions users under both commercial and community licenses. Help us&#xD;
     keep Fluent Assertions at the forefront of unit testing.&#xD;
     For more information, visit https://xceed.com/products/unit-testing/fluent-assertions/&#xD;
[xUnit.net 00:02:02.82]       FluentValidation.TestHelper.ValidationTestException : Expected a validation error for property FirmId&#xD;
[xUnit.net 00:02:02.82]       Stack Trace:&#xD;
[xUnit.net 00:02:02.82]         /_/src/FluentValidation/TestHelper/TestValidationResult.cs(81,0): at FluentValidation.TestHelper.TestValidationResult`1.ShouldHaveValidationError(String propertyName, Boolean shouldNormalizePropertyName)&#xD;
[xUnit.net 00:02:02.82]         /_/src/FluentValidation/TestHelper/TestValidationResult.cs(38,0): at FluentValidation.TestHelper.TestValidationResult`1.ShouldHaveValidationErrorFor[TProperty](Expression`1 memberAccessor)&#xD;
[xUnit.net 00:02:02.82]         C:\_PROJ\Sai.DealAssistant\sai-deal-assistant-backend\src\Tests\Sai.DealAssistant.Application.Tests\Deals\Validators\CreateDealCommandValidatorTests.cs(116,0): at Sai.DealAssistant.Application.Tests.Deals.Validators.CreateDealCommandValidatorTests.Validator_WithMissingFirmId_FailsValidation()&#xD;
[xUnit.net 00:02:02.82]         --- End of stack trace from previous location ---&#xD;
[xUnit.net 00:03:26.59]       System.NotSupportedException : SQLite does not support expressions of type 'DateTimeOffset' in ORDER BY clauses. Convert the values to a supported type, or use LINQ to Objects to order the results on the client side.&#xD;
[xUnit.net 00:03:26.59]       Stack Trace:&#xD;
[xUnit.net 00:03:26.59]            at Microsoft.EntityFrameworkCore.Sqlite.Query.Internal.SqliteQueryableMethodTranslatingExpressionVisitor.TranslateOrderBy(ShapedQueryExpression source, LambdaExpression keySelector, Boolean ascending)&#xD;
[xUnit.net 00:03:26.59]            at Microsoft.EntityFrameworkCore.Query.QueryableMethodTranslatingExpressionVisitor.VisitMethodCall(MethodCallExpression methodCallExpression)&#xD;
[xUnit.net 00:03:26.59]            at Microsoft.EntityFrameworkCore.Query.RelationalQueryableMethodTranslatingExpressionVisitor.VisitMethodCall(MethodCallExpression methodCallExpression)&#xD;
[xUnit.net 00:03:26.59]            at Microsoft.EntityFrameworkCore.Query.QueryableMethodTranslatingExpressionVisitor.VisitMethodCall(MethodCallExpression methodCallExpression)&#xD;
[xUnit.net 00:03:26.59]            at Microsoft.EntityFrameworkCore.Query.RelationalQueryableMethodTranslatingExpressionVisitor.VisitMethodCall(MethodCallExpression methodCallExpression)&#xD;
[xUnit.net 00:03:26.59]            at Microsoft.EntityFrameworkCore.Query.QueryableMethodTranslatingExpressionVisitor.Translate(Expression expression)&#xD;
[xUnit.net 00:03:26.59]            at Microsoft.EntityFrameworkCore.Query.RelationalQueryableMethodTranslatingExpressionVisitor.Translate(Expression expression)&#xD;
[xUnit.net 00:03:26.59]            at Microsoft.EntityFrameworkCore.Query.QueryCompilationContext.CreateQueryExecutor[TResult](Expression query)&#xD;
[xUnit.net 00:03:26.59]            at Microsoft.EntityFrameworkCore.Storage.Database.CompileQuery[TResult](Expression query, Boolean async)&#xD;
[xUnit.net 00:03:26.59]            at Microsoft.EntityFrameworkCore.Query.Internal.QueryCompiler.CompileQueryCore[TResult](IDatabase database, Expression query, IModel model, Boolean async)&#xD;
[xUnit.net 00:03:26.59]            at Microsoft.EntityFrameworkCore.Query.Internal.QueryCompiler.&lt;&gt;c__DisplayClass12_0`1.&lt;ExecuteAsync&gt;b__0()&#xD;
[xUnit.net 00:03:26.59]            at Microsoft.EntityFrameworkCore.Query.Internal.CompiledQueryCache.GetOrAddQuery[TResult](Object cacheKey, Func`1 compiler)&#xD;
[xUnit.net 00:03:26.59]            at Microsoft.EntityFrameworkCore.Query.Internal.QueryCompiler.ExecuteAsync[TResult](Expression query, CancellationToken cancellationToken)&#xD;
[xUnit.net 00:03:26.59]            at Microsoft.EntityFrameworkCore.EntityFrameworkQueryableExtensions.ExecuteAsync[TSource,TResult](MethodInfo operatorMethodInfo, IQueryable`1 source, Expression expression, CancellationToken cancellationToken)&#xD;
[xUnit.net 00:03:26.59]            at Microsoft.EntityFrameworkCore.EntityFrameworkQueryableExtensions.ExecuteAsync[TSource,TResult](MethodInfo operatorMethodInfo, IQueryable`1 source, CancellationToken cancellationToken)&#xD;
[xUnit.net 00:03:26.59]            at Microsoft.EntityFrameworkCore.EntityFrameworkQueryableExtensions.FirstOrDefaultAsync[TSource](IQueryable`1 source, CancellationToken cancellationToken)&#xD;
[xUnit.net 00:03:26.59]         C:\_PROJ\Sai.DealAssistant\sai-deal-assistant-backend\src\Tests\Sai.DealAssistant.Application.Tests\Deals\Handlers\Commands\UpdateDealCommandHandlerTests.cs(103,0): at Sai.DealAssistant.Application.Tests.Deals.Handlers.Commands.UpdateDealCommandHandlerTests.Handle_WhenUpdatingStateId_CreatesStateIdAudit()&#xD;
[xUnit.net 00:03:26.59]         --- End of stack trace from previous location ---&#xD;
[xUnit.net 00:03:35.78]       System.NotSupportedException : SQLite does not support expressions of type 'DateTimeOffset' in ORDER BY clauses. Convert the values to a supported type, or use LINQ to Objects to order the results on the client side.&#xD;
[xUnit.net 00:03:35.78]       Stack Trace:&#xD;
[xUnit.net 00:03:35.78]            at Microsoft.EntityFrameworkCore.Sqlite.Query.Internal.SqliteQueryableMethodTranslatingExpressionVisitor.TranslateOrderBy(ShapedQueryExpression source, LambdaExpression keySelector, Boolean ascending)&#xD;
[xUnit.net 00:03:35.78]            at Microsoft.EntityFrameworkCore.Query.QueryableMethodTranslatingExpressionVisitor.VisitMethodCall(MethodCallExpression methodCallExpression)&#xD;
[xUnit.net 00:03:35.78]            at Microsoft.EntityFrameworkCore.Query.RelationalQueryableMethodTranslatingExpressionVisitor.VisitMethodCall(MethodCallExpression methodCallExpression)&#xD;
[xUnit.net 00:03:35.78]            at Microsoft.EntityFrameworkCore.Query.QueryableMethodTranslatingExpressionVisitor.VisitMethodCall(MethodCallExpression methodCallExpression)&#xD;
[xUnit.net 00:03:35.78]            at Microsoft.EntityFrameworkCore.Query.RelationalQueryableMethodTranslatingExpressionVisitor.VisitMethodCall(MethodCallExpression methodCallExpression)&#xD;
[xUnit.net 00:03:35.78]            at Microsoft.EntityFrameworkCore.Query.QueryableMethodTranslatingExpressionVisitor.Translate(Expression expression)&#xD;
[xUnit.net 00:03:35.78]            at Microsoft.EntityFrameworkCore.Query.RelationalQueryableMethodTranslatingExpressionVisitor.Translate(Expression expression)&#xD;
[xUnit.net 00:03:35.78]            at Microsoft.EntityFrameworkCore.Query.QueryCompilationContext.CreateQueryExecutor[TResult](Expression query)&#xD;
[xUnit.net 00:03:35.78]            at Microsoft.EntityFrameworkCore.Storage.Database.CompileQuery[TResult](Expression query, Boolean async)&#xD;
[xUnit.net 00:03:35.78]            at Microsoft.EntityFrameworkCore.Query.Internal.QueryCompiler.CompileQueryCore[TResult](IDatabase database, Expression query, IModel model, Boolean async)&#xD;
[xUnit.net 00:03:35.78]            at Microsoft.EntityFrameworkCore.Query.Internal.QueryCompiler.&lt;&gt;c__DisplayClass12_0`1.&lt;ExecuteAsync&gt;b__0()&#xD;
[xUnit.net 00:03:35.78]            at Microsoft.EntityFrameworkCore.Query.Internal.CompiledQueryCache.GetOrAddQuery[TResult](Object cacheKey, Func`1 compiler)&#xD;
[xUnit.net 00:03:35.78]            at Microsoft.EntityFrameworkCore.Query.Internal.QueryCompiler.ExecuteAsync[TResult](Expression query, CancellationToken cancellationToken)&#xD;
[xUnit.net 00:03:35.78]            at Microsoft.EntityFrameworkCore.EntityFrameworkQueryableExtensions.ExecuteAsync[TSource,TResult](MethodInfo operatorMethodInfo, IQueryable`1 source, Expression expression, CancellationToken cancellationToken)&#xD;
[xUnit.net 00:03:35.78]            at Microsoft.EntityFrameworkCore.EntityFrameworkQueryableExtensions.ExecuteAsync[TSource,TResult](MethodInfo operatorMethodInfo, IQueryable`1 source, CancellationToken cancellationToken)&#xD;
[xUnit.net 00:03:35.78]            at Microsoft.EntityFrameworkCore.EntityFrameworkQueryableExtensions.FirstOrDefaultAsync[TSource](IQueryable`1 source, CancellationToken cancellationToken)&#xD;
[xUnit.net 00:03:35.78]         C:\_PROJ\Sai.DealAssistant\sai-deal-assistant-backend\src\Tests\Sai.DealAssistant.Application.Tests\Deals\Handlers\Commands\UpdateDealCommandHandlerTests.cs(58,0): at Sai.DealAssistant.Application.Tests.Deals.Handlers.Commands.UpdateDealCommandHandlerTests.Handle_WhenUpdatingStatus_CreatesStatusAudit()&#xD;
[xUnit.net 00:03:35.78]         --- End of stack trace from previous location ---&#xD;
[xUnit.net 00:03:57.58]   Finished:    Sai.DealAssistant.Application.Tests&#xD;
</StdOut>
    </Output>
    <RunInfos>
      <RunInfo computerName="SAI-W11" outcome="Error" timestamp="2026-04-27T15:13:04.7733271+01:00">
        <Text>[xUnit.net 00:02:02.81]     Sai.DealAssistant.Application.Tests.Deals.Validators.CreateDealCommandValidatorTests.Validator_WithMissingFirmId_FailsValidation [FAIL]</Text>
      </RunInfo>
      <RunInfo computerName="SAI-W11" outcome="Error" timestamp="2026-04-27T15:14:28.5357376+01:00">
        <Text>[xUnit.net 00:03:26.59]     Sai.DealAssistant.Application.Tests.Deals.Handlers.Commands.UpdateDealCommandHandlerTests.Handle_WhenUpdatingStateId_CreatesStateIdAudit [FAIL]</Text>
      </RunInfo>
      <RunInfo computerName="SAI-W11" outcome="Error" timestamp="2026-04-27T15:14:37.7282540+01:00">
        <Text>[xUnit.net 00:03:35.78]     Sai.DealAssistant.Application.Tests.Deals.Handlers.Commands.UpdateDealCommandHandlerTests.Handle_WhenUpdatingStatus_CreatesStatusAudit [FAIL]</Text>
      </RunInfo>
    </RunInfos>
  </ResultSummary>
</TestRun>