<?xml version="1.0" encoding="utf-8"?>
<TestRun id="ed7aa577-3f9e-4a0f-990b-5fb151ea22a8" name="olexi@SAI-W11 2026-04-27 15:01:11" runUser="SAI-W11\olexi" xmlns="http://microsoft.com/schemas/VisualStudio/TeamTest/2010">
  <Times creation="2026-04-27T15:01:12.0695361+01:00" queuing="2026-04-27T15:01:12.0695365+01:00" start="2026-04-27T15:01:09.5352237+01:00" finish="2026-04-27T15:05:32.7879040+01:00" />
  <TestSettings name="default" id="e611daa6-fdd6-43a1-90b5-a0b964ddb5ae">
    <Deployment runDeploymentRoot="olexi_SAI-W11_2026-04-27_15_01_11" />
  </TestSettings>
  <Results>
    <UnitTestResult executionId="e524a5be-ef32-4612-87a9-6cdbe2a8ba2c" testId="1e8a699c-f03f-aefc-bfba-b198d444526b" testName="Tests.Sai.DealAssistant.Application.Tests.EventNotes.Handlers.CreateUpdateDeleteEventNote_Handlers_Tests.Delete_Handler_ThrowsNotFound_WhenDeleteReturnsNull" computerName="SAI-W11" duration="00:00:10.0209613" startTime="2026-04-27T15:04:27.2438795+01:00" endTime="2026-04-27T15:04:27.2438797+01:00" testType="13cdc9d9-ddb5-4fa4-a97d-d965ccfc6d4b" outcome="Passed" testListId="8c84fa94-04c1-424b-9868-57a2d4851a1d" relativeResultsDirectory="e524a5be-ef32-4612-87a9-6cdbe2a8ba2c" />
    <UnitTestResult executionId="b43d69a5-e56e-48f8-a54d-5b77d7a3b294" testId="629cd8c5-24d9-67a0-71c4-7dff6a0d988c" testName="Sai.DealAssistant.Application.Tests.DealTags.Handlers.GetCachedTagsQuery_Handler_Test.Handler_ReturnsActualCachedTags_AfterUpdateAndInvalidation" computerName="SAI-W11" duration="00:00:10.9722841" startTime="2026-04-27T15:03:28.3502856+01:00" endTime="2026-04-27T15:03:28.3502858+01:00" testType="13cdc9d9-ddb5-4fa4-a97d-d965ccfc6d4b" outcome="Passed" testListId="8c84fa94-04c1-424b-9868-57a2d4851a1d" relativeResultsDirectory="b43d69a5-e56e-48f8-a54d-5b77d7a3b294" />
    <UnitTestResult executionId="66661038-ca67-40e1-8a5d-8f9027f5373c" testId="7e4b9570-2594-153a-70c9-41ca4b10bf31" testName="Sai.DealAssistant.Application.Tests.Deals.Handlers.Queries.GetDealListQuery_Handler_Test.Handler_SortsByName_Ascending" computerName="SAI-W11" duration="00:00:04.6246378" startTime="2026-04-27T15:05:29.1170694+01:00" endTime="2026-04-27T15:05:29.1170695+01:00" testType="13cdc9d9-ddb5-4fa4-a97d-d965ccfc6d4b" outcome="Passed" testListId="8c84fa94-04c1-424b-9868-57a2d4851a1d" relativeResultsDirectory="66661038-ca67-40e1-8a5d-8f9027f5373c" />
    <UnitTestResult executionId="b5bb28a8-df94-45f6-b4b0-f16840cf21ab" testId="7b0793ba-e7b3-0ae6-d30f-fab050b9a833" testName="Sai.DealAssistant.Application.Tests.General.Queries.GetCachedStringOptionsTests.ReturnsDistinctOptions_ForDealStatus" computerName="SAI-W11" duration="00:00:00.0503571" startTime="2026-04-27T15:04:32.0882842+01:00" endTime="2026-04-27T15:04:32.0882843+01:00" testType="13cdc9d9-ddb5-4fa4-a97d-d965ccfc6d4b" outcome="Passed" testListId="8c84fa94-04c1-424b-9868-57a2d4851a1d" relativeResultsDirectory="b5bb28a8-df94-45f6-b4b0-f16840cf21ab" />
    <UnitTestResult executionId="4e13ec7c-aca4-4e93-9f9e-8122ea142585" testId="9c15aa1d-d190-34c4-e880-8dbc352105f8" testName="Sai.DealAssistant.Application.Tests.General.Commands.Validators.UpdateNumericFieldCommandValidatorTests.Validator_Valid_Passes" computerName="SAI-W11" duration="00:00:00.0272408" startTime="2026-04-27T15:02:44.8982102+01:00" endTime="2026-04-27T15:02:44.8982103+01:00" testType="13cdc9d9-ddb5-4fa4-a97d-d965ccfc6d4b" outcome="Passed" testListId="8c84fa94-04c1-424b-9868-57a2d4851a1d" relativeResultsDirectory="4e13ec7c-aca4-4e93-9f9e-8122ea142585" />
    <UnitTestResult executionId="f08fe483-7c19-401c-8919-8f9a7e19f751" testId="5edb93e1-4382-142f-93ea-a96f4647968d" testName="Sai.DealAssistant.Application.Tests.Events.Validators.UpdateEventCommandValidatorTests.Validator_InvalidId_FailsValidation" computerName="SAI-W11" duration="00:00:00.0486450" startTime="2026-04-27T15:02:33.1236802+01:00" endTime="2026-04-27T15:02:33.1236804+01:00" testType="13cdc9d9-ddb5-4fa4-a97d-d965ccfc6d4b" outcome="Passed" testListId="8c84fa94-04c1-424b-9868-57a2d4851a1d" relativeResultsDirectory="f08fe483-7c19-401c-8919-8f9a7e19f751" />
    <UnitTestResult executionId="92a70200-fa57-4650-a117-d012b52a747b" testId="9cbf862a-8639-a119-d369-8681bcff4eee" testName="Sai.DealAssistant.Application.Tests.General.Commands.Validators.UpdateStringFieldCommandValidatorTests.Validator_Url_Fails" computerName="SAI-W11" duration="00:00:00.0005089" startTime="2026-04-27T15:03:54.1376683+01:00" endTime="2026-04-27T15:03:54.1376684+01:00" testType="13cdc9d9-ddb5-4fa4-a97d-d965ccfc6d4b" outcome="Passed" testListId="8c84fa94-04c1-424b-9868-57a2d4851a1d" relativeResultsDirectory="92a70200-fa57-4650-a117-d012b52a747b" />
    <UnitTestResult executionId="1c202140-875d-4971-abd8-5c96de6a5fd2" testId="7b2a7547-5086-e85c-579a-e842601b0438" testName="Sai.DealAssistant.Application.Tests.Events.Validators.CreateEventCommandValidatorTests.Validator_MissingDate_FailsValidation" computerName="SAI-W11" duration="00:00:00.0040426" startTime="2026-04-27T15:01:11.9626470+01:00" endTime="2026-04-27T15:01:11.9626473+01:00" testType="13cdc9d9-ddb5-4fa4-a97d-d965ccfc6d4b" outcome="Passed" testListId="8c84fa94-04c1-424b-9868-57a2d4851a1d" relativeResultsDirectory="1c202140-875d-4971-abd8-5c96de6a5fd2" />
    <UnitTestResult executionId="e0119e52-371f-41a2-8071-81e112d2f2e8" testId="7476bd2c-3d6a-667f-cbb1-4a2c5b51ae43" testName="Sai.DealAssistant.Application.Tests.Events.Validators.CreateEventCommandValidatorTests.Validator_InvalidTypeId_FailsValidation" computerName="SAI-W11" duration="00:00:00.0072948" startTime="2026-04-27T15:01:11.9703091+01:00" endTime="2026-04-27T15:01:11.9703094+01:00" testType="13cdc9d9-ddb5-4fa4-a97d-d965ccfc6d4b" outcome="Passed" testListId="8c84fa94-04c1-424b-9868-57a2d4851a1d" relativeResultsDirectory="e0119e52-371f-41a2-8071-81e112d2f2e8" />
    <UnitTestResult executionId="e8361d89-4e2d-4b32-8f83-52f757a4b455" testId="480cb096-be9d-08d4-e381-ad24a192368f" testName="Sai.DealAssistant.Application.Tests.Firms.Handlers.Commands.DeleteFirmCommand_Handler_Test.Handler_DeletesFirm_ReturnsDeletedDto" computerName="SAI-W11" duration="00:00:02.4350792" startTime="2026-04-27T15:01:19.8788743+01:00" endTime="2026-04-27T15:01:19.8788763+01:00" testType="13cdc9d9-ddb5-4fa4-a97d-d965ccfc6d4b" outcome="Passed" testListId="8c84fa94-04c1-424b-9868-57a2d4851a1d" relativeResultsDirectory="e8361d89-4e2d-4b32-8f83-52f757a4b455" />
    <UnitTestResult executionId="b5c04ace-a618-4d21-bbe2-8986226b087c" testId="4ffafaec-9e35-07c0-59b2-a10117a5c59e" testName="Sai.DealAssistant.Application.Tests.Events.Validators.UpdateEventCommandValidatorTests.Validator_WithValidData_NoContactPerson_PassesValidation" computerName="SAI-W11" duration="00:00:00.0077799" startTime="2026-04-27T15:02:33.2031150+01:00" endTime="2026-04-27T15:02:33.2031152+01:00" testType="13cdc9d9-ddb5-4fa4-a97d-d965ccfc6d4b" outcome="Passed" testListId="8c84fa94-04c1-424b-9868-57a2d4851a1d" relativeResultsDirectory="b5c04ace-a618-4d21-bbe2-8986226b087c" />
    <UnitTestResult executionId="c9931436-d812-4a6b-8478-3a874fffcbb6" testId="0fafdfa1-61bf-8775-82a9-04926fe0a66f" testName="Sai.DealAssistant.Application.Tests.Deals.Validators.CreateDealCommandValidatorTests.Validator_InvalidUrl_FailsValidation" computerName="SAI-W11" duration="00:00:00.0048070" startTime="2026-04-27T15:03:51.6196344+01:00" endTime="2026-04-27T15:03:51.6196345+01:00" testType="13cdc9d9-ddb5-4fa4-a97d-d965ccfc6d4b" outcome="Passed" testListId="8c84fa94-04c1-424b-9868-57a2d4851a1d" relativeResultsDirectory="c9931436-d812-4a6b-8478-3a874fffcbb6" />
    <UnitTestResult executionId="e3b520e3-48ad-43f7-9541-3f4fb6d2064b" testId="5b0d0f5f-6694-5667-f764-e95789b4c3bb" testName="Sai.DealAssistant.Application.Tests.Deals.Validators.UpdateDealCommandValidatorTests.Validator_WithMissingFirmId_FailsValidation" computerName="SAI-W11" duration="00:00:00.9482863" startTime="2026-04-27T15:01:11.9357794+01:00" endTime="2026-04-27T15:01:11.9357796+01:00" testType="13cdc9d9-ddb5-4fa4-a97d-d965ccfc6d4b" outcome="Passed" testListId="8c84fa94-04c1-424b-9868-57a2d4851a1d" relativeResultsDirectory="e3b520e3-48ad-43f7-9541-3f4fb6d2064b" />
    <UnitTestResult executionId="9d1a8dce-d0fe-4052-a5f7-72b78b515922" testId="fc56cc8b-ff8f-25a1-63b1-10b431070006" testName="Sai.DealAssistant.Application.Tests.Deals.Validators.CreateDealCommandValidatorTests.Validator_WithInvalidStateId_FailsValidation" computerName="SAI-W11" duration="00:00:00.0039619" startTime="2026-04-27T15:03:51.6104174+01:00" endTime="2026-04-27T15:03:51.6104176+01:00" testType="13cdc9d9-ddb5-4fa4-a97d-d965ccfc6d4b" outcome="Passed" testListId="8c84fa94-04c1-424b-9868-57a2d4851a1d" relativeResultsDirectory="9d1a8dce-d0fe-4052-a5f7-72b78b515922" />
    <UnitTestResult executionId="dd23f64d-a1a4-40ae-879a-822903292615" testId="05556609-9faa-fd2c-0053-a1b9729bad6d" testName="Sai.DealAssistant.Application.Tests.DealContactReps.Handlers.GetContactPersonQuery_Handler_Test.Handler_ReturnsDto_ForExistingId" computerName="SAI-W11" duration="00:00:00.1308246" startTime="2026-04-27T15:03:28.8627676+01:00" endTime="2026-04-27T15:03:28.8627681+01:00" testType="13cdc9d9-ddb5-4fa4-a97d-d965ccfc6d4b" outcome="Passed" testListId="8c84fa94-04c1-424b-9868-57a2d4851a1d" relativeResultsDirectory="dd23f64d-a1a4-40ae-879a-822903292615" />
    <UnitTestResult executionId="d286246f-b846-401f-a662-fba8d9af16ac" testId="c035a38b-070b-8278-8436-2413e293ec92" testName="Sai.DealAssistant.Application.Tests.Firms.Handlers.Queries.GetFirmListQuery_Handler_Test.Handler_FiltersByName" computerName="SAI-W11" duration="00:00:00.0841242" startTime="2026-04-27T15:05:07.4086992+01:00" endTime="2026-04-27T15:05:07.4086995+01:00" testType="13cdc9d9-ddb5-4fa4-a97d-d965ccfc6d4b" outcome="Passed" testListId="8c84fa94-04c1-424b-9868-57a2d4851a1d" relativeResultsDirectory="d286246f-b846-401f-a662-fba8d9af16ac" />
    <UnitTestResult executionId="467b385d-493d-4a21-b3c6-04a22ea6dbf4" testId="18671a8c-6efe-11d2-ca3d-dc25945daa7a" testName="Sai.DealAssistant.Application.Tests.Events.Handlers.CreateUpdateDeleteEvent_Handlers_Tests.Create_Handler_CreatesEventWithoutContactPerson_OnSuccess" computerName="SAI-W11" duration="00:00:11.3709996" startTime="2026-04-27T15:04:14.8008603+01:00" endTime="2026-04-27T15:04:14.8008604+01:00" testType="13cdc9d9-ddb5-4fa4-a97d-d965ccfc6d4b" outcome="Passed" testListId="8c84fa94-04c1-424b-9868-57a2d4851a1d" relativeResultsDirectory="467b385d-493d-4a21-b3c6-04a22ea6dbf4" />
    <UnitTestResult executionId="fb3971b4-e5be-4e4f-be0e-405c48fba3e7" testId="edeb921a-e16d-17cb-b3fa-a7ff99bed944" testName="Sai.DealAssistant.Application.Tests.Deals.Handlers.Commands.DeleteDealCommandHandlerTests.Handle_WhenDealHasNavigationProperties_DeletesSuccessfullyWithCascade" computerName="SAI-W11" duration="00:00:11.6289524" startTime="2026-04-27T15:02:56.0371458+01:00" endTime="2026-04-27T15:02:56.0371460+01:00" testType="13cdc9d9-ddb5-4fa4-a97d-d965ccfc6d4b" outcome="Passed" testListId="8c84fa94-04c1-424b-9868-57a2d4851a1d" relativeResultsDirectory="fb3971b4-e5be-4e4f-be0e-405c48fba3e7" />
    <UnitTestResult executionId="a08ea7bd-8218-4717-b114-8edcb74a46e3" testId="3f9431b2-95bf-53e4-cfe3-e00a9c3265ce" testName="Sai.DealAssistant.Application.Tests.Firms.Validators.UpdateFirmCommandValidatorTests.Validator_WithValidData_PassesValidation" computerName="SAI-W11" duration="00:00:00.0055683" startTime="2026-04-27T15:03:29.0514655+01:00" endTime="2026-04-27T15:03:29.0514656+01:00" testType="13cdc9d9-ddb5-4fa4-a97d-d965ccfc6d4b" outcome="Passed" testListId="8c84fa94-04c1-424b-9868-57a2d4851a1d" relativeResultsDirectory="a08ea7bd-8218-4717-b114-8edcb74a46e3" />
    <UnitTestResult executionId="3c812034-bb2b-4fdc-a873-6d6df1f140be" testId="2e6d7840-8841-c270-33e7-4aa27fa3104b" testName="Sai.DealAssistant.Application.Tests.Events.Validators.UpdateEventCommandValidatorTests.Validator_WithContactPersonId_ContactPersonNotFound_FailsValidation" computerName="SAI-W11" duration="00:00:00.0105659" startTime="2026-04-27T15:02:33.1886805+01:00" endTime="2026-04-27T15:02:33.1886808+01:00" testType="13cdc9d9-ddb5-4fa4-a97d-d965ccfc6d4b" outcome="Passed" testListId="8c84fa94-04c1-424b-9868-57a2d4851a1d" relativeResultsDirectory="3c812034-bb2b-4fdc-a873-6d6df1f140be" />
    <UnitTestResult executionId="17d78848-4cac-4806-a2c2-1b04585630c4" testId="9cd70adb-3cda-a8c6-e84e-0f6d446fd47c" testName="Sai.DealAssistant.Application.Tests.DealContactReps.Handlers.CreateUpdateDeleteContactPerson_Handlers_Tests.Delete_Handler_ThrowsNotFound_WhenDeleteReturnsNull" computerName="SAI-W11" duration="00:00:11.0176541" startTime="2026-04-27T15:04:15.5332800+01:00" endTime="2026-04-27T15:04:15.5332802+01:00" testType="13cdc9d9-ddb5-4fa4-a97d-d965ccfc6d4b" outcome="Passed" testListId="8c84fa94-04c1-424b-9868-57a2d4851a1d" relativeResultsDirectory="17d78848-4cac-4806-a2c2-1b04585630c4" />
    <UnitTestResult executionId="d2fd0fc9-f126-4501-9b43-d0fb28d2df13" testId="c77ba390-6ddc-0595-6e7a-0452ffe70004" testName="Sai.DealAssistant.Application.Tests.Deals.Handlers.Commands.UpdateDealCommandHandlerTests.Handle_WhenUpdatingStateId_CreatesStateIdAudit" computerName="SAI-W11" duration="00:00:12.6152377" startTime="2026-04-27T15:03:43.2655897+01:00" endTime="2026-04-27T15:03:43.2655898+01:00" testType="13cdc9d9-ddb5-4fa4-a97d-d965ccfc6d4b" outcome="Failed" testListId="8c84fa94-04c1-424b-9868-57a2d4851a1d" relativeResultsDirectory="d2fd0fc9-f126-4501-9b43-d0fb28d2df13">
      <Output>
        <ErrorInfo>
          <Message>System.NotSupportedException : SQLite does not support expressions of type 'DateTimeOffset' in ORDER BY clauses. Convert the values to a supported type, or use LINQ to Objects to order the results on the client side.</Message>
          <StackTrace>   at Microsoft.EntityFrameworkCore.Sqlite.Query.Internal.SqliteQueryableMethodTranslatingExpressionVisitor.TranslateOrderBy(ShapedQueryExpression source, LambdaExpression keySelector, Boolean ascending)&#xD;
   at Microsoft.EntityFrameworkCore.Query.QueryableMethodTranslatingExpressionVisitor.VisitMethodCall(MethodCallExpression methodCallExpression)&#xD;
   at Microsoft.EntityFrameworkCore.Query.RelationalQueryableMethodTranslatingExpressionVisitor.VisitMethodCall(MethodCallExpression methodCallExpression)&#xD;
   at Microsoft.EntityFrameworkCore.Query.QueryableMethodTranslatingExpressionVisitor.VisitMethodCall(MethodCallExpression methodCallExpression)&#xD;
   at Microsoft.EntityFrameworkCore.Query.RelationalQueryableMethodTranslatingExpressionVisitor.VisitMethodCall(MethodCallExpression methodCallExpression)&#xD;
   at Microsoft.EntityFrameworkCore.Query.QueryableMethodTranslatingExpressionVisitor.Translate(Expression expression)&#xD;
   at Microsoft.EntityFrameworkCore.Query.RelationalQueryableMethodTranslatingExpressionVisitor.Translate(Expression expression)&#xD;
   at Microsoft.EntityFrameworkCore.Query.QueryCompilationContext.CreateQueryExecutor[TResult](Expression query)&#xD;
   at Microsoft.EntityFrameworkCore.Storage.Database.CompileQuery[TResult](Expression query, Boolean async)&#xD;
   at Microsoft.EntityFrameworkCore.Query.Internal.QueryCompiler.CompileQueryCore[TResult](IDatabase database, Expression query, IModel model, Boolean async)&#xD;
   at Microsoft.EntityFrameworkCore.Query.Internal.QueryCompiler.&lt;&gt;c__DisplayClass12_0`1.&lt;ExecuteAsync&gt;b__0()&#xD;
   at Microsoft.EntityFrameworkCore.Query.Internal.CompiledQueryCache.GetOrAddQuery[TResult](Object cacheKey, Func`1 compiler)&#xD;
   at Microsoft.EntityFrameworkCore.Query.Internal.QueryCompiler.ExecuteAsync[TResult](Expression query, CancellationToken cancellationToken)&#xD;
   at Microsoft.EntityFrameworkCore.EntityFrameworkQueryableExtensions.ExecuteAsync[TSource,TResult](MethodInfo operatorMethodInfo, IQueryable`1 source, Expression expression, CancellationToken cancellationToken)&#xD;
   at Microsoft.EntityFrameworkCore.EntityFrameworkQueryableExtensions.ExecuteAsync[TSource,TResult](MethodInfo operatorMethodInfo, IQueryable`1 source, CancellationToken cancellationToken)&#xD;
   at Microsoft.EntityFrameworkCore.EntityFrameworkQueryableExtensions.FirstOrDefaultAsync[TSource](IQueryable`1 source, CancellationToken cancellationToken)&#xD;
   at Sai.DealAssistant.Application.Tests.Deals.Handlers.Commands.UpdateDealCommandHandlerTests.Handle_WhenUpdatingStateId_CreatesStateIdAudit() in C:\_PROJ\Sai.DealAssistant\sai-deal-assistant-backend\src\Tests\Sai.DealAssistant.Application.Tests\Deals\Handlers\Commands\UpdateDealCommandHandlerTests.cs:line 103&#xD;
--- End of stack trace from previous location ---</StackTrace>
        </ErrorInfo>
      </Output>
    </UnitTestResult>
    <UnitTestResult executionId="5295c1d9-dc76-462b-9d4f-210e3ed1c3c2" testId="6da6c88e-5587-8658-7668-b026f4e3b565" testName="Tests.Sai.DealAssistant.Application.Tests.EventNotes.Handlers.CreateUpdateDeleteEventNote_Handlers_Tests.Update_Handler_ThrowsNotFound_WhenUpdateReturnsNull" computerName="SAI-W11" duration="00:00:11.0167916" startTime="2026-04-27T15:04:06.1893368+01:00" endTime="2026-04-27T15:04:06.1893371+01:00" testType="13cdc9d9-ddb5-4fa4-a97d-d965ccfc6d4b" outcome="Passed" testListId="8c84fa94-04c1-424b-9868-57a2d4851a1d" relativeResultsDirectory="5295c1d9-dc76-462b-9d4f-210e3ed1c3c2" />
    <UnitTestResult executionId="b852b6fb-6305-469c-8e7c-2913f5394b0f" testId="36c6cd53-7c64-f616-5f78-a73f345d718e" testName="Sai.DealAssistant.Application.Tests.General.Commands.Handlers.UpdateNumericFieldCommandHandlersTests.Handler_UpdatesNumericField_Success" computerName="SAI-W11" duration="00:00:13.4228534" startTime="2026-04-27T15:02:20.5783259+01:00" endTime="2026-04-27T15:02:20.5783261+01:00" testType="13cdc9d9-ddb5-4fa4-a97d-d965ccfc6d4b" outcome="Passed" testListId="8c84fa94-04c1-424b-9868-57a2d4851a1d" relativeResultsDirectory="b852b6fb-6305-469c-8e7c-2913f5394b0f" />
    <UnitTestResult executionId="d81a6254-8288-4f1b-bc0a-c98db3693315" testId="d5c2bf5d-b67a-c2c4-27d1-3359f4aab2b8" testName="Sai.DealAssistant.Application.Tests.Events.Handlers.CreateUpdateDeleteEvent_Handlers_Tests.Delete_Handler_ThrowsNotFound_WhenDeleteReturnsNull" computerName="SAI-W11" duration="00:00:09.7614595" startTime="2026-04-27T15:04:24.5587253+01:00" endTime="2026-04-27T15:04:24.5587254+01:00" testType="13cdc9d9-ddb5-4fa4-a97d-d965ccfc6d4b" outcome="Passed" testListId="8c84fa94-04c1-424b-9868-57a2d4851a1d" relativeResultsDirectory="d81a6254-8288-4f1b-bc0a-c98db3693315" />
    <UnitTestResult executionId="91f952cb-1c24-4a13-9571-544fa7ca104d" testId="e0176114-289f-ff7a-8eab-c054b1f516a9" testName="Sai.DealAssistant.Application.Tests.Deals.Handlers.Queries.GetDealListItemQuery_Handler_Test.Handler_ReturnsDealListItemDto_WhenDealExists" computerName="SAI-W11" duration="00:00:00.0960154" startTime="2026-04-27T15:03:51.8150735+01:00" endTime="2026-04-27T15:03:51.8150739+01:00" testType="13cdc9d9-ddb5-4fa4-a97d-d965ccfc6d4b" outcome="Passed" testListId="8c84fa94-04c1-424b-9868-57a2d4851a1d" relativeResultsDirectory="91f952cb-1c24-4a13-9571-544fa7ca104d" />
    <UnitTestResult executionId="4e9bf196-612a-48e6-a8d2-43ad9c22fe54" testId="f62f5e19-2e47-d097-95f5-da7fdc94e04e" testName="Sai.DealAssistant.Application.Tests.Firms.Validators.CreateFirmCommandValidatorTests.Validator_WithEmptyCountry_FailsValidation" computerName="SAI-W11" duration="00:00:00.0126486" startTime="2026-04-27T15:01:22.3049406+01:00" endTime="2026-04-27T15:01:22.3049420+01:00" testType="13cdc9d9-ddb5-4fa4-a97d-d965ccfc6d4b" outcome="Passed" testListId="8c84fa94-04c1-424b-9868-57a2d4851a1d" relativeResultsDirectory="4e9bf196-612a-48e6-a8d2-43ad9c22fe54" />
    <UnitTestResult executionId="164beafa-6393-49f9-be4a-600cf5d79a8f" testId="acd1dd3c-b571-66fb-e44d-61c4f3a9078b" testName="Sai.DealAssistant.Application.Tests.Firms.Handlers.Queries.GetFirmListQuery_Handler_Test.Handler_SortsByName_Descending" computerName="SAI-W11" duration="00:00:00.0798242" startTime="2026-04-27T15:05:07.3228812+01:00" endTime="2026-04-27T15:05:07.3228813+01:00" testType="13cdc9d9-ddb5-4fa4-a97d-d965ccfc6d4b" outcome="Passed" testListId="8c84fa94-04c1-424b-9868-57a2d4851a1d" relativeResultsDirectory="164beafa-6393-49f9-be4a-600cf5d79a8f" />
    <UnitTestResult executionId="dcf5c135-6795-4204-a1cd-21eee6d44501" testId="8e779fee-9b07-f6d5-63b9-37c0715b45bb" testName="Sai.DealAssistant.Application.Tests.Deals.Validators.UpdateDealCommandValidatorTests.Validator_WithValidIds_PassesValidation" computerName="SAI-W11" duration="00:00:00.0097370" startTime="2026-04-27T15:01:11.9518822+01:00" endTime="2026-04-27T15:01:11.9518824+01:00" testType="13cdc9d9-ddb5-4fa4-a97d-d965ccfc6d4b" outcome="Passed" testListId="8c84fa94-04c1-424b-9868-57a2d4851a1d" relativeResultsDirectory="dcf5c135-6795-4204-a1cd-21eee6d44501" />
    <UnitTestResult executionId="650709f6-3b22-4e56-b4cd-fd92621155f7" testId="369b608e-1964-3f68-cf17-da7ba5ec8c79" testName="Sai.DealAssistant.Application.Tests.Deals.Handlers.Queries.GetDealListQuery_Handler_Test.Handler_FiltersByIndustry" computerName="SAI-W11" duration="00:00:09.5910005" startTime="2026-04-27T15:05:00.2766283+01:00" endTime="2026-04-27T15:05:00.2766288+01:00" testType="13cdc9d9-ddb5-4fa4-a97d-d965ccfc6d4b" outcome="Passed" testListId="8c84fa94-04c1-424b-9868-57a2d4851a1d" relativeResultsDirectory="650709f6-3b22-4e56-b4cd-fd92621155f7" />
    <UnitTestResult executionId="49d6d80d-6449-4338-b154-19d0cc6b9b5c" testId="faa44b1e-cd46-847a-e2ec-d78ec502e6f9" testName="Sai.DealAssistant.Application.Tests.DealContactReps.Validators.CreateContactPersonCommandValidatorTests.Validator_WithValidFirm_PassesValidation" computerName="SAI-W11" duration="00:00:00.0031898" startTime="2026-04-27T15:03:28.9870482+01:00" endTime="2026-04-27T15:03:28.9870485+01:00" testType="13cdc9d9-ddb5-4fa4-a97d-d965ccfc6d4b" outcome="Passed" testListId="8c84fa94-04c1-424b-9868-57a2d4851a1d" relativeResultsDirectory="49d6d80d-6449-4338-b154-19d0cc6b9b5c" />
    <UnitTestResult executionId="177db845-93fe-4954-936a-086c7cd23c54" testId="d9c6e8ea-cb63-f8b1-e5b0-19238bf646ed" testName="Sai.DealAssistant.Application.Tests.Firms.Handlers.Queries.GetFirmWithDependentsQuery_Handler_Test.Handler_ReturnsFirmWithDependenciesDto_WhenFirmExists" computerName="SAI-W11" duration="00:00:11.8380648" startTime="2026-04-27T15:02:56.7392677+01:00" endTime="2026-04-27T15:02:56.7392679+01:00" testType="13cdc9d9-ddb5-4fa4-a97d-d965ccfc6d4b" outcome="Passed" testListId="8c84fa94-04c1-424b-9868-57a2d4851a1d" relativeResultsDirectory="177db845-93fe-4954-936a-086c7cd23c54" />
    <UnitTestResult executionId="db85e376-2bc1-40ec-8dae-a0598fd7eadc" testId="ece805d4-7345-33e6-a70b-c18d01d65d55" testName="Sai.DealAssistant.Application.Tests.Deals.Handlers.Queries.GetDealQueryWithDependents_Handler_Test.Handler_ThrowsNotFoundException_WhenDealDoesNotExist" computerName="SAI-W11" duration="00:00:11.6141843" startTime="2026-04-27T15:03:31.0866959+01:00" endTime="2026-04-27T15:03:31.0866961+01:00" testType="13cdc9d9-ddb5-4fa4-a97d-d965ccfc6d4b" outcome="Passed" testListId="8c84fa94-04c1-424b-9868-57a2d4851a1d" relativeResultsDirectory="db85e376-2bc1-40ec-8dae-a0598fd7eadc" />
    <UnitTestResult executionId="19784231-1809-4bab-aebf-dc50216a16df" testId="495b033c-57d8-d075-63fe-223e55443533" testName="Sai.DealAssistant.Application.Tests.DealTags.Handlers.GetDealTagsQuery_Handler_Test.Handle_ReturnsEmpty_ForNonExistingDeal" computerName="SAI-W11" duration="00:00:12.6185248" startTime="2026-04-27T15:03:41.6714680+01:00" endTime="2026-04-27T15:03:41.6714683+01:00" testType="13cdc9d9-ddb5-4fa4-a97d-d965ccfc6d4b" outcome="Passed" testListId="8c84fa94-04c1-424b-9868-57a2d4851a1d" relativeResultsDirectory="19784231-1809-4bab-aebf-dc50216a16df" />
    <UnitTestResult executionId="1796c754-c9d7-45e9-ae54-7aab97f1723f" testId="0c0ce932-2dbe-bf44-41a7-417bf6e2b34d" testName="Sai.DealAssistant.Application.Tests.Firms.Validators.DeleteFirmCommandValidatorTests.Validator_WithNoAssociatedDeals_PassesValidation" computerName="SAI-W11" duration="00:00:00.0036141" startTime="2026-04-27T15:01:11.9532687+01:00" endTime="2026-04-27T15:01:11.9532690+01:00" testType="13cdc9d9-ddb5-4fa4-a97d-d965ccfc6d4b" outcome="Passed" testListId="8c84fa94-04c1-424b-9868-57a2d4851a1d" relativeResultsDirectory="1796c754-c9d7-45e9-ae54-7aab97f1723f" />
    <UnitTestResult executionId="27e4cfc6-3377-43ac-9ccf-ff0330b7b218" testId="e7419384-fac9-9bfd-ba50-4009d8039d85" testName="Sai.DealAssistant.Application.Tests.Deals.Handlers.Commands.UpdateDealCommandHandlerTests.Handle_WhenUpdatingAllProperties_UpdatesSuccessfully" computerName="SAI-W11" duration="00:00:10.8274777" startTime="2026-04-27T15:03:19.2520801+01:00" endTime="2026-04-27T15:03:19.2520803+01:00" testType="13cdc9d9-ddb5-4fa4-a97d-d965ccfc6d4b" outcome="Passed" testListId="8c84fa94-04c1-424b-9868-57a2d4851a1d" relativeResultsDirectory="27e4cfc6-3377-43ac-9ccf-ff0330b7b218" />
    <UnitTestResult executionId="6ee0c898-2323-47f7-996a-2cafd043a039" testId="8d139094-3458-6d6b-946b-daa350a9e3c8" testName="Sai.DealAssistant.Application.Tests.DealTags.Handlers.GetDealTagsQuery_Handler_Test.Handle_ReturnsTags_ForExistingDeal" computerName="SAI-W11" duration="00:00:09.9159025" startTime="2026-04-27T15:03:51.5850964+01:00" endTime="2026-04-27T15:03:51.5850967+01:00" testType="13cdc9d9-ddb5-4fa4-a97d-d965ccfc6d4b" outcome="Passed" testListId="8c84fa94-04c1-424b-9868-57a2d4851a1d" relativeResultsDirectory="6ee0c898-2323-47f7-996a-2cafd043a039" />
    <UnitTestResult executionId="00fb00ca-04be-476a-9ead-6c40615fa3f6" testId="d1c76914-eea0-4fe4-9785-2af750f2f626" testName="Tests.Sai.DealAssistant.Application.Tests.EventNotes.Handlers.CreateUpdateDeleteEventNote_Handlers_Tests.Delete_Handler_DeletesOneNote_LeavesOthers" computerName="SAI-W11" duration="00:00:09.7987860" startTime="2026-04-27T15:04:46.8781077+01:00" endTime="2026-04-27T15:04:46.8781079+01:00" testType="13cdc9d9-ddb5-4fa4-a97d-d965ccfc6d4b" outcome="Passed" testListId="8c84fa94-04c1-424b-9868-57a2d4851a1d" relativeResultsDirectory="00fb00ca-04be-476a-9ead-6c40615fa3f6" />
    <UnitTestResult executionId="f332f0db-8882-4aca-872f-22147c195c9e" testId="6d3b955f-1923-9f6c-2bba-a3be345173d5" testName="Sai.DealAssistant.Application.Tests.Events.Handlers.CreateUpdateDeleteEvent_Handlers_Tests.Delete_Handler_DeletesOneEvent_LeavesOthers" computerName="SAI-W11" duration="00:00:04.6084165" startTime="2026-04-27T15:05:21.1786416+01:00" endTime="2026-04-27T15:05:21.1786417+01:00" testType="13cdc9d9-ddb5-4fa4-a97d-d965ccfc6d4b" outcome="Passed" testListId="8c84fa94-04c1-424b-9868-57a2d4851a1d" relativeResultsDirectory="f332f0db-8882-4aca-872f-22147c195c9e" />
    <UnitTestResult executionId="b3021449-7737-45f0-887f-f8c5338cd493" testId="7f58b178-78cd-e763-abda-44852555a942" testName="Sai.DealAssistant.Application.Tests.General.Commands.Handlers.UpdateNumericFieldCommandHandlersTests.Handler_TableNotExists_Throws" computerName="SAI-W11" duration="00:00:12.4959757" startTime="2026-04-27T15:02:33.0780924+01:00" endTime="2026-04-27T15:02:33.0780925+01:00" testType="13cdc9d9-ddb5-4fa4-a97d-d965ccfc6d4b" outcome="Passed" testListId="8c84fa94-04c1-424b-9868-57a2d4851a1d" relativeResultsDirectory="b3021449-7737-45f0-887f-f8c5338cd493" />
    <UnitTestResult executionId="05c8fdf0-26fb-4068-8fc8-7d85834d2615" testId="0267f0b7-1e97-ee36-f6e5-e41951690d28" testName="Sai.DealAssistant.Application.Tests.General.Commands.Handlers.UpdateDateFieldCommandHandlersTests.Handler_ColumnNotExists_Throws" computerName="SAI-W11" duration="00:00:09.4222032" startTime="2026-04-27T15:04:31.8451314+01:00" endTime="2026-04-27T15:04:31.8451317+01:00" testType="13cdc9d9-ddb5-4fa4-a97d-d965ccfc6d4b" outcome="Passed" testListId="8c84fa94-04c1-424b-9868-57a2d4851a1d" relativeResultsDirectory="05c8fdf0-26fb-4068-8fc8-7d85834d2615" />
    <UnitTestResult executionId="0bb33392-098c-4ebe-ad7f-0736b3d0f44a" testId="e3a59cf5-a000-f561-7b2b-cac7dde66cbe" testName="Sai.DealAssistant.Application.Tests.Events.Validators.CreateEventCommandValidatorTests.Validator_InvalidStateId_FailsValidation" computerName="SAI-W11" duration="00:00:00.0035421" startTime="2026-04-27T15:01:11.9349366+01:00" endTime="2026-04-27T15:01:11.9349368+01:00" testType="13cdc9d9-ddb5-4fa4-a97d-d965ccfc6d4b" outcome="Passed" testListId="8c84fa94-04c1-424b-9868-57a2d4851a1d" relativeResultsDirectory="0bb33392-098c-4ebe-ad7f-0736b3d0f44a" />
    <UnitTestResult executionId="287102c9-8da0-4109-bd49-0fa9413b7f69" testId="c293bf93-7687-c2a4-4ba9-66afa3ad0c2c" testName="Sai.DealAssistant.Application.Tests.Events.Handlers.CreateUpdateDeleteEvent_Handlers_Tests.Update_Handler_ThrowsNotFound_WhenUpdateReturnsNull" computerName="SAI-W11" duration="00:00:09.8845796" startTime="2026-04-27T15:05:03.0686464+01:00" endTime="2026-04-27T15:05:03.0686466+01:00" testType="13cdc9d9-ddb5-4fa4-a97d-d965ccfc6d4b" outcome="Passed" testListId="8c84fa94-04c1-424b-9868-57a2d4851a1d" relativeResultsDirectory="287102c9-8da0-4109-bd49-0fa9413b7f69" />
    <UnitTestResult executionId="eef96804-85b4-4d7c-bad8-805cbd92b193" testId="1741bb64-6760-8fac-5e2f-d504af59edb8" testName="Sai.DealAssistant.Application.Tests.Events.Validators.CreateEventCommandValidatorTests.Validator_WithValidData_NoContactPerson_PassesValidation" computerName="SAI-W11" duration="00:00:00.0035856" startTime="2026-04-27T15:01:11.9345851+01:00" endTime="2026-04-27T15:01:11.9345852+01:00" testType="13cdc9d9-ddb5-4fa4-a97d-d965ccfc6d4b" outcome="Passed" testListId="8c84fa94-04c1-424b-9868-57a2d4851a1d" relativeResultsDirectory="eef96804-85b4-4d7c-bad8-805cbd92b193" />
    <UnitTestResult executionId="c3f8e80e-5cc0-41a1-9385-ca2164af1f20" testId="1e666743-29e3-3eae-6c45-43b8359e4276" testName="Sai.DealAssistant.Application.Tests.Events.Handlers.CreateUpdateDeleteEvent_Handlers_Tests.Delete_Handler_DeletesEventWithNotes_CascadesDelete" computerName="SAI-W11" duration="00:00:09.5757680" startTime="2026-04-27T15:04:53.1870612+01:00" endTime="2026-04-27T15:04:53.1870613+01:00" testType="13cdc9d9-ddb5-4fa4-a97d-d965ccfc6d4b" outcome="Passed" testListId="8c84fa94-04c1-424b-9868-57a2d4851a1d" relativeResultsDirectory="c3f8e80e-5cc0-41a1-9385-ca2164af1f20" />
    <UnitTestResult executionId="8c42a594-a67d-47e0-b220-d76926b35d82" testId="d729ad9b-b684-e573-f1a7-9bd0cc385847" testName="Sai.DealAssistant.Application.Tests.Deals.Handlers.Queries.GetDealListQuery_Handler_Test.Handler_FiltersByStateIds" computerName="SAI-W11" duration="00:00:09.4057161" startTime="2026-04-27T15:05:09.6799132+01:00" endTime="2026-04-27T15:05:09.6799138+01:00" testType="13cdc9d9-ddb5-4fa4-a97d-d965ccfc6d4b" outcome="Passed" testListId="8c84fa94-04c1-424b-9868-57a2d4851a1d" relativeResultsDirectory="8c42a594-a67d-47e0-b220-d76926b35d82" />
    <UnitTestResult executionId="b2f9b782-1a3c-48eb-a966-a5b13d5f36de" testId="6627cc9b-071e-3f35-ac35-91cf369d09e9" testName="Sai.DealAssistant.Application.Tests.Events.Validators.UpdateEventCommandValidatorTests.Validator_MissingTopic_FailsValidation" computerName="SAI-W11" duration="00:00:00.0091412" startTime="2026-04-27T15:02:33.1678686+01:00" endTime="2026-04-27T15:02:33.1678690+01:00" testType="13cdc9d9-ddb5-4fa4-a97d-d965ccfc6d4b" outcome="Passed" testListId="8c84fa94-04c1-424b-9868-57a2d4851a1d" relativeResultsDirectory="b2f9b782-1a3c-48eb-a966-a5b13d5f36de" />
    <UnitTestResult executionId="46916b9d-7df2-457b-8f19-6edad62c2d75" testId="58bb6248-2476-afc3-e45d-47f6c826af0d" testName="Tests.Sai.DealAssistant.Application.Tests.EventNotes.Handlers.CreateUpdateDeleteEventNote_Handlers_Tests.Update_Handler_ReturnsDto_OnSuccess" computerName="SAI-W11" duration="00:00:11.0436916" startTime="2026-04-27T15:04:17.2252291+01:00" endTime="2026-04-27T15:04:17.2252294+01:00" testType="13cdc9d9-ddb5-4fa4-a97d-d965ccfc6d4b" outcome="Passed" testListId="8c84fa94-04c1-424b-9868-57a2d4851a1d" relativeResultsDirectory="46916b9d-7df2-457b-8f19-6edad62c2d75" />
    <UnitTestResult executionId="9f195d83-820d-42b6-a637-e7932a4e71c5" testId="2d017ba0-09ea-2119-c786-48b33067cc65" testName="Sai.DealAssistant.Application.Tests.EventNotes.Validators.CreateUpdateEventNoteCommandValidatorTests.CreateValidator_WithValidEvent_PassesValidation" computerName="SAI-W11" duration="00:00:00.0158127" startTime="2026-04-27T15:04:32.0128128+01:00" endTime="2026-04-27T15:04:32.0128130+01:00" testType="13cdc9d9-ddb5-4fa4-a97d-d965ccfc6d4b" outcome="Passed" testListId="8c84fa94-04c1-424b-9868-57a2d4851a1d" relativeResultsDirectory="9f195d83-820d-42b6-a637-e7932a4e71c5" />
    <UnitTestResult executionId="373f5b88-f08b-4801-b71b-c9341c3103e4" testId="c7f2cd1f-e56a-fcba-ab73-6b8cb5e5e295" testName="Sai.DealAssistant.Application.Tests.Firms.Validators.UpdateFirmCommandValidatorTests.Validator_WithDuplicateName_FailsValidation" computerName="SAI-W11" duration="00:00:00.0049802" startTime="2026-04-27T15:03:29.0275551+01:00" endTime="2026-04-27T15:03:29.0275552+01:00" testType="13cdc9d9-ddb5-4fa4-a97d-d965ccfc6d4b" outcome="Passed" testListId="8c84fa94-04c1-424b-9868-57a2d4851a1d" relativeResultsDirectory="373f5b88-f08b-4801-b71b-c9341c3103e4" />
    <UnitTestResult executionId="67e45329-942f-4f57-9af2-226d8372c298" testId="1902d96c-c490-6c35-a870-7be214315425" testName="Sai.DealAssistant.Application.Tests.Deals.Handlers.Queries.GetDealListItemQuery_Handler_Test.Handler_ReturnsCorrectDto_ForEachDeal" computerName="SAI-W11" duration="00:00:00.0864543" startTime="2026-04-27T15:03:51.9012921+01:00" endTime="2026-04-27T15:03:51.9012923+01:00" testType="13cdc9d9-ddb5-4fa4-a97d-d965ccfc6d4b" outcome="Passed" testListId="8c84fa94-04c1-424b-9868-57a2d4851a1d" relativeResultsDirectory="67e45329-942f-4f57-9af2-226d8372c298" />
    <UnitTestResult executionId="0bdd75e7-890e-4319-80e7-856c5318d884" testId="0707945b-710d-30c9-beba-d67ea3eb3053" testName="Sai.DealAssistant.Application.Tests.DealContactReps.Handlers.GetDealContactPersonsQuery_Handler_Test.Handler_ReturnsOnlyRepsForGivenFirm_OrderedByName" computerName="SAI-W11" duration="00:00:00.1642309" startTime="2026-04-27T15:03:28.5101550+01:00" endTime="2026-04-27T15:03:28.5101553+01:00" testType="13cdc9d9-ddb5-4fa4-a97d-d965ccfc6d4b" outcome="Passed" testListId="8c84fa94-04c1-424b-9868-57a2d4851a1d" relativeResultsDirectory="0bdd75e7-890e-4319-80e7-856c5318d884" />
    <UnitTestResult executionId="49648aa5-2a20-4b21-9091-9f359cc71f7d" testId="ea4f5c65-6e57-7469-81cd-da999f8dae70" testName="Sai.DealAssistant.Application.Tests.Deals.Handlers.Queries.GetDealQueryWithDependents_Handler_Test.Handler_ReturnsDealWithEmptyNavigations_WhenNoDependents" computerName="SAI-W11" duration="00:00:12.7334408" startTime="2026-04-27T15:03:43.8188982+01:00" endTime="2026-04-27T15:03:43.8188984+01:00" testType="13cdc9d9-ddb5-4fa4-a97d-d965ccfc6d4b" outcome="Passed" testListId="8c84fa94-04c1-424b-9868-57a2d4851a1d" relativeResultsDirectory="49648aa5-2a20-4b21-9091-9f359cc71f7d" />
    <UnitTestResult executionId="f9f08a90-18ee-4271-833b-d47af2957641" testId="4c37ad71-a4fb-4a98-3591-ec496b0b0924" testName="Sai.DealAssistant.Application.Tests.Deals.Handlers.Commands.DeleteDealCommandHandlerTests.Handle_WhenDeleteReturnsNull_ThrowsNotFoundException" computerName="SAI-W11" duration="00:00:11.4049292" startTime="2026-04-27T15:02:44.4109777+01:00" endTime="2026-04-27T15:02:44.4109779+01:00" testType="13cdc9d9-ddb5-4fa4-a97d-d965ccfc6d4b" outcome="Passed" testListId="8c84fa94-04c1-424b-9868-57a2d4851a1d" relativeResultsDirectory="f9f08a90-18ee-4271-833b-d47af2957641" />
    <UnitTestResult executionId="e3094ed5-68b0-4f0b-9460-ebc54024571b" testId="bb038e34-36b5-5678-b769-9488c7599b79" testName="Sai.DealAssistant.Application.Tests.EventNotes.Validators.CreateUpdateEventNoteCommandValidatorTests.UpdateValidator_EmptyText_FailsValidation" computerName="SAI-W11" duration="00:00:00.0024171" startTime="2026-04-27T15:04:32.0204687+01:00" endTime="2026-04-27T15:04:32.0204690+01:00" testType="13cdc9d9-ddb5-4fa4-a97d-d965ccfc6d4b" outcome="Passed" testListId="8c84fa94-04c1-424b-9868-57a2d4851a1d" relativeResultsDirectory="e3094ed5-68b0-4f0b-9460-ebc54024571b" />
    <UnitTestResult executionId="175a46a3-a821-4bcf-86aa-5ea88cd0ea49" testId="a3446251-bca1-f45d-ec40-0f83802ad6ae" testName="Sai.DealAssistant.Application.Tests.Firms.Handlers.Queries.GetFirmWithDependentsQuery_Handler_Test.Handler_ThrowsNotFoundException_WhenFirmDoesNotExist" computerName="SAI-W11" duration="00:00:10.9524904" startTime="2026-04-27T15:03:19.9931682+01:00" endTime="2026-04-27T15:03:19.9931683+01:00" testType="13cdc9d9-ddb5-4fa4-a97d-d965ccfc6d4b" outcome="Passed" testListId="8c84fa94-04c1-424b-9868-57a2d4851a1d" relativeResultsDirectory="175a46a3-a821-4bcf-86aa-5ea88cd0ea49" />
    <UnitTestResult executionId="8d99cfc5-baca-4de5-a8f3-22776570c3b7" testId="e09c629d-3866-08ff-bcf5-cc72ecbbe9eb" testName="Sai.DealAssistant.Application.Tests.Deals.Handlers.Commands.UpdateDealCommandHandlerTests.Handle_WhenRepositoryReturnsNull_ThrowsNotFoundException" computerName="SAI-W11" duration="00:00:12.1782785" startTime="2026-04-27T15:03:08.4184052+01:00" endTime="2026-04-27T15:03:08.4184053+01:00" testType="13cdc9d9-ddb5-4fa4-a97d-d965ccfc6d4b" outcome="Passed" testListId="8c84fa94-04c1-424b-9868-57a2d4851a1d" relativeResultsDirectory="8d99cfc5-baca-4de5-a8f3-22776570c3b7" />
    <UnitTestResult executionId="9707ba11-b79b-43d4-b2a5-d217d4e4ab6e" testId="cd40fe91-e6ed-7da1-37e8-b5012d6409cc" testName="Sai.DealAssistant.Application.Tests.Deals.Handlers.Commands.UpdateDealCommandHandlerTests.Handle_WhenUpdatingPartialProperties_UpdatesOnlySpecifiedFields" computerName="SAI-W11" duration="00:00:11.3254359" startTime="2026-04-27T15:02:44.8467743+01:00" endTime="2026-04-27T15:02:44.8467746+01:00" testType="13cdc9d9-ddb5-4fa4-a97d-d965ccfc6d4b" outcome="Passed" testListId="8c84fa94-04c1-424b-9868-57a2d4851a1d" relativeResultsDirectory="9707ba11-b79b-43d4-b2a5-d217d4e4ab6e" />
    <UnitTestResult executionId="44bb36ae-0163-4655-b764-e5fb5526d841" testId="7c7eb2df-583e-eac2-274f-549ec2caf2c6" testName="Sai.DealAssistant.Application.Tests.Firms.Handlers.Queries.GetFirmWithDependentsQuery_Handler_Test.Handler_ReturnsFirmWithEmptyContactPersons_WhenNoContactPersonsExist" computerName="SAI-W11" duration="00:00:12.3038273" startTime="2026-04-27T15:03:09.0465802+01:00" endTime="2026-04-27T15:03:09.0465804+01:00" testType="13cdc9d9-ddb5-4fa4-a97d-d965ccfc6d4b" outcome="Passed" testListId="8c84fa94-04c1-424b-9868-57a2d4851a1d" relativeResultsDirectory="44bb36ae-0163-4655-b764-e5fb5526d841" />
    <UnitTestResult executionId="cfc58546-2cda-4c14-a569-7c8ad74601db" testId="7d4bb5c7-e51c-d1dd-3565-ff64f2149586" testName="Sai.DealAssistant.Application.Tests.Events.Handlers.GetEventQuery_Handler_Test.Handler_ThrowsNotFound_ForMissingId" computerName="SAI-W11" duration="00:00:00.1922140" startTime="2026-04-27T15:02:33.5190468+01:00" endTime="2026-04-27T15:02:33.5190474+01:00" testType="13cdc9d9-ddb5-4fa4-a97d-d965ccfc6d4b" outcome="Passed" testListId="8c84fa94-04c1-424b-9868-57a2d4851a1d" relativeResultsDirectory="cfc58546-2cda-4c14-a569-7c8ad74601db" />
    <UnitTestResult executionId="e006db4c-7ba2-4711-841f-4c22bae8d904" testId="c4d4a574-ac19-3511-91bf-974e8138f887" testName="Sai.DealAssistant.Application.Tests.DealContactReps.Validators.UpdateContactPersonCommandValidatorTests.Validator_InvalidEmail_FailsValidation" computerName="SAI-W11" duration="00:00:00.0016995" startTime="2026-04-27T15:03:08.1410431+01:00" endTime="2026-04-27T15:03:08.1410432+01:00" testType="13cdc9d9-ddb5-4fa4-a97d-d965ccfc6d4b" outcome="Passed" testListId="8c84fa94-04c1-424b-9868-57a2d4851a1d" relativeResultsDirectory="e006db4c-7ba2-4711-841f-4c22bae8d904" />
    <UnitTestResult executionId="114a992e-9977-4470-b9bf-60621be8be40" testId="06992ab8-25e8-d496-fd5f-76726e7dce10" testName="Sai.DealAssistant.Application.Tests.Events.Validators.UpdateEventCommandValidatorTests.Validator_WithContactPersonId_SameFirmAsDeal_PassesValidation" computerName="SAI-W11" duration="00:00:00.0079424" startTime="2026-04-27T15:02:33.1695571+01:00" endTime="2026-04-27T15:02:33.1695574+01:00" testType="13cdc9d9-ddb5-4fa4-a97d-d965ccfc6d4b" outcome="Passed" testListId="8c84fa94-04c1-424b-9868-57a2d4851a1d" relativeResultsDirectory="114a992e-9977-4470-b9bf-60621be8be40" />
    <UnitTestResult executionId="30df8129-fcdb-4677-85fe-2964e226c8cd" testId="27383bc0-d596-fa72-8c66-7733ef374ad5" testName="Sai.DealAssistant.Application.Tests.Deals.Handlers.Commands.UpdateDealCommandHandlerTests.Handle_WhenUpdatingUrl_UpdatesSuccessfully" computerName="SAI-W11" duration="00:00:11.3937538" startTime="2026-04-27T15:02:56.2353775+01:00" endTime="2026-04-27T15:02:56.2353777+01:00" testType="13cdc9d9-ddb5-4fa4-a97d-d965ccfc6d4b" outcome="Passed" testListId="8c84fa94-04c1-424b-9868-57a2d4851a1d" relativeResultsDirectory="30df8129-fcdb-4677-85fe-2964e226c8cd" />
    <UnitTestResult executionId="23a14b4a-6af1-482c-88c5-89480e9ad112" testId="933c3ad0-93e1-141b-30aa-30f1a0271163" testName="Sai.DealAssistant.Application.Tests.Firms.Handlers.Commands.CreateFirmCommand_Handler_Test.Handler_CreatesFirm_WithNullDescription" computerName="SAI-W11" duration="00:00:00.0925260" startTime="2026-04-27T15:03:32.0199521+01:00" endTime="2026-04-27T15:03:32.0199522+01:00" testType="13cdc9d9-ddb5-4fa4-a97d-d965ccfc6d4b" outcome="Passed" testListId="8c84fa94-04c1-424b-9868-57a2d4851a1d" relativeResultsDirectory="23a14b4a-6af1-482c-88c5-89480e9ad112" />
    <UnitTestResult executionId="3aecc71f-64e7-4597-98d9-3bc301324918" testId="2d8166ad-54d5-75fc-5123-3d629fa0d53f" testName="Sai.DealAssistant.Application.Tests.Firms.Validators.UpdateFirmCommandValidatorTests.Validator_WithNameExceeding100Chars_FailsValidation" computerName="SAI-W11" duration="00:00:00.0043891" startTime="2026-04-27T15:03:29.0513643+01:00" endTime="2026-04-27T15:03:29.0513645+01:00" testType="13cdc9d9-ddb5-4fa4-a97d-d965ccfc6d4b" outcome="Passed" testListId="8c84fa94-04c1-424b-9868-57a2d4851a1d" relativeResultsDirectory="3aecc71f-64e7-4597-98d9-3bc301324918" />
    <UnitTestResult executionId="ad618eac-e4f7-45df-a59d-b29a8721570f" testId="c839fe75-cdee-d5cc-fa69-317b344adc87" testName="Sai.DealAssistant.Application.Tests.General.Commands.Handlers.UpdateStringFieldCommandHandlersTests.Handler_TableNotExists_Throws" computerName="SAI-W11" duration="00:00:13.4764027" startTime="2026-04-27T15:02:20.5718322+01:00" endTime="2026-04-27T15:02:20.5718323+01:00" testType="13cdc9d9-ddb5-4fa4-a97d-d965ccfc6d4b" outcome="Passed" testListId="8c84fa94-04c1-424b-9868-57a2d4851a1d" relativeResultsDirectory="ad618eac-e4f7-45df-a59d-b29a8721570f" />
    <UnitTestResult executionId="be72fd75-85a7-4415-a633-dcdd7eab67d0" testId="54bfef58-6eec-e24d-d6f4-e44a46f5b9af" testName="Tests.Sai.DealAssistant.Application.Tests.EventNotes.Handlers.CreateUpdateDeleteEventNote_Handlers_Tests.Update_Handler_ReordersNotes_Successfully" computerName="SAI-W11" duration="00:00:09.7891131" startTime="2026-04-27T15:04:56.6643660+01:00" endTime="2026-04-27T15:04:56.6643661+01:00" testType="13cdc9d9-ddb5-4fa4-a97d-d965ccfc6d4b" outcome="Passed" testListId="8c84fa94-04c1-424b-9868-57a2d4851a1d" relativeResultsDirectory="be72fd75-85a7-4415-a633-dcdd7eab67d0" />
    <UnitTestResult executionId="913d6a08-471a-48bf-bb56-9b36b12eb733" testId="5c3397c3-2e64-d37c-314b-b71213c88d9c" testName="Sai.DealAssistant.Application.Tests.Firms.Validators.UpdateFirmCommandValidatorTests.Validator_WithEmptyCountry_FailsValidation" computerName="SAI-W11" duration="00:00:00.0021201" startTime="2026-04-27T15:03:29.0515220+01:00" endTime="2026-04-27T15:03:29.0515221+01:00" testType="13cdc9d9-ddb5-4fa4-a97d-d965ccfc6d4b" outcome="Passed" testListId="8c84fa94-04c1-424b-9868-57a2d4851a1d" relativeResultsDirectory="913d6a08-471a-48bf-bb56-9b36b12eb733" />
    <UnitTestResult executionId="b3cfd7f3-6b4f-48bd-8a2e-2bc60be2ee08" testId="881f2022-c386-1b1e-7f4a-355bc6907490" testName="Sai.DealAssistant.Application.Tests.DealContactReps.Validators.UpdateContactPersonCommandValidatorTests.Validator_WithValidData_PassesValidation" computerName="SAI-W11" duration="00:00:00.0018697" startTime="2026-04-27T15:03:08.1393626+01:00" endTime="2026-04-27T15:03:08.1393627+01:00" testType="13cdc9d9-ddb5-4fa4-a97d-d965ccfc6d4b" outcome="Passed" testListId="8c84fa94-04c1-424b-9868-57a2d4851a1d" relativeResultsDirectory="b3cfd7f3-6b4f-48bd-8a2e-2bc60be2ee08" />
    <UnitTestResult executionId="65aaee3f-27fc-46f4-938e-ae4da19e9ea5" testId="758d2dc6-f476-41a8-16a2-9ff08b999900" testName="Sai.DealAssistant.Application.Tests.Events.Handlers.GetDealEventsQuery_Handler_Test.Handler_ReturnsOnlyEventsForGivenDeal_OrderedByIdDesc" computerName="SAI-W11" duration="00:00:00.2373018" startTime="2026-04-27T15:04:03.4300592+01:00" endTime="2026-04-27T15:04:03.4300594+01:00" testType="13cdc9d9-ddb5-4fa4-a97d-d965ccfc6d4b" outcome="Passed" testListId="8c84fa94-04c1-424b-9868-57a2d4851a1d" relativeResultsDirectory="65aaee3f-27fc-46f4-938e-ae4da19e9ea5" />
    <UnitTestResult executionId="6cce7c15-a2b9-4004-84ee-7cf5e41cc734" testId="e5416ee5-f8d8-3b48-5b4e-f239c8a84baf" testName="Sai.DealAssistant.Application.Tests.Deals.Handlers.Queries.GetDealListQuery_Handler_Test.Handler_FiltersByName" computerName="SAI-W11" duration="00:00:03.5836445" startTime="2026-04-27T15:05:32.7009022+01:00" endTime="2026-04-27T15:05:32.7009024+01:00" testType="13cdc9d9-ddb5-4fa4-a97d-d965ccfc6d4b" outcome="Passed" testListId="8c84fa94-04c1-424b-9868-57a2d4851a1d" relativeResultsDirectory="6cce7c15-a2b9-4004-84ee-7cf5e41cc734" />
    <UnitTestResult executionId="366fc9d2-8535-4c71-b04c-93f8747cb29e" testId="a5d9d5d3-5238-688b-3c22-7e078d5524de" testName="Sai.DealAssistant.Application.Tests.EventNotes.Validators.CreateUpdateEventNoteCommandValidatorTests.CreateValidator_EmptyText_FailsValidation" computerName="SAI-W11" duration="00:00:00.0042005" startTime="2026-04-27T15:04:32.0128971+01:00" endTime="2026-04-27T15:04:32.0128971+01:00" testType="13cdc9d9-ddb5-4fa4-a97d-d965ccfc6d4b" outcome="Passed" testListId="8c84fa94-04c1-424b-9868-57a2d4851a1d" relativeResultsDirectory="366fc9d2-8535-4c71-b04c-93f8747cb29e" />
    <UnitTestResult executionId="a4ef5e72-ae02-4fdb-bf39-c7ee3233e490" testId="84b8e2f1-4ac1-c2eb-778d-8d2ad9c2ba46" testName="Tests.Sai.DealAssistant.Application.Tests.EventNotes.Handlers.CreateUpdateDeleteEventNote_Handlers_Tests.Create_Handler_ReturnsDto_OnSuccess" computerName="SAI-W11" duration="00:00:10.0982307" startTime="2026-04-27T15:03:55.1732081+01:00" endTime="2026-04-27T15:03:55.1732085+01:00" testType="13cdc9d9-ddb5-4fa4-a97d-d965ccfc6d4b" outcome="Passed" testListId="8c84fa94-04c1-424b-9868-57a2d4851a1d" relativeResultsDirectory="a4ef5e72-ae02-4fdb-bf39-c7ee3233e490" />
    <UnitTestResult executionId="da1393af-d8db-4787-8b2f-55f8ca53b2d0" testId="2c90389a-0ef3-e68c-3769-991cee91ac44" testName="Sai.DealAssistant.Application.Tests.Firms.Handlers.Queries.GetFirmListQuery_Handler_Test.Handler_SortsByName_Ascending" computerName="SAI-W11" duration="00:00:00.1025118" startTime="2026-04-27T15:05:07.1604789+01:00" endTime="2026-04-27T15:05:07.1604790+01:00" testType="13cdc9d9-ddb5-4fa4-a97d-d965ccfc6d4b" outcome="Passed" testListId="8c84fa94-04c1-424b-9868-57a2d4851a1d" relativeResultsDirectory="da1393af-d8db-4787-8b2f-55f8ca53b2d0" />
    <UnitTestResult executionId="ab4542ea-b5e7-4265-a2da-57597e3ff4e2" testId="3af437e1-374c-9e7d-55e9-95e5965fcd1d" testName="Sai.DealAssistant.Application.Tests.General.Commands.Handlers.UpdateStringFieldCommandHandlersTests.Handler_ColumnNotExists_Throws" computerName="SAI-W11" duration="00:00:36.0703676" startTime="2026-04-27T15:02:07.0890222+01:00" endTime="2026-04-27T15:02:07.0890224+01:00" testType="13cdc9d9-ddb5-4fa4-a97d-d965ccfc6d4b" outcome="Passed" testListId="8c84fa94-04c1-424b-9868-57a2d4851a1d" relativeResultsDirectory="ab4542ea-b5e7-4265-a2da-57597e3ff4e2" />
    <UnitTestResult executionId="39d926f0-bdac-456a-ad10-fde5965dc565" testId="7692792e-e9ba-008a-211e-1fc91fe3969b" testName="Sai.DealAssistant.Application.Tests.Events.Handlers.CreateUpdateDeleteEvent_Handlers_Tests.Create_Handler_CreatesMultipleEventsForDeal_OnSuccess" computerName="SAI-W11" duration="00:00:04.7826943" startTime="2026-04-27T15:05:16.5700679+01:00" endTime="2026-04-27T15:05:16.5700680+01:00" testType="13cdc9d9-ddb5-4fa4-a97d-d965ccfc6d4b" outcome="Passed" testListId="8c84fa94-04c1-424b-9868-57a2d4851a1d" relativeResultsDirectory="39d926f0-bdac-456a-ad10-fde5965dc565" />
    <UnitTestResult executionId="134bfee7-80f3-4957-8306-6711db1ca371" testId="0fde6c1a-b2fe-4203-05b2-d4cf57f336a9" testName="Sai.DealAssistant.Application.Tests.DealContactReps.Handlers.CreateUpdateDeleteContactPerson_Handlers_Tests.Delete_Handler_DeletesContactPersonWithEvents_Successfully" computerName="SAI-W11" duration="00:00:09.8486974" startTime="2026-04-27T15:04:25.3761811+01:00" endTime="2026-04-27T15:04:25.3761814+01:00" testType="13cdc9d9-ddb5-4fa4-a97d-d965ccfc6d4b" outcome="Passed" testListId="8c84fa94-04c1-424b-9868-57a2d4851a1d" relativeResultsDirectory="134bfee7-80f3-4957-8306-6711db1ca371" />
    <UnitTestResult executionId="096f73f9-19af-47a5-9062-e921700cf53a" testId="288c44db-54e3-3224-90bb-6f94199dee61" testName="Sai.DealAssistant.Application.Tests.General.Commands.Validators.UpdateDateFieldCommandValidatorTests.Validator_NotNull_Fails" computerName="SAI-W11" duration="00:00:00.0054606" startTime="2026-04-27T15:01:12.4857232+01:00" endTime="2026-04-27T15:01:12.4857235+01:00" testType="13cdc9d9-ddb5-4fa4-a97d-d965ccfc6d4b" outcome="Passed" testListId="8c84fa94-04c1-424b-9868-57a2d4851a1d" relativeResultsDirectory="096f73f9-19af-47a5-9062-e921700cf53a" />
    <UnitTestResult executionId="72b42a7f-f7c2-4f66-9dbb-7de7fa964012" testId="75569b57-765e-de2b-0d1d-b53358c8d479" testName="Sai.DealAssistant.Application.Tests.Firms.Validators.UpdateFirmCommandValidatorTests.Validator_WithNegativeId_FailsValidation" computerName="SAI-W11" duration="00:00:00.0063277" startTime="2026-04-27T15:03:29.0515737+01:00" endTime="2026-04-27T15:03:29.0515738+01:00" testType="13cdc9d9-ddb5-4fa4-a97d-d965ccfc6d4b" outcome="Passed" testListId="8c84fa94-04c1-424b-9868-57a2d4851a1d" relativeResultsDirectory="72b42a7f-f7c2-4f66-9dbb-7de7fa964012" />
    <UnitTestResult executionId="2f6cfdee-11ef-415e-8115-a8dfecce4a6e" testId="23bf7f5d-f5f6-c5a3-a14c-76e77bbb3582" testName="Tests.Sai.DealAssistant.Application.Tests.EventNotes.Handlers.CreateUpdateDeleteEventNote_Handlers_Tests.Update_Handler_UpdatesTextOnly_KeepsOrder" computerName="SAI-W11" duration="00:00:09.8308576" startTime="2026-04-27T15:04:37.0864568+01:00" endTime="2026-04-27T15:04:37.0864570+01:00" testType="13cdc9d9-ddb5-4fa4-a97d-d965ccfc6d4b" outcome="Passed" testListId="8c84fa94-04c1-424b-9868-57a2d4851a1d" relativeResultsDirectory="2f6cfdee-11ef-415e-8115-a8dfecce4a6e" />
    <UnitTestResult executionId="158e0257-95f9-441a-ac51-25254ab5b649" testId="3ca4fbcc-c856-d8db-89ee-0337543d28d0" testName="Sai.DealAssistant.Application.Tests.Events.Validators.CreateEventCommandValidatorTests.Validator_WithContactPersonId_DealHasNoFirm_FailsValidation" computerName="SAI-W11" duration="00:00:00.0019734" startTime="2026-04-27T15:01:11.9351757+01:00" endTime="2026-04-27T15:01:11.9351759+01:00" testType="13cdc9d9-ddb5-4fa4-a97d-d965ccfc6d4b" outcome="Passed" testListId="8c84fa94-04c1-424b-9868-57a2d4851a1d" relativeResultsDirectory="158e0257-95f9-441a-ac51-25254ab5b649" />
    <UnitTestResult executionId="1619c934-7cae-4e9f-a7ed-4fec19562af8" testId="22fd59cc-85b6-2a51-8c50-cb8047171e7a" testName="Sai.DealAssistant.Application.Tests.DealTags.Handlers.AddDeleteDealTag_Handlers_Tests.DeleteDealTagCommand_ThrowsNotFound_WhenTagDoesNotExist" computerName="SAI-W11" duration="00:00:12.4444886" startTime="2026-04-27T15:02:33.2768539+01:00" endTime="2026-04-27T15:02:33.2768540+01:00" testType="13cdc9d9-ddb5-4fa4-a97d-d965ccfc6d4b" outcome="Passed" testListId="8c84fa94-04c1-424b-9868-57a2d4851a1d" relativeResultsDirectory="1619c934-7cae-4e9f-a7ed-4fec19562af8" />
    <UnitTestResult executionId="eaf8e5cc-2108-4ec3-9a54-8dcb0b042447" testId="424bd3c7-05ae-17e3-b1e4-1b8fa0155a23" testName="Sai.DealAssistant.Application.Tests.Events.Handlers.GetEventQuery_Handler_Test.Handler_ReturnsDto_ForExistingId" computerName="SAI-W11" duration="00:00:00.1174750" startTime="2026-04-27T15:02:33.3412196+01:00" endTime="2026-04-27T15:02:33.3412198+01:00" testType="13cdc9d9-ddb5-4fa4-a97d-d965ccfc6d4b" outcome="Passed" testListId="8c84fa94-04c1-424b-9868-57a2d4851a1d" relativeResultsDirectory="eaf8e5cc-2108-4ec3-9a54-8dcb0b042447" />
    <UnitTestResult executionId="a1fe6021-fd6a-4985-acd4-57c65b3b4fe9" testId="6bb77800-fbfc-5511-f759-684ffce9cac5" testName="Sai.DealAssistant.Application.Tests.Events.Validators.UpdateEventCommandValidatorTests.Validator_WithContactPersonId_DifferentFirm_FailsValidation" computerName="SAI-W11" duration="00:00:00.0063522" startTime="2026-04-27T15:02:33.1966962+01:00" endTime="2026-04-27T15:02:33.1966964+01:00" testType="13cdc9d9-ddb5-4fa4-a97d-d965ccfc6d4b" outcome="Passed" testListId="8c84fa94-04c1-424b-9868-57a2d4851a1d" relativeResultsDirectory="a1fe6021-fd6a-4985-acd4-57c65b3b4fe9" />
    <UnitTestResult executionId="d0314244-653d-4f58-8986-7a8a26eed752" testId="09f27956-2dcf-9525-e621-0f17bbef66f1" testName="Sai.DealAssistant.Application.Tests.Deals.Handlers.Queries.GetDealQueryWithDependents_Handler_Test.Handler_IncludesEventNotes_WhenEventsHaveNotes" computerName="SAI-W11" duration="00:00:11.3234062" startTime="2026-04-27T15:03:19.4671212+01:00" endTime="2026-04-27T15:03:19.4671214+01:00" testType="13cdc9d9-ddb5-4fa4-a97d-d965ccfc6d4b" outcome="Passed" testListId="8c84fa94-04c1-424b-9868-57a2d4851a1d" relativeResultsDirectory="d0314244-653d-4f58-8986-7a8a26eed752" />
    <UnitTestResult executionId="1457b55e-8248-449a-8b74-2512cd70ac6a" testId="e373428d-5f41-4c0e-3bc9-61db9ab64b7e" testName="Sai.DealAssistant.Application.Tests.Events.Validators.CreateEventCommandValidatorTests.Validator_WithContactPersonId_ContactPersonNotFound_FailsValidation" computerName="SAI-W11" duration="00:00:00.0034259" startTime="2026-04-27T15:01:11.9350438+01:00" endTime="2026-04-27T15:01:11.9350439+01:00" testType="13cdc9d9-ddb5-4fa4-a97d-d965ccfc6d4b" outcome="Passed" testListId="8c84fa94-04c1-424b-9868-57a2d4851a1d" relativeResultsDirectory="1457b55e-8248-449a-8b74-2512cd70ac6a" />
    <UnitTestResult executionId="5c18a4e3-3a85-4ae6-a241-bf7288e517b4" testId="3beecf06-b410-9c92-1d0f-067c13d5b8e9" testName="Sai.DealAssistant.Application.Tests.DealTags.Handlers.AddDeleteDealTag_Handlers_Tests.AddDealTagIfNotExists_CreatesNewTag_WhenNotExists" computerName="SAI-W11" duration="00:00:13.3702688" startTime="2026-04-27T15:02:20.8303673+01:00" endTime="2026-04-27T15:02:20.8303675+01:00" testType="13cdc9d9-ddb5-4fa4-a97d-d965ccfc6d4b" outcome="Passed" testListId="8c84fa94-04c1-424b-9868-57a2d4851a1d" relativeResultsDirectory="5c18a4e3-3a85-4ae6-a241-bf7288e517b4" />
    <UnitTestResult executionId="ad41faa2-1bae-4e8d-b60f-c6e8c3a0b09c" testId="62a71299-8c56-c335-6d3f-c828ee7e35c4" testName="Tests.Sai.DealAssistant.Application.Tests.EventNotes.Handlers.GetEventNoteQuery_Handler_Test.Handler_ReturnsCorrectEventNoteDto_WhenExists" computerName="SAI-W11" duration="00:00:19.9682392" startTime="2026-04-27T15:01:30.9392683+01:00" endTime="2026-04-27T15:01:30.9392709+01:00" testType="13cdc9d9-ddb5-4fa4-a97d-d965ccfc6d4b" outcome="Passed" testListId="8c84fa94-04c1-424b-9868-57a2d4851a1d" relativeResultsDirectory="ad41faa2-1bae-4e8d-b60f-c6e8c3a0b09c" />
    <UnitTestResult executionId="1c6d5fb3-6609-4699-9124-7977a7ed121b" testId="c1caa4de-dfe0-7a57-4f63-fed754cc8530" testName="Sai.DealAssistant.Application.Tests.Firms.Validators.CreateFirmCommandValidatorTests.Validator_WithValidData_PassesValidation" computerName="SAI-W11" duration="00:00:00.0189974" startTime="2026-04-27T15:01:23.3158514+01:00" endTime="2026-04-27T15:01:23.3158531+01:00" testType="13cdc9d9-ddb5-4fa4-a97d-d965ccfc6d4b" outcome="Passed" testListId="8c84fa94-04c1-424b-9868-57a2d4851a1d" relativeResultsDirectory="1c6d5fb3-6609-4699-9124-7977a7ed121b" />
    <UnitTestResult executionId="4358378d-a93c-475a-b98b-67427a014ad6" testId="743f3428-3880-f8ae-56ef-a6be9f3ef5c3" testName="Sai.DealAssistant.Application.Tests.DealContactReps.Handlers.GetContactPersonQuery_Handler_Test.Handler_ThrowsNotFound_ForMissingId" computerName="SAI-W11" duration="00:00:00.0937303" startTime="2026-04-27T15:03:28.9545426+01:00" endTime="2026-04-27T15:03:28.9545430+01:00" testType="13cdc9d9-ddb5-4fa4-a97d-d965ccfc6d4b" outcome="Passed" testListId="8c84fa94-04c1-424b-9868-57a2d4851a1d" relativeResultsDirectory="4358378d-a93c-475a-b98b-67427a014ad6" />
    <UnitTestResult executionId="519b57e0-1d97-480b-bb13-920b8170c036" testId="f425c9e6-1d10-faa9-4d18-3d44e58f6cc9" testName="Sai.DealAssistant.Application.Tests.Deals.Validators.CreateDealCommandValidatorTests.Validator_WithInvalidTypeId_FailsValidation" computerName="SAI-W11" duration="00:00:00.0045874" startTime="2026-04-27T15:03:51.6160723+01:00" endTime="2026-04-27T15:03:51.6160724+01:00" testType="13cdc9d9-ddb5-4fa4-a97d-d965ccfc6d4b" outcome="Passed" testListId="8c84fa94-04c1-424b-9868-57a2d4851a1d" relativeResultsDirectory="519b57e0-1d97-480b-bb13-920b8170c036" />
    <UnitTestResult executionId="2b85836b-1b41-4dad-bbc9-3f48cac1fe25" testId="cb31a920-a1be-5f1f-3118-6418ba763a57" testName="Sai.DealAssistant.Application.Tests.DealContactReps.Handlers.CreateUpdateDeleteContactPerson_Handlers_Tests.Create_Handler_CreatesMinimalContactPerson_OnSuccess" computerName="SAI-W11" duration="00:00:09.4377662" startTime="2026-04-27T15:04:44.5555587+01:00" endTime="2026-04-27T15:04:44.5555589+01:00" testType="13cdc9d9-ddb5-4fa4-a97d-d965ccfc6d4b" outcome="Passed" testListId="8c84fa94-04c1-424b-9868-57a2d4851a1d" relativeResultsDirectory="2b85836b-1b41-4dad-bbc9-3f48cac1fe25" />
    <UnitTestResult executionId="b27c1624-5d13-4b59-b45e-741e1234b8f1" testId="0e212155-7866-49b3-3c44-ed8a4c1b821d" testName="Sai.DealAssistant.Application.Tests.General.Commands.Handlers.UpdateDateFieldCommandHandlersTests.Handler_UpdatesDateField_Success" computerName="SAI-W11" duration="00:00:11.5841125" startTime="2026-04-27T15:04:12.9897330+01:00" endTime="2026-04-27T15:04:12.9897333+01:00" testType="13cdc9d9-ddb5-4fa4-a97d-d965ccfc6d4b" outcome="Passed" testListId="8c84fa94-04c1-424b-9868-57a2d4851a1d" relativeResultsDirectory="b27c1624-5d13-4b59-b45e-741e1234b8f1" />
    <UnitTestResult executionId="f29ac6f9-d1e3-4ca2-97fa-7ea12bd8e62d" testId="acc98362-d655-11a1-38df-7ecc5ab9b087" testName="Sai.DealAssistant.Application.Tests.Firms.Handlers.Queries.GetFirmQuery_Handler_Test.Handler_ReturnsFirmDto_WhenFirmExists" computerName="SAI-W11" duration="00:00:00.0676400" startTime="2026-04-27T15:04:31.9822054+01:00" endTime="2026-04-27T15:04:31.9822056+01:00" testType="13cdc9d9-ddb5-4fa4-a97d-d965ccfc6d4b" outcome="Passed" testListId="8c84fa94-04c1-424b-9868-57a2d4851a1d" relativeResultsDirectory="f29ac6f9-d1e3-4ca2-97fa-7ea12bd8e62d" />
    <UnitTestResult executionId="850d8655-22cb-4a1b-9510-feb32e01e33c" testId="fc71081b-a350-aedf-0e0e-783f7d29ead7" testName="Sai.DealAssistant.Application.Tests.General.Commands.Handlers.UpdateNumericFieldCommandHandlersTests.Handler_ColumnNotExists_Throws" computerName="SAI-W11" duration="00:00:56.1852584" startTime="2026-04-27T15:02:07.1554591+01:00" endTime="2026-04-27T15:02:07.1554594+01:00" testType="13cdc9d9-ddb5-4fa4-a97d-d965ccfc6d4b" outcome="Passed" testListId="8c84fa94-04c1-424b-9868-57a2d4851a1d" relativeResultsDirectory="850d8655-22cb-4a1b-9510-feb32e01e33c" />
    <UnitTestResult executionId="7acbda7a-f888-40dc-8b04-f37b3c1ac34f" testId="fdf161cf-eb66-0840-e7e4-bf83dede9728" testName="Sai.DealAssistant.Application.Tests.Firms.Validators.DeleteFirmCommandValidatorTests.Validator_WithAssociatedDeals_FailsValidation" computerName="SAI-W11" duration="00:00:00.0079862" startTime="2026-04-27T15:01:11.9523378+01:00" endTime="2026-04-27T15:01:11.9523381+01:00" testType="13cdc9d9-ddb5-4fa4-a97d-d965ccfc6d4b" outcome="Passed" testListId="8c84fa94-04c1-424b-9868-57a2d4851a1d" relativeResultsDirectory="7acbda7a-f888-40dc-8b04-f37b3c1ac34f" />
    <UnitTestResult executionId="a1948bb5-2894-4708-9a66-de3d85fd0215" testId="ddeaddda-566f-02a5-e3d9-ad12dcb517e1" testName="Sai.DealAssistant.Application.Tests.Deals.Validators.CreateDealCommandValidatorTests.Validator_WithMissingFirmId_FailsValidation" computerName="SAI-W11" duration="00:00:00.0037156" startTime="2026-04-27T15:03:51.6304535+01:00" endTime="2026-04-27T15:03:51.6304538+01:00" testType="13cdc9d9-ddb5-4fa4-a97d-d965ccfc6d4b" outcome="Failed" testListId="8c84fa94-04c1-424b-9868-57a2d4851a1d" relativeResultsDirectory="a1948bb5-2894-4708-9a66-de3d85fd0215">
      <Output>
        <ErrorInfo>
          <Message>FluentValidation.TestHelper.ValidationTestException : Expected a validation error for property FirmId</Message>
          <StackTrace>   at FluentValidation.TestHelper.TestValidationResult`1.ShouldHaveValidationError(String propertyName, Boolean shouldNormalizePropertyName) in /_/src/FluentValidation/TestHelper/TestValidationResult.cs:line 81&#xD;
   at FluentValidation.TestHelper.TestValidationResult`1.ShouldHaveValidationErrorFor[TProperty](Expression`1 memberAccessor) in /_/src/FluentValidation/TestHelper/TestValidationResult.cs:line 38&#xD;
   at Sai.DealAssistant.Application.Tests.Deals.Validators.CreateDealCommandValidatorTests.Validator_WithMissingFirmId_FailsValidation() in C:\_PROJ\Sai.DealAssistant\sai-deal-assistant-backend\src\Tests\Sai.DealAssistant.Application.Tests\Deals\Validators\CreateDealCommandValidatorTests.cs:line 116&#xD;
--- End of stack trace from previous location ---</StackTrace>
        </ErrorInfo>
      </Output>
    </UnitTestResult>
    <UnitTestResult executionId="d6506bbb-698a-4266-a7ac-06607c4ed0d9" testId="86184b2c-2ee0-9487-4bc4-5b4ddf119333" testName="Sai.DealAssistant.Application.Tests.General.Commands.Validators.UpdateStringFieldCommandValidatorTests.Validator_NotEmpty_Fails" computerName="SAI-W11" duration="00:00:00.0030028" startTime="2026-04-27T15:03:54.1351283+01:00" endTime="2026-04-27T15:03:54.1351285+01:00" testType="13cdc9d9-ddb5-4fa4-a97d-d965ccfc6d4b" outcome="Passed" testListId="8c84fa94-04c1-424b-9868-57a2d4851a1d" relativeResultsDirectory="d6506bbb-698a-4266-a7ac-06607c4ed0d9" />
    <UnitTestResult executionId="118646bc-b040-4b62-8e77-0ac37e132c59" testId="07c9a89e-bfbc-2256-7fca-24a3157fdc95" testName="Sai.DealAssistant.Application.Tests.Events.Validators.CreateEventCommandValidatorTests.Validator_WithContactPersonId_SameFirmAsDeal_PassesValidation" computerName="SAI-W11" duration="00:00:00.0532622" startTime="2026-04-27T15:01:11.9582440+01:00" endTime="2026-04-27T15:01:11.9582443+01:00" testType="13cdc9d9-ddb5-4fa4-a97d-d965ccfc6d4b" outcome="Passed" testListId="8c84fa94-04c1-424b-9868-57a2d4851a1d" relativeResultsDirectory="118646bc-b040-4b62-8e77-0ac37e132c59" />
    <UnitTestResult executionId="3918b85e-4822-4784-9853-7ba937e2cffb" testId="3a8d54be-cc8a-b70b-55ea-33d319e00cc9" testName="Sai.DealAssistant.Application.Tests.General.Commands.Validators.UpdateStringFieldCommandValidatorTests.Validator_Email_Fails" computerName="SAI-W11" duration="00:00:00.0018508" startTime="2026-04-27T15:03:54.1370775+01:00" endTime="2026-04-27T15:03:54.1370777+01:00" testType="13cdc9d9-ddb5-4fa4-a97d-d965ccfc6d4b" outcome="Passed" testListId="8c84fa94-04c1-424b-9868-57a2d4851a1d" relativeResultsDirectory="3918b85e-4822-4784-9853-7ba937e2cffb" />
    <UnitTestResult executionId="7b6acf2d-fe6a-42e9-9d29-9138a95f3ccb" testId="3889aeae-7543-1e69-cc4e-2dbb3a8d1594" testName="Sai.DealAssistant.Application.Tests.Firms.Handlers.Commands.DeleteFirmCommand_Handler_Test.Handler_ThrowsNotFoundException_WhenFirmDoesNotExist" computerName="SAI-W11" duration="00:00:04.9563440" startTime="2026-04-27T15:01:17.4384039+01:00" endTime="2026-04-27T15:01:17.4384045+01:00" testType="13cdc9d9-ddb5-4fa4-a97d-d965ccfc6d4b" outcome="Passed" testListId="8c84fa94-04c1-424b-9868-57a2d4851a1d" relativeResultsDirectory="7b6acf2d-fe6a-42e9-9d29-9138a95f3ccb" />
    <UnitTestResult executionId="fd4021b4-1c24-4b26-8bf7-5a20d1e3277a" testId="4c14fcb1-24a6-e988-36b4-b05d889ae5c3" testName="Sai.DealAssistant.Application.Tests.DealContactReps.Validators.UpdateContactPersonCommandValidatorTests.Validator_InvalidId_FailsValidation" computerName="SAI-W11" duration="00:00:00.0206853" startTime="2026-04-27T15:03:08.1372657+01:00" endTime="2026-04-27T15:03:08.1372658+01:00" testType="13cdc9d9-ddb5-4fa4-a97d-d965ccfc6d4b" outcome="Passed" testListId="8c84fa94-04c1-424b-9868-57a2d4851a1d" relativeResultsDirectory="fd4021b4-1c24-4b26-8bf7-5a20d1e3277a" />
    <UnitTestResult executionId="3f1b4063-ad8c-42b6-914b-dc42ca850033" testId="db2eb345-2bfa-3f80-690f-603ed52aa3ee" testName="Sai.DealAssistant.Application.Tests.Firms.Validators.UpdateFirmCommandValidatorTests.Validator_WithCountryExceeding100Chars_FailsValidation" computerName="SAI-W11" duration="00:00:00.0166065" startTime="2026-04-27T15:03:29.0110577+01:00" endTime="2026-04-27T15:03:29.0110580+01:00" testType="13cdc9d9-ddb5-4fa4-a97d-d965ccfc6d4b" outcome="Passed" testListId="8c84fa94-04c1-424b-9868-57a2d4851a1d" relativeResultsDirectory="3f1b4063-ad8c-42b6-914b-dc42ca850033" />
    <UnitTestResult executionId="355e9704-24a1-4b23-ba5e-9b719567e60a" testId="34d10e66-23c0-2c96-8f06-7db5ec96e1f8" testName="Sai.DealAssistant.Application.Tests.Events.Handlers.CreateUpdateDeleteEvent_Handlers_Tests.Update_Handler_UpdatesPartialProperties_OnSuccess" computerName="SAI-W11" duration="00:00:08.7225854" startTime="2026-04-27T15:05:11.7871922+01:00" endTime="2026-04-27T15:05:11.7871923+01:00" testType="13cdc9d9-ddb5-4fa4-a97d-d965ccfc6d4b" outcome="Passed" testListId="8c84fa94-04c1-424b-9868-57a2d4851a1d" relativeResultsDirectory="355e9704-24a1-4b23-ba5e-9b719567e60a" />
    <UnitTestResult executionId="e3779844-d22e-4fab-9fa1-14d6fb3d6654" testId="c633514c-389b-92f5-395f-c76bef4fdca4" testName="Sai.DealAssistant.Application.Tests.Firms.Handlers.Queries.GetFirmListQuery_Handler_Test.Handler_PaginatesResults" computerName="SAI-W11" duration="00:00:00.0658021" startTime="2026-04-27T15:05:07.5589339+01:00" endTime="2026-04-27T15:05:07.5589341+01:00" testType="13cdc9d9-ddb5-4fa4-a97d-d965ccfc6d4b" outcome="Passed" testListId="8c84fa94-04c1-424b-9868-57a2d4851a1d" relativeResultsDirectory="e3779844-d22e-4fab-9fa1-14d6fb3d6654" />
    <UnitTestResult executionId="f72ffc44-ac2c-48eb-be5b-5cf84c884d2f" testId="b7894b4f-fca0-0879-2463-8a094b58a160" testName="Sai.DealAssistant.Application.Tests.Firms.Validators.CreateFirmCommandValidatorTests.Validator_WithDuplicateName_FailsValidation" computerName="SAI-W11" duration="00:00:00.2321477" startTime="2026-04-27T15:01:23.5519670+01:00" endTime="2026-04-27T15:01:23.5519696+01:00" testType="13cdc9d9-ddb5-4fa4-a97d-d965ccfc6d4b" outcome="Passed" testListId="8c84fa94-04c1-424b-9868-57a2d4851a1d" relativeResultsDirectory="f72ffc44-ac2c-48eb-be5b-5cf84c884d2f" />
    <UnitTestResult executionId="4ccd1a15-8643-41db-89e5-6d51c23b3395" testId="fc67206a-836b-410a-22b8-a41a077c33d2" testName="Sai.DealAssistant.Application.Tests.Firms.Handlers.Queries.GetFirmListQuery_Handler_Test.Handler_ReturnsAll_WhenNoFilter" computerName="SAI-W11" duration="00:00:00.0770444" startTime="2026-04-27T15:05:07.6328436+01:00" endTime="2026-04-27T15:05:07.6328456+01:00" testType="13cdc9d9-ddb5-4fa4-a97d-d965ccfc6d4b" outcome="Passed" testListId="8c84fa94-04c1-424b-9868-57a2d4851a1d" relativeResultsDirectory="4ccd1a15-8643-41db-89e5-6d51c23b3395" />
    <UnitTestResult executionId="104088ab-1a13-4457-9e83-359f681c94a3" testId="e34f85c4-dd73-18e5-690e-7a8544af8d39" testName="Sai.DealAssistant.Application.Tests.Deals.Handlers.Commands.UpdateDealCommandHandlerTests.Handle_WhenRepositoryUpdates_ReturnsMappedDto" computerName="SAI-W11" duration="00:00:10.0172434" startTime="2026-04-27T15:03:53.2592707+01:00" endTime="2026-04-27T15:03:53.2592708+01:00" testType="13cdc9d9-ddb5-4fa4-a97d-d965ccfc6d4b" outcome="Passed" testListId="8c84fa94-04c1-424b-9868-57a2d4851a1d" relativeResultsDirectory="104088ab-1a13-4457-9e83-359f681c94a3" />
    <UnitTestResult executionId="4733124d-d760-4d33-8189-5851c1bc52d1" testId="bad7073d-0464-3297-6abf-b8ece40a4d2c" testName="Sai.DealAssistant.Application.Tests.Events.Validators.UpdateEventCommandValidatorTests.Validator_WithContactPersonId_DealHasNoFirm_FailsValidation" computerName="SAI-W11" duration="00:00:00.0145839" startTime="2026-04-27T15:02:33.1383743+01:00" endTime="2026-04-27T15:02:33.1383745+01:00" testType="13cdc9d9-ddb5-4fa4-a97d-d965ccfc6d4b" outcome="Passed" testListId="8c84fa94-04c1-424b-9868-57a2d4851a1d" relativeResultsDirectory="4733124d-d760-4d33-8189-5851c1bc52d1" />
    <UnitTestResult executionId="7609ec8b-cf4c-4204-b262-2e892d83fbfa" testId="4573aff8-5dc2-7b86-b373-09352509f926" testName="Sai.DealAssistant.Application.Tests.DealContactReps.Validators.CreateContactPersonCommandValidatorTests.Validator_EmailTooLong_FailsValidation" computerName="SAI-W11" duration="00:00:00.0051455" startTime="2026-04-27T15:03:28.9942716+01:00" endTime="2026-04-27T15:03:28.9942717+01:00" testType="13cdc9d9-ddb5-4fa4-a97d-d965ccfc6d4b" outcome="Passed" testListId="8c84fa94-04c1-424b-9868-57a2d4851a1d" relativeResultsDirectory="7609ec8b-cf4c-4204-b262-2e892d83fbfa" />
    <UnitTestResult executionId="2491c356-61ee-4951-9267-74a70df3a4cc" testId="5564a75b-6d06-7d8f-3815-d583c80bce17" testName="Sai.DealAssistant.Application.Tests.Deals.Handlers.Commands.CreateDealCommandHandlerTests.Handle_WhenCreatingDealWithUrl_ReturnsMappedDto" computerName="SAI-W11" duration="00:00:11.1223914" startTime="2026-04-27T15:02:43.3028300+01:00" endTime="2026-04-27T15:02:43.3028302+01:00" testType="13cdc9d9-ddb5-4fa4-a97d-d965ccfc6d4b" outcome="Passed" testListId="8c84fa94-04c1-424b-9868-57a2d4851a1d" relativeResultsDirectory="2491c356-61ee-4951-9267-74a70df3a4cc" />
    <UnitTestResult executionId="729776e6-4d4a-42c1-adf6-a2bcd4b5248d" testId="05d775c1-7f9c-b6b6-4be3-8dbec3a5601a" testName="Sai.DealAssistant.Application.Tests.Deals.Handlers.Commands.DeleteDealCommandHandlerTests.Handle_WhenRepositoryDeletes_ReturnsMappedDto" computerName="SAI-W11" duration="00:00:12.0786102" startTime="2026-04-27T15:03:08.1184232+01:00" endTime="2026-04-27T15:03:08.1184233+01:00" testType="13cdc9d9-ddb5-4fa4-a97d-d965ccfc6d4b" outcome="Passed" testListId="8c84fa94-04c1-424b-9868-57a2d4851a1d" relativeResultsDirectory="729776e6-4d4a-42c1-adf6-a2bcd4b5248d" />
    <UnitTestResult executionId="3d6b101c-5b5d-43cc-9f41-0d299d19594d" testId="17c9f3d7-4eed-345c-55d3-3eaf5b48431b" testName="Sai.DealAssistant.Application.Tests.Deals.Validators.UpdateDealCommandValidatorTests.Validator_InvalidStateId_FailsValidation" computerName="SAI-W11" duration="00:00:00.0030932" startTime="2026-04-27T15:01:11.9362482+01:00" endTime="2026-04-27T15:01:11.9362484+01:00" testType="13cdc9d9-ddb5-4fa4-a97d-d965ccfc6d4b" outcome="Passed" testListId="8c84fa94-04c1-424b-9868-57a2d4851a1d" relativeResultsDirectory="3d6b101c-5b5d-43cc-9f41-0d299d19594d" />
    <UnitTestResult executionId="952b9824-9baf-4cff-aee5-2e5e65c5062c" testId="14296f48-5473-f73d-fd31-1a4c5ee7845b" testName="Sai.DealAssistant.Application.Tests.Events.Validators.UpdateEventCommandValidatorTests.Validator_InvalidTypeId_FailsValidation" computerName="SAI-W11" duration="00:00:00.0040470" startTime="2026-04-27T15:02:33.1737096+01:00" endTime="2026-04-27T15:02:33.1737097+01:00" testType="13cdc9d9-ddb5-4fa4-a97d-d965ccfc6d4b" outcome="Passed" testListId="8c84fa94-04c1-424b-9868-57a2d4851a1d" relativeResultsDirectory="952b9824-9baf-4cff-aee5-2e5e65c5062c" />
    <UnitTestResult executionId="bb5300ee-bc47-4bf6-bc26-5d2c11302d48" testId="e4b5be9e-4a10-ccdf-961b-b05c11ee1977" testName="Sai.DealAssistant.Application.Tests.Firms.Validators.CreateFirmCommandValidatorTests.Validator_WithNameExceeding100Chars_FailsValidation" computerName="SAI-W11" duration="00:00:01.9589866" startTime="2026-04-27T15:01:21.8436572+01:00" endTime="2026-04-27T15:01:21.8436597+01:00" testType="13cdc9d9-ddb5-4fa4-a97d-d965ccfc6d4b" outcome="Passed" testListId="8c84fa94-04c1-424b-9868-57a2d4851a1d" relativeResultsDirectory="bb5300ee-bc47-4bf6-bc26-5d2c11302d48" />
    <UnitTestResult executionId="1e418e1d-49c8-4d3c-8599-3ba64db51557" testId="4c6f5635-e8b0-aad0-8c50-fb0ad9be285c" testName="Sai.DealAssistant.Application.Tests.Firms.Handlers.Commands.UpdateFirmCommand_Handler_Test.Handler_UpdatesFirm_ReturnsUpdatedDto" computerName="SAI-W11" duration="00:00:15.1550696" startTime="2026-04-27T15:01:38.7105262+01:00" endTime="2026-04-27T15:01:38.7105283+01:00" testType="13cdc9d9-ddb5-4fa4-a97d-d965ccfc6d4b" outcome="Passed" testListId="8c84fa94-04c1-424b-9868-57a2d4851a1d" relativeResultsDirectory="1e418e1d-49c8-4d3c-8599-3ba64db51557" />
    <UnitTestResult executionId="a9bbfd88-3c3d-4b3b-b812-dd95892e99af" testId="3ee8ec5a-472c-2bbc-58a6-991a69d9badf" testName="Sai.DealAssistant.Application.Tests.Events.Validators.CreateEventCommandValidatorTests.Validator_WithContactPersonId_DifferentFirm_FailsValidation" computerName="SAI-W11" duration="00:00:00.9028389" startTime="2026-04-27T15:01:11.8873750+01:00" endTime="2026-04-27T15:01:11.8874064+01:00" testType="13cdc9d9-ddb5-4fa4-a97d-d965ccfc6d4b" outcome="Passed" testListId="8c84fa94-04c1-424b-9868-57a2d4851a1d" relativeResultsDirectory="a9bbfd88-3c3d-4b3b-b812-dd95892e99af" />
    <UnitTestResult executionId="4295550d-907a-46f7-8229-570ff6364c16" testId="ebe3f136-269c-5354-b67e-85b2a1c2cec3" testName="Sai.DealAssistant.Application.Tests.Firms.Handlers.Commands.UpdateFirmCommand_Handler_Test.Handler_ThrowsNotFoundException_WhenFirmDoesNotExist" computerName="SAI-W11" duration="00:00:03.4315598" startTime="2026-04-27T15:01:42.1431042+01:00" endTime="2026-04-27T15:01:42.1431047+01:00" testType="13cdc9d9-ddb5-4fa4-a97d-d965ccfc6d4b" outcome="Passed" testListId="8c84fa94-04c1-424b-9868-57a2d4851a1d" relativeResultsDirectory="4295550d-907a-46f7-8229-570ff6364c16" />
    <UnitTestResult executionId="3bb81b6c-991f-4ad3-bb4f-f80b69c04ca2" testId="5bb54679-f6ec-d65f-59ce-41ad33cce860" testName="Tests.Sai.DealAssistant.Application.Tests.EventNotes.Handlers.CreateUpdateDeleteEventNote_Handlers_Tests.Delete_Handler_ReturnsDto_OnSuccess" computerName="SAI-W11" duration="00:00:10.3896962" startTime="2026-04-27T15:05:07.0545458+01:00" endTime="2026-04-27T15:05:07.0545461+01:00" testType="13cdc9d9-ddb5-4fa4-a97d-d965ccfc6d4b" outcome="Passed" testListId="8c84fa94-04c1-424b-9868-57a2d4851a1d" relativeResultsDirectory="3bb81b6c-991f-4ad3-bb4f-f80b69c04ca2" />
    <UnitTestResult executionId="a58aa557-eff8-454f-add8-f79fa9d11307" testId="ea487fa3-f31e-f70b-e8d7-2e89301e1f85" testName="Sai.DealAssistant.Application.Tests.General.Commands.Handlers.UpdateDateFieldCommandHandlersTests.Handler_TableNotExists_Throws" computerName="SAI-W11" duration="00:00:09.4331639" startTime="2026-04-27T15:04:22.4256700+01:00" endTime="2026-04-27T15:04:22.4256704+01:00" testType="13cdc9d9-ddb5-4fa4-a97d-d965ccfc6d4b" outcome="Passed" testListId="8c84fa94-04c1-424b-9868-57a2d4851a1d" relativeResultsDirectory="a58aa557-eff8-454f-add8-f79fa9d11307" />
    <UnitTestResult executionId="d491a58c-0c70-41d0-a82a-d3bcb03919f6" testId="8d4c454c-14e7-5019-0886-ea4efe1c06a6" testName="Sai.DealAssistant.Application.Tests.DealTags.Handlers.AddDeleteDealTag_Handlers_Tests.AddDealTagIfNotExists_ReturnsExisting_WhenTagAlreadyPresent_IgnoringCase" computerName="SAI-W11" duration="00:00:55.4702307" startTime="2026-04-27T15:02:07.4646866+01:00" endTime="2026-04-27T15:02:07.4646868+01:00" testType="13cdc9d9-ddb5-4fa4-a97d-d965ccfc6d4b" outcome="Passed" testListId="8c84fa94-04c1-424b-9868-57a2d4851a1d" relativeResultsDirectory="d491a58c-0c70-41d0-a82a-d3bcb03919f6" />
    <UnitTestResult executionId="b943fd6a-cb9c-4405-9e7e-641e58e2fc69" testId="baf77d66-569e-a2b4-1102-4e9a68423ddf" testName="Sai.DealAssistant.Application.Tests.Firms.Handlers.Queries.GetFirmListQuery_Handler_Test.Handler_SortsByCountry_Descending" computerName="SAI-W11" duration="00:00:00.0807139" startTime="2026-04-27T15:05:07.5013403+01:00" endTime="2026-04-27T15:05:07.5013405+01:00" testType="13cdc9d9-ddb5-4fa4-a97d-d965ccfc6d4b" outcome="Passed" testListId="8c84fa94-04c1-424b-9868-57a2d4851a1d" relativeResultsDirectory="b943fd6a-cb9c-4405-9e7e-641e58e2fc69" />
    <UnitTestResult executionId="c8b24ffe-2b3e-4486-ac5d-8595d2e3fd1b" testId="2ee463c6-9740-e11a-475c-ccb54a043216" testName="Sai.DealAssistant.Application.Tests.DealContactReps.Validators.CreateContactPersonCommandValidatorTests.Validator_InvalidEmail_FailsValidation" computerName="SAI-W11" duration="00:00:00.0221973" startTime="2026-04-27T15:03:28.9796754+01:00" endTime="2026-04-27T15:03:28.9796758+01:00" testType="13cdc9d9-ddb5-4fa4-a97d-d965ccfc6d4b" outcome="Passed" testListId="8c84fa94-04c1-424b-9868-57a2d4851a1d" relativeResultsDirectory="c8b24ffe-2b3e-4486-ac5d-8595d2e3fd1b" />
    <UnitTestResult executionId="fee588a9-4185-4c10-8780-be398fdbe3ef" testId="513c9018-4344-9ec3-aff9-e085e0adfc96" testName="Sai.DealAssistant.Application.Tests.Firms.Handlers.Queries.GetFirmListQuery_Handler_Test.Handler_SortsByCountry_Ascending" computerName="SAI-W11" duration="00:00:00.0840441" startTime="2026-04-27T15:05:07.2433152+01:00" endTime="2026-04-27T15:05:07.2433154+01:00" testType="13cdc9d9-ddb5-4fa4-a97d-d965ccfc6d4b" outcome="Passed" testListId="8c84fa94-04c1-424b-9868-57a2d4851a1d" relativeResultsDirectory="fee588a9-4185-4c10-8780-be398fdbe3ef" />
    <UnitTestResult executionId="35368127-9b88-4d5d-addb-9311fa2d2d56" testId="3b833a17-957f-f22f-c080-0cf846960bae" testName="Sai.DealAssistant.Application.Tests.General.Commands.Validators.UpdateDateFieldCommandValidatorTests.Validator_Valid_Passes" computerName="SAI-W11" duration="00:00:00.5219768" startTime="2026-04-27T15:01:12.4773435+01:00" endTime="2026-04-27T15:01:12.4773440+01:00" testType="13cdc9d9-ddb5-4fa4-a97d-d965ccfc6d4b" outcome="Passed" testListId="8c84fa94-04c1-424b-9868-57a2d4851a1d" relativeResultsDirectory="35368127-9b88-4d5d-addb-9311fa2d2d56" />
    <UnitTestResult executionId="5d4a181e-cb06-4c9f-ac4e-fbcef6b31452" testId="c5fca90c-acd8-0d12-df09-759e870e103d" testName="Sai.DealAssistant.Application.Tests.DealContactReps.Validators.CreateContactPersonCommandValidatorTests.Validator_InvalidFirmId_FailsValidation" computerName="SAI-W11" duration="00:00:00.0056014" startTime="2026-04-27T15:03:28.9925411+01:00" endTime="2026-04-27T15:03:28.9925415+01:00" testType="13cdc9d9-ddb5-4fa4-a97d-d965ccfc6d4b" outcome="Passed" testListId="8c84fa94-04c1-424b-9868-57a2d4851a1d" relativeResultsDirectory="5d4a181e-cb06-4c9f-ac4e-fbcef6b31452" />
    <UnitTestResult executionId="9f6af529-2c71-4546-8dfe-90ce5aa26227" testId="b6febc52-bb26-2346-0c56-d767f2013a97" testName="Sai.DealAssistant.Application.Tests.Events.Validators.CreateEventCommandValidatorTests.Validator_InvalidDealId_FailsValidation" computerName="SAI-W11" duration="00:00:00.0028646" startTime="2026-04-27T15:01:11.9735345+01:00" endTime="2026-04-27T15:01:11.9735348+01:00" testType="13cdc9d9-ddb5-4fa4-a97d-d965ccfc6d4b" outcome="Passed" testListId="8c84fa94-04c1-424b-9868-57a2d4851a1d" relativeResultsDirectory="9f6af529-2c71-4546-8dfe-90ce5aa26227" />
    <UnitTestResult executionId="fe79ca9e-4fd0-4410-9539-af87aef5494b" testId="c38a7f57-720e-4e23-126f-6ba8e80ab256" testName="Sai.DealAssistant.Application.Tests.DealContactReps.Handlers.CreateUpdateDeleteContactPerson_Handlers_Tests.Delete_Handler_ReturnsDto_OnSuccess" computerName="SAI-W11" duration="00:00:10.0183605" startTime="2026-04-27T15:05:04.0913017+01:00" endTime="2026-04-27T15:05:04.0913019+01:00" testType="13cdc9d9-ddb5-4fa4-a97d-d965ccfc6d4b" outcome="Passed" testListId="8c84fa94-04c1-424b-9868-57a2d4851a1d" relativeResultsDirectory="fe79ca9e-4fd0-4410-9539-af87aef5494b" />
[...]
    <TestEntry testId="513c9018-4344-9ec3-aff9-e085e0adfc96" executionId="fee588a9-4185-4c10-8780-be398fdbe3ef" testListId="8c84fa94-04c1-424b-9868-57a2d4851a1d" />
    <TestEntry testId="3b833a17-957f-f22f-c080-0cf846960bae" executionId="35368127-9b88-4d5d-addb-9311fa2d2d56" testListId="8c84fa94-04c1-424b-9868-57a2d4851a1d" />
    <TestEntry testId="c5fca90c-acd8-0d12-df09-759e870e103d" executionId="5d4a181e-cb06-4c9f-ac4e-fbcef6b31452" testListId="8c84fa94-04c1-424b-9868-57a2d4851a1d" />
    <TestEntry testId="b6febc52-bb26-2346-0c56-d767f2013a97" executionId="9f6af529-2c71-4546-8dfe-90ce5aa26227" testListId="8c84fa94-04c1-424b-9868-57a2d4851a1d" />
    <TestEntry testId="c38a7f57-720e-4e23-126f-6ba8e80ab256" executionId="fe79ca9e-4fd0-4410-9539-af87aef5494b" testListId="8c84fa94-04c1-424b-9868-57a2d4851a1d" />
    <TestEntry testId="138d6007-02f7-fec2-3466-d07b307bfa8f" executionId="9a6f7802-5d5d-4718-9eda-e8ca589e8344" testListId="8c84fa94-04c1-424b-9868-57a2d4851a1d" />
    <TestEntry testId="8f37dbdf-247f-49be-4926-9acad335beaf" executionId="d57cb66b-006f-4752-b1d7-39e93c08ba37" testListId="8c84fa94-04c1-424b-9868-57a2d4851a1d" />
    <TestEntry testId="bb5b2420-d21f-bb45-a4e9-6d72d2cfced8" executionId="7a6679ed-edc9-439f-9d68-bf718995f8e7" testListId="8c84fa94-04c1-424b-9868-57a2d4851a1d" />
    <TestEntry testId="b628ccf2-512e-d92c-3ed8-af91228e3c8b" executionId="6b8a84f3-c6f4-459b-86c1-f4590fac3246" testListId="8c84fa94-04c1-424b-9868-57a2d4851a1d" />
    <TestEntry testId="533f757e-ca19-875e-d571-dc0d61e93db8" executionId="9353e648-be21-46f3-ac7e-236c8c83cc14" testListId="8c84fa94-04c1-424b-9868-57a2d4851a1d" />
    <TestEntry testId="713b0d07-cc0a-1094-fa23-0d9e70fd1d74" executionId="a96f1a27-a08a-4e49-b730-5ec1a71bd8d6" testListId="8c84fa94-04c1-424b-9868-57a2d4851a1d" />
    <TestEntry testId="084e271d-8ef2-e0b0-1e56-b07af870db16" executionId="c2f77259-55e8-47f3-b241-926382dbc51f" testListId="8c84fa94-04c1-424b-9868-57a2d4851a1d" />
    <TestEntry testId="98fb4ce1-1af7-3be6-0aee-b04f1a608b39" executionId="7f865761-ff3d-491f-b390-a979a75e07ce" testListId="8c84fa94-04c1-424b-9868-57a2d4851a1d" />
    <TestEntry testId="a002fd00-1897-2232-34c5-f8247a91098f" executionId="fc43e0a6-b1bc-4915-9032-58de193b0cfe" testListId="8c84fa94-04c1-424b-9868-57a2d4851a1d" />
    <TestEntry testId="70003b5a-213d-e588-fcc0-8e2cf26de980" executionId="28fcd081-688e-449b-bae3-ec619f70428c" testListId="8c84fa94-04c1-424b-9868-57a2d4851a1d" />
    <TestEntry testId="40573bfb-fe7e-6fdf-eac9-5b2640b1fd33" executionId="b993e8c9-b889-476e-8b79-31f1843b94b3" testListId="8c84fa94-04c1-424b-9868-57a2d4851a1d" />
    <TestEntry testId="696fe8ae-606d-db71-8463-53fe99234b52" executionId="1e24bfd4-4618-40a3-a2a8-550b735afd6c" testListId="8c84fa94-04c1-424b-9868-57a2d4851a1d" />
    <TestEntry testId="d719ecc2-eb93-7139-60ef-91de8c52f66a" executionId="1de52b75-ebd7-4903-85f7-91baef8ec8d8" testListId="8c84fa94-04c1-424b-9868-57a2d4851a1d" />
    <TestEntry testId="8f9f57e6-c994-8628-f0e3-40eb270dc61f" executionId="adc8168d-fa6d-4341-b85f-9b9f8e9ee2f3" testListId="8c84fa94-04c1-424b-9868-57a2d4851a1d" />
    <TestEntry testId="0139608d-2808-80ef-6492-79e5af7ac961" executionId="836b038d-1e05-42ab-9d4b-acbb4959711c" testListId="8c84fa94-04c1-424b-9868-57a2d4851a1d" />
    <TestEntry testId="65b799ae-bbf0-d5f1-25c4-ed461fed6ef6" executionId="43faff13-7045-402e-89f8-554b77145393" testListId="8c84fa94-04c1-424b-9868-57a2d4851a1d" />
    <TestEntry testId="0f31eea5-bdff-9b5a-ffef-3fc9f30eea90" executionId="a25b105d-252b-4bc0-9e4f-338b5f1eddd4" testListId="8c84fa94-04c1-424b-9868-57a2d4851a1d" />
    <TestEntry testId="2f49779e-e18a-a1f6-0195-bbbb6c47c90b" executionId="9844a61e-6fd3-4e34-9130-39b43608b6d7" testListId="8c84fa94-04c1-424b-9868-57a2d4851a1d" />
    <TestEntry testId="c58ae05b-ec75-45bd-e039-9de5a5bde4ab" executionId="dd6df88d-e3a6-425e-be3a-8714ec6baac1" testListId="8c84fa94-04c1-424b-9868-57a2d4851a1d" />
    <TestEntry testId="bd7c5436-61e0-7434-b636-70832acc4d44" executionId="726e16d7-7765-4091-9846-4df606686417" testListId="8c84fa94-04c1-424b-9868-57a2d4851a1d" />
    <TestEntry testId="8c0d9b5f-e26c-c37a-e509-24ed09a1cf5f" executionId="3664e461-864c-4ecc-afbd-935d8973c226" testListId="8c84fa94-04c1-424b-9868-57a2d4851a1d" />
    <TestEntry testId="44858d91-6596-ab75-6fef-83951bbf66e7" executionId="45831718-c011-42ec-9f96-55022475ace5" testListId="8c84fa94-04c1-424b-9868-57a2d4851a1d" />
    <TestEntry testId="0856ef1a-0d94-6e05-fb1a-5092efe61c2b" executionId="c327e6f1-c41d-4cbb-a284-475a47cc7338" testListId="8c84fa94-04c1-424b-9868-57a2d4851a1d" />
    <TestEntry testId="33bcfd8a-ea3d-baaa-caf0-7e4e394e0aa1" executionId="1698512e-b373-4b07-92fd-d11845fa4346" testListId="8c84fa94-04c1-424b-9868-57a2d4851a1d" />
    <TestEntry testId="d169bb1d-db56-7da3-7bf9-33fdf7f10bc3" executionId="05a51edb-5dbe-4ccb-82f5-bd90216b6ea9" testListId="8c84fa94-04c1-424b-9868-57a2d4851a1d" />
    <TestEntry testId="21f741a5-6c46-2db7-aa5e-48a6a7831869" executionId="aa1cb07a-d984-4a42-a926-ce763499e8fb" testListId="8c84fa94-04c1-424b-9868-57a2d4851a1d" />
    <TestEntry testId="754605ec-0672-9b5a-246a-d31c9599ce62" executionId="f34f993a-e302-45a3-9ec3-f4e125d78cde" testListId="8c84fa94-04c1-424b-9868-57a2d4851a1d" />
    <TestEntry testId="f26e904a-ef96-f2fd-7044-062655d5f085" executionId="ffa53175-0494-46eb-8b72-dd3c8fcce77d" testListId="8c84fa94-04c1-424b-9868-57a2d4851a1d" />
    <TestEntry testId="c7642d54-63e8-b6da-6610-70590f90f639" executionId="b52c3665-1e59-4a9e-b8d5-884a08911b7f" testListId="8c84fa94-04c1-424b-9868-57a2d4851a1d" />
    <TestEntry testId="58878c92-2b65-bf55-217d-5b7f6bfc0d4c" executionId="f84b35f0-f3d9-484e-aac1-3a3aede2e166" testListId="8c84fa94-04c1-424b-9868-57a2d4851a1d" />
    <TestEntry testId="2a5f2790-3994-b99d-cf3f-73573f87c6e1" executionId="e7933281-7d11-4a66-a8fb-b678164a45db" testListId="8c84fa94-04c1-424b-9868-57a2d4851a1d" />
    <TestEntry testId="a8d92553-f6f0-31dc-c897-f703ddeacbfd" executionId="40c15496-753a-4475-a6d1-8cf67eb12c29" testListId="8c84fa94-04c1-424b-9868-57a2d4851a1d" />
    <TestEntry testId="d1e79a29-2597-6a9d-f934-4203b2cc7be1" executionId="a5c64766-a3f9-462b-b242-45e14895e071" testListId="8c84fa94-04c1-424b-9868-57a2d4851a1d" />
    <TestEntry testId="290f33b3-1363-060a-edcd-35d58ebd39f7" executionId="63ce0aea-7814-4f2f-a2f9-7677561c1e62" testListId="8c84fa94-04c1-424b-9868-57a2d4851a1d" />
    <TestEntry testId="13758c60-fb8a-4c92-d201-e8b9d52adb16" executionId="a5ed7771-84d1-451b-bf4f-4589e5b2cb1a" testListId="8c84fa94-04c1-424b-9868-57a2d4851a1d" />
    <TestEntry testId="b8f675f0-18b2-95b4-ed27-9fd52d149362" executionId="24715df7-c095-47ff-a36c-9f61b64fcf56" testListId="8c84fa94-04c1-424b-9868-57a2d4851a1d" />
    <TestEntry testId="b2061a68-2942-0da1-eb7a-94b3eee8a351" executionId="a312a146-1058-4f41-8f54-82abbf6700fb" testListId="8c84fa94-04c1-424b-9868-57a2d4851a1d" />
    <TestEntry testId="b4a8c2c2-7946-5251-78bb-859a8a17cebb" executionId="1df14f57-4aa3-47dc-986e-542e2c13d931" testListId="8c84fa94-04c1-424b-9868-57a2d4851a1d" />
    <TestEntry testId="b7c816e7-af40-8c4a-82ea-ef4a78fc500a" executionId="a61c0fbb-2ce4-4a34-8f2a-dc7bbca05b99" testListId="8c84fa94-04c1-424b-9868-57a2d4851a1d" />
    <TestEntry testId="b2464729-3e9b-651f-1ae8-e97521cdf163" executionId="60a27870-1e41-40aa-84e5-7dc768046f1d" testListId="8c84fa94-04c1-424b-9868-57a2d4851a1d" />
    <TestEntry testId="36ae1d82-4e8b-74d9-9c60-6fc2b16a3c42" executionId="1ec13fb5-e7bb-4493-ac3b-d44d91ea83ff" testListId="8c84fa94-04c1-424b-9868-57a2d4851a1d" />
    <TestEntry testId="ae9bee83-7bb3-34e1-87e0-a27bf8ff84a3" executionId="08f76cd1-a5df-48e3-9679-b9953cae7bc6" testListId="8c84fa94-04c1-424b-9868-57a2d4851a1d" />
    <TestEntry testId="bd758e52-2a5c-c3b1-85db-e6c789d4c4bd" executionId="11464228-4d2c-4b2f-8c3e-84c807ad2e8a" testListId="8c84fa94-04c1-424b-9868-57a2d4851a1d" />
    <TestEntry testId="f743b79d-a834-733d-6e05-fa3ddd09f0a9" executionId="19a8e1cc-5b97-490d-9146-2e4f7ce2377c" testListId="8c84fa94-04c1-424b-9868-57a2d4851a1d" />
    <TestEntry testId="686d7716-2275-8b03-2f3a-0cf3208de0d9" executionId="025ba961-aebe-4ac7-8b35-0b875d92e375" testListId="8c84fa94-04c1-424b-9868-57a2d4851a1d" />
    <TestEntry testId="50ed6515-ebe4-62cd-69f3-1674aa7e9858" executionId="3cf4c88e-34a8-45d2-bffe-3e8f6af88512" testListId="8c84fa94-04c1-424b-9868-57a2d4851a1d" />
    <TestEntry testId="8608ce8c-c6b0-2623-4def-31b0c01c027d" executionId="d0b1f765-0682-477f-b236-78de3fee758f" testListId="8c84fa94-04c1-424b-9868-57a2d4851a1d" />
    <TestEntry testId="755fe220-7d05-0923-6979-68060a86ac95" executionId="3c6466fb-81c6-45af-9c44-e1f81e3d727b" testListId="8c84fa94-04c1-424b-9868-57a2d4851a1d" />
  </TestEntries>
  <TestLists>
    <TestList name="Results Not in a List" id="8c84fa94-04c1-424b-9868-57a2d4851a1d" />
    <TestList name="All Loaded Results" id="19431567-8539-422a-85d7-44ee4e166bda" />
  </TestLists>
  <ResultSummary outcome="Failed">
    <Counters total="176" executed="176" passed="173" failed="3" error="0" timeout="0" aborted="0" inconclusive="0" passedButRunAborted="0" notRunnable="0" notExecuted="0" disconnected="0" warning="0" completed="0" inProgress="0" pending="0" />
    <Output>
      <StdOut>[xUnit.net 00:00:00.00] xUnit.net VSTest Adapter v2.5.0.1+5ebf84cd75 (64-bit .NET 8.0.26)&#xD;
[xUnit.net 00:00:00.21]   Discovering: Sai.DealAssistant.Application.Tests&#xD;
[xUnit.net 00:00:00.37]   Discovered:  Sai.DealAssistant.Application.Tests&#xD;
[xUnit.net 00:00:00.38]   Starting:    Sai.DealAssistant.Application.Tests&#xD;
     Warning:&#xD;
     The component "Fluent Assertions" is governed by the rules defined in the Xceed License Agreement and&#xD;
     the Xceed Fluent Assertions Community License. You may use Fluent Assertions free of charge for&#xD;
     non-commercial use only. An active subscription is required to use Fluent Assertions for commercial use.&#xD;
     Please contact Xceed Sales mailto:sales@xceed.com to acquire a subscription at a very low cost.&#xD;
     A paid commercial license supports the development and continued increasing support of&#xD;
     Fluent Assertions users under both commercial and community licenses. Help us&#xD;
     keep Fluent Assertions at the forefront of unit testing.&#xD;
     For more information, visit https://xceed.com/products/unit-testing/fluent-assertions/&#xD;
[xUnit.net 00:02:32.76]       System.NotSupportedException : SQLite does not support expressions of type 'DateTimeOffset' in ORDER BY clauses. Convert the values to a supported type, or use LINQ to Objects to order the results on the client side.&#xD;
[xUnit.net 00:02:32.76]       Stack Trace:&#xD;
[xUnit.net 00:02:32.76]            at Microsoft.EntityFrameworkCore.Sqlite.Query.Internal.SqliteQueryableMethodTranslatingExpressionVisitor.TranslateOrderBy(ShapedQueryExpression source, LambdaExpression keySelector, Boolean ascending)&#xD;
[xUnit.net 00:02:32.76]            at Microsoft.EntityFrameworkCore.Query.QueryableMethodTranslatingExpressionVisitor.VisitMethodCall(MethodCallExpression methodCallExpression)&#xD;
[xUnit.net 00:02:32.76]            at Microsoft.EntityFrameworkCore.Query.RelationalQueryableMethodTranslatingExpressionVisitor.VisitMethodCall(MethodCallExpression methodCallExpression)&#xD;
[xUnit.net 00:02:32.76]            at Microsoft.EntityFrameworkCore.Query.QueryableMethodTranslatingExpressionVisitor.VisitMethodCall(MethodCallExpression methodCallExpression)&#xD;
[xUnit.net 00:02:32.76]            at Microsoft.EntityFrameworkCore.Query.RelationalQueryableMethodTranslatingExpressionVisitor.VisitMethodCall(MethodCallExpression methodCallExpression)&#xD;
[xUnit.net 00:02:32.76]            at Microsoft.EntityFrameworkCore.Query.QueryableMethodTranslatingExpressionVisitor.Translate(Expression expression)&#xD;
[xUnit.net 00:02:32.76]            at Microsoft.EntityFrameworkCore.Query.RelationalQueryableMethodTranslatingExpressionVisitor.Translate(Expression expression)&#xD;
[xUnit.net 00:02:32.76]            at Microsoft.EntityFrameworkCore.Query.QueryCompilationContext.CreateQueryExecutor[TResult](Expression query)&#xD;
[xUnit.net 00:02:32.76]            at Microsoft.EntityFrameworkCore.Storage.Database.CompileQuery[TResult](Expression query, Boolean async)&#xD;
[xUnit.net 00:02:32.76]            at Microsoft.EntityFrameworkCore.Query.Internal.QueryCompiler.CompileQueryCore[TResult](IDatabase database, Expression query, IModel model, Boolean async)&#xD;
[xUnit.net 00:02:32.76]            at Microsoft.EntityFrameworkCore.Query.Internal.QueryCompiler.&lt;&gt;c__DisplayClass12_0`1.&lt;ExecuteAsync&gt;b__0()&#xD;
[xUnit.net 00:02:32.76]            at Microsoft.EntityFrameworkCore.Query.Internal.CompiledQueryCache.GetOrAddQuery[TResult](Object cacheKey, Func`1 compiler)&#xD;
[xUnit.net 00:02:32.76]            at Microsoft.EntityFrameworkCore.Query.Internal.QueryCompiler.ExecuteAsync[TResult](Expression query, CancellationToken cancellationToken)&#xD;
[xUnit.net 00:02:32.76]            at Microsoft.EntityFrameworkCore.EntityFrameworkQueryableExtensions.ExecuteAsync[TSource,TResult](MethodInfo operatorMethodInfo, IQueryable`1 source, Expression expression, CancellationToken cancellationToken)&#xD;
[xUnit.net 00:02:32.76]            at Microsoft.EntityFrameworkCore.EntityFrameworkQueryableExtensions.ExecuteAsync[TSource,TResult](MethodInfo operatorMethodInfo, IQueryable`1 source, CancellationToken cancellationToken)&#xD;
[xUnit.net 00:02:32.76]            at Microsoft.EntityFrameworkCore.EntityFrameworkQueryableExtensions.FirstOrDefaultAsync[TSource](IQueryable`1 source, CancellationToken cancellationToken)&#xD;
[xUnit.net 00:02:32.76]         C:\_PROJ\Sai.DealAssistant\sai-deal-assistant-backend\src\Tests\Sai.DealAssistant.Application.Tests\Deals\Handlers\Commands\UpdateDealCommandHandlerTests.cs(103,0): at Sai.DealAssistant.Application.Tests.Deals.Handlers.Commands.UpdateDealCommandHandlerTests.Handle_WhenUpdatingStateId_CreatesStateIdAudit()&#xD;
[xUnit.net 00:02:32.76]         --- End of stack trace from previous location ---&#xD;
[xUnit.net 00:02:41.13]       FluentValidation.TestHelper.ValidationTestException : Expected a validation error for property FirmId&#xD;
[xUnit.net 00:02:41.13]       Stack Trace:&#xD;
[xUnit.net 00:02:41.13]         /_/src/FluentValidation/TestHelper/TestValidationResult.cs(81,0): at FluentValidation.TestHelper.TestValidationResult`1.ShouldHaveValidationError(String propertyName, Boolean shouldNormalizePropertyName)&#xD;
[xUnit.net 00:02:41.13]         /_/src/FluentValidation/TestHelper/TestValidationResult.cs(38,0): at FluentValidation.TestHelper.TestValidationResult`1.ShouldHaveValidationErrorFor[TProperty](Expression`1 memberAccessor)&#xD;
[xUnit.net 00:02:41.13]         C:\_PROJ\Sai.DealAssistant\sai-deal-assistant-backend\src\Tests\Sai.DealAssistant.Application.Tests\Deals\Validators\CreateDealCommandValidatorTests.cs(116,0): at Sai.DealAssistant.Application.Tests.Deals.Validators.CreateDealCommandValidatorTests.Validator_WithMissingFirmId_FailsValidation()&#xD;
[xUnit.net 00:02:41.13]         --- End of stack trace from previous location ---&#xD;
[xUnit.net 00:02:52.69]       System.NotSupportedException : SQLite does not support expressions of type 'DateTimeOffset' in ORDER BY clauses. Convert the values to a supported type, or use LINQ to Objects to order the results on the client side.&#xD;
[xUnit.net 00:02:52.69]       Stack Trace:&#xD;
[xUnit.net 00:02:52.69]            at Microsoft.EntityFrameworkCore.Sqlite.Query.Internal.SqliteQueryableMethodTranslatingExpressionVisitor.TranslateOrderBy(ShapedQueryExpression source, LambdaExpression keySelector, Boolean ascending)&#xD;
[xUnit.net 00:02:52.69]            at Microsoft.EntityFrameworkCore.Query.QueryableMethodTranslatingExpressionVisitor.VisitMethodCall(MethodCallExpression methodCallExpression)&#xD;
[xUnit.net 00:02:52.69]            at Microsoft.EntityFrameworkCore.Query.RelationalQueryableMethodTranslatingExpressionVisitor.VisitMethodCall(MethodCallExpression methodCallExpression)&#xD;
[xUnit.net 00:02:52.69]            at Microsoft.EntityFrameworkCore.Query.QueryableMethodTranslatingExpressionVisitor.VisitMethodCall(MethodCallExpression methodCallExpression)&#xD;
[xUnit.net 00:02:52.69]            at Microsoft.EntityFrameworkCore.Query.RelationalQueryableMethodTranslatingExpressionVisitor.VisitMethodCall(MethodCallExpression methodCallExpression)&#xD;
[xUnit.net 00:02:52.69]            at Microsoft.EntityFrameworkCore.Query.QueryableMethodTranslatingExpressionVisitor.Translate(Expression expression)&#xD;
[xUnit.net 00:02:52.69]            at Microsoft.EntityFrameworkCore.Query.RelationalQueryableMethodTranslatingExpressionVisitor.Translate(Expression expression)&#xD;
[xUnit.net 00:02:52.69]            at Microsoft.EntityFrameworkCore.Query.QueryCompilationContext.CreateQueryExecutor[TResult](Expression query)&#xD;
[xUnit.net 00:02:52.69]            at Microsoft.EntityFrameworkCore.Storage.Database.CompileQuery[TResult](Expression query, Boolean async)&#xD;
[xUnit.net 00:02:52.69]            at Microsoft.EntityFrameworkCore.Query.Internal.QueryCompiler.CompileQueryCore[TResult](IDatabase database, Expression query, IModel model, Boolean async)&#xD;
[xUnit.net 00:02:52.69]            at Microsoft.EntityFrameworkCore.Query.Internal.QueryCompiler.&lt;&gt;c__DisplayClass12_0`1.&lt;ExecuteAsync&gt;b__0()&#xD;
[xUnit.net 00:02:52.69]            at Microsoft.EntityFrameworkCore.Query.Internal.CompiledQueryCache.GetOrAddQuery[TResult](Object cacheKey, Func`1 compiler)&#xD;
[xUnit.net 00:02:52.69]            at Microsoft.EntityFrameworkCore.Query.Internal.QueryCompiler.ExecuteAsync[TResult](Expression query, CancellationToken cancellationToken)&#xD;
[xUnit.net 00:02:52.69]            at Microsoft.EntityFrameworkCore.EntityFrameworkQueryableExtensions.ExecuteAsync[TSource,TResult](MethodInfo operatorMethodInfo, IQueryable`1 source, Expression expression, CancellationToken cancellationToken)&#xD;
[xUnit.net 00:02:52.69]            at Microsoft.EntityFrameworkCore.EntityFrameworkQueryableExtensions.ExecuteAsync[TSource,TResult](MethodInfo operatorMethodInfo, IQueryable`1 source, CancellationToken cancellationToken)&#xD;
[xUnit.net 00:02:52.69]            at Microsoft.EntityFrameworkCore.EntityFrameworkQueryableExtensions.FirstOrDefaultAsync[TSource](IQueryable`1 source, CancellationToken cancellationToken)&#xD;
[xUnit.net 00:02:52.69]         C:\_PROJ\Sai.DealAssistant\sai-deal-assistant-backend\src\Tests\Sai.DealAssistant.Application.Tests\Deals\Handlers\Commands\UpdateDealCommandHandlerTests.cs(58,0): at Sai.DealAssistant.Application.Tests.Deals.Handlers.Commands.UpdateDealCommandHandlerTests.Handle_WhenUpdatingStatus_CreatesStatusAudit()&#xD;
[xUnit.net 00:02:52.69]         --- End of stack trace from previous location ---&#xD;
[xUnit.net 00:04:22.20]   Finished:    Sai.DealAssistant.Application.Tests&#xD;
</StdOut>
    </Output>
    <RunInfos>
      <RunInfo computerName="SAI-W11" outcome="Error" timestamp="2026-04-27T15:03:43.2569876+01:00">
        <Text>[xUnit.net 00:02:32.76]     Sai.DealAssistant.Application.Tests.Deals.Handlers.Commands.UpdateDealCommandHandlerTests.Handle_WhenUpdatingStateId_CreatesStateIdAudit [FAIL]</Text>
      </RunInfo>
      <RunInfo computerName="SAI-W11" outcome="Error" timestamp="2026-04-27T15:03:51.6321486+01:00">
        <Text>[xUnit.net 00:02:41.13]     Sai.DealAssistant.Application.Tests.Deals.Validators.CreateDealCommandValidatorTests.Validator_WithMissingFirmId_FailsValidation [FAIL]</Text>
      </RunInfo>
      <RunInfo computerName="SAI-W11" outcome="Error" timestamp="2026-04-27T15:04:03.1917635+01:00">
        <Text>[xUnit.net 00:02:52.69]     Sai.DealAssistant.Application.Tests.Deals.Handlers.Commands.UpdateDealCommandHandlerTests.Handle_WhenUpdatingStatus_CreatesStatusAudit [FAIL]</Text>
      </RunInfo>
    </RunInfos>
  </ResultSummary>
</TestRun>